
2020-5-21 22:26:45 :OPTIONS /user/getGoods - 7ms
2020-5-21 22:26:45 :OPTIONS /user/getSort - 9ms
2020-5-21 22:26:45 :POST /user/getSort - 508ms
2020-5-21 22:26:45 :POST /user/getGoods - 510ms
2020-5-21 22:26:45 :GET /file/getImg?imagePath=1589695650971 - 404
2020-5-21 22:26:45 :OPTIONS /user/login - 1ms
2020-5-21 22:26:45 :POST /user/login - 102ms
2020-5-21 22:26:45 :OPTIONS /user/login - 0ms
2020-5-21 22:26:45 :POST /user/login - 2ms
2020-5-21 22:26:45 :OPTIONS /user/getSort - 1ms
2020-5-21 22:26:45 :OPTIONS /user/getGoods - 0ms
2020-5-21 22:26:45 :POST /user/getGoods - 6ms
2020-5-21 22:26:45 :POST /user/getSort - 2ms
2020-5-21 22:26:45 :GET /file/getImg?imagePath=1589695650971 - 404
2020-5-21 22:26:45 :OPTIONS /user/getShare - 0ms
2020-5-21 22:26:45 :POST /user/getShare - 3ms
2020-5-21 22:26:45 :GET /file/getImg?imagePath=1589696197733 - 404
2020-5-21 22:26:45 :OPTIONS /user/getShare - 0ms
2020-5-21 22:26:45 :POST /user/getShare - 29ms
2020-5-21 22:26:45 :OPTIONS /user/getShare - 1ms
2020-5-21 22:26:45 :POST /user/getShare - 3ms
2020-5-21 22:26:45 :OPTIONS /file/upFile - 0ms
2020-5-21 22:26:45 :POST /file/upFile - 1ms
2020-5-21 22:26:45 :OPTIONS /user/addShare - 0ms
2020-5-21 22:26:45 :POST /user/addShare - 49ms
2020-5-21 22:26:45 :OPTIONS /user/getShare - 0ms
2020-5-21 22:26:45 :POST /user/getShare - 7ms
2020-5-21 22:26:45 :OPTIONS /user/getShare - 0ms
2020-5-21 22:26:45 :POST /user/getShare - 5ms
2020-5-21 22:26:45 :GET /file/getImg?imagePath=1590072144891 - 404
2020-5-21 22:26:45 :OPTIONS /user/getShare - 1ms
2020-5-21 22:26:45 :POST /user/getShare - 2ms
2020-5-21 22:26:45 :OPTIONS /user/getShare - 0ms
2020-5-21 22:26:45 :POST /user/getShare - 7ms
2020-5-21 22:26:45 :OPTIONS /user/getShare - 1ms
2020-5-21 22:26:45 :POST /user/getShare - 5ms
2020-5-21 22:26:45 :OPTIONS /user/getShare - 1ms
2020-5-21 22:26:45 :POST /user/getShare - 20ms
2020-5-21 22:26:45 :POST /user/getShare - 9ms
2020-5-21 22:26:45 :OPTIONS /user/getShare - 1ms
2020-5-21 22:26:45 :POST /user/getShare - 11ms
2020-5-21 22:26:45 :GET /file/getImg?imagePath=1589696197733 - 404
2020-5-21 22:26:45 :GET /file/getImg?imagePath=1590072144891 - 404
2020-5-21 22:26:45 :OPTIONS /user/getShare - 0ms
2020-5-21 22:26:45 :POST /user/getShare - 7ms
2020-5-21 22:26:45 :GET /file/getImg?imagePath=1589696197733 - 404
2020-5-21 22:26:45 :GET /file/getImg?imagePath=1590072144891 - 404
2020-5-21 22:26:45 :OPTIONS /file/upFile - 1ms
2020-5-21 22:26:45 :POST /file/upFile - 1ms
2020-5-21 22:26:45 :OPTIONS /user/upUser - 1ms
2020-5-21 22:26:45 :POST /user/upUser - 36ms
2020-5-21 22:26:45 :GET /file/getImg?imagePath=1590072351186 - 404
2020-5-21 22:26:45 :OPTIONS /user/getShare - 1ms
2020-5-21 22:26:45 :POST /user/getShare - 3ms
2020-5-21 22:26:45 :POST /user/getShare - 4ms
2020-5-21 22:26:45 :GET /file/getImg?imagePath=1589696197733 - 404
2020-5-21 22:26:45 :GET /file/getImg?imagePath=1590072144891 - 404
2020-5-21 22:26:45 :GET /file/getImg?imagePath=1590072351186 - 404
2020-5-21 22:26:45 :OPTIONS /user/getShare - 0ms
2020-5-21 22:26:45 :POST /user/getShare - 4ms
2020-5-21 22:26:45 :OPTIONS /user/getShare - 0ms
2020-5-21 22:26:45 :POST /user/getShare - 5ms
2020-5-21 22:26:45 :OPTIONS /file/upFile - 1ms
2020-5-21 22:26:45 :POST /file/upFile - 1ms
2020-5-21 22:26:45 :OPTIONS /user/addShare - 0ms
2020-5-21 22:26:45 :POST /user/addShare - 77ms
2020-5-21 22:26:45 :OPTIONS /user/getShare - 0ms
2020-5-21 22:26:45 :POST /user/getShare - 3ms
2020-5-21 22:26:45 :GET /file/getImg?imagePath=1590072573670 - 404
2020-5-21 22:26:45 :GET /file/getImg?imagePath=1589696197733 - 404
2020-5-21 22:26:45 :OPTIONS /user/getShare - 1ms
2020-5-21 22:26:45 :POST /user/getShare - 8ms
2020-5-21 22:26:45 :OPTIONS /user/delShare - 1ms
2020-5-21 22:26:45 :POST /user/delShare - 4ms
2020-5-21 22:26:45 :OPTIONS /user/getShare - 0ms
2020-5-21 22:26:45 :POST /user/getShare - 3ms
2020-5-21 22:26:45 :OPTIONS /user/getGoods - 0ms
2020-5-21 22:26:45 :OPTIONS /user/getSort - 0ms
2020-5-21 22:26:45 :POST /user/getGoods - 3ms
2020-5-21 22:26:45 :POST /user/getSort - 4ms
2020-5-21 22:26:45 :GET /file/getImg?imagePath=1589695650971 - 404