
2020-5-23 16:28:34 :OPTIONS /user/getGoods - 17ms
2020-5-23 16:28:34 :OPTIONS /user/getSort - 0ms
2020-5-23 16:28:34 :POST /user/getSort - 1628ms
2020-5-23 16:28:34 :POST /user/getGoods - 1989ms
2020-5-23 16:28:34 :GET /file/getImg?imagePath=1589695650971 - 404
2020-5-23 16:28:34 :OPTIONS /user/getSort - 808ms
2020-5-23 16:28:34 :OPTIONS /user/getGoods - 510ms
2020-5-23 16:28:34 :POST /user/getSort - 5943ms
2020-5-23 16:28:34 :POST /user/getGoods - 4328ms
2020-5-23 16:28:34 :OPTIONS /user/getGoods - 0ms
2020-5-23 16:28:34 :OPTIONS /user/getSort - 2ms
2020-5-23 16:28:34 :POST /user/getGoods - 2ms
2020-5-23 16:28:34 :POST /user/getSort - 49ms
2020-5-23 16:28:34 :GET /file/getImg?imagePath=1589695650971 - 404
2020-5-23 16:28:34 :OPTIONS /user/getSort - 69ms
2020-5-23 16:28:34 :OPTIONS /user/getGoods - 170ms
2020-5-23 16:28:34 :POST /user/getGoods - 2445ms
2020-5-23 16:28:34 :GET /file/getImg?imagePath=1589695650971 - 404
2020-5-23 16:28:34 :POST /user/getSort - 1878ms
2020-5-23 16:28:34 :OPTIONS /user/getGoods - 0ms
2020-5-23 16:28:34 :OPTIONS /user/getSort - 1ms
2020-5-23 16:28:34 :POST /user/getGoods - 3ms
2020-5-23 16:28:34 :POST /user/getSort - 23ms
2020-5-23 16:28:34 :POST /user/getGoods - 2ms
2020-5-23 16:28:34 :POST /user/getSort - 2ms
2020-5-23 16:28:34 :OPTIONS /user/getGoods - 0ms
2020-5-23 16:28:34 :OPTIONS /user/getSort - 0ms
2020-5-23 16:28:34 :POST /user/getGoods - 3ms
2020-5-23 16:28:34 :POST /user/getSort - 2ms
2020-5-23 16:28:34 :POST /user/getSort - 4ms
2020-5-23 16:28:34 :POST /user/getGoods - 5ms
2020-5-23 16:28:34 :OPTIONS /user/getGoods - 1ms
2020-5-23 16:28:34 :OPTIONS /user/getSort - 1ms
2020-5-23 16:28:34 :POST /user/getGoods - 2ms
2020-5-23 16:28:34 :POST /user/getSort - 5ms
2020-5-23 16:28:34 :POST /user/getGoods - 4ms
2020-5-23 16:28:34 :POST /user/getSort - 3ms
2020-5-23 16:28:34 :OPTIONS /user/getGoods - 0ms
2020-5-23 16:28:34 :OPTIONS /user/getSort - 0ms
2020-5-23 16:28:34 :POST /user/getGoods - 4ms
2020-5-23 16:28:34 :POST /user/getSort - 4ms
2020-5-23 16:28:34 :OPTIONS /user/getGoods - 1ms
2020-5-23 16:28:34 :OPTIONS /user/getSort - 1ms
2020-5-23 16:28:34 :POST /user/getGoods - 2ms
2020-5-23 16:28:34 :POST /user/getSort - 2ms
2020-5-23 16:28:34 :OPTIONS /user/getSort - 233ms
2020-5-23 16:28:34 :POST /user/getSort - 2311ms
2020-5-23 16:28:34 :OPTIONS /user/getGoods - 461ms
2020-5-23 16:28:34 :POST /user/getGoods - 2737ms