2020-5-14 23:6:16 :OPTIONS /user/getGoods - 7ms
2020-5-14 23:6:16 :POST /user/getSort - 253ms
2020-5-14 23:6:16 :POST /user/getGoods - 381ms
2020-5-14 23:6:16 :OPTIONS /user/getSort - 0ms
2020-5-14 23:6:15 :OPTIONS /user/getGoods - 7ms
2020-5-14 23:6:16 :POST /user/getGoods - 3ms
2020-5-14 23:6:15 :POST /user/getSort - 54ms
2020-5-14 23:6:16 :OPTIONS /user/getAdmin - 19ms
2020-5-14 23:6:16 :POST /user/getAdmin - 761ms
2020-5-14 23:6:16 :OPTIONS /user/addAdmin - 0ms
2020-5-14 23:6:16 :POST /user/addAdmin - 339ms
2020-5-14 23:6:16 :OPTIONS /user/getAdmin - 236ms
2020-5-14 23:6:16 :POST /user/getAdmin - 2014ms
2020-5-14 23:6:16 :OPTIONS /user/getSort - 0ms
2020-5-14 23:6:16 :POST /user/getSort - 73ms
2020-5-14 23:6:16 :OPTIONS /user/getSort - 15ms
2020-5-14 23:6:16 :POST /user/getSort - 719ms
2020-5-14 23:6:16 :OPTIONS /user/addSort - 45ms
2020-5-14 23:6:16 :POST /user/addSort - 644ms
2020-5-14 23:6:16 :OPTIONS /user/addSort - 1ms
2020-5-14 23:6:16 :POST /user/addSort - 1ms
2020-5-14 23:6:16 :OPTIONS /user/addSort - 0ms
2020-5-14 23:6:16 :POST /user/addSort - 1ms
2020-5-14 23:6:16 :OPTIONS /user/getGoods - 0ms
2020-5-14 23:6:16 :POST /user/getGoods - 839ms
2020-5-14 23:6:16 :OPTIONS /user/getSort - 0ms
2020-5-14 23:6:16 :POST /user/getSort - 518ms
2020-5-14 23:6:16 :OPTIONS /file/upFile - 1ms
2020-5-14 23:6:15 :OPTIONS /file/upFile - 493ms
2020-5-14 23:6:15 :POST /file/upFile - 0ms
2020-5-14 23:6:15 :POST /file/upFile - 78ms
2020-5-14 23:6:16 :POST /file/upFile - 210ms
2020-5-14 23:6:16 :OPTIONS /user/addGoods - 0ms
2020-5-14 23:6:16 :POST /user/addGoods - 36ms
2020-5-14 23:6:15 :GET /file/getImg?imagePath=1589475021930 - 404
2020-5-14 23:6:15 :GET /file/getImg?imagePath=1589475022085 - 404
2020-5-14 23:6:15 :OPTIONS /user/getGoods - 0ms
2020-5-14 23:6:15 :POST /user/getGoods - 2899ms
2020-5-14 23:6:15 :OPTIONS /user/getSort - 2ms
2020-5-14 23:6:15 :POST /user/getSort - 353ms