
2020-5-17 13:59:46 :OPTIONS /user/getSort - 0ms
2020-5-17 13:59:46 :OPTIONS /user/getGoods - 76ms
2020-5-17 13:59:46 :POST /user/getGoods - 333ms
2020-5-17 13:59:46 :POST /user/getSort - 661ms
2020-5-17 13:59:46 :OPTIONS /user/getGoods - 1ms
2020-5-17 13:59:46 :POST /user/getGoods - 29ms
2020-5-17 13:59:46 :OPTIONS /user/getSort - 0ms
2020-5-17 13:59:46 :POST /user/getSort - 71ms
2020-5-17 13:59:46 :OPTIONS /file/upFile - 0ms
2020-5-17 13:59:46 :POST /file/upFile - 0ms
2020-5-17 13:59:46 :OPTIONS /user/addGoods - 1ms
2020-5-17 13:59:46 :POST /user/addGoods - 9ms
2020-5-17 13:59:46 :GET /file/getImg?imagePath=1589695650971 - 404
2020-5-17 13:59:46 :OPTIONS /user/getGoods - 0ms
2020-5-17 13:59:46 :POST /user/getGoods - 382ms
2020-5-17 13:59:46 :POST /user/getGoods - 4ms
2020-5-17 13:59:46 :OPTIONS /user/getGoods - 0ms
2020-5-17 13:59:46 :OPTIONS /user/getSort - 8ms
2020-5-17 13:59:46 :POST /user/getSort - 7ms
2020-5-17 13:59:46 :POST /user/getGoods - 94ms
2020-5-17 13:59:46 :GET /file/getImg?imagePath=1589695650971 - 404
2020-5-17 13:59:46 :OPTIONS /user/addPay - 0ms
2020-5-17 13:59:46 :POST /user/addPay - 9ms
2020-5-17 13:59:46 :OPTIONS /user/getAddress - 0ms
2020-5-17 13:59:46 :POST /user/getAddress - 13ms
2020-5-17 13:59:46 :OPTIONS /user/getAddress - 2ms
2020-5-17 13:59:46 :POST /user/getAddress - 3ms
2020-5-17 13:59:46 :OPTIONS /user/getGoods - 1ms
2020-5-17 13:59:46 :OPTIONS /user/getSort - 0ms
2020-5-17 13:59:46 :POST /user/getGoods - 11ms
2020-5-17 13:59:46 :POST /user/getSort - 6ms
2020-5-17 13:59:46 :OPTIONS /user/getSort - 0ms
2020-5-17 13:59:46 :OPTIONS /user/getGoods - 1ms
2020-5-17 13:59:46 :POST /user/getSort - 13ms
2020-5-17 13:59:46 :POST /user/getGoods - 13ms
2020-5-17 13:59:46 :OPTIONS /user/addPay - 0ms
2020-5-17 13:59:46 :POST /user/addPay - 1ms
2020-5-17 13:59:46 :OPTIONS /user/getAddress - 0ms
2020-5-17 13:59:46 :POST /user/getAddress - 7ms
2020-5-17 13:59:46 :OPTIONS /user/getGoods - 0ms
2020-5-17 13:59:46 :OPTIONS /user/getSort - 0ms
2020-5-17 13:59:46 :POST /user/getGoods - 5ms
2020-5-17 13:59:46 :POST /user/getSort - 4ms
2020-5-17 13:59:46 :POST /user/getGoods - 8ms
2020-5-17 13:59:46 :POST /user/getSort - 9ms
2020-5-17 13:59:46 :OPTIONS /user/addPay - 0ms
2020-5-17 13:59:46 :POST /user/addPay - 1ms
2020-5-17 13:59:46 :OPTIONS /user/getAddress - 0ms
2020-5-17 13:59:46 :POST /user/getAddress - 4ms
2020-5-17 13:59:46 :OPTIONS /user/getGoods - 0ms
2020-5-17 13:59:46 :OPTIONS /user/getSort - 1ms
2020-5-17 13:59:46 :POST /user/getGoods - 10ms
2020-5-17 13:59:46 :POST /user/getSort - 6ms
2020-5-17 13:59:46 :OPTIONS /user/getGoods - 0ms
2020-5-17 13:59:46 :OPTIONS /user/getSort - 0ms
2020-5-17 13:59:46 :POST /user/getGoods - 11ms
2020-5-17 13:59:46 :POST /user/getSort - 6ms
2020-5-17 13:59:46 :OPTIONS /user/addPay - 0ms
2020-5-17 13:59:46 :POST /user/addPay - 1ms
2020-5-17 13:59:46 :OPTIONS /user/getAddress - 0ms
2020-5-17 13:59:46 :POST /user/getAddress - 4ms
2020-5-17 13:59:46 :POST /user/getGoods - 7ms
2020-5-17 13:59:46 :POST /user/getSort - 4ms
2020-5-17 13:59:46 :OPTIONS /user/addPay - 1ms
2020-5-17 13:59:46 :POST /user/addPay - 2ms
2020-5-17 13:59:46 :OPTIONS /user/getAddress - 0ms
2020-5-17 13:59:46 :POST /user/getAddress - 3ms
2020-5-17 13:59:46 :OPTIONS /user/login - 0ms
2020-5-17 13:59:46 :POST /user/login - 3ms
2020-5-17 13:59:46 :OPTIONS /user/addUser - 0ms
2020-5-17 13:59:46 :POST /user/addUser - 86ms
2020-5-17 13:59:46 :OPTIONS /user/login - 0ms
2020-5-17 13:59:46 :POST /user/login - 96ms
2020-5-17 13:59:46 :OPTIONS /user/getGoods - 0ms
2020-5-17 13:59:46 :OPTIONS /user/getSort - 0ms
2020-5-17 13:59:46 :POST /user/getSort - 6ms
2020-5-17 13:59:46 :POST /user/getGoods - 6ms
2020-5-17 13:59:46 :GET /file/getImg?imagePath=1589695650971 - 404
2020-5-17 13:59:46 :POST /user/getGoods - 9ms
2020-5-17 13:59:46 :POST /user/getSort - 6ms
2020-5-17 13:59:46 :GET /file/getImg?imagePath=1589695650971 - 404
2020-5-17 13:59:46 :OPTIONS /user/getShare - 0ms
2020-5-17 13:59:46 :POST /user/getShare - 5ms
2020-5-17 13:59:46 :OPTIONS /file/upFile - 1ms
2020-5-17 13:59:46 :POST /file/upFile - 1ms
2020-5-17 13:59:46 :OPTIONS /user/addShare - 0ms
2020-5-17 13:59:46 :POST /user/addShare - 1ms
2020-5-17 13:59:46 :OPTIONS /user/getShare - 0ms
2020-5-17 13:59:46 :POST /user/getShare - 134ms
2020-5-17 13:59:46 :OPTIONS /user/getShare - 0ms
2020-5-17 13:59:46 :POST /user/getShare - 6ms
2020-5-17 13:59:46 :GET /file/getImg?imagePath=1589696197733 - 404
2020-5-17 13:59:46 :OPTIONS /user/getShareComment - 0ms
2020-5-17 13:59:46 :POST /user/getShareComment - 208ms
2020-5-17 13:59:46 :GET /file/getImg?imagePath=1589696197733 - 404
2020-5-17 13:59:46 :OPTIONS /user/getShareComment - 0ms
2020-5-17 13:59:46 :POST /user/getShareComment - 4ms
2020-5-17 13:59:46 :OPTIONS /user/getShare - 0ms
2020-5-17 13:59:46 :POST /user/getShare - 3ms
2020-5-17 13:59:46 :OPTIONS /user/getShareComment - 0ms
2020-5-17 13:59:46 :POST /user/getShareComment - 4ms
2020-5-17 13:59:46 :POST /user/getShare - 4ms
2020-5-17 13:59:46 :OPTIONS /user/getShare - 0ms
2020-5-17 13:59:46 :POST /user/getShare - 4ms
2020-5-17 13:59:46 :OPTIONS /user/getShare - 0ms
2020-5-17 13:59:46 :POST /user/getShare - 3ms