
2020-5-15 9:30:0 :OPTIONS /user/getGoods - 15ms
2020-5-15 9:30:0 :OPTIONS /user/getSort - 0ms
2020-5-15 9:30:0 :POST /user/getSort - 769ms
2020-5-15 9:30:0 :POST /user/getGoods - 798ms
2020-5-15 9:30:0 :GET /file/getImg?imagePath=1586421238537 - 404
2020-5-15 9:30:0 :GET /file/getImg?imagePath=1586429418469 - 404
2020-5-15 9:30:0 :OPTIONS /user/getGoods - 0ms
2020-5-15 9:30:0 :POST /user/getGoods - 20ms
2020-5-15 9:30:0 :OPTIONS /user/delGoods - 0ms
2020-5-15 9:30:0 :POST /user/delGoods - 5ms
2020-5-15 9:30:0 :OPTIONS /user/getPay - 0ms
2020-5-15 9:30:0 :POST /user/getPay - 3ms
2020-5-15 9:30:0 :OPTIONS /user/getGoods - 0ms
2020-5-15 9:30:0 :POST /user/getGoods - 4ms
2020-5-15 9:30:0 :POST /user/getPay - 3ms
2020-5-15 9:30:0 :OPTIONS /user/getGoods - 34ms
2020-5-15 9:30:0 :OPTIONS /user/getSort - 0ms
2020-5-15 9:30:0 :OPTIONS /user/getGoods - 7ms
2020-5-15 9:30:0 :POST /user/getSort - 69ms
2020-5-15 9:30:0 :POST /user/getGoods - 782ms
2020-5-15 9:30:0 :POST /user/getGoods - 260ms
2020-5-15 9:30:0 :GET /file/getImg?imagePath=1586421238537 - 404
2020-5-15 9:30:0 :OPTIONS /user/getGoods - 0ms
2020-5-15 9:30:0 :OPTIONS /user/getSort - 0ms
2020-5-15 9:30:0 :POST /user/getGoods - 6ms
2020-5-15 9:30:0 :POST /user/getSort - 6ms
2020-5-15 9:30:0 :OPTIONS /user/getShare - 1ms
2020-5-15 9:30:0 :POST /user/getShare - 28ms
2020-5-15 9:30:0 :GET /file/getImg?imagePath=1586426870161 - 404
2020-5-15 9:30:0 :GET /file/getImg?imagePath=1586429564815 - 404
2020-5-15 9:30:0 :GET /file/getImg?imagePath=1586563799764 - 404
2020-5-15 9:30:0 :GET /file/getImg?imagePath=1586506973034 - 404
2020-5-15 9:30:0 :GET /file/getImg?imagePath=1586426549715 - 404
2020-5-15 9:30:0 :GET /file/getImg?imagePath=1586583965036 - 404
2020-5-15 9:30:0 :OPTIONS /user/getShare - 1ms
2020-5-15 9:30:0 :POST /user/getShare - 61ms
2020-5-15 9:30:0 :OPTIONS /user/getGoods - 1ms
2020-5-15 9:30:0 :OPTIONS /user/getSort - 0ms
2020-5-15 9:30:0 :POST /user/getSort - 3ms
2020-5-15 9:30:0 :POST /user/getGoods - 7ms
2020-5-15 9:30:0 :OPTIONS /user/getPay - 0ms
2020-5-15 9:30:0 :POST /user/getPay - 3ms
2020-5-15 9:30:0 :OPTIONS /user/getAdmin - 0ms
2020-5-15 9:30:0 :POST /user/getAdmin - 5ms
2020-5-15 9:30:0 :OPTIONS /user/getAdmin - 103ms
2020-5-15 9:30:0 :POST /user/getAdmin - 1213ms
2020-5-15 9:30:0 :OPTIONS /user/getAdmin - 0ms
2020-5-15 9:30:0 :POST /user/getAdmin - 6ms
2020-5-15 9:30:0 :OPTIONS /user/getAdmin - 0ms
2020-5-15 9:30:0 :POST /user/getAdmin - 33ms
2020-5-15 9:30:0 :OPTIONS /user/getAdmin - 0ms
2020-5-15 9:30:0 :POST /user/getAdmin - 3ms
2020-5-15 9:30:0 :OPTIONS /user/getSort - 1ms
2020-5-15 9:30:0 :POST /user/getSort - 2ms
2020-5-15 9:30:0 :OPTIONS /user/getSort - 0ms
2020-5-15 9:30:0 :POST /user/getSort - 3ms
2020-5-15 9:30:0 :OPTIONS /user/addSort - 0ms
2020-5-15 9:30:0 :POST /user/addSort - 356ms
2020-5-15 9:30:0 :OPTIONS /user/upSort - 1ms
2020-5-15 9:30:0 :POST /user/upSort - 2ms
2020-5-15 9:30:0 :OPTIONS /user/getGoods - 0ms
2020-5-15 9:30:0 :POST /user/getGoods - 3ms
2020-5-15 9:30:0 :OPTIONS /user/getSort - 1ms
2020-5-15 9:30:0 :POST /user/getSort - 38ms