
2020-5-31 20:0:4 :OPTIONS /user/getAdmin - 8ms
2020-5-31 20:0:4 :POST /user/getAdmin - 24ms
2020-5-31 20:0:4 :OPTIONS /user/getAdmin - 0ms
2020-5-31 20:0:4 :POST /user/getAdmin - 5ms
2020-5-31 20:0:4 :OPTIONS /user/addAdmin - 0ms
2020-5-31 20:0:4 :POST /user/addAdmin - 9ms
2020-5-31 20:0:4 :OPTIONS /user/getAdmin - 0ms
2020-5-31 20:0:4 :POST /user/getAdmin - 3ms
2020-5-31 20:0:4 :OPTIONS /user/addAdmin - 0ms
2020-5-31 20:0:4 :POST /user/addAdmin - 1ms
2020-5-31 20:0:4 :OPTIONS /user/getAdmin - 0ms
2020-5-31 20:0:4 :POST /user/getAdmin - 5ms
2020-5-31 20:0:4 :OPTIONS /user/addAdmin - 0ms
2020-5-31 20:0:4 :POST /user/addAdmin - 0ms
2020-5-31 20:0:4 :OPTIONS /user/getAdmin - 0ms
2020-5-31 20:0:4 :POST /user/getAdmin - 2ms
2020-5-31 20:6:31 :OPTIONS /user/getAdmin - 21ms
2020-5-31 20:6:31 :POST /user/getAdmin - 49ms
2020-5-31 20:6:31 :OPTIONS /user/addAdmin - 1ms
2020-5-31 20:6:31 :POST /user/addAdmin - 9ms
2020-5-31 20:6:31 :OPTIONS /user/getAdmin - 0ms
2020-5-31 20:6:31 :POST /user/getAdmin - 12ms
2020-5-31 20:6:31 :OPTIONS /user/getAdmin - 0ms
2020-5-31 20:6:31 :POST /user/getAdmin - 44ms
2020-5-31 20:6:31 :OPTIONS /user/getAdmin - 0ms
2020-5-31 20:6:31 :POST /user/getAdmin - 39ms
2020-5-31 20:6:31 :OPTIONS /user/addAdmin - 0ms
2020-5-31 20:6:31 :POST /user/addAdmin - 4ms
2020-5-31 20:6:31 :OPTIONS /user/getAdmin - 1ms
2020-5-31 20:6:31 :POST /user/getAdmin - 6ms
2020-5-31 20:6:31 :OPTIONS /user/getAdmin - 1ms
2020-5-31 20:6:31 :POST /user/getAdmin - 5ms
2020-5-31 20:6:31 :POST /user/getAdmin - 34ms
2020-5-31 20:6:31 :OPTIONS /user/getAdmin - 1ms
2020-5-31 20:6:31 :POST /user/getAdmin - 5ms
2020-5-31 20:10:51 :OPTIONS /user/getAdmin - 8ms
2020-5-31 20:10:51 :POST /user/getAdmin - 58ms
2020-5-31 20:10:51 :OPTIONS /user/getAdmin - 1ms
2020-5-31 20:10:51 :POST /user/getAdmin - 9ms
2020-5-31 20:10:51 :OPTIONS /user/getAdmin - 0ms
2020-5-31 20:10:51 :POST /user/getAdmin - 4ms
2020-5-31 20:10:51 :OPTIONS /user/getAdmin - 0ms
2020-5-31 20:10:51 :POST /user/getAdmin - 9ms
2020-5-31 20:13:17 :OPTIONS /user/getAdmin - 12ms
2020-5-31 20:13:17 :POST /user/getAdmin - 54ms
2020-5-31 20:13:17 :OPTIONS /user/getAdmin - 1ms
2020-5-31 20:13:17 :POST /user/getAdmin - 50ms
2020-5-31 20:13:17 :OPTIONS /user/addAdmin - 0ms
2020-5-31 20:13:17 :POST /user/addAdmin - 13ms
2020-5-31 20:14:46 :OPTIONS /user/getSort - 10ms
2020-5-31 20:14:46 :OPTIONS /user/getGoods - 6ms
2020-5-31 20:14:46 :POST /user/getGoods - 43ms
2020-5-31 20:14:46 :POST /user/getSort - 47ms
2020-5-31 20:14:46 :GET /file/getImg?imagePath=1589475021999 - 404
2020-5-31 20:14:46 :OPTIONS /user/getAdmin - 0ms
2020-5-31 20:14:46 :POST /user/getAdmin - 6ms
2020-5-31 20:14:46 :OPTIONS /user/deAdmin - 0ms
2020-5-31 20:14:46 :POST /user/deAdmin - 8ms
2020-5-31 20:14:46 :POST /user/deAdmin - 4ms
2020-5-31 20:14:46 :OPTIONS /user/addAdmin - 0ms
2020-5-31 20:14:46 :POST /user/addAdmin - 6ms
2020-5-31 20:14:46 :OPTIONS /user/getAdmin - 0ms
2020-5-31 20:14:46 :POST /user/getAdmin - 6ms
2020-5-31 20:14:46 :OPTIONS /user/deAdmin - 2ms
2020-5-31 20:14:46 :POST /user/deAdmin - 6ms
2020-5-31 20:14:46 :OPTIONS /user/getAdmin - 0ms
2020-5-31 20:14:46 :POST /user/getAdmin - 4ms
2020-5-31 20:14:46 :OPTIONS /user/deAdmin - 0ms
2020-5-31 20:14:46 :POST /user/deAdmin - 2ms
2020-5-31 20:14:46 :OPTIONS /user/getAdmin - 0ms
2020-5-31 20:14:46 :POST /user/getAdmin - 10ms
2020-5-31 20:14:46 :OPTIONS /user/deAdmin - 1ms
2020-5-31 20:14:46 :POST /user/deAdmin - 2ms
2020-5-31 20:14:46 :OPTIONS /user/getAdmin - 0ms
2020-5-31 20:14:46 :POST /user/getAdmin - 4ms
2020-5-31 20:14:46 :OPTIONS /user/getAdmin - 0ms
2020-5-31 20:14:46 :POST /user/getAdmin - 4ms
2020-5-31 20:14:46 :OPTIONS /user/deAdmin - 0ms
2020-5-31 20:14:46 :POST /user/deAdmin - 2ms
2020-5-31 20:14:46 :OPTIONS /user/getAdmin - 1ms
2020-5-31 20:14:46 :POST /user/getAdmin - 3ms
2020-5-31 20:14:46 :OPTIONS /user/getAdmin - 1ms
2020-5-31 20:14:46 :POST /user/getAdmin - 5ms
2020-5-31 20:14:46 :OPTIONS /user/addAdmin - 0ms
2020-5-31 20:14:46 :POST /user/addAdmin - 3ms
2020-5-31 20:14:46 :OPTIONS /user/getAdmin - 0ms
2020-5-31 20:14:46 :POST /user/getAdmin - 5ms
2020-5-31 20:14:46 :OPTIONS /user/deAdmin - 1ms
2020-5-31 20:14:46 :POST /user/deAdmin - 3ms
2020-5-31 20:14:46 :OPTIONS /user/getAdmin - 0ms
2020-5-31 20:14:46 :POST /user/getAdmin - 4ms
2020-5-31 20:14:46 :OPTIONS /user/upAdmin - 0ms
2020-5-31 20:14:46 :POST /user/upAdmin - 5ms
2020-5-31 21:9:1 :OPTIONS /user/getGoods - 12ms
2020-5-31 21:9:1 :OPTIONS /user/getSort - 1ms
2020-5-31 21:9:1 :POST /user/getGoods - 40ms
2020-5-31 21:9:1 :POST /user/getSort - 26ms
2020-5-31 21:9:1 :GET /file/getImg?imagePath=1589475021999 - 404
2020-5-31 21:9:1 :OPTIONS /user/getGoods - 0ms
2020-5-31 21:9:1 :OPTIONS /user/getSort - 0ms
2020-5-31 21:9:1 :POST /user/getGoods - 9ms
2020-5-31 21:9:1 :POST /user/getSort - 4ms
2020-5-31 21:9:1 :GET /file/getImg?imagePath=1589475021999 - 404
2020-5-31 21:9:1 :OPTIONS /user/getAdmin - 0ms
2020-5-31 21:9:1 :POST /user/getAdmin - 5ms
2020-5-31 21:9:1 :OPTIONS /user/addAdmin - 0ms
2020-5-31 21:9:1 :POST /user/addAdmin - 10ms
2020-5-31 21:9:1 :OPTIONS /user/getAdmin - 0ms
2020-5-31 21:9:1 :POST /user/getAdmin - 3ms
2020-5-31 21:9:1 :OPTIONS /user/deAdmin - 0ms
2020-5-31 21:9:1 :POST /user/deAdmin - 3ms
2020-5-31 21:9:1 :OPTIONS /user/getAdmin - 0ms
2020-5-31 21:9:1 :POST /user/getAdmin - 4ms
2020-5-31 21:9:1 :OPTIONS /user/getAdmin - 0ms
2020-5-31 21:9:1 :POST /user/getAdmin - 4ms
2020-5-31 21:9:1 :OPTIONS /user/addAdmin - 0ms
2020-5-31 21:9:1 :POST /user/addAdmin - 3ms
2020-5-31 21:9:1 :OPTIONS /user/upAdmin - 0ms
2020-5-31 21:9:1 :POST /user/upAdmin - 3ms
2020-5-31 21:9:1 :OPTIONS /user/getAdmin - 0ms
2020-5-31 21:9:1 :POST /user/getAdmin - 3ms
2020-5-31 21:9:1 :POST /user/getAdmin - 3ms
2020-5-31 21:9:1 :OPTIONS /user/getAdmin - 0ms
2020-5-31 21:9:1 :POST /user/getAdmin - 4ms
2020-5-31 21:9:1 :OPTIONS /user/upAdmin - 0ms
2020-5-31 21:9:1 :POST /user/upAdmin - 2ms
2020-5-31 21:9:1 :OPTIONS /user/getAdmin - 0ms
2020-5-31 21:9:1 :POST /user/getAdmin - 4ms
2020-5-31 21:15:46 :OPTIONS /user/getAdmin - 8ms
2020-5-31 21:15:46 :POST /user/getAdmin - 28ms
2020-5-31 21:22:3 :OPTIONS /user/getAdmin - 5ms
2020-5-31 21:22:3 :POST /user/getAdmin - 25ms
2020-5-31 21:27:56 :OPTIONS /user/getAdmin - 4ms
2020-5-31 21:27:56 :POST /user/getAdmin - 28ms
2020-5-31 21:27:56 :OPTIONS /user/getAdmin - 0ms
2020-5-31 21:27:56 :POST /user/getAdmin - 4ms
2020-5-31 21:27:56 :OPTIONS /user/getAdmin - 0ms
2020-5-31 21:27:56 :POST /user/getAdmin - 15ms
2020-5-31 21:27:56 :OPTIONS /user/getAdmin - 0ms
2020-5-31 21:27:56 :POST /user/getAdmin - 3ms
2020-5-31 21:27:56 :OPTIONS /user/getAdmin - 0ms
2020-5-31 21:27:56 :POST /user/getAdmin - 4ms
2020-5-31 21:27:56 :POST /user/getAdmin - 9ms
2020-5-31 21:27:56 :OPTIONS /user/deAdmin - 0ms
2020-5-31 21:27:56 :POST /user/deAdmin - 5ms
2020-5-31 21:27:56 :POST /user/deAdmin - 2ms
2020-5-31 21:27:56 :POST /user/deAdmin - 2ms
2020-5-31 21:27:56 :POST /user/deAdmin - 2ms
2020-5-31 21:27:56 :POST /user/deAdmin - 1ms
2020-5-31 21:27:56 :POST /user/deAdmin - 3ms
2020-5-31 21:27:56 :POST /user/deAdmin - 2ms
2020-5-31 21:27:56 :POST /user/deAdmin - 2ms
2020-5-31 21:27:56 :POST /user/deAdmin - 2ms
2020-5-31 21:27:56 :POST /user/deAdmin - 2ms
2020-5-31 21:27:56 :POST /user/deAdmin - 2ms
2020-5-31 21:27:56 :POST /user/deAdmin - 2ms
2020-5-31 21:27:56 :POST /user/deAdmin - 2ms
2020-5-31 21:27:56 :POST /user/deAdmin - 2ms
2020-5-31 21:27:56 :POST /user/deAdmin - 12ms
2020-5-31 21:27:56 :POST /user/deAdmin - 2ms
2020-5-31 21:27:56 :OPTIONS /user/getAdmin - 0ms
2020-5-31 21:27:56 :POST /user/getAdmin - 22ms
2020-5-31 21:27:56 :OPTIONS /user/addAdmin - 0ms
2020-5-31 21:27:56 :POST /user/addAdmin - 6ms
2020-5-31 21:27:56 :OPTIONS /user/addAdmin - 0ms
2020-5-31 21:27:56 :POST /user/addAdmin - 3ms
2020-5-31 21:27:56 :OPTIONS /user/addAdmin - 0ms
2020-5-31 21:27:56 :POST /user/addAdmin - 2ms
2020-5-31 21:27:56 :OPTIONS /user/deAdmin - 0ms
2020-5-31 21:27:56 :POST /user/deAdmin - 2ms
2020-5-31 21:27:56 :OPTIONS /user/getAdmin - 0ms
2020-5-31 21:27:56 :POST /user/getAdmin - 4ms
2020-5-31 21:27:56 :OPTIONS /user/getAdmin - 0ms
2020-5-31 21:27:56 :POST /user/getAdmin - 4ms
2020-5-31 21:27:56 :OPTIONS /user/getAdmin - 0ms
2020-5-31 21:27:56 :POST /user/getAdmin - 4ms
2020-5-31 21:27:56 :OPTIONS /user/getAdmin - 0ms
2020-5-31 21:27:56 :POST /user/getAdmin - 3ms
2020-5-31 21:27:56 :POST /user/getAdmin - 6ms
2020-5-31 21:27:56 :OPTIONS /user/getAdmin - 0ms
2020-5-31 21:27:56 :POST /user/getAdmin - 4ms
2020-5-31 21:27:56 :OPTIONS /user/getAdmin - 1ms
2020-5-31 21:27:56 :POST /user/getAdmin - 4ms
2020-5-31 21:27:56 :OPTIONS /user/getSort - 1ms
2020-5-31 21:27:56 :POST /user/getSort - 10ms
2020-5-31 21:27:56 :OPTIONS /user/getGoods - 0ms
2020-5-31 21:27:56 :POST /user/getGoods - 3ms
2020-5-31 21:27:56 :POST /user/getSort - 3ms
2020-5-31 21:27:56 :POST /user/getGoods - 2ms
2020-5-31 21:27:56 :OPTIONS /user/getGoods - 0ms
2020-5-31 21:27:56 :OPTIONS /user/getSort - 0ms
2020-5-31 21:27:56 :POST /user/getGoods - 5ms
2020-5-31 21:27:56 :POST /user/getSort - 6ms
2020-5-31 21:27:56 :GET /file/getImg?imagePath=1589475021999 - 404
2020-5-31 21:27:56 :OPTIONS /user/getShare - 0ms
2020-5-31 21:27:56 :POST /user/getShare - 3ms
2020-5-31 21:27:56 :OPTIONS /user/getGoods - 0ms
2020-5-31 21:27:56 :OPTIONS /user/getSort - 0ms
2020-5-31 21:27:56 :POST /user/getGoods - 4ms
2020-5-31 21:27:56 :POST /user/getSort - 2ms
2020-5-31 21:27:56 :GET /file/getImg?imagePath=1589475021999 - 404
2020-5-31 21:27:56 :OPTIONS /user/getGoods - 0ms
2020-5-31 21:27:56 :POST /user/getGoods - 2ms
2020-5-31 21:27:56 :OPTIONS /user/getSort - 9ms
2020-5-31 21:27:56 :POST /user/getSort - 32ms