
2020-2-19 14:23:35 :OPTIONS /user/getGoods - 7ms
2020-2-19 14:23:35 :OPTIONS /user/getSort - 6ms
2020-2-19 14:23:35 :OPTIONS /user/getAddress - 0ms
2020-2-19 14:23:35 :POST /user/getGoods - 32ms
2020-2-19 14:23:35 :POST /user/getSort - 43ms
2020-2-19 14:23:35 :POST /user/getAddress - 31ms
2020-2-19 14:23:35 :GET /file/getImg?imagePath=1582020604623item-detail-2.jpg - 404
2020-2-19 14:23:35 :GET /file/getImg?imagePath=1582020493021item-detail-2.jpg - 404
2020-2-19 14:23:35 :OPTIONS /user/getGoods - 0ms
2020-2-19 14:23:35 :POST /user/getGoods - 11ms
2020-2-19 14:23:35 :POST /user/getGoods - 9ms
2020-2-19 14:23:35 :POST /user/getGoods - 3ms
2020-2-19 14:23:35 :POST /user/getGoods - 4ms
2020-2-19 14:23:35 :OPTIONS /user/getGoods - 4ms
2020-2-19 14:23:35 :POST /user/getGoods - 3ms
2020-2-19 14:23:35 :POST /user/getGoods - 4ms
2020-2-19 14:23:35 :OPTIONS /file/upFile - 0ms
2020-2-19 14:23:35 :POST /file/upFile - 13ms
2020-2-19 14:23:35 :OPTIONS /user/addUser - 0ms
2020-2-19 14:23:35 :POST /user/addUser - 15ms
2020-2-19 14:23:35 :OPTIONS /user/login - 1ms
2020-2-19 14:23:35 :POST /user/login - 3ms
2020-2-19 14:23:35 :GET /file/getImg?imagePath=1582093604411item-detail-1.jpg - 404
2020-2-19 14:23:35 :GET /file/getImg?imagePath=1582020493021item-detail-2.jpg - 404
2020-2-19 14:23:35 :GET /file/getImg?imagePath=1582020604623item-detail-2.jpg - 404
2020-2-19 14:23:35 :OPTIONS /user/getGoods - 1ms
2020-2-19 14:23:35 :OPTIONS /user/getAddress - 1ms
2020-2-19 14:23:35 :OPTIONS /user/getSort - 0ms
2020-2-19 14:23:35 :POST /user/getAddress - 4ms
2020-2-19 14:23:35 :POST /user/getGoods - 7ms
2020-2-19 14:23:35 :POST /user/getSort - 4ms
2020-2-19 14:23:35 :OPTIONS /user/getAddress - 0ms
2020-2-19 14:23:35 :POST /user/getAddress - 4ms
2020-2-19 14:23:35 :POST /user/getAddress - 4ms
2020-2-19 14:23:35 :OPTIONS /user/getAddress - 1ms
2020-2-19 14:23:35 :POST /user/getAddress - 3ms
2020-2-19 14:23:35 :OPTIONS /user/getPay - 1ms
2020-2-19 14:23:35 :POST /user/getPay - 4ms
2020-2-19 14:23:35 :OPTIONS /user/getAddress - 0ms
2020-2-19 14:23:35 :POST /user/getAddress - 2ms
2020-2-19 14:23:35 :POST /user/getAddress - 5ms
2020-2-19 14:23:35 :OPTIONS /user/getGoods - 0ms
2020-2-19 14:23:35 :OPTIONS /user/getSort - 0ms
2020-2-19 14:23:35 :POST /user/getGoods - 3ms
2020-2-19 14:23:35 :OPTIONS /user/getAddress - 0ms
2020-2-19 14:23:35 :POST /user/getSort - 5ms
2020-2-19 14:23:35 :POST /user/getAddress - 3ms
2020-2-19 14:23:35 :OPTIONS /user/getSort - 0ms
2020-2-19 14:23:35 :OPTIONS /user/getGoods - 0ms
2020-2-19 14:23:35 :POST /user/getSort - 4ms
2020-2-19 14:23:35 :OPTIONS /user/getAddress - 0ms
2020-2-19 14:23:35 :POST /user/getGoods - 9ms
2020-2-19 14:23:35 :POST /user/getAddress - 5ms
2020-2-19 14:23:35 :OPTIONS /user/getGoods - 1ms
2020-2-19 14:23:35 :OPTIONS /user/getGoods - 1ms
2020-2-19 14:23:35 :OPTIONS /user/getGoods - 0ms
2020-2-19 14:23:35 :POST /user/getGoods - 4ms
2020-2-19 14:23:35 :POST /user/getGoods - 6ms
2020-2-19 14:23:35 :POST /user/getGoods - 5ms
2020-2-19 14:23:35 :POST /user/getGoods - 16ms
2020-2-19 14:23:35 :POST /user/getGoods - 6ms
2020-2-19 14:23:35 :POST /user/getGoods - 17ms
2020-2-19 14:23:35 :POST /user/getGoods - 6ms
2020-2-19 14:23:35 :POST /user/getGoods - 7ms
2020-2-19 14:23:35 :POST /user/getGoods - 4ms
2020-2-19 14:23:35 :POST /user/getGoods - 7ms
2020-2-19 14:23:35 :POST /user/getGoods - 3ms
2020-2-19 14:23:35 :OPTIONS /user/upUser - 0ms
2020-2-19 14:23:35 :POST /user/upUser - 3ms
2020-2-19 14:23:35 :OPTIONS /user/login - 0ms
2020-2-19 14:23:35 :POST /user/login - 3ms
2020-2-19 14:23:35 :GET /file/getImg?imagePath=1581956326637logo.jpg - 404
2020-2-19 14:23:35 :OPTIONS /user/upUser - 0ms
2020-2-19 14:23:35 :POST /user/upUser - 2ms
2020-2-19 14:23:35 :OPTIONS /user/login - 1ms
2020-2-19 14:23:35 :POST /user/login - 6ms
2020-2-19 14:23:35 :GET /file/getImg?imagePath=1581956326637logo.jpg - 404
2020-2-19 14:23:35 :OPTIONS /user/upUser - 0ms
2020-2-19 14:23:35 :POST /user/upUser - 2ms
2020-2-19 14:23:35 :GET /file/getImg?imagePath=1581956326637logo.jpg - 404
2020-2-19 14:23:35 :OPTIONS /user/getGoods - 0ms
2020-2-19 14:23:35 :OPTIONS /user/getAddress - 0ms
2020-2-19 14:23:35 :OPTIONS /user/getSort - 0ms
2020-2-19 14:23:35 :POST /user/getSort - 4ms
2020-2-19 14:23:35 :POST /user/getGoods - 7ms
2020-2-19 14:23:35 :POST /user/getAddress - 9ms
2020-2-19 14:23:35 :GET /file/getImg?imagePath=1582020604623item-detail-2.jpg - 404
2020-2-19 14:23:35 :GET /file/getImg?imagePath=1582020493021item-detail-2.jpg - 404
2020-2-19 14:23:35 :POST /user/getSort - 10ms
2020-2-19 14:23:35 :POST /user/getGoods - 5ms
2020-2-19 14:23:35 :POST /user/getAddress - 4ms
2020-2-19 14:23:35 :OPTIONS /user/getGoods - 0ms
2020-2-19 14:23:35 :OPTIONS /user/getGoods - 0ms
2020-2-19 14:23:35 :POST /user/getGoods - 11ms
2020-2-19 14:23:35 :POST /user/getGoods - 3ms
2020-2-19 14:23:35 :POST /user/getGoods - 4ms
2020-2-19 14:23:35 :POST /user/getGoods - 8ms
2020-2-19 14:23:35 :POST /user/getGoods - 4ms
2020-2-19 14:23:35 :POST /user/getGoods - 8ms
2020-2-19 14:23:35 :POST /user/getGoods - 8ms
2020-2-19 14:23:35 :OPTIONS /user/getGoods - 0ms
2020-2-19 14:23:35 :POST /user/getGoods - 4ms
2020-2-19 14:23:35 :POST /user/getGoods - 12ms
2020-2-19 14:23:35 :POST /user/getGoods - 9ms
2020-2-19 14:23:35 :GET /file/getImg?imagePath=1581956326637logo.jpg - 404
2020-2-19 14:23:35 :OPTIONS /user/upUser - 0ms
2020-2-19 14:23:35 :OPTIONS /user/login - 0ms
2020-2-19 14:23:35 :POST /user/login - 5ms
2020-2-19 14:23:35 :GET /file/getImg?imagePath=1581956326637logo.jpg - 404
2020-2-19 14:23:35 :OPTIONS /user/upUser - 1ms
2020-2-19 14:23:35 :POST /user/upUser - 6ms
2020-2-19 14:23:35 :GET /file/getImg?imagePath=1581956326637logo.jpg - 404
2020-2-19 14:23:35 :OPTIONS /user/getGoods - 0ms
2020-2-19 14:23:35 :OPTIONS /user/getSort - 0ms
2020-2-19 14:23:35 :OPTIONS /user/getAddress - 0ms
2020-2-19 14:23:35 :POST /user/getGoods - 12ms
2020-2-19 14:23:35 :POST /user/getSort - 12ms
2020-2-19 14:23:35 :POST /user/getAddress - 11ms
2020-2-19 14:23:35 :GET /file/getImg?imagePath=1582020493021item-detail-2.jpg - 404
2020-2-19 14:23:35 :GET /file/getImg?imagePath=1582020604623item-detail-2.jpg - 404
2020-2-19 14:23:35 :OPTIONS /user/addPay - 0ms
2020-2-19 14:23:35 :POST /user/addPay - 3ms
2020-2-19 14:23:35 :OPTIONS /user/upPay - 0ms
2020-2-19 14:23:35 :POST /user/upPay - 2ms
2020-2-19 14:23:35 :OPTIONS /user/getPay - 0ms
2020-2-19 14:23:35 :POST /user/getPay - 12ms
2020-2-19 14:23:35 :OPTIONS /user/getPay - 1ms
2020-2-19 14:23:35 :POST /user/getPay - 3ms
2020-2-19 14:23:35 :POST /user/getPay - 8ms
2020-2-19 14:23:35 :POST /user/getPay - 3ms
2020-2-19 14:23:35 :POST /user/getPay - 18ms
2020-2-19 14:23:35 :OPTIONS /user/getPay - 0ms
2020-2-19 14:23:35 :POST /user/getPay - 4ms
2020-2-19 14:23:35 :OPTIONS /user/getPay - 0ms
2020-2-19 14:23:35 :POST /user/getPay - 2ms
2020-2-19 14:23:35 :OPTIONS /user/upPay - 0ms
2020-2-19 14:23:35 :POST /user/upPay - 1ms
2020-2-19 14:23:35 :OPTIONS /user/getGoods - 0ms
2020-2-19 14:23:35 :OPTIONS /user/getSort - 1ms
2020-2-19 14:23:35 :OPTIONS /user/getAddress - 0ms
2020-2-19 14:23:35 :POST /user/getSort - 8ms
2020-2-19 14:23:35 :POST /user/getGoods - 8ms
2020-2-19 14:23:35 :POST /user/getAddress - 8ms
2020-2-19 14:23:35 :GET /file/getImg?imagePath=1581956326637logo.jpg - 404
2020-2-19 14:23:35 :OPTIONS /user/getPay - 0ms
2020-2-19 14:23:35 :POST /user/getPay - 4ms
2020-2-19 14:23:35 :POST /user/getPay - 3ms
2020-2-19 14:23:35 :POST /user/getPay - 3ms
2020-2-19 14:23:35 :OPTIONS /user/upPay - 0ms
2020-2-19 14:23:35 :POST /user/upPay - 1ms
2020-2-19 14:23:35 :OPTIONS /user/getPay - 0ms
2020-2-19 14:23:35 :POST /user/getPay - 5ms
2020-2-19 14:23:35 :OPTIONS /user/getSort - 1ms
2020-2-19 14:23:35 :POST /user/getGoods - 9ms
2020-2-19 14:23:35 :OPTIONS /user/getAddress - 0ms
2020-2-19 14:23:35 :OPTIONS /user/getGoods - 0ms
2020-2-19 14:23:35 :POST /user/getSort - 10ms
2020-2-19 14:23:35 :POST /user/getAddress - 11ms
2020-2-19 14:23:35 :OPTIONS /user/getAddress - 0ms
2020-2-19 14:23:35 :POST /user/getAddress - 3ms
2020-2-19 14:23:35 :OPTIONS /user/getGoods - 0ms
2020-2-19 14:23:35 :POST /user/getGoods - 3ms
2020-2-19 14:23:35 :OPTIONS /user/getSort - 0ms
2020-2-19 14:23:35 :POST /user/getSort - 3ms
2020-2-19 14:23:35 :OPTIONS /user/addSort - 0ms
2020-2-19 14:23:35 :POST /user/addSort - 2ms
2020-2-19 14:23:35 :OPTIONS /user/getGoods - 0ms
2020-2-19 14:23:35 :POST /user/getGoods - 3ms
2020-2-19 14:23:35 :OPTIONS /user/getSort - 1ms
2020-2-19 14:23:35 :POST /user/getSort - 3ms
2020-2-19 14:23:35 :OPTIONS /file/upFile - 0ms
2020-2-19 14:23:35 :OPTIONS /file/upFile - 0ms
2020-2-19 14:23:35 :POST /file/upFile - 13ms
2020-2-19 14:23:35 :POST /file/upFile - 15ms
2020-2-19 14:23:35 :POST /file/upFile - 22ms
2020-2-19 14:23:35 :POST /file/upFile - 13ms
2020-2-19 14:23:35 :OPTIONS /user/addGoods - 0ms
2020-2-19 14:23:35 :OPTIONS /user/addGoods - 0ms
2020-2-19 14:23:35 :POST /user/addGoods - 2ms
2020-2-19 14:23:35 :POST /user/addGoods - 1ms
2020-2-19 14:23:35 :GET /file/getImg?imagePath=1582094186156item-detail-4.jpg - 404
2020-2-19 14:23:35 :GET /file/getImg?imagePath=1582094186233item-detail-1.jpg - 404
2020-2-19 14:23:35 :OPTIONS /user/getGoods - 0ms
2020-2-19 14:23:35 :OPTIONS /user/getSort - 0ms
2020-2-19 14:23:35 :OPTIONS /user/getAddress - 0ms
2020-2-19 14:23:35 :POST /user/getGoods - 10ms
2020-2-19 14:23:35 :POST /user/getSort - 14ms
2020-2-19 14:23:35 :POST /user/getAddress - 29ms
2020-2-19 14:23:35 :GET /file/getImg?imagePath=1582094186156item-detail-4.jpg - 404
2020-2-19 14:23:35 :OPTIONS /user/getAddress - 0ms
2020-2-19 14:23:35 :POST /user/getAddress - 22ms
2020-2-19 14:23:35 :GET /file/getImg?imagePath=1582094186156item-detail-4.jpg - 404
2020-2-19 14:23:35 :GET /file/getImg?imagePath=1582020604623item-detail-2.jpg - 404
2020-2-19 14:23:35 :GET /file/getImg?imagePath=1582020493021item-detail-2.jpg - 404
2020-2-19 14:23:35 :OPTIONS /user/getAddress - 1ms
2020-2-19 14:23:35 :POST /user/getAddress - 197ms
2020-2-19 14:23:35 :GET /file/getImg?imagePath=1581956326637logo.jpg - 404
2020-2-19 14:23:35 :OPTIONS /user/getAddress - 0ms
2020-2-19 14:23:35 :POST /user/getAddress - 7ms
2020-2-19 14:23:35 :GET /file/getImg?imagePath=1582020604623item-detail-2.jpg - 404
2020-2-19 14:23:35 :GET /file/getImg?imagePath=1582020493021item-detail-2.jpg - 404
2020-2-19 14:23:35 :GET /file/getImg?imagePath=1582094186156item-detail-4.jpg - 404
2020-2-19 14:23:35 :OPTIONS /user/getAddress - 0ms
2020-2-19 14:23:35 :POST /user/getAddress - 3ms
2020-2-19 14:23:35 :OPTIONS /user/getAddress - 0ms
2020-2-19 14:23:35 :POST /user/getAddress - 3ms
2020-2-19 14:23:35 :GET /file/getImg?imagePath=1581956326637logo.jpg - 404
2020-2-19 14:23:35 :OPTIONS /user/getGoods - 1ms
2020-2-19 14:23:35 :OPTIONS /user/getSort - 0ms
2020-2-19 14:23:35 :OPTIONS /user/getAddress - 0ms
2020-2-19 14:23:35 :POST /user/getGoods - 20ms
2020-2-19 14:23:35 :POST /user/getSort - 23ms
2020-2-19 14:23:35 :POST /user/getAddress - 20ms
2020-2-19 14:23:35 :POST /user/getAddress - 7ms
2020-2-19 14:23:35 :OPTIONS /user/getAddress - 0ms
2020-2-19 14:23:35 :POST /user/getAddress - 4ms
2020-2-19 14:23:35 :OPTIONS /user/getSort - 1ms
2020-2-19 14:23:35 :OPTIONS /user/getAddress - 1ms
2020-2-19 14:23:35 :OPTIONS /user/getGoods - 0ms
2020-2-19 14:23:35 :POST /user/getAddress - 4ms
2020-2-19 14:23:35 :POST /user/getGoods - 4ms
2020-2-19 14:23:35 :POST /user/getSort - 18ms
2020-2-19 14:23:35 :OPTIONS /user/getAddress - 0ms
2020-2-19 14:23:35 :POST /user/getAddress - 3ms
2020-2-19 14:23:35 :OPTIONS /user/getGoods - 0ms
2020-2-19 14:23:35 :OPTIONS /user/getSort - 0ms
2020-2-19 14:23:35 :POST /user/getSort - 8ms
2020-2-19 14:23:35 :POST /user/getGoods - 8ms
2020-2-19 14:23:35 :POST /user/getAddress - 4ms
2020-2-19 14:23:35 :OPTIONS /user/getAddress - 0ms
2020-2-19 14:23:35 :POST /user/getAddress - 4ms
2020-2-19 14:23:35 :OPTIONS /user/getAddress - 0ms
2020-2-19 14:23:35 :POST /user/getAddress - 3ms
2020-2-19 14:23:35 :OPTIONS /user/getAddress - 0ms
2020-2-19 14:23:35 :POST /user/getAddress - 5ms
2020-2-19 14:23:35 :GET /file/getImg?imagePath=1582094186233item-detail-1.jpg - 404
2020-2-19 14:23:35 :OPTIONS /user/getGoods - 0ms
2020-2-19 14:23:35 :OPTIONS /user/getSort - 0ms
2020-2-19 14:23:35 :POST /user/getGoods - 6ms
2020-2-19 14:23:35 :OPTIONS /user/getAddress - 0ms
2020-2-19 14:23:35 :POST /user/getSort - 7ms
2020-2-19 14:23:35 :POST /user/getAddress - 6ms
2020-2-19 14:23:35 :OPTIONS /user/getGoods - 0ms
2020-2-19 14:23:35 :POST /user/getGoods - 2ms
2020-2-19 14:23:35 :OPTIONS /user/delGoods - 0ms
2020-2-19 14:23:35 :POST /user/delGoods - 2ms
2020-2-19 14:23:35 :OPTIONS /user/getGoods - 0ms
2020-2-19 14:23:35 :POST /user/getGoods - 4ms
2020-2-19 14:23:35 :OPTIONS /user/getAddress - 0ms
2020-2-19 14:23:35 :POST /user/getAddress - 10ms
2020-2-19 14:23:35 :OPTIONS /user/getSort - 0ms
2020-2-19 14:23:35 :POST /user/getSort - 21ms
2020-2-19 14:23:35 :POST /user/getGoods - 5ms
2020-2-19 14:23:35 :POST /user/getGoods - 3ms
2020-2-19 14:23:35 :POST /user/getGoods - 4ms
2020-2-19 14:23:35 :POST /user/getGoods - 6ms
2020-2-19 14:23:35 :OPTIONS /user/getGoods - 0ms
2020-2-19 14:23:35 :POST /user/getGoods - 2ms
2020-2-19 14:23:35 :POST /user/getGoods - 2ms
2020-2-19 14:23:35 :POST /user/getGoods - 4ms
2020-2-19 14:23:35 :POST /user/getGoods - 4ms
2020-2-19 14:23:35 :POST /user/getGoods - 3ms
2020-2-19 14:23:35 :POST /user/getGoods - 4ms
2020-2-19 14:23:35 :POST /user/getGoods - 4ms
2020-2-19 14:23:35 :POST /user/getGoods - 10ms
2020-2-19 14:23:35 :POST /user/getGoods - 7ms
2020-2-19 14:23:35 :OPTIONS /user/getGoods - 1ms
2020-2-19 14:23:35 :POST /user/getGoods - 3ms
2020-2-19 14:23:35 :OPTIONS /user/getSort - 0ms
2020-2-19 14:23:35 :POST /user/getSort - 4ms
2020-2-19 14:23:35 :OPTIONS /file/upFile - 0ms
2020-2-19 14:23:35 :POST /file/upFile - 18ms
2020-2-19 14:23:35 :POST /file/upFile - 25ms
2020-2-19 14:23:35 :OPTIONS /user/addGoods - 0ms
2020-2-19 14:23:35 :POST /user/addGoods - 11ms
2020-2-19 14:23:35 :GET /file/getImg?imagePath=1582094742739item-detail-1.jpg - 404
2020-2-19 14:23:35 :OPTIONS /user/getPay - 0ms
2020-2-19 14:23:35 :POST /user/getPay - 4ms
2020-2-19 14:23:35 :OPTIONS /user/getGoods - 0ms
2020-2-19 14:23:35 :POST /user/getGoods - 4ms
2020-2-19 14:23:35 :POST /user/getGoods - 6ms
2020-2-19 14:23:35 :POST /user/getGoods - 5ms
2020-2-19 14:23:35 :OPTIONS /user/getGoods - 0ms
2020-2-19 14:23:35 :POST /user/getGoods - 5ms
2020-2-19 14:23:35 :POST /user/getGoods - 10ms
2020-2-19 14:23:35 :POST /user/getGoods - 14ms
2020-2-19 14:23:35 :POST /user/getGoods - 4ms
2020-2-19 14:23:35 :POST /user/getGoods - 3ms
2020-2-19 14:23:35 :OPTIONS /user/getAddress - 0ms
2020-2-19 14:23:35 :OPTIONS /user/getGoods - 0ms
2020-2-19 14:23:35 :OPTIONS /user/getSort - 0ms
2020-2-19 14:23:35 :POST /user/getAddress - 4ms
2020-2-19 14:23:35 :POST /user/getGoods - 8ms
2020-2-19 14:23:35 :POST /user/getSort - 6ms
2020-2-19 14:23:35 :GET /file/getImg?imagePath=1582020493021item-detail-2.jpg - 404
2020-2-19 14:23:35 :GET /file/getImg?imagePath=1582020604623item-detail-2.jpg - 404
2020-2-19 14:23:35 :OPTIONS /user/delGoods - 0ms
2020-2-19 14:23:35 :POST /user/delGoods - 2ms
2020-2-19 14:23:35 :OPTIONS /user/delGoods - 0ms
2020-2-19 14:23:35 :POST /user/delGoods - 1ms
2020-2-19 14:23:35 :POST /user/delGoods - 1ms
2020-2-19 14:23:35 :OPTIONS /user/getSort - 1ms
2020-2-19 14:23:35 :POST /user/getSort - 4ms
2020-2-19 14:23:35 :OPTIONS /file/upFile - 0ms
2020-2-19 14:23:35 :POST /file/upFile - 8ms
2020-2-19 14:23:35 :OPTIONS /user/addGoods - 0ms
2020-2-19 14:23:35 :POST /user/addGoods - 1ms
2020-2-19 14:23:35 :GET /file/getImg?imagePath=1582094906325item-detail-2.jpg - 404
2020-2-19 14:23:35 :OPTIONS /user/getPay - 0ms
2020-2-19 14:23:35 :POST /user/getPay - 7ms
2020-2-19 14:23:35 :OPTIONS /user/getGoods - 0ms
2020-2-19 14:23:35 :POST /user/getGoods - 3ms
2020-2-19 14:23:35 :OPTIONS /user/getSort - 0ms
2020-2-19 14:23:35 :POST /user/getSort - 2ms
2020-2-19 14:23:35 :OPTIONS /file/upFile - 0ms
2020-2-19 14:23:35 :POST /file/upFile - 18ms
2020-2-19 14:23:35 :OPTIONS /user/addGoods - 0ms
2020-2-19 14:23:35 :POST /user/addGoods - 2ms
2020-2-19 14:23:35 :GET /file/getImg?imagePath=1582094936480item-detail-1.jpg - 404
2020-2-19 14:23:35 :OPTIONS /user/getGoods - 0ms
2020-2-19 14:23:35 :POST /user/getGoods - 3ms
2020-2-19 14:23:35 :POST /user/getGoods - 4ms
2020-2-19 14:23:35 :GET /file/getImg?imagePath=1582094906325item-detail-2.jpg - 404
2020-2-19 14:23:35 :GET /file/getImg?imagePath=1582094936480item-detail-1.jpg - 404
2020-2-19 14:23:35 :OPTIONS /user/getPay - 0ms
2020-2-19 14:23:35 :POST /user/getPay - 3ms
2020-2-19 14:23:35 :OPTIONS /user/getGoods - 0ms
2020-2-19 14:23:35 :POST /user/getGoods - 3ms
2020-2-19 14:23:35 :OPTIONS /user/getSort - 0ms
2020-2-19 14:23:35 :POST /user/getSort - 4ms
2020-2-19 14:23:35 :OPTIONS /file/upFile - 1ms
2020-2-19 14:23:35 :POST /file/upFile - 13ms
2020-2-19 14:23:35 :OPTIONS /user/addGoods - 1ms
2020-2-19 14:23:35 :POST /user/addGoods - 2ms
2020-2-19 14:23:35 :OPTIONS /user/getGoods - 0ms
2020-2-19 14:23:35 :POST /user/getGoods - 4ms
2020-2-19 14:23:35 :POST /user/getGoods - 6ms
2020-2-19 14:23:35 :POST /user/getGoods - 4ms
2020-2-19 14:23:35 :POST /user/getGoods - 3ms
2020-2-19 14:23:35 :OPTIONS /user/delGoods - 1ms
2020-2-19 14:23:35 :POST /user/delGoods - 1ms
2020-2-19 14:23:35 :POST /user/delGoods - 0ms
2020-2-19 14:23:35 :OPTIONS /user/getPay - 0ms
2020-2-19 14:23:35 :POST /user/getPay - 5ms
2020-2-19 14:23:35 :OPTIONS /user/getGoods - 0ms
2020-2-19 14:23:35 :POST /user/getGoods - 3ms
2020-2-19 14:23:35 :OPTIONS /user/getSort - 0ms
2020-2-19 14:23:35 :POST /user/getSort - 3ms
2020-2-19 14:23:35 :OPTIONS /file/upFile - 1ms
2020-2-19 14:23:35 :POST /file/upFile - 14ms
2020-2-19 14:23:35 :OPTIONS /user/addGoods - 0ms
2020-2-19 14:23:35 :POST /user/addGoods - 2ms
2020-2-19 14:23:35 :GET /file/getImg?imagePath=1582095085414item-detail-1.jpg - 404
2020-2-19 14:23:35 :OPTIONS /user/getGoods - 0ms
2020-2-19 14:23:35 :POST /user/getGoods - 4ms
2020-2-19 14:23:35 :POST /user/getGoods - 15ms
2020-2-19 14:23:35 :GET /file/getImg?imagePath=1582095085414item-detail-1.jpg - 404
2020-2-19 14:23:35 :OPTIONS /user/getAddress - 0ms
2020-2-19 14:23:35 :POST /user/getAddress - 24ms
2020-2-19 14:23:35 :OPTIONS /user/getAddress - 0ms
2020-2-19 14:23:35 :POST /user/getAddress - 3ms
2020-2-19 14:23:35 :OPTIONS /user/getGoods - 0ms
2020-2-19 14:23:35 :OPTIONS /user/getSort - 0ms
2020-2-19 14:23:35 :POST /user/getAddress - 6ms
2020-2-19 14:23:35 :POST /user/getSort - 18ms
2020-2-19 14:23:35 :POST /user/getGoods - 44ms
2020-2-19 14:23:35 :OPTIONS /user/getAddress - 0ms
2020-2-19 14:23:35 :POST /user/getAddress - 3ms
2020-2-19 14:23:35 :POST /user/getAddress - 25ms
2020-2-19 14:23:35 :OPTIONS /user/addAddress - 0ms
2020-2-19 14:23:35 :POST /user/addAddress - 2ms
2020-2-19 14:23:35 :OPTIONS /user/getAddress - 0ms
2020-2-19 14:23:35 :POST /user/getAddress - 3ms
2020-2-19 14:23:35 :POST /user/getAddress - 4ms
2020-2-19 14:23:35 :OPTIONS /user/getAddress - 0ms
2020-2-19 14:23:35 :POST /user/getAddress - 3ms
2020-2-19 14:23:35 :OPTIONS /user/getAddress - 0ms
2020-2-19 14:23:35 :POST /user/getAddress - 3ms
2020-2-19 14:23:35 :OPTIONS /user/getAddress - 0ms
2020-2-19 14:23:35 :POST /user/getAddress - 5ms
2020-2-19 14:23:35 :OPTIONS /user/addAddress - 0ms
2020-2-19 14:23:35 :POST /user/addAddress - 1ms
2020-2-19 14:23:35 :POST /user/getAddress - 4ms
2020-2-19 14:23:35 :OPTIONS /user/upAddress - 0ms
2020-2-19 14:23:35 :POST /user/upAddress - 5ms
2020-2-19 14:23:35 :OPTIONS /user/getAddress - 0ms
2020-2-19 14:23:35 :POST /user/getAddress - 3ms
2020-2-19 14:23:35 :OPTIONS /user/getSort - 0ms
2020-2-19 14:23:35 :OPTIONS /user/getGoods - 1ms
2020-2-19 14:23:35 :POST /user/getSort - 5ms
2020-2-19 14:23:35 :POST /user/getGoods - 4ms
2020-2-19 14:23:35 :OPTIONS /user/getAddress - 2ms
2020-2-19 14:23:35 :POST /user/getAddress - 21ms
2020-2-19 14:23:35 :OPTIONS /user/delGoods - 0ms
2020-2-19 14:23:35 :POST /user/delGoods - 1ms
2020-2-19 14:23:35 :OPTIONS /user/getPay - 0ms
2020-2-19 14:23:35 :POST /user/getPay - 4ms
2020-2-19 14:23:35 :OPTIONS /user/getGoods - 0ms
2020-2-19 14:23:35 :POST /user/getGoods - 2ms
2020-2-19 14:23:35 :OPTIONS /user/getSort - 1ms
2020-2-19 14:23:35 :POST /user/getSort - 3ms
2020-2-19 14:23:35 :OPTIONS /file/upFile - 0ms
2020-2-19 14:23:35 :POST /file/upFile - 18ms
2020-2-19 14:23:35 :OPTIONS /user/addGoods - 1ms
2020-2-19 14:23:35 :POST /user/addGoods - 14ms
2020-2-19 14:23:35 :GET /file/getImg?imagePath=1582095435158item-detail-1.jpg - 404
2020-2-19 14:23:35 :OPTIONS /user/getGoods - 0ms
2020-2-19 14:23:35 :POST /user/getGoods - 5ms
2020-2-19 14:23:35 :POST /user/getGoods - 4ms
2020-2-19 14:23:35 :GET /file/getImg?imagePath=1582095435158item-detail-1.jpg - 404
2020-2-19 14:23:35 :OPTIONS /user/getAddress - 0ms
2020-2-19 14:23:35 :POST /user/getAddress - 4ms
2020-2-19 14:23:35 :OPTIONS /user/getAddress - 0ms
2020-2-19 14:23:35 :POST /user/getAddress - 3ms
2020-2-19 14:23:35 :OPTIONS /user/upAddress - 0ms
2020-2-19 14:23:35 :POST /user/upAddress - 2ms
2020-2-19 14:23:35 :OPTIONS /user/getAddress - 1ms
2020-2-19 14:23:35 :POST /user/getAddress - 5ms
2020-2-19 14:23:35 :OPTIONS /user/getAddress - 0ms
2020-2-19 14:23:35 :POST /user/getAddress - 3ms
2020-2-19 14:23:35 :OPTIONS /user/getAddress - 0ms
2020-2-19 14:23:35 :POST /user/getAddress - 7ms
2020-2-19 14:23:35 :OPTIONS /user/upAddress - 0ms
2020-2-19 14:23:35 :POST /user/upAddress - 1ms
2020-2-19 14:23:35 :POST /user/getAddress - 5ms
2020-2-19 14:23:35 :OPTIONS /user/upAddress - 0ms
2020-2-19 14:23:35 :POST /user/upAddress - 2ms
2020-2-19 14:23:35 :OPTIONS /user/getAddress - 0ms
2020-2-19 14:23:35 :POST /user/getAddress - 4ms
2020-2-19 14:23:35 :OPTIONS /user/upAddress - 0ms
2020-2-19 14:23:35 :POST /user/upAddress - 2ms
2020-2-19 14:23:35 :OPTIONS /user/getAddress - 0ms
2020-2-19 14:23:35 :POST /user/getAddress - 2ms
2020-2-19 17:47:4 :OPTIONS /user/getAddress - 6ms
2020-2-19 17:47:4 :OPTIONS /user/getGoods - 6ms
2020-2-19 17:47:4 :OPTIONS /user/getSort - 0ms
2020-2-19 17:47:4 :POST /user/getAddress - 49ms
2020-2-19 17:47:4 :POST /user/getGoods - 68ms
2020-2-19 17:47:4 :POST /user/getSort - 30ms
2020-2-19 17:47:4 :GET /file/getImg?imagePath=1582094906325item-detail-2.jpg - 404
2020-2-19 17:47:4 :GET /file/getImg?imagePath=1582095435158item-detail-1.jpg - 404
2020-2-19 17:47:4 :OPTIONS /user/getGoods - 1ms
2020-2-19 17:47:4 :OPTIONS /user/getAddress - 0ms
2020-2-19 17:47:4 :OPTIONS /user/getSort - 1ms
2020-2-19 17:47:4 :POST /user/getGoods - 10ms
2020-2-19 17:47:4 :POST /user/getSort - 10ms
2020-2-19 17:47:4 :POST /user/getAddress - 5ms
2020-2-19 17:47:4 :OPTIONS /user/getSort - 0ms
2020-2-19 17:47:4 :OPTIONS /user/getGoods - 1ms
2020-2-19 17:47:4 :POST /user/getSort - 4ms
2020-2-19 17:47:4 :POST /user/getGoods - 5ms
2020-2-19 17:47:4 :OPTIONS /user/getAddress - 10ms
2020-2-19 17:47:4 :POST /user/getAddress - 53ms
2020-2-19 17:47:4 :GET /file/getImg?imagePath=1582094906325item-detail-2.jpg - 404
2020-2-19 17:47:4 :GET /file/getImg?imagePath=1582095435158item-detail-1.jpg - 404
2020-2-19 17:47:4 :OPTIONS /user/getGoods - 1ms
2020-2-19 17:47:4 :OPTIONS /user/getAddress - 1ms
2020-2-19 17:47:4 :OPTIONS /user/getSort - 0ms
2020-2-19 17:47:4 :POST /user/getGoods - 5ms
2020-2-19 17:47:4 :POST /user/getAddress - 4ms
2020-2-19 17:47:4 :POST /user/getSort - 5ms
2020-2-19 17:47:4 :POST /user/getGoods - 6ms
2020-2-19 17:47:4 :POST /user/getSort - 7ms
2020-2-19 17:47:4 :POST /user/getAddress - 9ms
2020-2-19 17:47:4 :OPTIONS /user/getGoods - 0ms
2020-2-19 17:47:4 :OPTIONS /user/getSort - 1ms
2020-2-19 17:47:4 :OPTIONS /user/getAddress - 1ms
2020-2-19 17:47:4 :POST /user/getSort - 7ms
2020-2-19 17:47:4 :POST /user/getGoods - 5ms
2020-2-19 17:47:4 :POST /user/getAddress - 4ms
2020-2-19 17:47:4 :POST /user/getAddress - 6ms
2020-2-19 17:47:4 :POST /user/getGoods - 8ms
2020-2-19 17:47:4 :POST /user/getSort - 8ms
2020-2-19 17:47:4 :OPTIONS /user/getGoods - 0ms
2020-2-19 17:47:4 :OPTIONS /user/getSort - 0ms
2020-2-19 17:47:4 :OPTIONS /user/getAddress - 0ms
2020-2-19 17:47:4 :POST /user/getGoods - 10ms
2020-2-19 17:47:4 :POST /user/getAddress - 6ms
2020-2-19 17:47:4 :POST /user/getSort - 15ms
2020-2-19 17:47:4 :OPTIONS /user/getGoods - 0ms
2020-2-19 17:47:4 :OPTIONS /user/getAddress - 0ms
2020-2-19 17:47:4 :OPTIONS /user/getSort - 0ms
2020-2-19 17:47:4 :POST /user/getGoods - 4ms
2020-2-19 17:47:4 :POST /user/getSort - 4ms
2020-2-19 17:47:4 :POST /user/getAddress - 4ms
2020-2-19 17:47:4 :GET /file/getImg?imagePath=1582094906325item-detail-2.jpg - 404
2020-2-19 17:47:4 :GET /file/getImg?imagePath=1582095435158item-detail-1.jpg - 404
2020-2-19 17:47:4 :OPTIONS /user/getGoods - 1ms
2020-2-19 17:47:4 :OPTIONS /user/getSort - 0ms
2020-2-19 17:47:4 :OPTIONS /user/getAddress - 0ms
2020-2-19 17:47:4 :POST /user/getGoods - 11ms
2020-2-19 17:47:4 :POST /user/getSort - 7ms
2020-2-19 17:47:4 :POST /user/getAddress - 5ms
2020-2-19 17:47:4 :OPTIONS /user/getGoods - 0ms
2020-2-19 17:47:4 :OPTIONS /user/getSort - 0ms
2020-2-19 17:47:4 :OPTIONS /user/getAddress - 0ms
2020-2-19 17:47:4 :POST /user/getGoods - 6ms
2020-2-19 17:47:4 :POST /user/getSort - 4ms
2020-2-19 17:47:4 :POST /user/getAddress - 22ms
2020-2-19 17:47:4 :OPTIONS /user/getGoods - 0ms
2020-2-19 17:47:4 :OPTIONS /user/getSort - 0ms
2020-2-19 17:47:4 :POST /user/getGoods - 6ms
2020-2-19 17:47:4 :OPTIONS /user/getAddress - 1ms
2020-2-19 17:47:4 :POST /user/getSort - 9ms
2020-2-19 17:47:4 :POST /user/getAddress - 7ms
2020-2-19 17:47:4 :OPTIONS /user/getAddress - 0ms
2020-2-19 17:47:4 :POST /user/getAddress - 9ms
2020-2-19 17:47:4 :OPTIONS /user/getSort - 0ms
2020-2-19 17:47:4 :OPTIONS /user/getGoods - 0ms
2020-2-19 17:47:4 :POST /user/getSort - 4ms
2020-2-19 17:47:4 :POST /user/getGoods - 24ms
2020-2-19 17:47:4 :OPTIONS /user/getGoods - 0ms
2020-2-19 17:47:4 :OPTIONS /user/getSort - 0ms
2020-2-19 17:47:4 :OPTIONS /user/getAddress - 0ms
2020-2-19 17:47:4 :POST /user/getGoods - 20ms
2020-2-19 17:47:4 :POST /user/getSort - 23ms
2020-2-19 17:47:4 :POST /user/getAddress - 18ms
2020-2-19 17:47:4 :GET /file/getImg?imagePath=1582094906325item-detail-2.jpg - 404
2020-2-19 17:47:4 :GET /file/getImg?imagePath=1582095435158item-detail-1.jpg - 404
2020-2-19 17:47:4 :POST /user/getGoods - 4ms
2020-2-19 17:47:4 :OPTIONS /user/getGoods - 0ms
2020-2-19 17:47:4 :POST /user/getGoods - 4ms
2020-2-19 17:47:4 :POST /user/getGoods - 4ms
2020-2-19 17:47:4 :OPTIONS /user/getGoods - 0ms
2020-2-19 17:47:4 :OPTIONS /user/getSort - 0ms
2020-2-19 17:47:4 :OPTIONS /user/getAddress - 0ms
2020-2-19 17:47:4 :POST /user/getGoods - 8ms
2020-2-19 17:47:4 :POST /user/getSort - 6ms
2020-2-19 17:47:4 :POST /user/getAddress - 4ms
2020-2-19 17:47:4 :GET /file/getImg?imagePath=1582095085414item-detail-1.jpg - 404
2020-2-19 17:47:4 :GET /file/getImg?imagePath=1582095085414item-detail-1.jpg - 404
2020-2-19 17:47:4 :OPTIONS /user/getGoods - 0ms
2020-2-19 17:47:4 :OPTIONS /user/getSort - 0ms
2020-2-19 17:47:4 :OPTIONS /user/getAddress - 0ms
2020-2-19 17:47:4 :POST /user/getGoods - 4ms
2020-2-19 17:47:4 :POST /user/getSort - 7ms
2020-2-19 17:47:4 :POST /user/getAddress - 5ms
2020-2-19 17:47:4 :GET /file/getImg?imagePath=1582094906325item-detail-2.jpg - 404
2020-2-19 17:47:4 :GET /file/getImg?imagePath=1582095435158item-detail-1.jpg - 404
2020-2-19 17:47:4 :POST /user/getAddress - 2ms
2020-2-19 17:47:4 :POST /user/getGoods - 11ms
2020-2-19 17:47:4 :POST /user/getSort - 9ms
2020-2-19 17:47:4 :POST /user/getAddress - 4ms
2020-2-19 17:47:4 :POST /user/getGoods - 18ms
2020-2-19 17:47:4 :POST /user/getSort - 10ms
2020-2-19 17:47:4 :POST /user/getAddress - 5ms
2020-2-19 17:47:4 :POST /user/getGoods - 8ms
2020-2-19 17:47:4 :POST /user/getSort - 9ms
2020-2-19 17:47:4 :OPTIONS /user/getAddress - 0ms
2020-2-19 17:47:4 :OPTIONS /user/getGoods - 0ms
2020-2-19 17:47:4 :OPTIONS /user/getSort - 0ms
2020-2-19 17:47:4 :POST /user/getGoods - 5ms
2020-2-19 17:47:4 :POST /user/getAddress - 9ms
2020-2-19 17:47:4 :POST /user/getSort - 8ms
2020-2-19 17:47:4 :POST /user/getAddress - 3ms
2020-2-19 17:47:4 :POST /user/getGoods - 6ms
2020-2-19 17:47:4 :POST /user/getSort - 6ms
2020-2-19 17:47:4 :POST /user/getAddress - 4ms
2020-2-19 17:47:4 :POST /user/getGoods - 13ms
2020-2-19 17:47:4 :POST /user/getSort - 9ms
2020-2-19 17:47:4 :GET /file/getImg?imagePath=1582095085414item-detail-1.jpg - 404
2020-2-19 17:47:4 :OPTIONS /user/getGoods - 0ms
2020-2-19 17:47:4 :OPTIONS /user/getAddress - 0ms
2020-2-19 17:47:4 :POST /user/getSort - 4ms
2020-2-19 17:47:4 :OPTIONS /user/getSort - 0ms
2020-2-19 17:47:4 :POST /user/getGoods - 10ms
2020-2-19 17:47:4 :POST /user/getAddress - 6ms
2020-2-19 17:47:4 :POST /user/getAddress - 4ms
2020-2-19 17:47:4 :POST /user/getGoods - 9ms
2020-2-19 17:47:4 :POST /user/getSort - 8ms
2020-2-19 17:47:4 :POST /user/getAddress - 8ms
2020-2-19 17:47:4 :POST /user/getGoods - 14ms
2020-2-19 17:47:4 :POST /user/getSort - 5ms
2020-2-19 17:47:4 :OPTIONS /user/getGoods - 0ms
2020-2-19 17:47:4 :OPTIONS /user/getAddress - 0ms
2020-2-19 17:47:4 :OPTIONS /user/getSort - 0ms
2020-2-19 17:47:4 :POST /user/getAddress - 8ms
2020-2-19 17:47:4 :POST /user/getSort - 6ms
2020-2-19 17:47:4 :POST /user/getGoods - 10ms
2020-2-19 17:47:4 :OPTIONS /user/addPay - 1ms
2020-2-19 17:47:4 :POST /user/addPay - 9ms
2020-2-19 17:47:4 :OPTIONS /user/upPay - 1ms
2020-2-19 17:47:4 :POST /user/upPay - 3ms
2020-2-19 17:47:4 :OPTIONS /user/getPay - 1ms
2020-2-19 17:47:4 :POST /user/getPay - 3ms
2020-2-19 17:47:4 :POST /user/getPay - 4ms
2020-2-19 17:47:4 :OPTIONS /user/getGoods - 0ms
2020-2-19 17:47:4 :OPTIONS /user/getSort - 0ms
2020-2-19 17:47:4 :OPTIONS /user/getAddress - 1ms
2020-2-19 17:47:4 :POST /user/getSort - 6ms
2020-2-19 17:47:4 :POST /user/getGoods - 9ms
2020-2-19 17:47:4 :POST /user/getAddress - 7ms
2020-2-19 17:47:4 :POST /user/getAddress - 4ms
2020-2-19 17:47:4 :POST /user/getGoods - 18ms
2020-2-19 17:47:4 :POST /user/getSort - 15ms
2020-2-19 17:47:4 :OPTIONS /user/getAddress - 0ms
2020-2-19 17:47:4 :OPTIONS /user/getGoods - 0ms
2020-2-19 17:47:4 :OPTIONS /user/getSort - 0ms
2020-2-19 17:47:4 :POST /user/getGoods - 3ms
2020-2-19 17:47:4 :POST /user/getAddress - 3ms
2020-2-19 17:47:4 :POST /user/getSort - 6ms
2020-2-19 17:47:4 :GET /file/getImg?imagePath=1582095085414item-detail-1.jpg - 404
2020-2-19 17:47:4 :OPTIONS /user/getGoods - 0ms
2020-2-19 17:47:4 :OPTIONS /user/getSort - 1ms
2020-2-19 17:47:4 :POST /user/getGoods - 4ms
2020-2-19 17:47:4 :OPTIONS /user/getAddress - 0ms
2020-2-19 17:47:4 :POST /user/getSort - 7ms
2020-2-19 17:47:4 :POST /user/getAddress - 5ms
2020-2-19 17:47:4 :GET /file/getImg?imagePath=1582094906325item-detail-2.jpg - 404
2020-2-19 17:47:4 :GET /file/getImg?imagePath=1582095435158item-detail-1.jpg - 404
2020-2-19 17:47:4 :GET /file/getImg?imagePath=1582095085414item-detail-1.jpg - 404
2020-2-19 17:47:4 :OPTIONS /user/addPay - 0ms
2020-2-19 17:47:4 :POST /user/addPay - 11ms
2020-2-19 17:47:4 :GET /file/getImg?imagePath=1582095085414item-detail-1.jpg - 404
2020-2-19 17:47:4 :OPTIONS /user/getAddress - 1ms
2020-2-19 17:47:4 :OPTIONS /user/getGoods - 0ms
2020-2-19 17:47:4 :OPTIONS /user/getSort - 1ms
2020-2-19 17:47:4 :POST /user/getGoods - 7ms
2020-2-19 17:47:4 :POST /user/getAddress - 7ms
2020-2-19 17:47:4 :POST /user/getSort - 18ms
2020-2-19 17:47:4 :GET /file/getImg?imagePath=1582094906325item-detail-2.jpg - 404
2020-2-19 17:47:4 :GET /file/getImg?imagePath=1582095435158item-detail-1.jpg - 404
2020-2-19 17:47:4 :OPTIONS /user/addPay - 0ms
2020-2-19 17:47:4 :POST /user/addPay - 1ms
2020-2-19 17:47:4 :OPTIONS /user/getAddress - 1ms
2020-2-19 17:47:4 :OPTIONS /user/getGoods - 1ms
2020-2-19 17:47:4 :POST /user/getAddress - 6ms
2020-2-19 17:47:4 :OPTIONS /user/getSort - 1ms
2020-2-19 17:47:4 :POST /user/getGoods - 8ms
2020-2-19 17:47:4 :POST /user/getSort - 5ms
2020-2-19 17:47:4 :POST /user/getAddress - 8ms
2020-2-19 17:47:4 :POST /user/getGoods - 13ms
2020-2-19 17:47:4 :POST /user/getSort - 6ms
2020-2-19 17:47:4 :GET /file/getImg?imagePath=1582095085414item-detail-1.jpg - 404
2020-2-19 17:47:4 :GET /file/getImg?imagePath=1582095435158item-detail-1.jpg - 404
2020-2-19 17:47:4 :GET /file/getImg?imagePath=1582095085414item-detail-1.jpg - 404
2020-2-19 17:47:4 :GET /file/getImg?imagePath=1582095435158item-detail-1.jpg - 404
2020-2-19 17:47:4 :OPTIONS /user/getGoods - 0ms
2020-2-19 17:47:4 :OPTIONS /user/getSort - 0ms
2020-2-19 17:47:4 :OPTIONS /user/getAddress - 0ms
2020-2-19 17:47:4 :POST /user/getGoods - 39ms
2020-2-19 17:47:4 :POST /user/getSort - 38ms
2020-2-19 17:47:4 :POST /user/getAddress - 26ms
2020-2-19 17:47:4 :GET /file/getImg?imagePath=1582094906325item-detail-2.jpg - 404
2020-2-19 17:47:4 :GET /file/getImg?imagePath=1582095085414item-detail-1.jpg - 404
2020-2-19 17:47:4 :OPTIONS /user/getGoods - 0ms
2020-2-19 17:47:4 :OPTIONS /user/getSort - 0ms
2020-2-19 17:47:4 :OPTIONS /user/getAddress - 0ms
2020-2-19 17:47:4 :POST /user/getGoods - 8ms
2020-2-19 17:47:4 :POST /user/getSort - 10ms
2020-2-19 17:47:4 :POST /user/getAddress - 6ms
2020-2-19 17:47:4 :GET /file/getImg?imagePath=1582094906325item-detail-2.jpg - 404
2020-2-19 17:47:4 :GET /file/getImg?imagePath=1582095435158item-detail-1.jpg - 404
2020-2-19 17:47:4 :POST /user/getGoods - 12ms
2020-2-19 17:47:4 :POST /user/getAddress - 9ms
2020-2-19 17:47:4 :POST /user/getSort - 9ms
2020-2-19 17:47:4 :OPTIONS /user/getGoods - 1ms
2020-2-19 17:47:4 :OPTIONS /user/getSort - 0ms
2020-2-19 17:47:4 :OPTIONS /user/getAddress - 1ms
2020-2-19 17:47:4 :POST /user/getSort - 8ms
2020-2-19 17:47:4 :POST /user/getAddress - 5ms
2020-2-19 17:47:4 :POST /user/getGoods - 19ms
2020-2-19 17:47:4 :GET /file/getImg?imagePath=1582094906325item-detail-2.jpg - 404
2020-2-19 17:47:4 :GET /file/getImg?imagePath=1582095435158item-detail-1.jpg - 404
2020-2-19 17:47:4 :OPTIONS /user/getGoods - 0ms
2020-2-19 17:47:4 :OPTIONS /user/getSort - 0ms
2020-2-19 17:47:4 :POST /user/getGoods - 4ms
2020-2-19 17:47:4 :OPTIONS /user/getAddress - 0ms
2020-2-19 17:47:4 :POST /user/getSort - 4ms
2020-2-19 17:47:4 :POST /user/getAddress - 5ms
2020-2-19 17:47:4 :OPTIONS /user/getGoods - 0ms
2020-2-19 17:47:4 :POST /user/getGoods - 3ms
2020-2-19 17:47:4 :OPTIONS /user/getSort - 0ms
2020-2-19 17:47:4 :OPTIONS /user/getAddress - 1ms
2020-2-19 17:47:4 :POST /user/getSort - 3ms
2020-2-19 17:47:4 :POST /user/getAddress - 4ms
2020-2-19 17:47:4 :GET /file/getImg?imagePath=1582094906325item-detail-2.jpg - 404
2020-2-19 17:47:4 :GET /file/getImg?imagePath=1582095435158item-detail-1.jpg - 404
2020-2-19 17:47:4 :POST /user/getAddress - 4ms
2020-2-19 17:47:4 :POST /user/getGoods - 7ms
2020-2-19 17:47:4 :POST /user/getSort - 8ms
2020-2-19 17:47:4 :OPTIONS /user/getGoods - 0ms
2020-2-19 17:47:4 :OPTIONS /user/getSort - 0ms
2020-2-19 17:47:4 :OPTIONS /user/getAddress - 1ms
2020-2-19 17:47:4 :POST /user/getGoods - 10ms
2020-2-19 17:47:4 :POST /user/getAddress - 10ms
2020-2-19 17:47:4 :POST /user/getSort - 19ms
2020-2-19 17:47:4 :OPTIONS /user/getGoods - 0ms
2020-2-19 17:47:4 :OPTIONS /user/getSort - 1ms
2020-2-19 17:47:4 :OPTIONS /user/getAddress - 0ms
2020-2-19 17:47:4 :POST /user/getGoods - 9ms
2020-2-19 17:47:4 :POST /user/getSort - 8ms
2020-2-19 17:47:4 :POST /user/getAddress - 8ms
2020-2-19 17:47:4 :OPTIONS /user/getGoods - 0ms
2020-2-19 17:47:4 :OPTIONS /user/getSort - 0ms
2020-2-19 17:47:4 :OPTIONS /user/getAddress - 0ms
2020-2-19 17:47:4 :POST /user/getGoods - 3ms
2020-2-19 17:47:4 :POST /user/getSort - 5ms
2020-2-19 17:47:4 :POST /user/getAddress - 4ms
2020-2-19 17:47:4 :OPTIONS /user/getGoods - 0ms
2020-2-19 17:47:4 :OPTIONS /user/getSort - 1ms
2020-2-19 17:47:4 :POST /user/getGoods - 6ms
2020-2-19 17:47:4 :POST /user/getSort - 6ms
2020-2-19 17:47:4 :OPTIONS /user/getAddress - 0ms
2020-2-19 17:47:4 :POST /user/getAddress - 5ms
2020-2-19 17:47:4 :OPTIONS /user/getSort - 0ms
2020-2-19 17:47:4 :OPTIONS /user/getAddress - 0ms
2020-2-19 17:47:4 :OPTIONS /user/getGoods - 0ms
2020-2-19 17:47:4 :POST /user/getSort - 4ms
2020-2-19 17:47:4 :POST /user/getAddress - 3ms
2020-2-19 17:47:4 :POST /user/getGoods - 24ms
2020-2-19 17:47:4 :OPTIONS /user/getAddress - 1ms
2020-2-19 17:47:4 :OPTIONS /user/getGoods - 1ms
2020-2-19 17:47:4 :OPTIONS /user/getSort - 0ms
2020-2-19 17:47:4 :POST /user/getGoods - 8ms
2020-2-19 17:47:4 :POST /user/getAddress - 14ms
2020-2-19 17:47:4 :POST /user/getSort - 4ms
2020-2-19 17:47:4 :OPTIONS /user/addPay - 0ms
2020-2-19 17:47:4 :POST /user/addPay - 1ms
2020-2-19 17:47:4 :OPTIONS /user/addPay - 0ms
2020-2-19 17:47:4 :POST /user/addPay - 9ms
2020-2-19 17:47:4 :GET /file/getImg?imagePath=1582095435158item-detail-1.jpg - 404
2020-2-19 17:47:4 :GET /file/getImg?imagePath=1582094906325item-detail-2.jpg - 404
2020-2-19 17:47:4 :OPTIONS /user/addPay - 0ms
2020-2-19 17:47:4 :OPTIONS /user/addPay - 0ms
2020-2-19 17:47:4 :POST /user/addPay - 1ms
2020-2-19 17:47:4 :POST /user/addPay - 3ms
2020-2-19 17:47:4 :GET /file/getImg?imagePath=1582095435158item-detail-1.jpg - 404
2020-2-19 17:47:4 :GET /file/getImg?imagePath=1582094906325item-detail-2.jpg - 404
2020-2-19 17:47:4 :GET /file/getImg?imagePath=1582094906325item-detail-2.jpg - 404
2020-2-19 17:47:4 :GET /file/getImg?imagePath=1582095435158item-detail-1.jpg - 404
2020-2-19 17:47:4 :GET /file/getImg?imagePath=1582095435158item-detail-1.jpg - 404
2020-2-19 17:47:4 :GET /file/getImg?imagePath=1582094906325item-detail-2.jpg - 404
2020-2-19 17:47:4 :OPTIONS /user/addPay - 0ms
2020-2-19 17:47:4 :OPTIONS /user/addPay - 0ms
2020-2-19 17:47:4 :POST /user/addPay - 1ms
2020-2-19 17:47:4 :POST /user/addPay - 1ms
2020-2-19 17:47:4 :GET /file/getImg?imagePath=1582095435158item-detail-1.jpg - 404
2020-2-19 17:47:4 :GET /file/getImg?imagePath=1582094906325item-detail-2.jpg - 404
2020-2-19 17:47:4 :OPTIONS /user/addPay - 1ms
2020-2-19 17:47:4 :OPTIONS /user/addPay - 0ms
2020-2-19 17:47:4 :POST /user/addPay - 2ms
2020-2-19 17:47:4 :POST /user/addPay - 1ms
2020-2-19 17:47:4 :GET /file/getImg?imagePath=1582094906325item-detail-2.jpg - 404
2020-2-19 17:47:4 :GET /file/getImg?imagePath=1582095435158item-detail-1.jpg - 404
2020-2-19 17:47:4 :OPTIONS /user/addPay - 1ms
2020-2-19 17:47:4 :OPTIONS /user/addPay - 0ms
2020-2-19 17:47:4 :POST /user/addPay - 1ms
2020-2-19 17:47:4 :POST /user/addPay - 1ms
2020-2-19 17:47:4 :OPTIONS /user/addPay - 0ms
2020-2-19 17:47:4 :OPTIONS /user/addPay - 0ms
2020-2-19 17:47:4 :POST /user/addPay - 2ms
2020-2-19 17:47:4 :POST /user/addPay - 2ms
2020-2-19 17:47:4 :GET /file/getImg?imagePath=1582095435158item-detail-1.jpg - 404
2020-2-19 17:47:4 :GET /file/getImg?imagePath=1582094906325item-detail-2.jpg - 404
2020-2-19 17:47:4 :OPTIONS /user/addPay - 0ms
2020-2-19 17:47:4 :OPTIONS /user/addPay - 0ms
2020-2-19 17:47:4 :POST /user/addPay - 1ms
2020-2-19 17:47:4 :POST /user/addPay - 1ms
2020-2-19 17:47:4 :GET /file/getImg?imagePath=1582095435158item-detail-1.jpg - 404
2020-2-19 17:47:4 :GET /file/getImg?imagePath=1582094906325item-detail-2.jpg - 404
2020-2-19 17:47:4 :OPTIONS /user/addPay - 0ms
2020-2-19 17:47:4 :OPTIONS /user/addPay - 0ms
2020-2-19 17:47:4 :POST /user/addPay - 1ms
2020-2-19 17:47:4 :POST /user/addPay - 1ms
2020-2-19 17:47:4 :GET /file/getImg?imagePath=1582095435158item-detail-1.jpg - 404
2020-2-19 17:47:4 :GET /file/getImg?imagePath=1582094906325item-detail-2.jpg - 404
2020-2-19 17:47:4 :OPTIONS /user/addPay - 0ms
2020-2-19 17:47:4 :OPTIONS /user/addPay - 0ms
2020-2-19 17:47:4 :POST /user/addPay - 1ms
2020-2-19 17:47:4 :POST /user/addPay - 2ms
2020-2-19 17:47:4 :GET /file/getImg?imagePath=1582095435158item-detail-1.jpg - 404
2020-2-19 17:47:4 :GET /file/getImg?imagePath=1582094906325item-detail-2.jpg - 404
2020-2-19 17:47:4 :OPTIONS /user/addPay - 1ms
2020-2-19 17:47:4 :POST /user/addPay - 1ms
2020-2-19 17:47:4 :OPTIONS /user/addPay - 0ms
2020-2-19 17:47:4 :POST /user/addPay - 1ms
2020-2-19 17:47:4 :OPTIONS /user/addPay - 1ms
2020-2-19 17:47:4 :OPTIONS /user/addPay - 0ms
2020-2-19 17:47:4 :POST /user/addPay - 1ms
2020-2-19 17:47:4 :POST /user/addPay - 2ms
2020-2-19 17:47:4 :OPTIONS /user/getGoods - 0ms
2020-2-19 17:47:4 :OPTIONS /user/getSort - 0ms
2020-2-19 17:47:4 :OPTIONS /user/getAddress - 0ms
2020-2-19 17:47:4 :POST /user/getGoods - 8ms
2020-2-19 17:47:4 :POST /user/getSort - 5ms
2020-2-19 17:47:4 :POST /user/getAddress - 5ms
2020-2-19 17:47:4 :OPTIONS /user/getGoods - 0ms
2020-2-19 17:47:4 :OPTIONS /user/getAddress - 0ms
2020-2-19 17:47:4 :OPTIONS /user/getSort - 0ms
2020-2-19 17:47:4 :POST /user/getGoods - 6ms
2020-2-19 17:47:4 :POST /user/getAddress - 3ms
2020-2-19 17:47:4 :POST /user/getSort - 19ms
2020-2-19 17:47:4 :POST /user/getGoods - 6ms
2020-2-19 17:47:4 :POST /user/getSort - 6ms
2020-2-19 17:47:4 :POST /user/getAddress - 7ms
2020-2-19 17:47:4 :OPTIONS /user/getSort - 1ms
2020-2-19 17:47:4 :OPTIONS /user/getGoods - 1ms
2020-2-19 17:47:4 :OPTIONS /user/getAddress - 0ms
2020-2-19 17:47:4 :POST /user/getGoods - 4ms
2020-2-19 17:47:4 :POST /user/getSort - 7ms
2020-2-19 17:47:4 :POST /user/getAddress - 9ms
2020-2-19 17:47:4 :OPTIONS /user/addPay - 0ms
2020-2-19 17:47:4 :OPTIONS /user/addPay - 1ms
2020-2-19 17:47:4 :POST /user/addPay - 2ms
2020-2-19 17:47:4 :POST /user/addPay - 4ms
2020-2-19 17:47:4 :OPTIONS /user/addPay - 0ms
2020-2-19 17:47:4 :OPTIONS /user/addPay - 1ms
2020-2-19 17:47:4 :OPTIONS /user/getAddress - 0ms
2020-2-19 17:47:4 :POST /user/addPay - 2ms
2020-2-19 17:47:4 :POST /user/addPay - 1ms
2020-2-19 17:47:4 :POST /user/getAddress - 4ms
2020-2-19 17:47:4 :OPTIONS /user/getAddress - 0ms
2020-2-19 17:47:4 :POST /user/getAddress - 3ms
2020-2-19 17:47:4 :GET /file/getImg?imagePath=1582095435158item-detail-1.jpg - 404
2020-2-19 17:47:4 :GET /file/getImg?imagePath=1582094906325item-detail-2.jpg - 404
2020-2-19 17:47:4 :GET /file/getImg?imagePath=1582095435158item-detail-1.jpg - 404
2020-2-19 17:47:4 :GET /file/getImg?imagePath=1582094906325item-detail-2.jpg - 404
2020-2-19 17:47:4 :OPTIONS /user/addPay - 1ms
2020-2-19 17:47:4 :OPTIONS /user/addPay - 0ms
2020-2-19 17:47:4 :OPTIONS /user/getAddress - 1ms
2020-2-19 17:47:4 :POST /user/addPay - 2ms
2020-2-19 17:47:4 :POST /user/addPay - 2ms
2020-2-19 17:47:4 :POST /user/getAddress - 30ms
2020-2-19 17:47:4 :OPTIONS /user/getAddress - 0ms
2020-2-19 17:47:4 :POST /user/getAddress - 4ms
2020-2-19 17:47:4 :OPTIONS /user/getAddress - 0ms
2020-2-19 17:47:4 :POST /user/getAddress - 3ms
2020-2-19 17:47:4 :OPTIONS /user/getAddress - 0ms
2020-2-19 17:47:4 :POST /user/getAddress - 15ms
2020-2-19 17:47:4 :OPTIONS /user/getAddress - 0ms
2020-2-19 17:47:4 :POST /user/getAddress - 4ms
2020-2-19 17:47:4 :OPTIONS /user/getGoods - 1ms
2020-2-19 17:47:4 :OPTIONS /user/getSort - 0ms
2020-2-19 17:47:4 :OPTIONS /user/getAddress - 1ms
2020-2-19 17:47:4 :POST /user/getSort - 6ms
2020-2-19 17:47:4 :POST /user/getAddress - 6ms
2020-2-19 17:47:4 :POST /user/getGoods - 31ms
2020-2-19 17:47:4 :POST /user/getGoods - 3ms
2020-2-19 17:47:4 :POST /user/getSort - 7ms
2020-2-19 17:47:4 :POST /user/getAddress - 5ms
2020-2-19 17:47:4 :OPTIONS /user/getGoods - 0ms
2020-2-19 17:47:4 :POST /user/getGoods - 4ms
2020-2-19 17:47:4 :OPTIONS /user/getSort - 1ms
2020-2-19 17:47:4 :POST /user/getSort - 3ms
2020-2-19 17:47:4 :OPTIONS /user/getAddress - 0ms
2020-2-19 17:47:4 :POST /user/getAddress - 4ms
2020-2-19 17:47:4 :GET /file/getImg?imagePath=1582094906325item-detail-2.jpg - 404
2020-2-19 17:47:4 :GET /file/getImg?imagePath=1582095435158item-detail-1.jpg - 404
2020-2-19 17:47:4 :OPTIONS /user/getGoods - 0ms
2020-2-19 17:47:4 :POST /user/getGoods - 27ms
2020-2-19 17:47:4 :OPTIONS /user/getSort - 0ms
2020-2-19 17:47:4 :OPTIONS /user/getAddress - 0ms
2020-2-19 17:47:4 :POST /user/getAddress - 8ms
2020-2-19 17:47:4 :POST /user/getSort - 8ms
2020-2-19 17:47:4 :POST /user/getGoods - 9ms
2020-2-19 17:47:4 :POST /user/getSort - 6ms
2020-2-19 17:47:4 :POST /user/getAddress - 3ms
2020-2-19 17:47:4 :OPTIONS /user/getGoods - 0ms
2020-2-19 17:47:4 :OPTIONS /user/getSort - 0ms
2020-2-19 17:47:4 :OPTIONS /user/getAddress - 0ms
2020-2-19 17:47:4 :POST /user/getSort - 8ms
2020-2-19 17:47:4 :POST /user/getGoods - 10ms
2020-2-19 17:47:4 :POST /user/getAddress - 11ms
2020-2-19 17:47:4 :OPTIONS /user/getGoods - 0ms
2020-2-19 17:47:4 :OPTIONS /user/getSort - 0ms
2020-2-19 17:47:4 :POST /user/getGoods - 3ms
2020-2-19 17:47:4 :POST /user/getSort - 7ms
2020-2-19 17:47:4 :OPTIONS /user/getAddress - 0ms
2020-2-19 17:47:4 :POST /user/getAddress - 3ms
2020-2-19 17:47:4 :OPTIONS /user/getGoods - 0ms
2020-2-19 17:47:4 :OPTIONS /user/getSort - 0ms
2020-2-19 17:47:4 :POST /user/getGoods - 5ms
2020-2-19 17:47:4 :POST /user/getSort - 5ms
2020-2-19 17:47:4 :OPTIONS /user/getAddress - 0ms
2020-2-19 17:47:4 :POST /user/getAddress - 21ms
2020-2-19 17:47:4 :GET /file/getImg?imagePath=1582094906325item-detail-2.jpg - 404
2020-2-19 17:47:4 :OPTIONS /user/getGoods - 0ms
2020-2-19 17:47:4 :OPTIONS /user/getSort - 0ms
2020-2-19 17:47:4 :OPTIONS /user/getAddress - 0ms
2020-2-19 17:47:4 :POST /user/getGoods - 25ms
2020-2-19 17:47:4 :POST /user/getSort - 18ms
2020-2-19 17:47:4 :POST /user/getAddress - 20ms
2020-2-19 17:47:4 :GET /file/getImg?imagePath=1582095435158item-detail-1.jpg - 404
2020-2-19 22:0:5 :GET /file/getImg?imagePath=1582094906325item-detail-2.jpg - 404
2020-2-19 22:0:5 :GET /file/getImg?imagePath=1582095435158item-detail-1.jpg - 404
2020-2-19 22:0:5 :OPTIONS /user/getAddress - 1ms
2020-2-19 22:0:5 :OPTIONS /user/getGoods - 0ms
2020-2-19 22:0:5 :OPTIONS /user/getSort - 0ms
2020-2-19 22:0:5 :POST /user/getAddress - 28ms
2020-2-19 22:0:5 :POST /user/getSort - 22ms
2020-2-19 22:0:5 :POST /user/getGoods - 40ms
2020-2-19 22:0:5 :OPTIONS /user/getGoods - 0ms
2020-2-19 22:0:5 :OPTIONS /user/getAddress - 0ms
2020-2-19 22:0:5 :OPTIONS /user/getSort - 1ms
2020-2-19 22:0:5 :POST /user/getGoods - 7ms
2020-2-19 22:0:5 :POST /user/getAddress - 7ms
2020-2-19 22:0:5 :POST /user/getSort - 15ms
2020-2-19 22:0:5 :POST /user/getGoods - 4ms
2020-2-19 22:0:5 :POST /user/getSort - 13ms
2020-2-19 22:0:5 :POST /user/getAddress - 7ms
2020-2-19 22:0:5 :OPTIONS /user/getAddress - 0ms
2020-2-19 22:0:5 :POST /user/getAddress - 9ms
2020-2-19 22:0:5 :OPTIONS /user/getAddress - 0ms
2020-2-19 22:0:5 :POST /user/getAddress - 3ms
2020-2-19 22:0:5 :OPTIONS /user/addPay - 1ms
2020-2-19 22:0:5 :POST /user/addPay - 7ms
2020-2-19 22:0:5 :OPTIONS /user/getAddress - 0ms
2020-2-19 22:0:5 :POST /user/getAddress - 4ms
2020-2-19 22:0:5 :OPTIONS /user/getAddress - 0ms
2020-2-19 22:0:5 :OPTIONS /user/getGoods - 0ms
2020-2-19 22:0:5 :OPTIONS /user/getSort - 0ms
2020-2-19 22:0:5 :POST /user/getGoods - 5ms
2020-2-19 22:0:5 :POST /user/getAddress - 4ms
2020-2-19 22:0:5 :POST /user/getSort - 23ms
2020-2-19 22:0:5 :OPTIONS /user/getGoods - 1ms
2020-2-19 22:0:5 :OPTIONS /user/getSort - 0ms
2020-2-19 22:0:5 :OPTIONS /user/getAddress - 1ms
2020-2-19 22:0:5 :POST /user/getSort - 4ms
2020-2-19 22:0:5 :POST /user/getAddress - 6ms
2020-2-19 22:0:5 :POST /user/getGoods - 11ms
2020-2-19 22:0:5 :OPTIONS /user/getAddress - 0ms
2020-2-19 22:0:5 :POST /user/getAddress - 13ms
2020-2-19 22:0:5 :OPTIONS /user/getAddress - 0ms
2020-2-19 22:0:5 :POST /user/getAddress - 5ms
2020-2-19 22:0:5 :OPTIONS /user/getAddress - 0ms
2020-2-19 22:0:5 :POST /user/getAddress - 4ms
2020-2-19 22:0:5 :OPTIONS /user/getAddress - 0ms
2020-2-19 22:0:5 :POST /user/getAddress - 4ms
2020-2-19 22:0:5 :OPTIONS /user/getSort - 0ms
2020-2-19 22:0:5 :OPTIONS /user/getGoods - 0ms
2020-2-19 22:0:5 :POST /user/getSort - 4ms
2020-2-19 22:0:5 :POST /user/getGoods - 47ms
2020-2-19 22:0:4 :OPTIONS /user/getAddress - 9ms
2020-2-19 22:0:4 :POST /user/getAddress - 35ms
2020-2-19 22:0:4 :OPTIONS /user/getGoods - 0ms
2020-2-19 22:0:5 :OPTIONS /user/getAddress - 0ms
2020-2-19 22:0:5 :POST /user/getAddress - 3ms
2020-2-19 22:0:4 :OPTIONS /user/getSort - 0ms
2020-2-19 22:0:4 :POST /user/getGoods - 11ms
2020-2-19 22:0:4 :POST /user/getSort - 4ms
2020-2-19 22:0:4 :GET /file/getImg?imagePath=1582094906325item-detail-2.jpg - 404
2020-2-19 22:0:4 :GET /file/getImg?imagePath=1582095435158item-detail-1.jpg - 404
2020-2-19 22:0:4 :OPTIONS /user/getGoods - 1ms
2020-2-19 22:0:5 :OPTIONS /user/getAddress - 0ms
2020-2-19 22:0:4 :POST /user/getAddress - 4ms
2020-2-19 22:0:5 :POST /user/getGoods - 5ms
2020-2-19 22:0:5 :OPTIONS /user/getSort - 0ms
2020-2-19 22:0:5 :POST /user/getSort - 5ms
2020-2-19 22:0:5 :GET /file/getImg?imagePath=1582095435158item-detail-1.jpg - 404
2020-2-19 22:0:5 :GET /file/getImg?imagePath=1582094906325item-detail-2.jpg - 404
2020-2-19 22:0:4 :OPTIONS /user/getAddress - 0ms
2020-2-19 22:0:4 :POST /user/getAddress - 6ms
2020-2-19 22:0:5 :OPTIONS /user/getGoods - 0ms
2020-2-19 22:0:5 :OPTIONS /user/getSort - 1ms
2020-2-19 22:0:5 :POST /user/getSort - 12ms
2020-2-19 22:0:5 :POST /user/getGoods - 8ms
2020-2-19 22:0:5 :OPTIONS /user/getGoods - 0ms
2020-2-19 22:0:5 :OPTIONS /user/getAddress - 1ms
2020-2-19 22:0:5 :POST /user/getAddress - 4ms
2020-2-19 22:0:5 :OPTIONS /user/getSort - 0ms
2020-2-19 22:0:5 :POST /user/getSort - 10ms
2020-2-19 22:0:5 :POST /user/getGoods - 8ms
2020-2-19 22:0:5 :GET /file/getImg?imagePath=1582094906325item-detail-2.jpg - 404
2020-2-19 22:0:5 :GET /file/getImg?imagePath=1582095435158item-detail-1.jpg - 404
2020-2-19 22:0:5 :OPTIONS /user/getAddress - 0ms
2020-2-19 22:0:5 :POST /user/getAddress - 2ms
2020-2-19 22:0:5 :OPTIONS /user/getAddress - 0ms
2020-2-19 22:0:5 :POST /user/getAddress - 2ms
2020-2-19 22:0:5 :OPTIONS /user/getAddress - 0ms
2020-2-19 22:0:5 :OPTIONS /user/addPay - 0ms
2020-2-19 22:0:5 :POST /user/getAddress - 3ms
2020-2-19 22:0:5 :POST /user/addPay - 11ms
2020-2-19 22:0:5 :OPTIONS /user/getGoods - 0ms
2020-2-19 22:0:5 :OPTIONS /user/getSort - 0ms
2020-2-19 22:0:5 :POST /user/getGoods - 7ms
2020-2-19 22:0:5 :POST /user/getSort - 7ms
2020-2-19 22:0:5 :OPTIONS /user/getAddress - 0ms
2020-2-19 22:0:5 :POST /user/getAddress - 4ms
2020-2-19 22:0:5 :OPTIONS /user/login - 0ms
2020-2-19 22:0:5 :POST /user/login - 3ms
2020-2-19 22:0:5 :GET /file/getImg?imagePath=1582094906325item-detail-2.jpg - 404
2020-2-19 22:0:5 :OPTIONS /user/getGoods - 0ms
2020-2-19 22:0:5 :OPTIONS /user/getSort - 0ms
2020-2-19 22:0:5 :POST /user/getGoods - 8ms
2020-2-19 22:0:5 :OPTIONS /user/getAddress - 0ms
2020-2-19 22:0:5 :POST /user/getSort - 3ms
2020-2-19 22:0:5 :POST /user/getAddress - 4ms
2020-2-19 22:0:5 :GET /file/getImg?imagePath=1582094906325item-detail-2.jpg - 404
2020-2-19 22:0:5 :GET /file/getImg?imagePath=1582095435158item-detail-1.jpg - 404
2020-2-19 22:0:5 :OPTIONS /user/addPay - 0ms
2020-2-19 22:0:5 :OPTIONS /user/addPay - 0ms
2020-2-19 22:0:5 :OPTIONS /user/getAddress - 0ms
2020-2-19 22:0:5 :POST /user/addPay - 3ms
2020-2-19 22:0:5 :POST /user/addPay - 1ms
2020-2-19 22:0:5 :POST /user/getAddress - 4ms
2020-2-19 22:0:5 :OPTIONS /user/getAddress - 0ms
2020-2-19 22:0:5 :POST /user/getAddress - 4ms
2020-2-19 22:0:5 :GET /file/getImg?imagePath=1582094906325item-detail-2.jpg - 404
2020-2-19 22:0:5 :GET /file/getImg?imagePath=1582094906325item-detail-2.jpg - 404
2020-2-19 22:0:5 :OPTIONS /user/addPay - 0ms
2020-2-19 22:0:5 :OPTIONS /user/addPay - 0ms
2020-2-19 22:0:5 :POST /user/addPay - 2ms
2020-2-19 22:0:5 :POST /user/addPay - 2ms
2020-2-19 22:0:5 :OPTIONS /user/getAddress - 0ms
2020-2-19 22:0:5 :POST /user/getAddress - 3ms
2020-2-19 22:0:5 :OPTIONS /user/upPay - 0ms
2020-2-19 22:0:5 :OPTIONS /user/upPay - 1ms
2020-2-19 22:0:5 :POST /user/upPay - 3ms
2020-2-19 22:0:5 :POST /user/upPay - 1ms
2020-2-19 22:0:5 :OPTIONS /user/getPay - 0ms
2020-2-19 22:0:5 :POST /user/getPay - 3ms
2020-2-19 22:0:5 :GET /file/getImg?imagePath=1582095085414item-detail-1.jpg - 404
2020-2-19 22:0:5 :OPTIONS /user/getPay - 0ms
2020-2-19 22:0:5 :POST /user/getPay - 4ms
2020-2-19 22:0:5 :POST /user/getPay - 3ms
2020-2-19 22:0:5 :POST /user/getPay - 4ms
2020-2-19 22:0:5 :POST /user/getPay - 4ms
2020-2-19 22:0:5 :OPTIONS /user/getPay - 0ms
2020-2-19 22:0:5 :POST /user/getPay - 3ms
2020-2-19 22:0:5 :OPTIONS /user/getAddress - 1ms
2020-2-19 22:0:5 :POST /user/getAddress - 10ms
2020-2-19 22:0:5 :OPTIONS /user/upPay - 0ms
2020-2-19 22:0:5 :OPTIONS /user/upPay - 0ms
2020-2-19 22:0:5 :POST /user/upPay - 4ms
2020-2-19 22:0:5 :POST /user/upPay - 1ms
2020-2-19 22:0:5 :OPTIONS /user/getPay - 0ms
2020-2-19 22:0:5 :POST /user/getPay - 3ms
2020-2-19 22:0:5 :OPTIONS /user/getPay - 0ms
2020-2-19 22:0:5 :POST /user/getPay - 5ms
2020-2-19 22:0:5 :POST /user/getPay - 3ms
2020-2-19 22:0:5 :POST /user/getPay - 4ms
2020-2-19 22:0:5 :OPTIONS /user/getPay - 0ms
2020-2-19 22:0:5 :POST /user/getPay - 3ms
2020-2-19 22:0:5 :GET /file/getImg?imagePath=1582095085414item-detail-1.jpg - 404
2020-2-19 22:0:5 :POST /user/getPay - 3ms
2020-2-19 22:0:5 :OPTIONS /user/getPay - 0ms
2020-2-19 22:0:5 :POST /user/getPay - 3ms
2020-2-19 22:0:5 :POST /user/getPay - 6ms
2020-2-19 22:0:5 :POST /user/getPay - 3ms
2020-2-19 22:0:5 :POST /user/getPay - 3ms
2020-2-19 22:0:5 :POST /user/getPay - 4ms
2020-2-19 22:0:5 :OPTIONS /user/getAddress - 1ms
2020-2-19 22:0:5 :POST /user/getAddress - 3ms
2020-2-19 22:0:5 :OPTIONS /user/getPay - 1ms
2020-2-19 22:0:5 :POST /user/getPay - 6ms
2020-2-19 22:0:5 :OPTIONS /user/getAddress - 0ms
2020-2-19 22:0:5 :POST /user/getAddress - 4ms
2020-2-19 22:0:5 :OPTIONS /user/getPay - 0ms
2020-2-19 22:0:5 :POST /user/getPay - 4ms
2020-2-19 22:0:5 :OPTIONS /user/getAddress - 0ms
2020-2-19 22:0:5 :POST /user/getAddress - 3ms
2020-2-19 22:0:5 :OPTIONS /user/getPay - 0ms
2020-2-19 22:0:5 :POST /user/getPay - 4ms
2020-2-19 22:0:5 :POST /user/getPay - 2ms
2020-2-19 22:0:5 :OPTIONS /user/getAddress - 1ms
2020-2-19 22:0:5 :POST /user/getAddress - 3ms
2020-2-19 22:0:5 :GET /file/getImg?imagePath=1582094906325item-detail-2.jpg - 404
2020-2-19 22:0:5 :OPTIONS /user/getAddress - 1ms
2020-2-19 22:0:5 :OPTIONS /user/addPay - 0ms
2020-2-19 22:0:5 :POST /user/addPay - 2ms
2020-2-19 22:0:5 :POST /user/addPay - 2ms
2020-2-19 22:0:5 :OPTIONS /user/addPay - 0ms
2020-2-19 22:0:5 :POST /user/getAddress - 5ms
2020-2-19 22:0:5 :OPTIONS /user/addPay - 1ms
2020-2-19 22:0:5 :OPTIONS /user/addPay - 1ms
2020-2-19 22:0:5 :POST /user/addPay - 1ms
2020-2-19 22:0:5 :POST /user/addPay - 2ms
2020-2-19 22:0:5 :OPTIONS /user/getAddress - 0ms
2020-2-19 22:0:5 :POST /user/getAddress - 3ms
2020-2-19 22:0:5 :OPTIONS /user/getAddress - 0ms
2020-2-19 22:0:5 :POST /user/getAddress - 3ms
2020-2-19 22:0:5 :OPTIONS /user/getAddress - 0ms
2020-2-19 22:0:5 :POST /user/getAddress - 8ms
2020-2-19 22:0:5 :OPTIONS /user/getAddress - 0ms
2020-2-19 22:0:5 :POST /user/getAddress - 3ms
2020-2-19 22:0:5 :OPTIONS /user/upPay - 0ms
2020-2-19 22:0:5 :POST /user/upPay - 1ms
2020-2-19 22:0:5 :OPTIONS /user/upPay - 0ms
2020-2-19 22:0:5 :POST /user/upPay - 2ms
2020-2-19 22:0:5 :OPTIONS /user/getPay - 0ms
2020-2-19 22:0:5 :POST /user/getPay - 6ms
2020-2-19 22:0:5 :POST /user/getPay - 4ms
2020-2-19 22:0:5 :POST /user/getPay - 3ms
2020-2-19 22:0:5 :OPTIONS /user/getPay - 0ms
2020-2-19 22:0:5 :POST /user/getPay - 3ms
2020-2-19 22:0:5 :GET /file/getImg?imagePath=1582095085414item-detail-1.jpg - 404
2020-2-19 22:0:5 :POST /user/getPay - 3ms
2020-2-19 22:0:5 :OPTIONS /user/getAddress - 0ms
2020-2-19 22:0:5 :POST /user/getAddress - 7ms
2020-2-19 22:0:5 :GET /file/getImg?imagePath=1582094906325item-detail-2.jpg - 404
2020-2-19 22:0:5 :OPTIONS /user/addPay - 0ms
2020-2-19 22:0:5 :OPTIONS /user/addPay - 0ms
2020-2-19 22:0:5 :POST /user/addPay - 2ms
2020-2-19 22:0:5 :POST /user/getAddress - 7ms
2020-2-19 22:0:5 :POST /user/addPay - 2ms
2020-2-19 22:0:5 :OPTIONS /user/addPay - 0ms
2020-2-19 22:0:5 :OPTIONS /user/addPay - 0ms
2020-2-19 22:0:5 :POST /user/addPay - 1ms
2020-2-19 22:0:5 :POST /user/addPay - 1ms
2020-2-19 22:0:5 :OPTIONS /user/getAddress - 1ms
2020-2-19 22:0:5 :POST /user/getAddress - 7ms
2020-2-19 22:0:5 :OPTIONS /user/getAddress - 0ms
2020-2-19 22:0:5 :POST /user/getAddress - 3ms
2020-2-19 22:0:5 :GET /file/getImg?imagePath=1582094906325item-detail-2.jpg - 404
2020-2-19 22:0:5 :OPTIONS /user/getAddress - 1ms
2020-2-19 22:0:5 :OPTIONS /user/addPay - 0ms
2020-2-19 22:0:5 :OPTIONS /user/addPay - 0ms
2020-2-19 22:0:5 :POST /user/addPay - 1ms
2020-2-19 22:0:5 :POST /user/addPay - 1ms
2020-2-19 22:0:5 :POST /user/getAddress - 19ms
2020-2-19 22:0:5 :OPTIONS /user/getAddress - 0ms
2020-2-19 22:0:5 :POST /user/getAddress - 3ms
2020-2-19 22:0:5 :POST /user/getAddress - 5ms
2020-2-19 22:0:5 :OPTIONS /user/upPay - 0ms
2020-2-19 22:0:5 :OPTIONS /user/upPay - 0ms
2020-2-19 22:0:5 :POST /user/upPay - 1ms
2020-2-19 22:0:5 :POST /user/upPay - 2ms
2020-2-19 22:0:5 :OPTIONS /user/getPay - 0ms
2020-2-19 22:0:5 :POST /user/getPay - 6ms
2020-2-19 22:0:5 :GET /file/getImg?imagePath=1582095085414item-detail-1.jpg - 404
2020-2-19 22:0:5 :POST /user/getPay - 3ms
2020-2-19 22:0:5 :OPTIONS /user/getPay - 0ms
2020-2-19 22:0:5 :POST /user/getPay - 3ms
2020-2-19 22:0:5 :OPTIONS /user/getPay - 1ms
2020-2-19 22:0:5 :POST /user/getPay - 3ms
2020-2-19 22:0:5 :OPTIONS /user/getAddress - 0ms
2020-2-19 22:0:5 :POST /user/getAddress - 8ms
2020-2-19 22:0:5 :GET /file/getImg?imagePath=1582094906325item-detail-2.jpg - 404
2020-2-19 22:0:5 :OPTIONS /user/addPay - 0ms
2020-2-19 22:0:5 :OPTIONS /user/addPay - 1ms
2020-2-19 22:0:5 :OPTIONS /user/getAddress - 0ms
2020-2-19 22:0:5 :POST /user/addPay - 1ms
2020-2-19 22:0:5 :POST /user/addPay - 2ms
2020-2-19 22:0:5 :POST /user/getAddress - 4ms
2020-2-19 22:0:5 :OPTIONS /user/upPay - 1ms
2020-2-19 22:0:5 :OPTIONS /user/upPay - 0ms
2020-2-19 22:0:5 :POST /user/upPay - 1ms
2020-2-19 22:0:5 :POST /user/upPay - 1ms
2020-2-19 22:0:5 :OPTIONS /user/getPay - 0ms
2020-2-19 22:0:5 :POST /user/getPay - 3ms
2020-2-19 22:0:5 :POST /user/getPay - 3ms
2020-2-19 22:0:5 :POST /user/getPay - 3ms
2020-2-19 22:0:5 :GET /file/getImg?imagePath=1582094906325item-detail-2.jpg - 404
2020-2-19 22:0:5 :POST /user/getPay - 4ms
2020-2-19 22:0:5 :POST /user/getPay - 2ms
2020-2-19 22:0:5 :OPTIONS /user/getPay - 1ms
2020-2-19 22:0:5 :POST /user/getPay - 4ms
2020-2-19 22:0:5 :OPTIONS /user/getPay - 1ms
2020-2-19 22:0:5 :POST /user/getPay - 2ms
2020-2-19 22:0:5 :OPTIONS /user/getAddress - 0ms
2020-2-19 22:0:5 :POST /user/getAddress - 8ms
2020-2-19 22:0:5 :OPTIONS /user/getAddress - 0ms
2020-2-19 22:0:5 :POST /user/getAddress - 3ms
2020-2-19 22:0:5 :GET /file/getImg?imagePath=1582094906325item-detail-2.jpg - 404
2020-2-19 22:0:5 :OPTIONS /user/getGoods - 0ms
2020-2-19 22:0:5 :POST /user/getGoods - 3ms
2020-2-19 22:0:5 :OPTIONS /user/getPay - 0ms
2020-2-19 22:0:5 :POST /user/getPay - 3ms
2020-2-19 22:0:5 :OPTIONS /user/getPay - 0ms
2020-2-19 22:0:5 :POST /user/getPay - 4ms
2020-2-19 22:0:5 :POST /user/getPay - 4ms
2020-2-19 22:0:5 :OPTIONS /user/addPay - 0ms
2020-2-19 22:0:5 :OPTIONS /user/addPay - 0ms
2020-2-19 22:0:5 :OPTIONS /user/getAddress - 0ms
2020-2-19 22:0:5 :POST /user/addPay - 1ms
2020-2-19 22:0:5 :POST /user/addPay - 3ms
2020-2-19 22:0:5 :POST /user/getAddress - 9ms
2020-2-19 22:0:5 :OPTIONS /user/getGoods - 1ms
2020-2-19 22:0:5 :POST /user/getGoods - 4ms
2020-2-19 22:0:5 :OPTIONS /user/getPay - 0ms
2020-2-19 22:0:5 :POST /user/getPay - 3ms
2020-2-19 22:0:5 :OPTIONS /user/getGoods - 0ms
2020-2-19 22:0:5 :POST /user/getGoods - 2ms
2020-2-19 22:0:5 :OPTIONS /user/getPay - 0ms
2020-2-19 22:0:5 :POST /user/getPay - 2ms
2020-2-19 22:0:5 :OPTIONS /user/getGoods - 0ms
2020-2-19 22:0:5 :POST /user/getGoods - 3ms
2020-2-19 22:0:5 :OPTIONS /user/getPay - 0ms
2020-2-19 22:0:5 :POST /user/getPay - 3ms
2020-2-19 22:0:5 :OPTIONS /user/upUser - 0ms
2020-2-19 22:0:5 :POST /user/upUser - 3ms
2020-2-19 22:0:5 :OPTIONS /user/upUser - 0ms
2020-2-19 22:0:5 :POST /user/upUser - 2ms
2020-2-19 22:0:5 :GET /file/getImg?imagePath=1582094906325item-detail-2.jpg - 404
2020-2-19 22:0:5 :OPTIONS /user/addPay - 0ms
2020-2-19 22:0:5 :OPTIONS /user/addPay - 1ms
2020-2-19 22:0:5 :POST /user/addPay - 2ms
2020-2-19 22:0:5 :OPTIONS /user/getAddress - 0ms
2020-2-19 22:0:5 :POST /user/addPay - 2ms
2020-2-19 22:0:5 :POST /user/getAddress - 3ms
2020-2-19 22:0:5 :OPTIONS /user/getAddress - 0ms
2020-2-19 22:0:5 :POST /user/getAddress - 3ms
2020-2-19 22:0:5 :GET /file/getImg?imagePath=1582094906325item-detail-2.jpg - 404
2020-2-19 22:0:5 :GET /file/getImg?imagePath=1582094906325item-detail-2.jpg - 404
2020-2-19 22:0:5 :OPTIONS /user/addPay - 0ms
2020-2-19 22:0:5 :OPTIONS /user/addPay - 0ms
2020-2-19 22:0:5 :POST /user/addPay - 2ms
2020-2-19 22:0:5 :OPTIONS /user/getAddress - 0ms
2020-2-19 22:0:5 :POST /user/addPay - 1ms
2020-2-19 22:0:5 :POST /user/getAddress - 3ms
2020-2-19 22:0:5 :OPTIONS /user/getAddress - 0ms
2020-2-19 22:0:5 :POST /user/getAddress - 18ms
2020-2-19 22:0:5 :OPTIONS /user/getAddress - 0ms
2020-2-19 22:0:5 :POST /user/getAddress - 3ms
2020-2-19 22:0:5 :GET /file/getImg?imagePath=1582094906325item-detail-2.jpg - 404
2020-2-19 22:0:5 :GET /file/getImg?imagePath=1582094906325item-detail-2.jpg - 404
2020-2-19 22:0:5 :OPTIONS /user/getGoods - 0ms
2020-2-19 22:0:5 :OPTIONS /user/getSort - 0ms
2020-2-19 22:0:5 :POST /user/getGoods - 2ms
2020-2-19 22:0:5 :OPTIONS /user/getAddress - 0ms
2020-2-19 22:0:5 :POST /user/getSort - 8ms
2020-2-19 22:0:5 :POST /user/getAddress - 7ms
2020-2-19 22:0:5 :GET /file/getImg?imagePath=1582095435158item-detail-1.jpg - 404
2020-2-19 22:0:5 :POST /user/getGoods - 7ms
2020-2-19 22:0:5 :POST /user/getSort - 6ms
2020-2-19 22:0:5 :POST /user/getAddress - 4ms
2020-2-19 22:0:5 :POST /user/getSort - 7ms
2020-2-19 22:0:5 :POST /user/getGoods - 11ms
2020-2-19 22:0:5 :POST /user/getAddress - 6ms
2020-2-19 22:0:5 :POST /user/getAddress - 5ms
2020-2-19 22:0:5 :POST /user/getGoods - 12ms
2020-2-19 22:0:5 :POST /user/getSort - 8ms
2020-2-19 22:0:5 :POST /user/getAddress - 5ms
2020-2-19 22:0:5 :POST /user/getGoods - 14ms
2020-2-19 22:0:5 :POST /user/getSort - 7ms
2020-2-19 22:0:5 :POST /user/getAddress - 5ms
2020-2-19 22:0:5 :POST /user/getSort - 9ms
2020-2-19 22:0:5 :POST /user/getGoods - 12ms
2020-2-19 22:0:5 :OPTIONS /user/getAddress - 0ms
2020-2-19 22:0:5 :OPTIONS /user/getSort - 0ms
2020-2-19 22:0:5 :OPTIONS /user/getGoods - 0ms
2020-2-19 22:0:5 :POST /user/getGoods - 4ms
2020-2-19 22:0:5 :POST /user/getAddress - 14ms
2020-2-19 22:0:5 :POST /user/getSort - 44ms
2020-2-19 22:0:5 :POST /user/getAddress - 5ms
2020-2-19 22:0:5 :POST /user/getGoods - 10ms
2020-2-19 22:0:5 :POST /user/getSort - 9ms
2020-2-19 22:0:5 :POST /user/getAddress - 11ms
2020-2-19 22:0:5 :POST /user/getGoods - 19ms
2020-2-19 22:0:5 :POST /user/getSort - 11ms
2020-2-19 22:0:5 :POST /user/getAddress - 3ms
2020-2-19 22:0:5 :POST /user/getGoods - 11ms
2020-2-19 22:0:5 :POST /user/getSort - 6ms
2020-2-19 22:0:5 :OPTIONS /user/getAddress - 0ms
2020-2-19 22:0:5 :OPTIONS /user/getSort - 0ms
2020-2-19 22:0:5 :OPTIONS /user/getGoods - 0ms
2020-2-19 22:0:5 :POST /user/getGoods - 22ms
2020-2-19 22:0:5 :POST /user/getAddress - 26ms
2020-2-19 22:0:5 :POST /user/getSort - 6ms
2020-2-19 22:0:5 :OPTIONS /user/getSort - 0ms
2020-2-19 22:0:5 :OPTIONS /user/getGoods - 0ms
2020-2-19 22:0:5 :POST /user/getSort - 4ms
2020-2-19 22:0:5 :OPTIONS /user/getAddress - 0ms
2020-2-19 22:0:5 :POST /user/getGoods - 6ms
2020-2-19 22:0:5 :POST /user/getAddress - 6ms
2020-2-19 22:0:5 :OPTIONS /user/getGoods - 0ms
2020-2-19 22:0:5 :OPTIONS /user/getSort - 0ms
2020-2-19 22:0:5 :POST /user/getGoods - 7ms
2020-2-19 22:0:5 :OPTIONS /user/getAddress - 0ms
2020-2-19 22:0:5 :POST /user/getSort - 7ms
2020-2-19 22:0:5 :POST /user/getAddress - 6ms
2020-2-19 22:0:5 :OPTIONS /user/addUser - 0ms
2020-2-19 22:0:5 :POST /user/addUser - 3ms
2020-2-19 22:0:5 :OPTIONS /user/login - 0ms
2020-2-19 22:0:5 :POST /user/login - 4ms
2020-2-19 22:0:5 :OPTIONS /user/upUser - 0ms
2020-2-19 22:0:5 :POST /user/upUser - 1ms
2020-2-19 22:0:5 :OPTIONS /user/upUser - 0ms
2020-2-19 22:0:5 :POST /user/upUser - 1ms
2020-2-19 22:0:5 :OPTIONS /file/upFile - 0ms
2020-2-19 22:0:5 :POST /file/upFile - 16ms
2020-2-19 22:0:5 :OPTIONS /user/upUser - 0ms
2020-2-19 22:0:5 :POST /user/upUser - 1ms
2020-2-19 22:0:5 :OPTIONS /file/upFile - 0ms
2020-2-19 22:0:5 :POST /file/upFile - 20ms
2020-2-19 22:0:5 :OPTIONS /user/upUser - 0ms
2020-2-19 22:0:5 :POST /user/upUser - 2ms
2020-2-19 22:0:5 :GET /file/getImg?imagePath=1582126606732item-detail-1.jpg - 404
2020-2-19 22:0:5 :OPTIONS /file/upFile - 0ms
2020-2-19 22:0:5 :POST /file/upFile - 18ms
2020-2-19 22:0:5 :OPTIONS /user/upUser - 0ms
2020-2-19 22:0:5 :POST /user/upUser - 1ms
2020-2-19 22:0:5 :GET /file/getImg?imagePath=1582126668971item-detail-2.jpg - 404
2020-2-19 22:0:5 :GET /file/getImg?imagePath=1582126668971item-detail-2.jpg - 404
2020-2-19 22:0:5 :OPTIONS /file/upFile - 1ms
2020-2-19 22:0:5 :POST /file/upFile - 20ms
2020-2-19 22:0:5 :OPTIONS /user/upUser - 0ms
2020-2-19 22:0:5 :POST /user/upUser - 2ms
2020-2-19 22:0:5 :OPTIONS /file/upFile - 0ms
2020-2-19 22:0:5 :POST /file/upFile - 44ms
2020-2-19 22:0:5 :OPTIONS /user/upUser - 0ms
2020-2-19 22:0:5 :POST /user/upUser - 2ms
2020-2-19 22:0:5 :GET /favicon.ico - 0ms
2020-2-19 22:0:5 :OPTIONS /file/upFile - 0ms
2020-2-19 22:0:5 :POST /file/upFile - 19ms
2020-2-19 22:0:5 :OPTIONS /user/upUser - 0ms
2020-2-19 22:0:5 :POST /user/upUser - 1ms
2020-2-19 22:0:5 :GET /file/getImg?imagePath=1582126870572item-detail-1.jpg - 404
2020-2-19 22:0:5 :GET /file/getImg?imagePath=1582126870572item-detail-1.jpg - 404
2020-2-19 22:0:5 :OPTIONS /file/upFile - 0ms
2020-2-19 22:0:5 :POST /file/upFile - 16ms
2020-2-19 22:0:5 :OPTIONS /user/upUser - 0ms
2020-2-19 22:0:5 :POST /user/upUser - 1ms
2020-2-19 22:0:5 :GET /file/getImg?imagePath=1582126910120item-detail-2.jpg - 404
2020-2-19 22:0:5 :OPTIONS /user/getGoods - 0ms
2020-2-19 22:0:5 :OPTIONS /user/getSort - 0ms
2020-2-19 22:0:5 :POST /user/getGoods - 5ms
2020-2-19 22:0:5 :OPTIONS /user/getAddress - 0ms
2020-2-19 22:0:5 :POST /user/getSort - 7ms
2020-2-19 22:0:5 :POST /user/getAddress - 7ms
2020-2-19 22:0:5 :GET /file/getImg?imagePath=1582094906325item-detail-2.jpg - 404
2020-2-19 22:0:5 :GET /file/getImg?imagePath=1582095435158item-detail-1.jpg - 404
2020-2-19 22:0:5 :OPTIONS /user/getGoods - 1ms
2020-2-19 22:0:5 :POST /user/getGoods - 5ms
2020-2-19 22:0:5 :OPTIONS /user/getGoods - 0ms
2020-2-19 22:0:5 :POST /user/getGoods - 3ms
2020-2-19 22:0:5 :GET /user/getGoods - 1ms
2020-2-19 22:0:5 :OPTIONS /user/getGoods - 0ms
2020-2-19 22:0:5 :POST /user/getGoods - 4ms
2020-2-19 22:0:5 :OPTIONS /user/getGoods - 0ms
2020-2-19 22:0:5 :POST /user/getGoods - 3ms
2020-2-19 22:0:5 :OPTIONS /user/getGoods - 0ms
2020-2-19 22:0:5 :OPTIONS /user/getSort - 0ms
2020-2-19 22:0:5 :OPTIONS /user/getAddress - 0ms
2020-2-19 22:0:5 :POST /user/getGoods - 9ms
2020-2-19 22:0:5 :POST /user/getSort - 9ms
2020-2-19 22:0:5 :POST /user/getAddress - 5ms
2020-2-19 22:0:5 :POST /user/getGoods - 10ms
2020-2-19 22:0:5 :POST /user/getAddress - 12ms
2020-2-19 22:0:5 :POST /user/getSort - 10ms
2020-2-19 22:0:5 :OPTIONS /user/getGoods - 0ms
2020-2-19 22:0:5 :POST /user/getGoods - 36ms
2020-2-19 22:0:5 :OPTIONS /user/getGoods - 0ms
2020-2-19 22:0:5 :POST /user/getGoods - 34ms
2020-2-19 22:0:5 :OPTIONS /user/getGoods - 0ms
2020-2-19 22:0:5 :OPTIONS /user/getAddress - 0ms
2020-2-19 22:0:5 :POST /user/getGoods - 8ms
2020-2-19 22:0:5 :POST /user/getAddress - 15ms
2020-2-19 22:0:5 :OPTIONS /user/getPay - 0ms
2020-2-19 22:0:5 :POST /user/getPay - 4ms
2020-2-19 22:0:5 :OPTIONS /user/getGoods - 0ms
2020-2-19 22:0:5 :OPTIONS /user/getAddress - 0ms
2020-2-19 22:0:5 :POST /user/getGoods - 5ms
2020-2-19 22:0:5 :POST /user/getAddress - 5ms
2020-2-19 22:0:5 :OPTIONS /user/getGoods - 1ms
2020-2-19 22:0:5 :OPTIONS /user/getAddress - 0ms
2020-2-19 22:0:5 :POST /user/getAddress - 5ms
2020-2-19 22:0:5 :POST /user/getGoods - 6ms
2020-2-19 22:0:5 :OPTIONS /user/getGoods - 0ms
2020-2-19 22:0:5 :OPTIONS /user/getAddress - 0ms
2020-2-19 22:0:5 :POST /user/getGoods - 4ms
2020-2-19 22:0:5 :POST /user/getAddress - 9ms
2020-2-19 22:0:5 :GET /file/getImg?imagePath=1582094906325item-detail-2.jpg - 404
2020-2-19 22:0:5 :GET /file/getImg?imagePath=1582095435158item-detail-1.jpg - 404
2020-2-19 22:0:5 :OPTIONS /user/getGoods - 1ms
2020-2-19 22:0:5 :OPTIONS /user/getAddress - 0ms
2020-2-19 22:0:5 :POST /user/getGoods - 4ms
2020-2-19 22:0:5 :POST /user/getAddress - 4ms
2020-2-19 22:0:5 :GET /file/getImg?imagePath=1582094906325item-detail-2.jpg - 404
2020-2-19 22:0:5 :GET /file/getImg?imagePath=1582095435158item-detail-1.jpg - 404
2020-2-19 22:0:5 :OPTIONS /user/getGoods - 0ms
2020-2-19 22:0:5 :OPTIONS /user/getAddress - 1ms
2020-2-19 22:0:5 :POST /user/getGoods - 4ms
2020-2-19 22:0:5 :POST /user/getAddress - 3ms
2020-2-19 22:0:5 :OPTIONS /user/getGoods - 0ms
2020-2-19 22:0:5 :OPTIONS /user/getAddress - 0ms
2020-2-19 22:0:5 :POST /user/getGoods - 8ms
2020-2-19 22:0:5 :POST /user/getAddress - 6ms
2020-2-19 22:0:5 :GET /file/getImg?imagePath=1582094906325item-detail-2.jpg - 404
2020-2-19 22:0:5 :GET /file/getImg?imagePath=1582095435158item-detail-1.jpg - 404
2020-2-19 22:0:5 :OPTIONS /user/getGoods - 1ms
2020-2-19 22:0:5 :OPTIONS /user/getSort - 0ms
2020-2-19 22:0:5 :OPTIONS /user/getAddress - 0ms
2020-2-19 22:0:5 :POST /user/getGoods - 5ms
2020-2-19 22:0:5 :POST /user/getAddress - 3ms
2020-2-19 22:0:5 :POST /user/getSort - 4ms
2020-2-19 22:0:5 :POST /user/getGoods - 3ms
2020-2-19 22:0:5 :POST /user/getAddress - 3ms
2020-2-19 22:0:5 :GET /file/getImg?imagePath=1582126910120item-detail-2.jpg - 404
2020-2-19 22:0:5 :OPTIONS /user/getGoods - 0ms
2020-2-19 22:0:5 :OPTIONS /user/getSort - 0ms
2020-2-19 22:0:5 :POST /user/getGoods - 5ms
2020-2-19 22:0:5 :OPTIONS /user/getAddress - 0ms
2020-2-19 22:0:5 :POST /user/getSort - 10ms
2020-2-19 22:0:5 :POST /user/getAddress - 3ms
2020-2-19 22:0:5 :POST /user/getAddress - 5ms
2020-2-19 22:0:5 :POST /user/getGoods - 7ms
2020-2-19 22:0:5 :OPTIONS /user/getPay - 0ms
2020-2-19 22:0:5 :POST /user/getPay - 4ms
2020-2-19 22:0:5 :OPTIONS /user/getPay - 0ms
2020-2-19 22:0:5 :POST /user/getPay - 3ms
2020-2-19 22:0:5 :POST /user/getPay - 3ms
2020-2-19 22:0:5 :OPTIONS /user/getGoods - 0ms
2020-2-19 22:0:5 :OPTIONS /user/getSort - 0ms
2020-2-19 22:0:5 :OPTIONS /user/getAddress - 0ms
2020-2-19 22:0:5 :POST /user/getGoods - 10ms
2020-2-19 22:0:5 :POST /user/getSort - 10ms
2020-2-19 22:0:5 :POST /user/getAddress - 6ms
2020-2-19 22:0:5 :OPTIONS /user/getAddress - 0ms
2020-2-19 22:0:5 :POST /user/getAddress - 34ms
2020-2-19 22:0:5 :OPTIONS /user/getAddress - 0ms
2020-2-19 22:0:5 :POST /user/getAddress - 3ms
2020-2-19 22:0:5 :OPTIONS /user/addPay - 0ms
2020-2-19 22:0:5 :POST /user/addPay - 2ms
2020-2-19 22:0:5 :OPTIONS /user/getAddress - 1ms
2020-2-19 22:0:5 :POST /user/getAddress - 4ms
2020-2-19 22:0:5 :OPTIONS /user/getAddress - 0ms
2020-2-19 22:0:5 :POST /user/getAddress - 3ms
2020-2-19 22:0:5 :OPTIONS /user/getGoods - 0ms
2020-2-19 22:0:5 :OPTIONS /user/getSort - 0ms
2020-2-19 22:0:5 :POST /user/getGoods - 7ms
2020-2-19 22:0:5 :POST /user/getSort - 5ms
2020-2-19 22:0:5 :OPTIONS /user/getAddress - 1ms
2020-2-19 22:0:5 :POST /user/getAddress - 3ms
2020-2-19 22:0:5 :GET /file/getImg?imagePath=1582095435158item-detail-1.jpg - 404
2020-2-19 22:0:5 :GET /file/getImg?imagePath=1582094906325item-detail-2.jpg - 404
2020-2-19 22:0:5 :OPTIONS /user/addPay - 0ms
2020-2-19 22:0:5 :POST /user/addPay - 3ms
2020-2-19 22:0:5 :OPTIONS /user/getAddress - 1ms
2020-2-19 22:0:5 :POST /user/getAddress - 3ms
2020-2-19 22:0:5 :OPTIONS /user/getAddress - 1ms
2020-2-19 22:0:5 :POST /user/getAddress - 2ms
2020-2-19 22:0:5 :OPTIONS /user/getGoods - 0ms
2020-2-19 22:0:5 :OPTIONS /user/getSort - 0ms
2020-2-19 22:0:5 :POST /user/getGoods - 6ms
2020-2-19 22:0:5 :POST /user/getAddress - 11ms
2020-2-19 22:0:5 :POST /user/getSort - 6ms
2020-2-19 22:0:5 :OPTIONS /user/addPay - 0ms
2020-2-19 22:0:5 :POST /user/addPay - 1ms
2020-2-19 22:0:5 :OPTIONS /user/getAddress - 0ms
2020-2-19 22:0:5 :POST /user/getAddress - 3ms
2020-2-19 22:0:5 :OPTIONS /user/getAddress - 0ms
2020-2-19 22:0:5 :POST /user/getAddress - 4ms
2020-2-19 22:0:5 :OPTIONS /user/getAddress - 0ms
2020-2-19 22:0:5 :POST /user/getAddress - 3ms
2020-2-19 22:0:5 :OPTIONS /user/getAddress - 1ms
2020-2-19 22:0:5 :POST /user/getAddress - 4ms
2020-2-19 22:0:5 :OPTIONS /user/getPay - 2ms
2020-2-19 22:0:5 :POST /user/getPay - 3ms
2020-2-19 22:0:5 :POST /user/getPay - 3ms
2020-2-19 22:0:5 :OPTIONS /user/getAddress - 0ms
2020-2-19 22:0:5 :POST /user/getAddress - 3ms
2020-2-19 22:0:5 :OPTIONS /user/getAddress - 1ms
2020-2-19 22:0:5 :POST /user/getAddress - 3ms
2020-2-19 22:0:5 :GET /file/getImg?imagePath=1582094906325item-detail-2.jpg - 404
2020-2-19 22:0:5 :OPTIONS /user/getAddress - 0ms
2020-2-19 22:0:5 :POST /user/getAddress - 3ms
2020-2-19 22:0:5 :OPTIONS /user/getGoods - 0ms
2020-2-19 22:0:5 :OPTIONS /user/getSort - 0ms
2020-2-19 22:0:5 :POST /user/getGoods - 8ms
2020-2-19 22:0:5 :POST /user/getSort - 12ms
2020-2-19 22:0:5 :OPTIONS /user/getAddress - 0ms
2020-2-19 22:0:5 :POST /user/getAddress - 4ms
2020-2-19 22:0:5 :GET /file/getImg?imagePath=1582095435158item-detail-1.jpg - 404
2020-2-19 22:0:5 :GET /file/getImg?imagePath=1582126910120item-detail-2.jpg - 404
2020-2-19 22:0:5 :OPTIONS /user/getAddress - 0ms
2020-2-19 22:0:5 :POST /user/getAddress - 5ms
2020-2-19 22:0:5 :OPTIONS /user/addAddress - 0ms
2020-2-19 22:0:5 :POST /user/addAddress - 2ms
2020-2-19 22:0:5 :OPTIONS /user/getAddress - 0ms
2020-2-19 22:0:5 :POST /user/getAddress - 3ms
2020-2-19 22:0:5 :OPTIONS /user/addPay - 0ms
2020-2-19 22:0:5 :OPTIONS /user/addPay - 0ms
2020-2-19 22:0:5 :POST /user/addPay - 1ms
2020-2-19 22:0:5 :POST /user/addPay - 1ms
2020-2-19 22:0:5 :POST /user/addPay - 1ms
2020-2-19 22:0:5 :POST /user/addPay - 2ms
2020-2-19 22:0:5 :GET /file/getImg?imagePath=1582094906325item-detail-2.jpg - 404
2020-2-19 22:0:5 :OPTIONS /user/addPay - 1ms
2020-2-19 22:0:5 :OPTIONS /user/addPay - 1ms
2020-2-19 22:0:5 :POST /user/addPay - 1ms
2020-2-19 22:0:5 :POST /user/addPay - 1ms
2020-2-19 22:0:5 :OPTIONS /user/addPay - 0ms
2020-2-19 22:0:5 :OPTIONS /user/getAddress - 0ms
2020-2-19 22:0:5 :OPTIONS /user/addPay - 1ms
2020-2-19 22:0:5 :POST /user/addPay - 2ms
2020-2-19 22:0:5 :POST /user/addPay - 1ms
2020-2-19 22:0:5 :POST /user/getAddress - 10ms
2020-2-19 22:0:5 :OPTIONS /user/upPay - 0ms
2020-2-19 22:0:5 :OPTIONS /user/upPay - 0ms
2020-2-19 22:0:5 :POST /user/upPay - 3ms
2020-2-19 22:0:5 :POST /user/upPay - 1ms
2020-2-19 22:0:5 :OPTIONS /user/getPay - 1ms
2020-2-19 22:0:5 :POST /user/getPay - 3ms
2020-2-19 22:0:5 :POST /user/getPay - 3ms
2020-2-19 22:0:5 :POST /user/getPay - 6ms
2020-2-19 22:0:5 :POST /user/getPay - 3ms
2020-2-19 22:0:5 :OPTIONS /user/getPay - 0ms
2020-2-19 22:0:5 :POST /user/getPay - 2ms
2020-2-19 22:0:5 :OPTIONS /user/getAddress - 0ms
2020-2-19 22:0:5 :POST /user/getAddress - 4ms
2020-2-19 22:0:5 :OPTIONS /user/getGoods - 0ms
2020-2-19 22:0:5 :OPTIONS /user/getSort - 0ms
2020-2-19 22:0:5 :POST /user/getGoods - 4ms
2020-2-19 22:0:5 :OPTIONS /user/getAddress - 0ms
2020-2-19 22:0:5 :POST /user/getSort - 7ms
2020-2-19 22:0:5 :POST /user/getAddress - 4ms
2020-2-19 22:0:5 :GET /file/getImg?imagePath=1582095435158item-detail-1.jpg - 404
2020-2-19 22:0:5 :POST /user/getGoods - 9ms
2020-2-19 22:0:5 :POST /user/getAddress - 6ms
2020-2-19 22:0:5 :OPTIONS /user/getGoods - 0ms
2020-2-19 22:0:5 :POST /user/getGoods - 3ms
2020-2-19 22:0:5 :OPTIONS /user/getSort - 0ms
2020-2-19 22:0:5 :POST /user/getSort - 3ms
2020-2-19 22:0:5 :OPTIONS /file/upFile - 1ms
2020-2-19 22:0:5 :POST /file/upFile - 18ms
2020-2-19 22:0:5 :POST /file/upFile - 14ms
2020-2-19 22:0:5 :POST /user/addGoods - 2ms
2020-2-19 22:0:5 :OPTIONS /user/addGoods - 0ms
2020-2-19 22:0:5 :GET /file/getImg?imagePath=1582128162542item-detail-1.jpg - 404
2020-2-19 22:0:5 :OPTIONS /user/login - 0ms
2020-2-19 22:0:5 :POST /user/login - 3ms
2020-2-19 22:0:5 :OPTIONS /user/getGoods - 0ms
2020-2-19 22:0:5 :POST /user/getGoods - 4ms
2020-2-19 22:0:5 :OPTIONS /user/getPay - 0ms
2020-2-19 22:0:5 :POST /user/getPay - 3ms
2020-2-19 22:0:5 :OPTIONS /user/getAddress - 0ms
2020-2-19 22:0:5 :OPTIONS /user/getSort - 0ms
2020-2-19 22:0:5 :POST /user/getGoods - 7ms
2020-2-19 22:0:5 :POST /user/getAddress - 4ms
2020-2-19 22:0:5 :POST /user/getSort - 3ms
2020-2-19 22:0:5 :OPTIONS /user/getGoods - 0ms
2020-2-19 22:0:4 :OPTIONS /user/getAddress - 0ms
2020-2-19 22:0:5 :OPTIONS /user/getSort - 0ms
2020-2-19 22:0:5 :POST /user/getSort - 5ms
2020-2-19 22:0:5 :POST /user/getGoods - 5ms
2020-2-19 22:0:4 :POST /user/getAddress - 29ms
2020-2-19 22:0:4 :GET /file/getImg?imagePath=1582094906325item-detail-2.jpg - 404
2020-2-19 22:0:4 :GET /file/getImg?imagePath=1582095435158item-detail-1.jpg - 404
2020-2-19 22:0:4 :OPTIONS /user/getGoods - 1ms
2020-2-19 22:0:4 :POST /user/getGoods - 3ms
2020-2-19 22:0:4 :OPTIONS /user/delGoods - 1ms
2020-2-19 22:0:4 :POST /user/delGoods - 3ms
2020-2-19 22:0:4 :OPTIONS /user/getSort - 0ms
2020-2-19 22:0:4 :POST /user/getSort - 4ms
2020-2-19 22:0:4 :OPTIONS /file/upFile - 0ms
2020-2-19 22:0:4 :POST /file/upFile - 15ms
2020-2-19 22:0:4 :POST /file/upFile - 18ms
2020-2-19 22:0:4 :OPTIONS /user/addGoods - 0ms
2020-2-19 22:0:4 :POST /user/addGoods - 9ms
2020-2-19 22:0:4 :GET /file/getImg?imagePath=1582128222243item-detail-1.jpg - 404
2020-2-19 22:0:4 :GET /file/getImg?imagePath=1582128222279item-detail-2.jpg - 404
2020-2-19 22:0:4 :OPTIONS /user/getGoods - 0ms
2020-2-19 22:0:5 :OPTIONS /user/getAddress - 0ms
2020-2-19 22:0:4 :OPTIONS /user/getSort - 0ms
2020-2-19 22:0:5 :POST /user/getAddress - 3ms
2020-2-19 22:0:4 :POST /user/getGoods - 11ms
2020-2-19 22:0:4 :POST /user/getSort - 11ms
2020-2-19 22:0:4 :GET /file/getImg?imagePath=1582094906325item-detail-2.jpg - 404
2020-2-19 22:0:4 :GET /file/getImg?imagePath=1582095435158item-detail-1.jpg - 404
2020-2-19 22:0:4 :GET /file/getImg?imagePath=1582128222243item-detail-1.jpg - 404
2020-2-19 22:0:4 :OPTIONS /user/getSort - 0ms
2020-2-19 22:0:5 :OPTIONS /user/getGoods - 0ms
2020-2-19 22:0:5 :OPTIONS /user/getAddress - 0ms
2020-2-19 22:0:5 :POST /user/getSort - 2ms
2020-2-19 22:0:5 :POST /user/getGoods - 5ms
2020-2-19 22:0:4 :POST /user/getAddress - 5ms
2020-2-19 22:0:5 :GET /file/getImg?imagePath=1582094906325item-detail-2.jpg - 404
2020-2-19 22:0:5 :GET /file/getImg?imagePath=1582095435158item-detail-1.jpg - 404
2020-2-19 22:0:5 :GET /file/getImg?imagePath=1582128222243item-detail-1.jpg - 404
2020-2-19 22:0:5 :OPTIONS /user/getAddress - 0ms
2020-2-19 22:0:5 :POST /user/getAddress - 5ms
2020-2-19 22:0:5 :GET /file/getImg?imagePath=1582128222279item-detail-2.jpg - 404
2020-2-19 22:0:5 :OPTIONS /user/getPay - 0ms
2020-2-19 22:0:5 :POST /user/getPay - 4ms
2020-2-19 22:0:5 :POST /user/getPay - 4ms
2020-2-19 22:0:5 :OPTIONS /user/getGoods - 0ms
2020-2-19 22:0:5 :OPTIONS /user/getSort - 0ms
2020-2-19 22:0:5 :OPTIONS /user/getAddress - 0ms
2020-2-19 22:0:5 :POST /user/getSort - 8ms
2020-2-19 22:0:5 :POST /user/getAddress - 5ms
2020-2-19 22:0:5 :POST /user/getGoods - 10ms
2020-2-19 22:0:5 :GET /file/getImg?imagePath=1582094906325item-detail-2.jpg - 404
2020-2-19 22:0:4 :GET /file/getImg?imagePath=1582095435158item-detail-1.jpg - 404
2020-2-19 22:0:5 :GET /file/getImg?imagePath=1582128222243item-detail-1.jpg - 404
2020-2-19 22:0:5 :GET /file/getImg?imagePath=1582128222279item-detail-2.jpg - 404
2020-2-19 22:0:5 :OPTIONS /user/addPay - 0ms
2020-2-19 22:0:5 :OPTIONS /user/getAddress - 0ms
2020-2-19 22:0:5 :POST /user/addPay - 2ms
2020-2-19 22:0:5 :POST /user/getAddress - 41ms
2020-2-19 22:0:5 :OPTIONS /user/upPay - 0ms
2020-2-19 22:0:5 :POST /user/upPay - 1ms
2020-2-19 22:0:5 :OPTIONS /user/getPay - 0ms
2020-2-19 22:0:5 :POST /user/getPay - 3ms
2020-2-19 22:0:5 :OPTIONS /user/getPay - 1ms
2020-2-19 22:0:5 :POST /user/getPay - 6ms
2020-2-19 22:0:5 :OPTIONS /user/getPay - 1ms
2020-2-19 22:0:5 :POST /user/getPay - 6ms
2020-2-19 22:0:5 :POST /user/getPay - 2ms
2020-2-19 22:0:5 :OPTIONS /user/getPay - 0ms
2020-2-19 22:0:5 :POST /user/getPay - 4ms
2020-2-19 22:0:5 :POST /user/getPay - 2ms
2020-2-19 22:0:5 :OPTIONS /user/getPay - 0ms
2020-2-19 22:0:5 :POST /user/getPay - 3ms
2020-2-19 22:0:5 :POST /user/getPay - 3ms
2020-2-19 22:0:5 :OPTIONS /user/getPay - 0ms
2020-2-19 22:0:5 :POST /user/getPay - 2ms
2020-2-19 22:0:5 :POST /user/getPay - 2ms
2020-2-19 22:0:5 :OPTIONS /user/getPay - 0ms
2020-2-19 22:0:5 :POST /user/getPay - 4ms
2020-2-19 22:0:5 :POST /user/getPay - 3ms
2020-2-19 22:0:5 :OPTIONS /user/getPay - 0ms
2020-2-19 22:0:5 :POST /user/getPay - 3ms
2020-2-19 22:0:5 :POST /user/getPay - 2ms
2020-2-19 22:0:5 :OPTIONS /user/getPay - 0ms
2020-2-19 22:0:5 :POST /user/getPay - 2ms
2020-2-19 22:0:5 :POST /user/getPay - 2ms
2020-2-19 22:0:5 :OPTIONS /user/getPay - 0ms
2020-2-19 22:0:5 :POST /user/getPay - 2ms
2020-2-19 22:0:5 :POST /user/getPay - 2ms
2020-2-19 22:0:5 :OPTIONS /user/getPay - 0ms
2020-2-19 22:0:5 :POST /user/getPay - 2ms
2020-2-19 22:0:5 :GET /file/getImg?imagePath=1582128222243item-detail-1.jpg - 404
2020-2-19 22:0:5 :POST /user/getPay - 2ms
2020-2-19 22:0:5 :POST /user/getPay - 4ms
2020-2-19 22:0:5 :OPTIONS /user/getPay - 0ms
2020-2-19 22:0:5 :POST /user/getPay - 7ms
2020-2-19 22:0:5 :POST /user/getPay - 2ms
2020-2-19 22:0:5 :OPTIONS /user/getPay - 0ms
2020-2-19 22:0:5 :POST /user/getPay - 1ms
2020-2-19 22:0:5 :POST /user/getPay - 2ms
2020-2-19 22:0:5 :OPTIONS /user/getGoods - 0ms
2020-2-19 22:0:5 :POST /user/getGoods - 2ms
2020-2-19 22:0:5 :OPTIONS /user/getPay - 1ms
2020-2-19 22:0:5 :POST /user/getPay - 2ms
2020-2-19 22:0:5 :POST /user/getPay - 2ms
2020-2-19 22:0:5 :OPTIONS /user/getPay - 0ms
2020-2-19 22:0:5 :POST /user/getPay - 2ms
2020-2-19 22:0:5 :POST /user/getPay - 3ms
2020-2-19 22:0:5 :OPTIONS /user/getPay - 1ms
2020-2-19 22:0:5 :POST /user/getPay - 3ms
2020-2-19 22:0:5 :POST /user/getPay - 41ms
2020-2-19 22:0:5 :OPTIONS /user/getGoods - 1ms
2020-2-19 22:0:5 :POST /user/getGoods - 1ms
2020-2-19 22:0:5 :OPTIONS /user/getPay - 0ms
2020-2-19 22:0:5 :POST /user/getPay - 1ms
2020-2-19 22:0:5 :OPTIONS /user/getGoods - 0ms
2020-2-19 22:0:5 :POST /user/getGoods - 2ms
2020-2-19 22:0:5 :OPTIONS /user/getPay - 0ms
2020-2-19 22:0:5 :POST /user/getPay - 2ms
2020-2-19 22:0:5 :POST /user/getPay - 2ms
2020-2-19 22:0:5 :OPTIONS /user/getGoods - 0ms
2020-2-19 22:0:5 :POST /user/getGoods - 2ms
2020-2-19 22:0:5 :OPTIONS /user/getPay - 0ms
2020-2-19 22:0:5 :POST /user/getPay - 3ms
2020-2-19 22:0:5 :POST /user/getPay - 6ms
2020-2-19 22:0:5 :OPTIONS /user/getGoods - 0ms
2020-2-19 22:0:5 :POST /user/getGoods - 2ms
2020-2-19 22:0:5 :OPTIONS /user/upGoods - 0ms
2020-2-19 22:0:5 :POST /user/upGoods - 1ms
2020-2-19 22:0:5 :OPTIONS /user/getGoods - 0ms
2020-2-19 22:0:5 :POST /user/getGoods - 7ms
2020-2-19 22:0:5 :OPTIONS /user/getPay - 0ms
2020-2-19 22:0:5 :POST /user/getPay - 2ms
2020-2-19 22:0:5 :POST /user/getGoods - 2ms
2020-2-19 22:0:5 :POST /user/getPay - 2ms
2020-2-19 22:0:5 :OPTIONS /user/getPay - 0ms
2020-2-19 22:0:5 :POST /user/getPay - 6ms
2020-2-19 22:0:5 :POST /user/getPay - 4ms
2020-2-19 22:0:5 :OPTIONS /user/getGoods - 0ms
2020-2-19 22:0:5 :POST /user/getGoods - 3ms
2020-2-19 22:0:5 :OPTIONS /user/upGoods - 0ms
2020-2-19 22:0:5 :POST /user/upGoods - 1ms
2020-2-19 22:0:5 :OPTIONS /user/getPay - 0ms
2020-2-19 22:0:5 :POST /user/getPay - 2ms
2020-2-19 22:0:5 :POST /user/getPay - 4ms
2020-2-19 22:0:5 :OPTIONS /user/getGoods - 0ms
2020-2-19 22:0:5 :POST /user/getGoods - 2ms
2020-2-19 22:0:5 :OPTIONS /user/upGoods - 0ms
2020-2-19 22:0:5 :POST /user/upGoods - 2ms
2020-2-19 22:0:5 :OPTIONS /user/getPay - 0ms
2020-2-19 22:0:5 :POST /user/getPay - 43ms
2020-2-19 22:0:5 :POST /user/getPay - 2ms
2020-2-19 22:0:5 :OPTIONS /user/getGoods - 0ms
2020-2-19 22:0:5 :POST /user/getGoods - 2ms
2020-2-19 22:0:5 :OPTIONS /user/upGoods - 0ms
2020-2-19 22:0:5 :POST /user/upGoods - 1ms
2020-2-19 22:0:5 :OPTIONS /user/getGoods - 0ms
2020-2-19 22:0:5 :POST /user/getGoods - 2ms
2020-2-19 22:0:5 :OPTIONS /user/getPay - 0ms
2020-2-19 22:0:5 :POST /user/getPay - 3ms
2020-2-19 22:0:5 :POST /user/getGoods - 4ms
2020-2-19 22:0:5 :POST /user/getPay - 2ms
2020-2-19 22:0:5 :OPTIONS /user/getPay - 0ms
2020-2-19 22:0:5 :POST /user/getPay - 4ms
2020-2-19 22:0:5 :POST /user/getPay - 2ms
2020-2-19 22:0:5 :OPTIONS /user/getGoods - 1ms
2020-2-19 22:0:5 :POST /user/getGoods - 2ms
2020-2-19 22:0:5 :OPTIONS /user/getPay - 0ms
2020-2-19 22:0:5 :POST /user/getPay - 2ms
2020-2-19 22:0:5 :OPTIONS /user/getGoods - 0ms
2020-2-19 22:0:5 :POST /user/getGoods - 3ms
2020-2-19 22:0:5 :OPTIONS /user/upGoods - 0ms
2020-2-19 22:0:5 :POST /user/upGoods - 1ms
2020-2-19 22:0:5 :POST /user/getGoods - 2ms
2020-2-19 22:0:5 :OPTIONS /user/getPay - 0ms
2020-2-19 22:0:5 :POST /user/getPay - 2ms
2020-2-19 22:0:5 :POST /user/getGoods - 2ms
2020-2-19 22:0:5 :POST /user/getPay - 2ms
2020-2-19 22:0:5 :OPTIONS /user/login - 0ms
2020-2-19 22:0:5 :POST /user/login - 3ms
2020-2-19 22:0:5 :OPTIONS /user/getGoods - 0ms
2020-2-19 22:0:5 :POST /user/getGoods - 2ms
2020-2-19 22:0:5 :OPTIONS /user/getPay - 0ms
2020-2-19 22:0:5 :POST /user/getPay - 1ms
2020-2-19 22:0:5 :POST /user/getGoods - 6ms
2020-2-19 22:0:5 :OPTIONS /user/upGoods - 0ms
2020-2-19 22:0:5 :POST /user/upGoods - 1ms
2020-2-19 22:0:5 :POST /user/getGoods - 2ms
2020-2-19 22:0:5 :POST /user/getPay - 1ms
2020-2-19 22:0:5 :OPTIONS /user/getGoods - 0ms
2020-2-19 22:0:5 :POST /user/getGoods - 2ms
2020-2-19 22:0:5 :OPTIONS /user/getPay - 0ms
2020-2-19 22:0:5 :POST /user/getPay - 2ms
2020-2-19 22:0:5 :OPTIONS /user/getPay - 0ms
2020-2-19 22:0:5 :POST /user/getPay - 2ms
2020-2-19 22:0:5 :POST /user/getPay - 2ms
2020-2-19 22:0:5 :OPTIONS /user/getAddress - 0ms
2020-2-19 22:0:5 :POST /user/getAddress - 5ms
2020-2-19 22:0:5 :OPTIONS /user/getGoods - 0ms
2020-2-19 22:0:4 :OPTIONS /user/getAddress - 1ms
2020-2-19 22:0:5 :OPTIONS /user/getSort - 1ms
2020-2-19 22:0:5 :POST /user/getGoods - 8ms
2020-2-19 22:0:5 :POST /user/getAddress - 4ms
2020-2-19 22:0:4 :POST /user/getSort - 21ms
2020-2-19 22:0:5 :GET /file/getImg?imagePath=1582095435158item-detail-1.jpg - 404
2020-2-19 22:0:4 :GET /file/getImg?imagePath=1582094906325item-detail-2.jpg - 404
2020-2-19 22:0:4 :POST /user/getGoods - 5ms
2020-2-19 22:0:5 :POST /user/getAddress - 10ms
2020-2-19 22:0:4 :POST /user/getSort - 5ms
2020-2-19 22:0:5 :POST /user/getGoods - 10ms
2020-2-19 22:0:5 :POST /user/getAddress - 9ms
2020-2-19 22:0:5 :POST /user/getGoods - 9ms
2020-2-19 22:0:5 :POST /user/getAddress - 7ms
2020-2-19 22:0:5 :OPTIONS /user/getSort - 0ms
2020-2-19 22:0:4 :OPTIONS /user/getAddress - 0ms
2020-2-19 22:0:5 :OPTIONS /user/getGoods - 0ms
2020-2-19 22:0:5 :POST /user/getGoods - 7ms
2020-2-19 22:0:5 :POST /user/getSort - 5ms
2020-2-19 22:0:4 :POST /user/getAddress - 4ms
2020-2-19 22:0:5 :OPTIONS /user/addPay - 0ms
2020-2-19 22:0:5 :POST /user/addPay - 2ms
2020-2-19 22:0:5 :OPTIONS /user/getAddress - 0ms
2020-2-19 22:0:5 :POST /user/getAddress - 2ms
2020-2-19 22:0:5 :OPTIONS /user/getGoods - 0ms
2020-2-19 22:0:4 :OPTIONS /user/getAddress - 0ms
2020-2-19 22:0:4 :POST /user/getAddress - 4ms
2020-2-19 22:0:5 :OPTIONS /user/getSort - 0ms
2020-2-19 22:0:5 :POST /user/getGoods - 9ms
2020-2-19 22:0:5 :POST /user/getSort - 9ms
2020-2-19 22:0:4 :GET /file/getImg?imagePath=1582128222243item-detail-1.jpg - 404
2020-2-19 22:0:5 :GET /file/getImg?imagePath=1582094906325item-detail-2.jpg - 404
2020-2-19 22:0:5 :GET /file/getImg?imagePath=1582095435158item-detail-1.jpg - 404
2020-2-19 22:0:5 :GET /file/getImg?imagePath=1582128222279item-detail-2.jpg - 404
2020-2-19 22:0:5 :OPTIONS /user/getGoods - 0ms
2020-2-19 22:0:4 :OPTIONS /user/getAddress - 1ms
2020-2-19 22:0:5 :OPTIONS /user/getSort - 0ms
2020-2-19 22:0:5 :POST /user/getGoods - 11ms
2020-2-19 22:0:5 :POST /user/getSort - 11ms
2020-2-19 22:0:4 :POST /user/getAddress - 15ms
2020-2-19 22:0:5 :GET /file/getImg?imagePath=1582128222243item-detail-1.jpg - 404
2020-2-19 22:0:4 :GET /file/getImg?imagePath=1582094906325item-detail-2.jpg - 404
2020-2-19 22:0:4 :GET /file/getImg?imagePath=1582095435158item-detail-1.jpg - 404
2020-2-19 22:0:4 :OPTIONS /user/getAddress - 0ms
2020-2-19 22:0:4 :POST /user/getAddress - 3ms
2020-2-19 22:0:4 :OPTIONS /user/getAddress - 0ms
2020-2-19 22:0:4 :POST /user/getAddress - 5ms
2020-2-19 22:0:4 :OPTIONS /user/getGoods - 0ms
2020-2-19 22:0:5 :OPTIONS /user/getAddress - 1ms
2020-2-19 22:0:5 :OPTIONS /user/getSort - 0ms
2020-2-19 22:0:4 :POST /user/getGoods - 16ms
2020-2-19 22:0:5 :POST /user/getSort - 11ms
2020-2-19 22:0:5 :POST /user/getAddress - 59ms
2020-2-19 22:0:5 :GET /file/getImg?imagePath=1582094906325item-detail-2.jpg - 404
2020-2-19 22:0:5 :GET /file/getImg?imagePath=1582095435158item-detail-1.jpg - 404
2020-2-19 22:0:5 :GET /file/getImg?imagePath=1582128222243item-detail-1.jpg - 404
2020-2-19 22:0:5 :OPTIONS /user/getAddress - 0ms
2020-2-19 22:0:5 :OPTIONS /user/getGoods - 0ms
2020-2-19 22:0:5 :OPTIONS /user/getSort - 0ms
2020-2-19 22:0:5 :POST /user/getAddress - 4ms
2020-2-19 22:0:5 :POST /user/getGoods - 16ms
2020-2-19 22:0:5 :POST /user/getSort - 14ms
2020-2-19 22:0:5 :GET /file/getImg?imagePath=1582094906325item-detail-2.jpg - 404
2020-2-19 22:0:5 :GET /file/getImg?imagePath=1582095435158item-detail-1.jpg - 404
2020-2-19 22:0:5 :GET /file/getImg?imagePath=1582128222243item-detail-1.jpg - 404
2020-2-19 22:0:5 :OPTIONS /user/getGoods - 0ms
2020-2-19 22:0:5 :POST /user/getGoods - 5ms
2020-2-19 22:0:5 :OPTIONS /user/getSort - 0ms
2020-2-19 22:0:5 :POST /user/getSort - 2ms
2020-2-19 22:0:5 :OPTIONS /user/getAddress - 0ms
2020-2-19 22:0:5 :POST /user/getAddress - 4ms
2020-2-19 22:0:5 :GET /file/getImg?imagePath=1582094906325item-detail-2.jpg - 404
2020-2-19 22:0:5 :GET /file/getImg?imagePath=1582095435158item-detail-1.jpg - 404
2020-2-19 22:0:5 :GET /file/getImg?imagePath=1582128222243item-detail-1.jpg - 404
2020-2-19 22:0:5 :GET /file/getImg?imagePath=1582128222279item-detail-2.jpg - 404
2020-2-19 22:0:5 :OPTIONS /user/getGoods - 1ms
2020-2-19 22:0:5 :OPTIONS /user/getSort - 0ms
2020-2-19 22:0:5 :OPTIONS /user/getAddress - 0ms
2020-2-19 22:0:5 :POST /user/getGoods - 7ms
2020-2-19 22:0:5 :POST /user/getSort - 6ms
2020-2-19 22:0:5 :POST /user/getAddress - 4ms
2020-2-19 22:0:5 :GET /file/getImg?imagePath=1582094906325item-detail-2.jpg - 404
2020-2-19 22:0:5 :GET /file/getImg?imagePath=1582095435158item-detail-1.jpg - 404
2020-2-19 22:0:5 :GET /file/getImg?imagePath=1582128222243item-detail-1.jpg - 404
2020-2-19 22:0:5 :OPTIONS /user/getPay - 1ms
2020-2-19 22:0:5 :POST /user/getPay - 2ms
2020-2-19 22:0:5 :OPTIONS /user/getPay - 0ms
2020-2-19 22:0:5 :POST /user/getPay - 7ms
2020-2-19 22:0:5 :OPTIONS /user/getGoods - 0ms
2020-2-19 22:0:5 :OPTIONS /user/getSort - 0ms
2020-2-19 22:0:5 :OPTIONS /user/getAddress - 0ms
2020-2-19 22:0:5 :POST /user/getGoods - 2ms
2020-2-19 22:0:5 :POST /user/getSort - 8ms
2020-2-19 22:0:5 :POST /user/getAddress - 30ms
2020-2-19 22:0:5 :GET /file/getImg?imagePath=1582094906325item-detail-2.jpg - 404
2020-2-19 22:0:5 :GET /file/getImg?imagePath=1582095435158item-detail-1.jpg - 404
2020-2-19 22:0:4 :GET /file/getImg?imagePath=1582128222243item-detail-1.jpg - 404
2020-2-19 22:0:4 :GET /file/getImg?imagePath=1582128222279item-detail-2.jpg - 404
2020-2-19 22:0:4 :OPTIONS /user/getComment - 0ms
2020-2-19 22:0:4 :OPTIONS /user/getComment - 0ms
2020-2-19 22:0:4 :OPTIONS /user/getComment - 0ms
2020-2-19 22:0:4 :OPTIONS /user/getComment - 0ms
2020-2-19 22:0:4 :OPTIONS /user/getComment - 0ms
2020-2-19 22:0:4 :OPTIONS /user/getComment - 0ms
2020-2-19 22:0:4 :OPTIONS /user/addComment - 0ms
2020-2-19 22:0:4 :OPTIONS /user/addComment - 0ms
2020-2-19 22:0:4 :OPTIONS /user/getGoods - 0ms
2020-2-19 22:0:5 :OPTIONS /user/getSort - 0ms
2020-2-19 22:0:5 :OPTIONS /user/getAddress - 1ms
2020-2-19 22:0:4 :POST /user/getGoods - 26ms
2020-2-19 22:0:5 :POST /user/getSort - 22ms
2020-2-19 22:0:5 :POST /user/getAddress - 21ms
2020-2-19 22:0:5 :GET /file/getImg?imagePath=1582126910120item-detail-2.jpg - 404
2020-2-19 22:0:5 :OPTIONS /user/getGoods - 0ms
2020-2-19 22:0:5 :OPTIONS /user/getAddress - 0ms
2020-2-19 22:0:4 :OPTIONS /user/getSort - 0ms
2020-2-19 22:0:5 :POST /user/getGoods - 7ms
2020-2-19 22:0:4 :POST /user/getSort - 3ms
2020-2-19 22:0:5 :POST /user/getAddress - 19ms
2020-2-19 22:0:4 :POST /user/getAddress - 8ms
2020-2-19 22:0:5 :POST /user/getGoods - 7ms
2020-2-19 22:0:4 :OPTIONS /user/getComment - 0ms
2020-2-19 22:0:4 :OPTIONS /user/addComment - 0ms
2020-2-19 22:0:4 :OPTIONS /user/addComment - 1ms