
2020-2-22 2:10:15 :OPTIONS /user/addShare - 5ms
2020-2-22 2:10:15 :POST /user/addShare - 12ms
2020-2-22 2:10:15 :GET /file/getImg?imagePath=15822998085404.jpg - 404
2020-2-22 2:10:15 :OPTIONS /user/getGoods - 1ms
2020-2-22 2:10:15 :OPTIONS /user/getSort - 0ms
2020-2-22 2:10:15 :POST /user/getGoods - 38ms
2020-2-22 2:10:15 :POST /user/getSort - 20ms
2020-2-22 2:10:15 :GET /file/getImg?imagePath=15822992922012.jpg - 404
2020-2-22 2:10:15 :GET /file/getImg?imagePath=15822994790301.jpg - 404
2020-2-22 2:10:15 :GET /file/getImg?imagePath=1582296373499logo.jpg - 404
2020-2-22 2:10:15 :OPTIONS /user/getShare - 0ms
2020-2-22 2:10:15 :POST /user/getShare - 7ms
2020-2-22 2:10:15 :OPTIONS /user/getShare - 0ms
2020-2-22 2:10:15 :POST /user/getShare - 4ms
2020-2-22 2:10:15 :OPTIONS /user/getShare - 1ms
2020-2-22 2:10:15 :POST /user/getShare - 4ms
2020-2-22 2:10:15 :OPTIONS /user/getShare - 0ms
2020-2-22 2:10:15 :POST /user/getShare - 4ms
2020-2-22 2:10:15 :OPTIONS /user/getShare - 1ms
2020-2-22 2:10:15 :POST /user/getShare - 3ms
2020-2-22 2:10:15 :OPTIONS /user/getShare - 0ms
2020-2-22 2:10:15 :POST /user/getShare - 4ms
2020-2-22 2:10:15 :OPTIONS /user/getShare - 0ms
2020-2-22 2:10:15 :POST /user/getShare - 2ms
2020-2-22 2:10:15 :GET /file/getImg?imagePath=15822998085404.jpg - 404
2020-2-22 2:10:15 :OPTIONS /user/getShare - 0ms
2020-2-22 2:10:15 :POST /user/getShare - 5ms
2020-2-22 2:10:15 :GET /file/getImg?imagePath=15822998085404.jpg - 404
2020-2-22 2:10:15 :GET /file/getImg?imagePath=1582296373499logo.jpg - 404
2020-2-22 2:10:15 :OPTIONS /user/getShare - 0ms
2020-2-22 2:10:15 :POST /user/getShare - 27ms
2020-2-22 2:10:15 :GET /file/getImg?imagePath=15822998085404.jpg - 404
2020-2-22 2:10:15 :GET /file/getImg?imagePath=1582296373499logo.jpg - 404
2020-2-22 2:10:15 :OPTIONS /user/getShare - 0ms
2020-2-22 2:10:15 :POST /user/getShare - 4ms
2020-2-22 2:10:15 :OPTIONS /user/getShare - 0ms
2020-2-22 2:10:15 :POST /user/getShare - 4ms
2020-2-22 2:10:15 :OPTIONS /user/getShare - 1ms
2020-2-22 2:10:15 :POST /user/getShare - 3ms
2020-2-22 2:10:15 :OPTIONS /user/getShare - 0ms
2020-2-22 2:10:15 :POST /user/getShare - 3ms
2020-2-22 2:10:15 :OPTIONS /user/delShare - 0ms
2020-2-22 2:10:15 :POST /user/delShare - 3ms
2020-2-22 2:10:15 :OPTIONS /user/getShare - 1ms
2020-2-22 2:10:15 :POST /user/getShare - 3ms
2020-2-22 2:10:15 :POST /user/getShare - 4ms
2020-2-22 2:10:15 :OPTIONS /user/getGoods - 0ms
2020-2-22 2:10:15 :POST /user/getGoods - 3ms
2020-2-22 2:10:15 :OPTIONS /user/selectShare - 0ms
2020-2-22 2:27:17 :OPTIONS /user/selectShare - 7ms
2020-2-22 2:27:17 :POST /user/selectShare - 36ms
2020-2-22 2:27:17 :OPTIONS /user/getGoods - 1ms
2020-2-22 2:27:17 :OPTIONS /user/getSort - 0ms
2020-2-22 2:27:17 :POST /user/getGoods - 18ms
2020-2-22 2:27:17 :POST /user/getSort - 10ms
2020-2-22 2:27:17 :GET /file/getImg?imagePath=15822992922012.jpg - 404
2020-2-22 2:27:17 :GET /file/getImg?imagePath=15822994790301.jpg - 404
2020-2-22 2:27:17 :GET /file/getImg?imagePath=15822998085404.jpg - 404
2020-2-22 2:27:17 :GET /file/getImg?imagePath=15822998567773.jpg - 404
2020-2-22 2:27:17 :OPTIONS /user/addShare - 0ms
2020-2-22 2:27:17 :POST /user/addShare - 11ms
2020-2-22 2:27:17 :OPTIONS /user/getShare - 0ms
2020-2-22 2:27:17 :POST /user/getShare - 22ms
2020-2-22 2:27:17 :GET /file/getImg?imagePath=1582296373499logo.jpg - 404
2020-2-22 2:27:17 :OPTIONS /user/getGoods - 0ms
2020-2-22 2:27:17 :OPTIONS /user/getSort - 1ms
2020-2-22 2:27:17 :POST /user/getGoods - 11ms
2020-2-22 2:27:17 :POST /user/getSort - 8ms
2020-2-22 2:27:17 :OPTIONS /user/selectShare - 0ms
2020-2-22 2:27:17 :POST /user/selectShare - 9ms
2020-2-22 2:27:17 :OPTIONS /user/selectShare - 0ms
2020-2-22 2:27:17 :POST /user/selectShare - 4ms
2020-2-22 2:27:17 :GET /file/getImg?imagePath=15822998085404.jpg - 404
2020-2-22 2:27:17 :GET /file/getImg?imagePath=1582296373499logo.jpg - 404
2020-2-22 2:27:17 :OPTIONS /user/selectShare - 0ms
2020-2-22 2:27:17 :POST /user/selectShare - 5ms
2020-2-22 2:27:17 :GET /file/getImg?imagePath=15822998085404.jpg - 404
2020-2-22 2:27:17 :GET /file/getImg?imagePath=1582296373499logo.jpg - 404
2020-2-22 2:27:17 :OPTIONS /user/getGoods - 1ms
2020-2-22 2:27:17 :POST /user/getGoods - 4ms
2020-2-22 2:27:17 :GET /file/getImg?imagePath=15822992922012.jpg - 404
2020-2-22 2:27:17 :GET /file/getImg?imagePath=15822994790301.jpg - 404
2020-2-22 2:27:17 :OPTIONS /user/getGoods - 0ms
2020-2-22 2:27:17 :POST /user/getGoods - 4ms
2020-2-22 2:27:17 :OPTIONS /user/selectShare - 0ms
2020-2-22 2:27:17 :POST /user/selectShare - 5ms
2020-2-22 2:27:17 :POST /user/getGoods - 5ms
2020-2-22 2:27:17 :POST /user/selectShare - 4ms
2020-2-22 2:27:17 :OPTIONS /user/selectShare - 0ms
2020-2-22 2:27:17 :POST /user/selectShare - 5ms
2020-2-22 2:27:17 :OPTIONS /user/selectShare - 0ms
2020-2-22 2:27:17 :POST /user/selectShare - 5ms
2020-2-22 2:27:17 :OPTIONS /user/selectShare - 0ms
2020-2-22 2:27:17 :POST /user/selectShare - 4ms
2020-2-22 2:27:17 :GET /file/getImg?imagePath=15822998085404.jpg - 404
2020-2-22 2:27:17 :GET /file/getImg?imagePath=1582296373499logo.jpg - 404
2020-2-22 2:27:17 :OPTIONS /user/selectShare - 0ms
2020-2-22 2:27:17 :POST /user/selectShare - 4ms
2020-2-22 2:27:17 :POST /user/selectShare - 5ms
2020-2-22 2:27:17 :OPTIONS /user/getGoods - 0ms
2020-2-22 2:27:17 :OPTIONS /user/getSort - 1ms
2020-2-22 2:27:17 :POST /user/getGoods - 7ms
2020-2-22 2:27:17 :POST /user/getSort - 4ms
2020-2-22 2:27:17 :GET /file/getImg?imagePath=15822992922012.jpg - 404
2020-2-22 2:27:17 :GET /file/getImg?imagePath=15822994790301.jpg - 404
2020-2-22 2:27:17 :POST /user/getGoods - 5ms
2020-2-22 2:27:17 :POST /user/getGoods - 7ms
2020-2-22 2:27:17 :POST /user/getSort - 6ms
2020-2-22 2:27:17 :POST /user/getGoods - 4ms
2020-2-22 2:27:17 :POST /user/getGoods - 7ms
2020-2-22 2:27:17 :POST /user/getSort - 7ms
2020-2-22 2:27:17 :OPTIONS /user/getGoods - 0ms
2020-2-22 2:27:17 :OPTIONS /user/getSort - 0ms
2020-2-22 2:27:17 :POST /user/getGoods - 9ms
2020-2-22 2:27:17 :POST /user/getSort - 9ms
2020-2-22 2:27:17 :OPTIONS /user/selectShare - 1ms
2020-2-22 2:27:17 :POST /user/selectShare - 6ms
2020-2-22 2:27:17 :GET /file/getImg?imagePath=1582296373499logo.jpg - 404
2020-2-22 2:27:17 :OPTIONS /user/getShare - 0ms
2020-2-22 2:27:17 :POST /user/getShare - 4ms
2020-2-22 2:27:17 :OPTIONS /user/selectShare - 1ms
2020-2-22 2:27:17 :POST /user/selectShare - 4ms
2020-2-22 2:27:17 :OPTIONS /user/getShare - 0ms
2020-2-22 2:27:17 :POST /user/getShare - 3ms
2020-2-22 2:27:17 :POST /user/selectShare - 5ms
2020-2-22 2:27:17 :OPTIONS /user/selectShare - 0ms
2020-2-22 2:27:17 :POST /user/selectShare - 3ms
2020-2-22 2:27:17 :GET /file/getImg?imagePath=15822998085404.jpg - 404
2020-2-22 2:27:17 :GET /file/getImg?imagePath=1582296373499logo.jpg - 404
2020-2-22 2:27:17 :OPTIONS /user/selectShare - 0ms
2020-2-22 2:27:17 :POST /user/selectShare - 4ms
2020-2-22 2:27:17 :OPTIONS /user/selectShare - 1ms
2020-2-22 2:27:17 :POST /user/selectShare - 4ms
2020-2-22 2:27:17 :POST /user/selectShare - 4ms
2020-2-22 2:27:17 :OPTIONS /user/getGoods - 0ms
2020-2-22 2:27:17 :POST /user/getGoods - 3ms
2020-2-22 2:27:17 :GET /file/getImg?imagePath=15822998085404.jpg - 404
2020-2-22 2:27:17 :GET /file/getImg?imagePath=1582296373499logo.jpg - 404
2020-2-22 2:27:17 :OPTIONS /user/getComment - 0ms
2020-2-22 2:27:17 :POST /user/getComment - 14ms
2020-2-22 2:42:38 :OPTIONS /user/getComment - 6ms
2020-2-22 2:42:38 :POST /user/getComment - 31ms
2020-2-22 2:42:38 :OPTIONS /user/addShareComment - 0ms
2020-2-22 2:42:38 :POST /user/addShareComment - 6ms
2020-2-22 2:42:38 :OPTIONS /user/getShareComment - 0ms
2020-2-22 2:42:38 :POST /user/getShareComment - 8ms
2020-2-22 2:42:38 :OPTIONS /user/getShareComment - 1ms
2020-2-22 2:42:38 :POST /user/getShareComment - 5ms
2020-2-22 2:42:38 :OPTIONS /user/getShareComment - 0ms
2020-2-22 2:42:38 :POST /user/getShareComment - 5ms
2020-2-22 2:42:38 :GET /file/getImg?imagePath=15822998085404.jpg - 404
2020-2-22 2:42:38 :GET /file/getImg?imagePath=1582296373499logo.jpg - 404
2020-2-22 2:42:38 :OPTIONS /user/getShareComment - 0ms
2020-2-22 2:42:38 :POST /user/getShareComment - 6ms
2020-2-22 2:42:38 :OPTIONS /user/getShareComment - 0ms
2020-2-22 2:42:38 :POST /user/getShareComment - 4ms
2020-2-22 2:42:38 :OPTIONS /user/addShareComment - 1ms
2020-2-22 2:42:38 :POST /user/addShareComment - 2ms
2020-2-22 2:42:38 :GET /file/getImg?imagePath=15822998085404.jpg - 404
2020-2-22 2:42:38 :GET /file/getImg?imagePath=1582296373499logo.jpg - 404
2020-2-22 2:42:38 :OPTIONS /user/getShareComment - 1ms
2020-2-22 2:42:38 :POST /user/getShareComment - 5ms
2020-2-22 2:47:25 :GET /file/getImg?imagePath=15822998085404.jpg - 404
2020-2-22 2:47:25 :GET /file/getImg?imagePath=1582296373499logo.jpg - 404
2020-2-22 2:47:25 :OPTIONS /user/getShareComment - 0ms
2020-2-22 2:47:25 :POST /user/getShareComment - 89ms
2020-2-22 2:47:25 :OPTIONS /user/getGoods - 1ms
2020-2-22 2:47:25 :POST /user/getGoods - 12ms
2020-2-22 2:47:25 :GET /file/getImg?imagePath=15822992922012.jpg - 404
2020-2-22 2:47:24 :GET /file/getImg?imagePath=15822994790301.jpg - 404
2020-2-22 2:47:25 :OPTIONS /user/getShareComment - 0ms
2020-2-22 2:47:25 :POST /user/getShareComment - 6ms
2020-2-22 2:47:24 :GET /file/getImg?imagePath=15822998085404.jpg - 404
2020-2-22 2:47:24 :GET /file/getImg?imagePath=1582296373499logo.jpg - 404
2020-2-22 2:47:24 :OPTIONS /user/getShareComment - 1ms
2020-2-22 2:47:24 :POST /user/getShareComment - 33ms
2020-2-22 2:47:24 :OPTIONS /user/addShareComment - 1ms
2020-2-22 2:47:24 :POST /user/addShareComment - 9ms
2020-2-22 2:47:24 :POST /user/addShareComment - 2ms
2020-2-22 2:47:24 :POST /user/addShareComment - 2ms
2020-2-22 2:47:24 :POST /user/addShareComment - 2ms
2020-2-22 2:47:24 :OPTIONS /user/addShareComment - 0ms
2020-2-22 2:47:24 :POST /user/addShareComment - 1ms
2020-2-22 2:47:24 :OPTIONS /user/getShareComment - 0ms
2020-2-22 2:47:24 :POST /user/getShareComment - 6ms
2020-2-22 2:47:24 :GET /file/getImg?imagePath=15822998085404.jpg - 404
2020-2-22 2:47:24 :GET /file/getImg?imagePath=1582296373499logo.jpg - 404
2020-2-22 2:47:24 :OPTIONS /user/getShareComment - 0ms
2020-2-22 2:47:24 :POST /user/getShareComment - 5ms
2020-2-22 2:47:24 :GET /file/getImg?imagePath=15822998085404.jpg - 404
2020-2-22 2:47:24 :GET /file/getImg?imagePath=1582296373499logo.jpg - 404
2020-2-22 2:47:24 :OPTIONS /user/getShareComment - 0ms
2020-2-22 2:47:24 :POST /user/getShareComment - 5ms
2020-2-22 2:47:25 :OPTIONS /user/getShareComment - 0ms
2020-2-22 2:47:24 :GET /file/getImg?imagePath=15822998085404.jpg - 404
2020-2-22 2:47:24 :GET /file/getImg?imagePath=1582296373499logo.jpg - 404
2020-2-22 2:47:25 :POST /user/getShareComment - 33ms
2020-2-22 2:47:24 :OPTIONS /user/selectShare - 0ms
2020-2-22 2:47:24 :POST /user/selectShare - 6ms
2020-2-22 2:47:24 :POST /user/selectShare - 5ms
2020-2-22 2:47:24 :POST /user/selectShare - 4ms
2020-2-22 2:47:24 :OPTIONS /user/getGoods - 0ms
2020-2-22 2:47:24 :OPTIONS /user/getSort - 0ms
2020-2-22 2:47:24 :POST /user/getGoods - 15ms
2020-2-22 2:47:24 :POST /user/getSort - 38ms
2020-2-22 2:47:24 :GET /file/getImg?imagePath=15822992922012.jpg - 404
2020-2-22 2:47:24 :GET /file/getImg?imagePath=15822994790301.jpg - 404
2020-2-22 2:47:24 :POST /user/getGoods - 6ms
2020-2-22 2:47:24 :POST /user/getGoods - 6ms
2020-2-22 2:47:24 :POST /user/getSort - 9ms
2020-2-22 2:47:24 :OPTIONS /user/selectShare - 0ms
2020-2-22 2:47:24 :POST /user/selectShare - 5ms
2020-2-22 2:47:24 :POST /user/selectShare - 4ms
2020-2-22 2:47:24 :POST /user/getGoods - 7ms
2020-2-22 2:47:24 :POST /user/getSort - 6ms
2020-2-22 2:47:24 :POST /user/getGoods - 5ms
2020-2-22 2:47:24 :POST /user/getGoods - 9ms
2020-2-22 2:47:24 :POST /user/getSort - 9ms
2020-2-22 2:47:24 :POST /user/selectShare - 4ms
2020-2-22 2:47:24 :OPTIONS /user/getAddress - 1ms
2020-2-22 2:47:24 :POST /user/getAddress - 7ms
2020-2-22 2:47:24 :OPTIONS /user/addAddress - 1ms
2020-2-22 2:47:24 :POST /user/addAddress - 4ms
2020-2-22 2:47:24 :OPTIONS /user/getAddress - 0ms
2020-2-22 2:47:24 :POST /user/getAddress - 3ms
2020-2-22 2:47:24 :OPTIONS /user/getSort - 0ms
2020-2-22 2:47:24 :POST /user/getSort - 6ms
2020-2-22 2:47:25 :OPTIONS /user/getGoods - 0ms
2020-2-22 2:47:25 :POST /user/getGoods - 8ms
2020-2-22 2:47:25 :OPTIONS /user/selectShare - 0ms
2020-2-22 2:47:25 :POST /user/selectShare - 5ms
2020-2-22 2:47:25 :POST /user/getGoods - 4ms
2020-2-22 2:47:24 :POST /user/getSort - 10ms
2020-2-22 2:47:24 :POST /user/getGoods - 3ms
2020-2-22 2:47:24 :POST /user/getGoods - 4ms
2020-2-22 2:47:25 :POST /user/getSort - 7ms
2020-2-22 2:47:25 :GET /file/getImg?imagePath=15822998567773.jpg - 404
2020-2-22 2:47:25 :OPTIONS /user/selectShare - 0ms
2020-2-22 2:47:25 :POST /user/selectShare - 5ms
2020-2-22 2:47:25 :OPTIONS /user/getGoods - 0ms
2020-2-22 2:47:25 :OPTIONS /user/getSort - 0ms
2020-2-22 2:47:25 :POST /user/getGoods - 10ms
2020-2-22 2:47:25 :POST /user/getSort - 9ms
2020-2-22 2:47:25 :POST /user/getGoods - 6ms
2020-2-22 2:47:25 :POST /user/getGoods - 9ms
2020-2-22 2:47:25 :POST /user/getSort - 10ms
2020-2-22 2:47:25 :POST /user/getGoods - 16ms
2020-2-22 2:47:25 :OPTIONS /user/selectShare - 0ms
2020-2-22 2:47:25 :POST /user/selectShare - 5ms
2020-2-22 2:47:25 :POST /user/selectShare - 4ms
2020-2-22 2:47:25 :POST /user/selectShare - 7ms
2020-2-22 2:47:25 :OPTIONS /user/getGoods - 0ms
2020-2-22 2:47:25 :POST /user/getGoods - 4ms
2020-2-22 2:47:25 :OPTIONS /user/getSort - 0ms
2020-2-22 2:47:25 :POST /user/getSort - 4ms
2020-2-22 2:47:25 :OPTIONS /user/getComment - 0ms
2020-2-22 2:47:25 :POST /user/getComment - 6ms
2020-2-22 2:47:25 :OPTIONS /user/addComment - 1ms
2020-2-22 2:47:25 :POST /user/addComment - 7ms
2020-2-22 2:47:25 :OPTIONS /user/getGoods - 0ms
2020-2-22 2:47:25 :OPTIONS /user/getSort - 0ms
2020-2-22 2:47:25 :POST /user/getGoods - 7ms
2020-2-22 2:47:25 :POST /user/getSort - 6ms
2020-2-22 2:47:25 :OPTIONS /user/getComment - 0ms
2020-2-22 2:47:25 :POST /user/getComment - 3ms
2020-2-22 2:47:25 :OPTIONS /user/getGoods - 1ms
2020-2-22 2:47:25 :OPTIONS /user/getSort - 0ms
2020-2-22 2:47:25 :POST /user/getGoods - 7ms
2020-2-22 2:47:25 :POST /user/getSort - 6ms
2020-2-22 2:47:25 :OPTIONS /user/login - 1ms
2020-2-22 2:47:25 :POST /user/login - 4ms
2020-2-22 2:47:25 :OPTIONS /user/getGoods - 0ms
2020-2-22 2:47:25 :POST /user/getGoods - 4ms
2020-2-22 2:47:25 :POST /user/getGoods - 7ms
2020-2-22 2:47:25 :POST /user/getGoods - 3ms
2020-2-22 2:47:25 :OPTIONS /user/getGoods - 1ms
2020-2-22 2:47:25 :POST /user/getGoods - 3ms
2020-2-22 2:47:25 :POST /user/getGoods - 6ms
2020-2-22 2:47:25 :OPTIONS /user/getGoods - 0ms
2020-2-22 2:47:25 :POST /user/getGoods - 5ms
2020-2-22 2:47:25 :POST /user/getGoods - 3ms
2020-2-22 2:47:25 :OPTIONS /user/getGoods - 0ms
2020-2-22 2:47:25 :POST /user/getGoods - 5ms
2020-2-22 2:47:25 :POST /user/getGoods - 3ms
2020-2-22 2:47:25 :POST /user/getGoods - 3ms
2020-2-22 2:47:25 :POST /user/getGoods - 4ms
2020-2-22 2:47:25 :POST /user/getGoods - 4ms
2020-2-22 2:47:25 :POST /user/getGoods - 4ms
2020-2-22 2:47:25 :POST /user/getGoods - 3ms
2020-2-22 2:47:25 :POST /user/getGoods - 4ms
2020-2-22 2:47:25 :POST /user/getGoods - 3ms
2020-2-22 2:47:25 :POST /user/getGoods - 3ms
2020-2-22 2:47:25 :POST /user/getGoods - 4ms
2020-2-22 2:47:25 :POST /user/getGoods - 3ms
2020-2-22 2:47:25 :POST /user/getGoods - 3ms
2020-2-22 2:47:25 :POST /user/getGoods - 4ms
2020-2-22 2:47:25 :POST /user/getGoods - 4ms
2020-2-22 2:47:25 :POST /user/getGoods - 5ms
2020-2-22 2:47:25 :POST /user/getGoods - 8ms
2020-2-22 2:47:25 :POST /user/getGoods - 4ms
2020-2-22 2:47:25 :POST /user/getGoods - 4ms
2020-2-22 2:47:25 :POST /user/getGoods - 5ms
2020-2-22 2:47:25 :POST /user/getGoods - 4ms
2020-2-22 2:47:25 :POST /user/getGoods - 10ms
2020-2-22 2:47:25 :POST /user/getGoods - 5ms
2020-2-22 2:47:25 :POST /user/getGoods - 3ms
2020-2-22 2:47:25 :POST /user/getGoods - 2ms
2020-2-22 2:47:25 :POST /user/getGoods - 4ms
2020-2-22 2:47:25 :POST /user/getGoods - 4ms
2020-2-22 2:47:25 :POST /user/getGoods - 9ms
2020-2-22 2:47:25 :OPTIONS /user/getGoods - 1ms
2020-2-22 2:47:25 :POST /user/getGoods - 3ms
2020-2-22 2:47:25 :OPTIONS /user/getPay - 0ms
2020-2-22 2:47:25 :POST /user/getPay - 3ms
2020-2-22 2:47:25 :OPTIONS /user/login - 0ms
2020-2-22 2:47:25 :POST /user/login - 3ms
2020-2-22 2:47:25 :POST /user/login - 3ms
2020-2-22 2:47:25 :OPTIONS /user/getGoods - 0ms
2020-2-22 2:47:25 :POST /user/getGoods - 2ms
2020-2-22 2:47:25 :OPTIONS /user/getPay - 0ms
2020-2-22 2:47:25 :POST /user/getPay - 4ms
2020-2-22 2:47:25 :OPTIONS /user/getSort - 0ms
2020-2-22 2:47:25 :POST /user/getSort - 3ms
2020-2-22 2:47:25 :POST /user/getPay - 4ms
2020-2-22 2:47:25 :POST /user/getGoods - 2ms
2020-2-22 2:47:25 :POST /user/getPay - 3ms
2020-2-22 2:47:25 :OPTIONS /user/selectShare - 0ms
2020-2-22 2:47:25 :POST /user/selectShare - 4ms
2020-2-22 2:47:25 :OPTIONS /user/getGoods - 0ms
2020-2-22 2:47:25 :OPTIONS /user/getSort - 0ms
2020-2-22 2:47:25 :POST /user/getGoods - 14ms
2020-2-22 2:47:25 :POST /user/getSort - 40ms
2020-2-22 2:47:25 :POST /user/getGoods - 3ms
2020-2-22 2:47:25 :POST /user/getGoods - 9ms
2020-2-22 2:47:25 :POST /user/getSort - 7ms
2020-2-22 2:47:25 :POST /user/selectShare - 4ms
2020-2-22 2:47:25 :OPTIONS /user/selectShare - 0ms
2020-2-22 2:47:25 :POST /user/selectShare - 4ms
2020-2-22 2:47:25 :POST /user/getGoods - 8ms
2020-2-22 2:47:25 :POST /user/getSort - 8ms
2020-2-22 2:47:25 :POST /user/getGoods - 4ms
2020-2-22 2:47:25 :POST /user/selectShare - 3ms
2020-2-22 2:47:25 :OPTIONS /user/selectShare - 0ms
2020-2-22 2:47:25 :POST /user/selectShare - 4ms
2020-2-22 2:47:25 :OPTIONS /user/getGoods - 0ms
2020-2-22 2:47:25 :OPTIONS /user/getSort - 0ms
2020-2-22 2:47:25 :POST /user/getGoods - 8ms
2020-2-22 2:47:25 :POST /user/getSort - 7ms
2020-2-22 2:47:25 :POST /user/getGoods - 5ms
2020-2-22 2:47:25 :POST /user/getGoods - 6ms
2020-2-22 2:47:25 :POST /user/getSort - 7ms
2020-2-22 2:47:25 :POST /user/selectShare - 4ms
2020-2-22 2:47:25 :POST /user/selectShare - 4ms
2020-2-22 2:47:25 :OPTIONS /user/selectShare - 1ms
2020-2-22 2:47:25 :POST /user/selectShare - 5ms
2020-2-22 2:47:25 :POST /user/selectShare - 3ms
2020-2-22 2:47:25 :OPTIONS /user/getGoods - 0ms
2020-2-22 2:47:25 :POST /user/getGoods - 4ms
2020-2-22 2:47:25 :OPTIONS /user/getSort - 0ms
2020-2-22 2:47:25 :POST /user/getSort - 3ms
2020-2-22 2:47:25 :OPTIONS /user/getGoods - 0ms
2020-2-22 2:47:25 :OPTIONS /user/getSort - 1ms
2020-2-22 2:47:25 :POST /user/getGoods - 8ms
2020-2-22 2:47:25 :POST /user/getSort - 7ms
2020-2-22 2:47:24 :OPTIONS /user/getSort - 0ms
2020-2-22 2:47:25 :OPTIONS /user/getGoods - 0ms
2020-2-22 2:47:25 :POST /user/getSort - 5ms
2020-2-22 2:47:24 :POST /user/getGoods - 5ms