
2020-2-18 0:11:52 :OPTIONS /file/upFile - 2ms
2020-2-18 0:11:52 :POST /file/upFile - 18ms
2020-2-18 0:11:52 :OPTIONS /user/addUser - 0ms
2020-2-18 0:11:52 :POST /user/addUser - 19ms
2020-2-18 0:12:30 :OPTIONS /file/upFile - 3ms
2020-2-18 0:12:30 :POST /file/upFile - 23ms
2020-2-18 0:12:30 :OPTIONS /user/addUser - 0ms
2020-2-18 0:12:30 :POST /user/addUser - 15ms
2020-2-18 0:12:30 :OPTIONS /user/login - 0ms
2020-2-18 0:12:30 :POST /user/login - 19ms
2020-2-18 0:12:30 :OPTIONS /user/login - 0ms
2020-2-18 0:12:30 :POST /user/login - 7ms
2020-2-18 0:12:30 :OPTIONS /file/upFile - 1ms
2020-2-18 0:12:30 :POST /file/upFile - 12ms
2020-2-18 0:12:30 :OPTIONS /user/addUser - 1ms
2020-2-18 0:12:30 :POST /user/addUser - 5ms
2020-2-18 0:12:30 :OPTIONS /user/login - 0ms
2020-2-18 0:12:30 :POST /user/login - 4ms
2020-2-18 0:12:30 :OPTIONS /user/login - 1ms
2020-2-18 0:12:30 :POST /user/login - 5ms
2020-2-18 0:12:30 :OPTIONS /user/login - 1ms
2020-2-18 0:12:30 :POST /user/login - 3ms
2020-2-18 0:12:30 :OPTIONS /user/login - 0ms
2020-2-18 0:12:30 :POST /user/login - 4ms
2020-2-18 0:12:30 :OPTIONS /user/login - 0ms
2020-2-18 0:12:30 :POST /user/login - 3ms
2020-2-18 0:12:30 :OPTIONS /user/login - 0ms
2020-2-18 0:12:30 :POST /user/login - 3ms
2020-2-18 0:12:30 :OPTIONS /user/login - 0ms
2020-2-18 0:12:30 :POST /user/login - 3ms
2020-2-18 0:12:30 :OPTIONS /user/login - 0ms
2020-2-18 0:12:30 :POST /user/login - 4ms
2020-2-18 0:12:30 :OPTIONS /user/login - 0ms
2020-2-18 0:12:30 :POST /user/login - 4ms
2020-2-18 0:12:30 :OPTIONS /user/login - 1ms
2020-2-18 0:12:30 :POST /user/login - 3ms
2020-2-18 0:12:30 :OPTIONS /user/login - 0ms
2020-2-18 0:12:30 :POST /user/login - 3ms
2020-2-18 0:12:30 :OPTIONS /user/login - 0ms
2020-2-18 0:12:30 :POST /user/login - 3ms
2020-2-18 0:12:30 :OPTIONS /user/login - 0ms
2020-2-18 0:12:30 :POST /user/login - 4ms
2020-2-18 0:12:30 :OPTIONS /user/upUser - 0ms
2020-2-18 0:12:30 :POST /user/upUser - 3ms
2020-2-18 0:12:30 :OPTIONS /user/login - 0ms
2020-2-18 0:12:30 :POST /user/login - 3ms
2020-2-18 0:12:30 :OPTIONS /user/login - 0ms
2020-2-18 0:12:30 :POST /user/login - 3ms
2020-2-18 0:12:30 :OPTIONS /user/login - 0ms
2020-2-18 0:12:30 :POST /user/login - 3ms
2020-2-18 0:12:30 :OPTIONS /user/login - 1ms
2020-2-18 0:12:30 :POST /user/login - 6ms
2020-2-18 0:12:30 :OPTIONS /user/login - 0ms
2020-2-18 0:12:30 :POST /user/login - 2ms
2020-2-18 0:12:30 :POST /user/login - 3ms
2020-2-18 0:12:30 :OPTIONS /user/login - 0ms
2020-2-18 0:12:30 :POST /user/login - 3ms
2020-2-18 0:12:30 :OPTIONS /user/upUser - 0ms
2020-2-18 0:12:30 :POST /user/upUser - 2ms
2020-2-18 0:12:30 :OPTIONS /user/login - 0ms
2020-2-18 0:12:30 :POST /user/login - 4ms
2020-2-18 0:12:30 :OPTIONS /user/login - 0ms
2020-2-18 0:12:30 :POST /user/login - 3ms
2020-2-18 0:12:30 :OPTIONS /user/login - 0ms
2020-2-18 0:12:30 :POST /user/login - 4ms
2020-2-18 0:12:30 :OPTIONS /user/login - 0ms
2020-2-18 0:12:30 :POST /user/login - 13ms
2020-2-18 0:12:30 :OPTIONS /user/login - 1ms
2020-2-18 0:12:30 :POST /user/login - 3ms
2020-2-18 0:12:30 :OPTIONS /user/login - 0ms
2020-2-18 0:12:30 :POST /user/login - 8ms
2020-2-18 0:12:30 :GET /file/getImg?imagePath=1581956326637logo.jpg - 404
2020-2-18 0:12:30 :OPTIONS /user/upUser - 0ms
2020-2-18 0:12:30 :POST /user/upUser - 2ms
2020-2-18 0:12:30 :OPTIONS /user/upUser - 0ms
2020-2-18 0:12:30 :POST /user/upUser - 1ms
2020-2-18 0:12:30 :OPTIONS /user/getSort - 0ms
2020-2-18 0:12:30 :OPTIONS /user/getSort - 0ms
2020-2-18 1:31:39 :OPTIONS /user/getSort - 11ms
2020-2-18 1:31:39 :POST /user/getSort - 117ms
2020-2-18 1:31:39 :OPTIONS /user/addSort - 0ms
2020-2-18 1:31:39 :POST /user/addSort - 11ms
2020-2-18 1:31:39 :OPTIONS /user/getSort - 1ms
2020-2-18 1:31:39 :POST /user/getSort - 6ms
2020-2-18 1:31:39 :OPTIONS /user/addSort - 0ms
2020-2-18 1:31:39 :POST /user/addSort - 2ms
2020-2-18 1:31:39 :OPTIONS /user/getSort - 0ms
2020-2-18 1:31:39 :POST /user/getSort - 6ms
2020-2-18 1:31:39 :OPTIONS /user/addSort - 0ms
2020-2-18 1:31:39 :POST /user/addSort - 2ms
2020-2-18 1:31:39 :OPTIONS /user/getSort - 0ms
2020-2-18 1:31:39 :POST /user/getSort - 3ms
2020-2-18 1:31:39 :OPTIONS /user/getSort - 1ms
2020-2-18 1:31:39 :POST /user/getSort - 5ms
2020-2-18 1:31:39 :POST /user/getSort - 15ms
2020-2-18 1:31:39 :OPTIONS /user/getSort - 1ms
2020-2-18 1:31:39 :POST /user/getSort - 3ms
2020-2-18 1:31:39 :OPTIONS /user/getSort - 0ms
2020-2-18 1:31:39 :POST /user/getSort - 3ms
2020-2-18 1:31:39 :OPTIONS /user/getSort - 0ms
2020-2-18 1:31:39 :POST /user/getSort - 4ms
2020-2-18 1:31:39 :OPTIONS /user/getSort - 0ms
2020-2-18 1:31:39 :POST /user/getSort - 3ms
2020-2-18 1:31:39 :OPTIONS /user/getSort - 1ms
2020-2-18 1:31:39 :POST /user/getSort - 3ms
2020-2-18 1:31:39 :OPTIONS /user/getSort - 0ms
2020-2-18 1:31:39 :POST /user/getSort - 3ms
2020-2-18 1:31:39 :OPTIONS /user/getSort - 0ms
2020-2-18 1:31:39 :POST /user/getSort - 3ms
2020-2-18 1:31:39 :OPTIONS /user/getSort - 0ms
2020-2-18 1:31:39 :POST /user/getSort - 3ms
2020-2-18 1:31:39 :OPTIONS /user/deSort - 1ms
2020-2-18 1:31:39 :POST /user/deSort - 3ms
2020-2-18 1:31:39 :POST /user/deSort - 1ms
2020-2-18 1:31:39 :OPTIONS /user/getSort - 1ms
2020-2-18 1:31:39 :POST /user/getSort - 3ms
2020-2-18 1:31:39 :OPTIONS /user/addSort - 0ms
2020-2-18 1:31:39 :POST /user/addSort - 1ms
2020-2-18 1:31:39 :OPTIONS /user/addSort - 0ms
2020-2-18 1:31:39 :POST /user/addSort - 1ms
2020-2-18 1:31:39 :OPTIONS /user/getSort - 0ms
2020-2-18 1:31:39 :POST /user/getSort - 4ms
2020-2-18 1:31:39 :OPTIONS /user/getSort - 0ms
2020-2-18 1:31:39 :POST /user/getSort - 3ms
2020-2-18 1:31:39 :OPTIONS /user/getSort - 0ms
2020-2-18 1:31:39 :POST /user/getSort - 4ms
2020-2-18 1:31:39 :OPTIONS /user/getSort - 0ms
2020-2-18 1:31:39 :POST /user/getSort - 3ms
2020-2-18 1:31:39 :OPTIONS /user/getSort - 0ms
2020-2-18 1:31:39 :POST /user/getSort - 3ms
2020-2-18 1:31:39 :OPTIONS /user/getSort - 0ms
2020-2-18 1:31:39 :POST /user/getSort - 3ms
2020-2-18 1:31:39 :OPTIONS /user/getSort - 0ms
2020-2-18 1:31:39 :POST /user/getSort - 4ms
2020-2-18 1:31:39 :OPTIONS /user/getSort - 0ms
2020-2-18 1:31:39 :POST /user/getSort - 4ms
2020-2-18 1:31:39 :OPTIONS /user/getSort - 1ms
2020-2-18 1:31:39 :POST /user/getSort - 4ms
2020-2-18 1:31:39 :OPTIONS /user/getSort - 0ms
2020-2-18 1:31:39 :POST /user/getSort - 5ms
2020-2-18 1:31:39 :OPTIONS /user/getSort - 0ms
2020-2-18 1:31:39 :POST /user/getSort - 3ms
2020-2-18 1:31:39 :OPTIONS /user/getSort - 0ms
2020-2-18 1:31:39 :POST /user/getSort - 3ms
2020-2-18 1:31:39 :OPTIONS /user/getSort - 0ms
2020-2-18 1:31:39 :POST /user/getSort - 3ms
2020-2-18 1:31:39 :OPTIONS /user/getSort - 0ms
2020-2-18 1:31:39 :POST /user/getSort - 3ms
2020-2-18 1:31:39 :OPTIONS /user/upSort - 0ms
2020-2-18 1:31:39 :POST /user/upSort - 6ms
2020-2-18 1:31:39 :OPTIONS /user/getSort - 0ms
2020-2-18 1:31:39 :POST /user/getSort - 4ms
2020-2-18 1:31:39 :OPTIONS /user/upSort - 0ms
2020-2-18 1:31:39 :POST /user/upSort - 2ms
2020-2-18 1:31:39 :OPTIONS /user/getSort - 1ms
2020-2-18 1:31:39 :POST /user/getSort - 2ms
2020-2-18 1:47:11 :OPTIONS /user/upSort - 4ms
2020-2-18 1:47:11 :POST /user/upSort - 10ms
2020-2-18 1:47:11 :OPTIONS /user/getSort - 0ms
2020-2-18 1:47:11 :POST /user/getSort - 16ms
2020-2-18 1:47:11 :POST /user/getSort - 11ms
2020-2-18 1:47:11 :OPTIONS /user/getSort - 0ms
2020-2-18 1:47:11 :POST /user/getSort - 6ms
2020-2-18 13:40:56 :OPTIONS /user/login - 5ms
2020-2-18 13:40:56 :POST /user/login - 12563ms
2020-2-18 13:40:56 :OPTIONS /user/login - 1ms
2020-2-18 13:40:56 :POST /user/login - 4ms
2020-2-18 13:40:56 :OPTIONS /user/login - 0ms
2020-2-18 13:40:56 :POST /user/login - 3ms
2020-2-18 13:40:56 :OPTIONS /user/login - 1ms
2020-2-18 13:40:56 :POST /user/login - 3ms
2020-2-18 13:40:56 :OPTIONS /user/login - 0ms
2020-2-18 13:40:56 :POST /user/login - 3ms
2020-2-18 13:40:56 :OPTIONS /user/login - 0ms
2020-2-18 13:40:56 :POST /user/login - 6ms
2020-2-18 13:40:56 :OPTIONS /user/upUser - 0ms
2020-2-18 13:40:56 :POST /user/upUser - 5ms
2020-2-18 13:40:56 :OPTIONS /user/login - 1ms
2020-2-18 13:40:56 :POST /user/login - 4ms
2020-2-18 13:40:56 :POST /user/login - 3ms
2020-2-18 13:40:56 :POST /user/login - 4ms
2020-2-18 13:40:56 :OPTIONS /user/login - 0ms
2020-2-18 13:40:56 :POST /user/login - 5ms
2020-2-18 13:40:56 :OPTIONS /user/login - 0ms
2020-2-18 13:40:56 :POST /user/login - 5ms
2020-2-18 13:40:56 :OPTIONS /user/login - 0ms
2020-2-18 13:40:56 :POST /user/login - 4ms
2020-2-18 13:40:56 :OPTIONS /user/login - 0ms
2020-2-18 13:40:56 :POST /user/login - 3ms
2020-2-18 13:40:56 :OPTIONS /user/login - 0ms
2020-2-18 13:40:56 :POST /user/login - 4ms
2020-2-18 13:40:56 :OPTIONS /user/upUser - 0ms
2020-2-18 13:40:56 :POST /user/upUser - 2ms
2020-2-18 13:40:56 :OPTIONS /user/login - 0ms
2020-2-18 13:40:56 :POST /user/login - 3ms
2020-2-18 13:40:56 :POST /user/login - 3ms
2020-2-18 13:40:56 :POST /user/login - 3ms
2020-2-18 13:40:56 :OPTIONS /user/login - 0ms
2020-2-18 13:40:56 :POST /user/login - 3ms
2020-2-18 13:40:56 :POST /user/login - 4ms
2020-2-18 13:40:56 :OPTIONS /user/getSort - 0ms
2020-2-18 13:40:56 :POST /user/getSort - 4ms
2020-2-18 13:40:56 :POST /user/login - 3ms
2020-2-18 13:40:56 :OPTIONS /user/login - 0ms
2020-2-18 13:40:56 :POST /user/login - 3ms
2020-2-18 13:40:56 :OPTIONS /user/upUser - 0ms
2020-2-18 13:40:56 :POST /user/upUser - 1ms
2020-2-18 13:40:56 :POST /user/upUser - 1ms
2020-2-18 13:40:56 :OPTIONS /user/login - 1ms
2020-2-18 13:40:56 :POST /user/login - 4ms
2020-2-18 13:40:56 :OPTIONS /user/upUser - 0ms
2020-2-18 13:40:56 :POST /user/upUser - 1ms
2020-2-18 13:40:56 :POST /user/upUser - 1ms
2020-2-18 13:40:56 :OPTIONS /user/upUser - 0ms
2020-2-18 13:40:56 :POST /user/upUser - 2ms
2020-2-18 13:40:56 :OPTIONS /user/login - 0ms
2020-2-18 13:40:56 :POST /user/login - 3ms
2020-2-18 13:40:56 :POST /user/upUser - 1ms
2020-2-18 13:40:56 :POST /user/login - 3ms
2020-2-18 13:40:56 :OPTIONS /user/login - 0ms
2020-2-18 13:40:56 :POST /user/login - 3ms
2020-2-18 13:40:56 :POST /user/login - 2ms
2020-2-18 13:40:56 :OPTIONS /user/upUser - 0ms
2020-2-18 13:40:56 :POST /user/upUser - 1ms
2020-2-18 13:40:56 :POST /user/login - 3ms
2020-2-18 13:40:56 :OPTIONS /user/login - 0ms
2020-2-18 13:40:56 :POST /user/login - 3ms
2020-2-18 13:40:56 :POST /user/login - 3ms
2020-2-18 13:40:56 :OPTIONS /user/getSort - 0ms
2020-2-18 13:40:56 :POST /user/getSort - 4ms
2020-2-18 13:40:56 :OPTIONS /user/getSort - 1ms
2020-2-18 13:40:56 :POST /user/getSort - 3ms
2020-2-18 13:40:56 :OPTIONS /user/getSort - 0ms
2020-2-18 13:40:56 :POST /user/getSort - 3ms
2020-2-18 13:40:56 :OPTIONS /user/getSort - 1ms
2020-2-18 13:40:56 :POST /user/getSort - 2ms
2020-2-18 13:55:58 :OPTIONS /user/getSort - 5ms
2020-2-18 13:55:58 :OPTIONS /user/getPay - 0ms
2020-2-18 13:55:58 :POST /user/getSort - 32ms
2020-2-18 13:55:58 :POST /user/getPay - 16ms
2020-2-18 13:55:58 :OPTIONS /user/getSort - 0ms
2020-2-18 13:55:58 :POST /user/getSort - 3ms
2020-2-18 13:55:58 :OPTIONS /user/getPay - 0ms
2020-2-18 13:55:58 :POST /user/getPay - 3ms
2020-2-18 13:55:58 :OPTIONS /user/getSort - 0ms
2020-2-18 13:55:58 :OPTIONS /user/getPay - 1ms
2020-2-18 13:55:58 :POST /user/getSort - 5ms
2020-2-18 13:55:58 :POST /user/getPay - 4ms
2020-2-18 13:55:58 :OPTIONS /user/getSort - 0ms
2020-2-18 13:55:58 :POST /user/getSort - 11ms
2020-2-18 13:55:58 :OPTIONS /user/getGoods - 0ms
2020-2-18 13:55:58 :OPTIONS /user/getSort - 1ms
2020-2-18 13:55:58 :OPTIONS /user/getGoods - 0ms
2020-2-18 13:55:58 :POST /user/getSort - 6ms
2020-2-18 13:55:58 :OPTIONS /user/getSort - 0ms
2020-2-18 13:55:58 :OPTIONS /user/getGoods - 0ms
2020-2-18 13:55:58 :POST /user/getSort - 5ms
2020-2-18 13:55:58 :OPTIONS /user/getSort - 0ms
2020-2-18 13:55:58 :OPTIONS /user/getGoods - 0ms
2020-2-18 13:55:58 :POST /user/getSort - 14ms
2020-2-18 13:55:58 :OPTIONS /user/getSort - 0ms
2020-2-18 13:55:58 :OPTIONS /user/getGoods - 0ms
2020-2-18 13:55:58 :POST /user/getSort - 5ms
2020-2-18 13:55:58 :OPTIONS /user/getSort - 0ms
2020-2-18 13:55:58 :OPTIONS /user/getGoods - 0ms
2020-2-18 13:55:58 :POST /user/getSort - 8ms
2020-2-18 13:55:58 :OPTIONS /user/getSort - 1ms
2020-2-18 13:55:58 :OPTIONS /user/getGoods - 0ms
2020-2-18 13:55:58 :POST /user/getSort - 3ms
2020-2-18 13:55:58 :OPTIONS /user/getSort - 0ms
2020-2-18 13:55:58 :OPTIONS /user/getGoods - 0ms
2020-2-18 13:55:58 :POST /user/getSort - 3ms
2020-2-18 13:55:58 :OPTIONS /user/getSort - 0ms
2020-2-18 13:55:58 :POST /user/getSort - 2ms
2020-2-18 13:55:58 :OPTIONS /user/getSort - 0ms
2020-2-18 13:55:58 :OPTIONS /user/getGoods - 0ms
2020-2-18 13:55:58 :POST /user/getSort - 3ms
2020-2-18 13:55:58 :OPTIONS /user/getSort - 0ms
2020-2-18 13:55:58 :OPTIONS /user/getGoods - 0ms
2020-2-18 13:55:58 :POST /user/getSort - 3ms
2020-2-18 13:55:58 :OPTIONS /user/getSort - 0ms
2020-2-18 13:55:58 :OPTIONS /user/getGoods - 0ms
2020-2-18 13:55:58 :POST /user/getSort - 3ms
2020-2-18 13:55:58 :OPTIONS /user/getSort - 0ms
2020-2-18 13:55:58 :OPTIONS /user/getGoods - 0ms
2020-2-18 13:55:58 :POST /user/getSort - 3ms
2020-2-18 13:55:58 :OPTIONS /user/getSort - 0ms
2020-2-18 13:55:58 :POST /user/getSort - 28ms
2020-2-18 13:55:57 :OPTIONS /user/getGoods - 4ms
2020-2-18 13:55:57 :OPTIONS /user/getSort - 1ms
2020-2-18 13:55:57 :OPTIONS /user/getGoods - 0ms
2020-2-18 13:55:57 :POST /user/getSort - 25ms
2020-2-18 13:55:57 :OPTIONS /user/getGoods - 0ms
2020-2-18 13:55:57 :POST /user/getSort - 6ms
2020-2-18 13:55:57 :POST /user/getSort - 6ms
2020-2-18 13:55:57 :OPTIONS /user/getGoods - 0ms
2020-2-18 13:55:57 :OPTIONS /user/getGoods - 0ms
2020-2-18 13:55:57 :POST /user/getSort - 7ms
2020-2-18 13:55:57 :OPTIONS /user/getSort - 0ms
2020-2-18 13:55:57 :POST /user/getSort - 5ms
2020-2-18 13:55:57 :POST /user/getSort - 3ms
2020-2-18 13:55:57 :OPTIONS /user/getGoods - 0ms
2020-2-18 13:55:57 :OPTIONS /user/getSort - 1ms
2020-2-18 13:55:57 :POST /user/getSort - 4ms
2020-2-18 13:55:57 :OPTIONS /user/getGoods - 0ms
2020-2-18 13:55:57 :OPTIONS /user/getSort - 0ms
2020-2-18 13:55:57 :OPTIONS /user/getGoods - 0ms
2020-2-18 13:55:57 :POST /user/getSort - 3ms
2020-2-18 13:55:57 :OPTIONS /user/getSort - 0ms
2020-2-18 13:55:57 :OPTIONS /user/getGoods - 0ms
2020-2-18 13:55:57 :POST /user/getSort - 3ms
2020-2-18 13:55:57 :OPTIONS /user/getSort - 0ms
2020-2-18 13:55:57 :OPTIONS /user/getGoods - 0ms
2020-2-18 13:55:57 :POST /user/getSort - 4ms
2020-2-18 13:55:57 :OPTIONS /user/getSort - 0ms
2020-2-18 13:55:57 :OPTIONS /user/getGoods - 0ms
2020-2-18 13:55:57 :POST /user/getSort - 4ms
2020-2-18 13:55:57 :OPTIONS /user/getSort - 0ms
2020-2-18 13:55:57 :OPTIONS /user/getGoods - 0ms
2020-2-18 13:55:57 :POST /user/getSort - 3ms
2020-2-18 13:55:57 :OPTIONS /user/getSort - 1ms
2020-2-18 13:55:57 :OPTIONS /user/getGoods - 0ms
2020-2-18 13:55:57 :POST /user/getSort - 3ms
2020-2-18 13:55:57 :OPTIONS /user/getSort - 0ms
2020-2-18 13:55:57 :POST /user/getSort - 6ms
2020-2-18 13:55:57 :OPTIONS /user/getGoods - 0ms
2020-2-18 13:55:57 :OPTIONS /user/getSort - 0ms
2020-2-18 13:55:57 :OPTIONS /user/getGoods - 0ms
2020-2-18 13:55:57 :POST /user/getSort - 3ms
2020-2-18 13:55:58 :OPTIONS /user/getGoods - 0ms
2020-2-18 13:55:57 :OPTIONS /user/getSort - 1ms
2020-2-18 13:55:57 :POST /user/getSort - 7ms
2020-2-18 13:55:57 :OPTIONS /user/getSort - 0ms
2020-2-18 13:55:57 :POST /user/getSort - 15ms
2020-2-18 13:55:57 :POST /user/getSort - 4ms
2020-2-18 13:55:57 :OPTIONS /user/getGoods - 0ms
2020-2-18 13:55:57 :OPTIONS /user/getSort - 0ms
2020-2-18 13:55:57 :POST /user/getSort - 3ms
2020-2-18 13:55:58 :OPTIONS /user/getGoods - 1ms
2020-2-18 13:55:58 :OPTIONS /user/getSort - 1ms
2020-2-18 13:55:58 :OPTIONS /user/getGoods - 0ms
2020-2-18 13:55:58 :POST /user/getSort - 11ms
2020-2-18 13:55:58 :OPTIONS /user/getSort - 1ms
2020-2-18 13:55:58 :OPTIONS /user/getGoods - 0ms
2020-2-18 13:55:58 :POST /user/getSort - 12ms
2020-2-18 13:55:58 :OPTIONS /user/getSort - 0ms
2020-2-18 13:55:58 :OPTIONS /user/getGoods - 0ms
2020-2-18 13:55:58 :POST /user/getSort - 3ms
2020-2-18 13:55:58 :POST /user/getSort - 3ms
2020-2-18 13:55:57 :OPTIONS /user/getGoods - 0ms
2020-2-18 13:55:58 :OPTIONS /user/getSort - 0ms
2020-2-18 13:55:58 :POST /user/getSort - 2ms
2020-2-18 13:55:57 :OPTIONS /user/getSort - 0ms
2020-2-18 13:55:57 :OPTIONS /user/getGoods - 0ms
2020-2-18 13:55:57 :POST /user/getSort - 11ms
2020-2-18 13:55:57 :OPTIONS /user/getSort - 0ms
2020-2-18 13:55:57 :OPTIONS /user/getGoods - 0ms
2020-2-18 13:55:57 :POST /user/getSort - 4ms
2020-2-18 13:55:57 :OPTIONS /user/getSort - 0ms
2020-2-18 13:55:57 :OPTIONS /user/getGoods - 0ms
2020-2-18 13:55:57 :POST /user/getSort - 3ms
2020-2-18 13:55:57 :OPTIONS /user/getSort - 0ms
2020-2-18 13:55:58 :OPTIONS /user/getGoods - 0ms
2020-2-18 13:55:57 :POST /user/getSort - 26ms
2020-2-18 13:55:58 :OPTIONS /file/upFile - 1ms
2020-2-18 13:55:58 :POST /file/upFile - 14ms
2020-2-18 13:55:58 :OPTIONS /user/getSort - 0ms
2020-2-18 13:55:57 :OPTIONS /user/getGoods - 0ms
2020-2-18 13:55:57 :POST /user/getSort - 4ms
2020-2-18 13:55:57 :OPTIONS /file/upFile - 1ms
2020-2-18 13:55:57 :POST /file/upFile - 14ms
2020-2-18 13:55:57 :OPTIONS /user/getSort - 0ms
2020-2-18 13:55:57 :OPTIONS /user/getGoods - 0ms
2020-2-18 13:55:57 :POST /user/getSort - 3ms
2020-2-18 13:55:57 :OPTIONS /file/upFile - 0ms
2020-2-18 13:55:57 :POST /file/upFile - 17ms
2020-2-18 13:55:57 :OPTIONS /user/getSort - 0ms
2020-2-18 13:55:57 :OPTIONS /user/getGoods - 1ms
2020-2-18 13:55:57 :POST /user/getSort - 4ms
2020-2-18 13:55:57 :POST /user/getSort - 5ms
2020-2-18 13:55:57 :OPTIONS /user/getGoods - 0ms
2020-2-18 13:55:57 :POST /user/getSort - 6ms
2020-2-18 13:55:57 :OPTIONS /file/upFile - 0ms
2020-2-18 13:55:57 :POST /file/upFile - 12ms
2020-2-18 13:55:58 :OPTIONS /user/getGoods - 0ms
2020-2-18 13:55:57 :OPTIONS /user/getSort - 0ms
2020-2-18 13:55:57 :POST /user/getSort - 3ms
2020-2-18 13:55:58 :OPTIONS /file/upFile - 0ms
2020-2-18 13:55:58 :POST /file/upFile - 14ms
2020-2-18 13:55:58 :OPTIONS /user/getSort - 0ms
2020-2-18 13:55:57 :OPTIONS /user/getGoods - 0ms
2020-2-18 13:55:57 :POST /user/getSort - 5ms
2020-2-18 13:55:57 :OPTIONS /file/upFile - 1ms
2020-2-18 13:55:57 :POST /file/upFile - 10ms
2020-2-18 13:55:57 :OPTIONS /user/getGoods - 0ms
2020-2-18 13:55:57 :OPTIONS /user/getSort - 0ms
2020-2-18 13:55:57 :POST /user/getSort - 3ms
2020-2-18 13:55:57 :OPTIONS /file/upFile - 0ms
2020-2-18 13:55:57 :POST /file/upFile - 12ms
2020-2-18 13:55:57 :OPTIONS /user/getSort - 0ms
2020-2-18 13:55:57 :POST /user/getSort - 6ms
2020-2-18 13:55:58 :OPTIONS /user/getGoods - 0ms
2020-2-18 13:55:58 :OPTIONS /file/upFile - 0ms
2020-2-18 13:55:58 :POST /file/upFile - 9ms
2020-2-18 13:55:58 :POST /file/upFile - 19ms
2020-2-18 13:55:58 :OPTIONS /user/getSort - 0ms
2020-2-18 13:55:58 :OPTIONS /user/getGoods - 0ms
2020-2-18 13:55:58 :POST /user/getSort - 12ms
2020-2-18 13:55:58 :OPTIONS /user/getSort - 0ms
2020-2-18 13:55:58 :POST /user/getSort - 2ms
2020-2-18 13:55:58 :OPTIONS /user/getGoods - 0ms
2020-2-18 13:55:58 :OPTIONS /user/getSort - 0ms
2020-2-18 13:55:58 :POST /user/getSort - 3ms
2020-2-18 13:55:58 :OPTIONS /user/getGoods - 0ms
2020-2-18 13:55:58 :OPTIONS /user/getSort - 0ms
2020-2-18 13:55:58 :OPTIONS /user/getGoods - 0ms
2020-2-18 13:55:58 :POST /user/getSort - 7ms
2020-2-18 13:55:57 :OPTIONS /user/getGoods - 0ms
2020-2-18 13:55:58 :OPTIONS /user/getSort - 1ms
2020-2-18 13:55:58 :POST /user/getSort - 11ms
2020-2-18 13:55:58 :OPTIONS /file/upFile - 0ms
2020-2-18 13:55:58 :POST /file/upFile - 11ms
2020-2-18 13:55:58 :POST /file/upFile - 12ms
2020-2-18 13:55:58 :OPTIONS /user/addGoods - 0ms
2020-2-18 16:42:34 :OPTIONS /user/getSort - 6ms
2020-2-18 16:42:34 :OPTIONS /user/getGoods - 1ms
2020-2-18 16:42:34 :POST /user/getSort - 40ms
2020-2-18 16:42:34 :POST /user/getGoods - 20ms
2020-2-18 16:42:34 :OPTIONS /file/upFile - 0ms
2020-2-18 16:42:34 :POST /file/upFile - 20ms
2020-2-18 16:42:34 :POST /file/upFile - 23ms
2020-2-18 16:42:34 :OPTIONS /user/addGoods - 0ms
2020-2-18 16:42:34 :POST /user/addGoods - 10ms
2020-2-18 16:42:34 :OPTIONS /user/getSort - 0ms
2020-2-18 16:42:34 :POST /user/getSort - 7ms
2020-2-18 16:42:34 :OPTIONS /user/getGoods - 7ms
2020-2-18 16:42:34 :POST /user/getGoods - 75ms
2020-2-18 16:42:34 :OPTIONS /user/getSort - 0ms
2020-2-18 16:42:34 :OPTIONS /user/getGoods - 0ms
2020-2-18 16:42:34 :POST /user/getSort - 9ms
2020-2-18 16:42:34 :POST /user/getGoods - 9ms
2020-2-18 16:42:34 :OPTIONS /user/getSort - 0ms
2020-2-18 16:42:34 :POST /user/getSort - 6ms
2020-2-18 16:42:34 :OPTIONS /user/getGoods - 0ms
2020-2-18 16:42:34 :POST /user/getGoods - 4ms
2020-2-18 16:42:34 :OPTIONS /user/getGoods - 0ms
2020-2-18 16:42:34 :POST /user/getGoods - 2ms
2020-2-18 16:42:34 :OPTIONS /user/getGoods - 1ms
2020-2-18 16:42:34 :POST /user/getGoods - 4ms
2020-2-18 16:42:34 :OPTIONS /user/getGoods - 0ms
2020-2-18 16:42:34 :POST /user/getGoods - 3ms
2020-2-18 16:42:34 :OPTIONS /user/getGoods - 0ms
2020-2-18 16:42:34 :POST /user/getGoods - 16ms
2020-2-18 16:42:34 :OPTIONS /user/getSort - 1ms
2020-2-18 16:42:34 :POST /user/getSort - 5ms
2020-2-18 16:42:34 :OPTIONS /user/getGoods - 0ms
2020-2-18 16:42:34 :POST /user/getGoods - 3ms
2020-2-18 16:42:34 :OPTIONS /user/getSort - 0ms
2020-2-18 16:42:34 :POST /user/getSort - 3ms
2020-2-18 16:42:34 :OPTIONS /file/upFile - 0ms
2020-2-18 16:42:34 :POST /file/upFile - 16ms
2020-2-18 16:42:34 :OPTIONS /user/addGoods - 1ms
2020-2-18 16:42:34 :POST /user/addGoods - 11ms
2020-2-18 16:42:34 :OPTIONS /user/getSort - 0ms
2020-2-18 16:42:34 :POST /user/getSort - 3ms
2020-2-18 16:42:34 :OPTIONS /user/getSort - 0ms
2020-2-18 16:42:34 :POST /user/getSort - 3ms
2020-2-18 16:42:34 :OPTIONS /user/getSort - 0ms
2020-2-18 16:42:34 :POST /user/getSort - 5ms
2020-2-18 16:42:34 :OPTIONS /user/getSort - 1ms
2020-2-18 16:42:34 :POST /user/getSort - 4ms
2020-2-18 16:42:34 :OPTIONS /user/getGoods - 0ms
2020-2-18 16:42:34 :POST /user/getGoods - 3ms
2020-2-18 16:42:34 :POST /user/getGoods - 4ms
2020-2-18 16:42:34 :OPTIONS /user/getGoods - 0ms
2020-2-18 16:42:34 :POST /user/getGoods - 4ms
2020-2-18 16:42:34 :POST /user/getGoods - 6ms
2020-2-18 16:42:34 :OPTIONS /user/getGoods - 0ms
2020-2-18 16:42:34 :POST /user/getGoods - 3ms
2020-2-18 16:42:34 :OPTIONS /user/delGoods - 0ms
2020-2-18 16:42:34 :POST /user/delGoods - 2ms
2020-2-18 16:42:34 :OPTIONS /user/getGoods - 0ms
2020-2-18 16:42:34 :POST /user/getGoods - 4ms
2020-2-18 16:42:34 :OPTIONS /user/getGoods - 0ms
2020-2-18 16:42:34 :POST /user/getGoods - 2ms
2020-2-18 16:42:34 :OPTIONS /user/getGoods - 0ms
2020-2-18 16:42:34 :POST /user/getGoods - 3ms
2020-2-18 16:42:34 :OPTIONS /user/getGoods - 0ms
2020-2-18 16:42:34 :POST /user/getGoods - 3ms
2020-2-18 16:42:34 :OPTIONS /user/getGoods - 0ms
2020-2-18 16:42:34 :POST /user/getGoods - 3ms
2020-2-18 16:42:34 :OPTIONS /user/getGoods - 0ms
2020-2-18 16:42:34 :POST /user/getGoods - 4ms
2020-2-18 16:42:34 :OPTIONS /user/getGoods - 0ms
2020-2-18 16:42:34 :POST /user/getGoods - 3ms
2020-2-18 16:42:34 :OPTIONS /user/getSort - 0ms
2020-2-18 16:42:34 :POST /user/getSort - 4ms
2020-2-18 16:42:34 :OPTIONS /user/getGoods - 0ms
2020-2-18 16:42:34 :POST /user/getGoods - 3ms
2020-2-18 16:42:34 :OPTIONS /user/getSort - 0ms
2020-2-18 16:42:34 :POST /user/getSort - 3ms
2020-2-18 16:42:34 :OPTIONS /user/getGoods - 0ms
2020-2-18 16:42:34 :POST /user/getGoods - 3ms
2020-2-18 16:42:34 :OPTIONS /user/getGoods - 0ms
2020-2-18 16:42:34 :POST /user/getGoods - 10ms
2020-2-18 16:42:34 :OPTIONS /user/getSort - 0ms
2020-2-18 16:42:34 :POST /user/getSort - 3ms
2020-2-18 16:42:34 :GET /file/getImg?imagePath=1582015801297logo.jpg - 404
2020-2-18 16:42:34 :OPTIONS /user/getGoods - 0ms
2020-2-18 16:42:34 :POST /user/getGoods - 3ms
2020-2-18 16:42:34 :OPTIONS /user/getSort - 0ms
2020-2-18 16:42:34 :POST /user/getSort - 3ms
2020-2-18 16:42:34 :OPTIONS /user/getGoods - 0ms
2020-2-18 16:42:34 :POST /user/getGoods - 3ms
2020-2-18 16:42:34 :OPTIONS /user/getSort - 0ms
2020-2-18 16:42:34 :POST /user/getSort - 3ms
2020-2-18 16:42:34 :OPTIONS /user/getGoods - 0ms
2020-2-18 16:42:34 :POST /user/getGoods - 3ms
2020-2-18 16:42:34 :OPTIONS /user/getGoods - 0ms
2020-2-18 16:42:34 :POST /user/getGoods - 3ms
2020-2-18 16:42:34 :GET /file/getImg?imagePath=1582015801297logo.jpg - 404
2020-2-18 16:42:34 :OPTIONS /user/getSort - 0ms
2020-2-18 16:42:34 :POST /user/getSort - 3ms
2020-2-18 16:42:34 :OPTIONS /user/getSort - 0ms
2020-2-18 16:42:34 :POST /user/getSort - 5ms
2020-2-18 16:42:34 :OPTIONS /user/getSort - 0ms
2020-2-18 16:42:34 :POST /user/getSort - 2ms
2020-2-18 16:42:34 :OPTIONS /user/getGoods - 1ms
2020-2-18 16:42:34 :POST /user/getGoods - 3ms
2020-2-18 16:42:34 :OPTIONS /user/getSort - 1ms
2020-2-18 16:42:34 :POST /user/getSort - 3ms
2020-2-18 16:42:34 :OPTIONS /user/getGoods - 0ms
2020-2-18 16:42:34 :POST /user/getGoods - 3ms
2020-2-18 16:42:34 :OPTIONS /user/getSort - 0ms
2020-2-18 16:42:34 :POST /user/getSort - 10ms
2020-2-18 16:42:34 :GET /file/getImg?imagePath=1582015801297logo.jpg - 404
2020-2-18 16:42:34 :POST /user/getSort - 3ms
2020-2-18 16:42:34 :OPTIONS /user/getSort - 0ms
2020-2-18 16:42:34 :POST /user/getSort - 3ms
2020-2-18 16:42:34 :OPTIONS /file/upFile - 1ms
2020-2-18 16:42:34 :POST /file/upFile - 33ms
2020-2-18 16:42:34 :OPTIONS /user/addGoods - 1ms
2020-2-18 16:42:34 :POST /user/addGoods - 2ms
2020-2-18 16:42:34 :OPTIONS /user/getSort - 0ms
2020-2-18 16:42:34 :POST /user/getSort - 3ms
2020-2-18 16:42:34 :OPTIONS /user/getGoods - 0ms
2020-2-18 16:42:34 :POST /user/getGoods - 4ms
2020-2-18 16:42:34 :GET /file/getImg?imagePath=1582015801297logo.jpg - 404
2020-2-18 16:42:34 :OPTIONS /user/getSort - 0ms
2020-2-18 16:42:34 :POST /user/getSort - 24ms
2020-2-18 16:42:34 :OPTIONS /user/getSort - 0ms
2020-2-18 16:42:34 :POST /user/getSort - 3ms
2020-2-18 16:42:34 :OPTIONS /user/getSort - 0ms
2020-2-18 16:42:34 :POST /user/getSort - 3ms
2020-2-18 16:42:34 :OPTIONS /user/getGoods - 0ms
2020-2-18 16:42:34 :POST /user/getGoods - 2ms
2020-2-18 16:42:34 :OPTIONS /user/delGoods - 0ms
2020-2-18 16:42:34 :POST /user/delGoods - 1ms
2020-2-18 16:42:34 :GET /file/getImg?imagePath=1582015801297logo.jpg - 404
2020-2-18 16:42:34 :OPTIONS /user/getSort - 0ms
2020-2-18 16:42:34 :POST /user/getSort - 3ms
2020-2-18 16:42:34 :OPTIONS /user/getGoods - 1ms
2020-2-18 16:42:34 :POST /user/getGoods - 5ms
2020-2-18 16:42:34 :OPTIONS /user/getSort - 0ms
2020-2-18 16:42:34 :GET /file/getImg?imagePath=1582015801297logo.jpg - 404
2020-2-18 16:42:34 :POST /user/getSort - 5ms
2020-2-18 16:42:34 :OPTIONS /user/getSort - 1ms
2020-2-18 16:42:34 :POST /user/getSort - 11ms
2020-2-18 16:42:34 :OPTIONS /user/getGoods - 0ms
2020-2-18 16:42:34 :POST /user/getGoods - 5ms
2020-2-18 16:42:34 :GET /file/getImg?imagePath=1582015801297logo.jpg - 404
2020-2-18 16:42:34 :OPTIONS /user/getSort - 0ms
2020-2-18 16:42:34 :POST /user/getSort - 3ms
2020-2-18 16:42:34 :OPTIONS /user/delGoods - 0ms
2020-2-18 16:42:34 :POST /user/delGoods - 3ms
2020-2-18 16:42:34 :POST /user/delGoods - 2ms
2020-2-18 16:42:34 :OPTIONS /user/getGoods - 0ms
2020-2-18 16:42:34 :POST /user/getGoods - 3ms
2020-2-18 16:42:34 :OPTIONS /user/getGoods - 1ms
2020-2-18 16:42:34 :POST /user/getGoods - 3ms
2020-2-18 16:42:34 :GET /file/getImg?imagePath=1582015801297logo.jpg - 404
2020-2-18 16:42:34 :OPTIONS /user/getSort - 0ms
2020-2-18 16:42:34 :POST /user/getSort - 4ms
2020-2-18 16:42:34 :OPTIONS /user/delGoods - 1ms
2020-2-18 16:42:34 :POST /user/delGoods - 1ms
2020-2-18 16:42:34 :OPTIONS /user/addGoods - 0ms
2020-2-18 16:42:34 :POST /user/addGoods - 2ms
2020-2-18 16:42:34 :OPTIONS /user/getGoods - 1ms
2020-2-18 16:42:34 :POST /user/getGoods - 3ms
2020-2-18 16:42:34 :OPTIONS /user/getGoods - 1ms
2020-2-18 16:42:34 :POST /user/getGoods - 3ms
2020-2-18 16:42:34 :GET /file/getImg?imagePath=1582015801297logo.jpg - 404
2020-2-18 16:42:34 :OPTIONS /user/getSort - 1ms
2020-2-18 16:42:34 :POST /user/getSort - 20ms
2020-2-18 16:42:34 :OPTIONS /user/delGoods - 0ms
2020-2-18 16:42:34 :POST /user/delGoods - 1ms
2020-2-18 16:42:34 :OPTIONS /user/addGoods - 0ms
2020-2-18 16:42:34 :POST /user/addGoods - 1ms
2020-2-18 16:42:34 :OPTIONS /user/getGoods - 0ms
2020-2-18 16:42:34 :POST /user/getGoods - 4ms
2020-2-18 16:42:34 :OPTIONS /user/delGoods - 0ms
2020-2-18 16:42:34 :POST /user/delGoods - 1ms
2020-2-18 16:42:34 :POST /user/delGoods - 1ms
2020-2-18 16:42:34 :OPTIONS /user/getGoods - 1ms
2020-2-18 16:42:34 :POST /user/getGoods - 2ms
2020-2-18 16:42:34 :OPTIONS /user/getGoods - 0ms
2020-2-18 16:42:34 :POST /user/getGoods - 2ms
2020-2-18 16:42:34 :OPTIONS /user/getSort - 0ms
2020-2-18 16:42:34 :GET /file/getImg?imagePath=1582015801297logo.jpg - 404
2020-2-18 16:42:34 :POST /user/getSort - 3ms
2020-2-18 16:42:34 :OPTIONS /user/getGoods - 1ms
2020-2-18 16:42:34 :POST /user/getGoods - 3ms
2020-2-18 16:42:34 :GET /file/getImg?imagePath=1582015801297logo.jpg - 404
2020-2-18 16:42:34 :OPTIONS /user/getSort - 1ms
2020-2-18 16:42:34 :POST /user/getSort - 4ms
2020-2-18 16:42:34 :OPTIONS /user/delGoods - 0ms
2020-2-18 16:42:34 :POST /user/delGoods - 1ms
2020-2-18 16:42:34 :OPTIONS /user/getGoods - 0ms
2020-2-18 16:42:34 :POST /user/getGoods - 4ms
2020-2-18 16:42:34 :OPTIONS /user/getSort - 0ms
2020-2-18 16:42:34 :POST /user/getSort - 3ms
2020-2-18 16:42:34 :OPTIONS /file/upFile - 1ms
2020-2-18 16:42:34 :POST /file/upFile - 19ms
2020-2-18 16:42:34 :OPTIONS /user/addGoods - 0ms
2020-2-18 16:42:34 :POST /user/addGoods - 1ms
2020-2-18 16:42:34 :GET /file/getImg?imagePath=1582018348134logo.jpg - 404
2020-2-18 16:42:34 :OPTIONS /user/getGoods - 0ms
2020-2-18 16:42:34 :POST /user/getGoods - 3ms
2020-2-18 16:42:34 :OPTIONS /user/delGoods - 0ms
2020-2-18 16:42:34 :POST /user/delGoods - 1ms
2020-2-18 16:42:34 :OPTIONS /user/getSort - 0ms
2020-2-18 16:42:34 :POST /user/getSort - 3ms
2020-2-18 16:42:34 :OPTIONS /file/upFile - 0ms
2020-2-18 16:42:34 :POST /file/upFile - 12ms
2020-2-18 16:42:34 :OPTIONS /user/addGoods - 0ms
2020-2-18 16:42:34 :POST /user/addGoods - 1ms
2020-2-18 16:42:34 :GET /file/getImg?imagePath=1582018439064logo.jpg - 404
2020-2-18 16:42:34 :OPTIONS /user/getGoods - 0ms
2020-2-18 16:42:34 :POST /user/getGoods - 3ms
2020-2-18 16:42:34 :OPTIONS /user/delGoods - 0ms
2020-2-18 16:42:34 :POST /user/delGoods - 2ms
2020-2-18 16:42:34 :OPTIONS /user/getSort - 0ms
2020-2-18 16:42:34 :POST /user/getSort - 3ms
2020-2-18 16:42:34 :OPTIONS /file/upFile - 0ms
2020-2-18 16:42:34 :POST /file/upFile - 13ms
2020-2-18 16:42:34 :OPTIONS /user/addGoods - 0ms
2020-2-18 16:42:34 :POST /user/addGoods - 2ms
2020-2-18 16:42:34 :GET /file/getImg?imagePath=1582018455651logo.jpg - 404
2020-2-18 16:42:34 :OPTIONS /user/delGoods - 0ms
2020-2-18 16:42:34 :POST /user/delGoods - 1ms
2020-2-18 16:42:34 :POST /user/addGoods - 1ms
2020-2-18 16:42:34 :OPTIONS /user/getGoods - 0ms
2020-2-18 16:42:34 :POST /user/getGoods - 2ms
2020-2-18 16:42:34 :OPTIONS /user/getSort - 0ms
2020-2-18 16:42:34 :POST /user/getSort - 3ms
2020-2-18 16:42:34 :OPTIONS /file/upFile - 0ms
2020-2-18 16:42:34 :POST /file/upFile - 12ms
2020-2-18 16:42:34 :OPTIONS /user/addGoods - 0ms
2020-2-18 16:42:34 :POST /user/addGoods - 1ms
2020-2-18 16:42:34 :GET /file/getImg?imagePath=1582018527100item-detail-1.jpg - 404
2020-2-18 16:42:34 :OPTIONS /user/delGoods - 0ms
2020-2-18 16:42:34 :POST /user/delGoods - 1ms
2020-2-18 16:42:34 :OPTIONS /user/addGoods - 0ms
2020-2-18 16:42:34 :POST /user/addGoods - 1ms
2020-2-18 16:42:34 :OPTIONS /user/getGoods - 0ms
2020-2-18 16:42:34 :POST /user/getGoods - 3ms
2020-2-18 16:42:34 :OPTIONS /user/getGoods - 0ms
2020-2-18 16:42:34 :POST /user/getGoods - 3ms
2020-2-18 16:42:34 :OPTIONS /user/getGoods - 0ms
2020-2-18 16:42:34 :POST /user/getGoods - 3ms
2020-2-18 16:42:34 :POST /user/getGoods - 3ms
2020-2-18 16:42:34 :OPTIONS /user/getSort - 0ms
2020-2-18 16:42:34 :POST /user/getSort - 5ms
2020-2-18 16:42:34 :OPTIONS /user/getGoods - 0ms
2020-2-18 16:42:34 :POST /user/getGoods - 3ms
2020-2-18 16:42:34 :OPTIONS /user/getGoods - 0ms
2020-2-18 16:42:34 :POST /user/getGoods - 3ms
2020-2-18 16:42:34 :OPTIONS /user/getGoods - 0ms
2020-2-18 16:42:34 :POST /user/getGoods - 3ms
2020-2-18 16:42:34 :POST /user/getGoods - 4ms
2020-2-18 16:42:34 :OPTIONS /user/getGoods - 0ms
2020-2-18 16:42:34 :POST /user/getGoods - 4ms
2020-2-18 16:42:34 :POST /user/getGoods - 4ms
2020-2-18 16:42:34 :OPTIONS /user/getGoods - 0ms
2020-2-18 16:42:34 :POST /user/getGoods - 4ms
2020-2-18 16:42:34 :OPTIONS /user/getGoods - 0ms
2020-2-18 16:42:34 :POST /user/getGoods - 3ms
2020-2-18 16:42:34 :POST /user/getGoods - 3ms
2020-2-18 16:42:34 :OPTIONS /user/getGoods - 0ms
2020-2-18 16:42:34 :POST /user/getGoods - 3ms
2020-2-18 16:42:34 :OPTIONS /user/getGoods - 0ms
2020-2-18 16:42:34 :POST /user/getGoods - 3ms
2020-2-18 16:42:34 :OPTIONS /user/getSort - 1ms
2020-2-18 16:42:34 :POST /user/getSort - 6ms
2020-2-18 16:42:34 :OPTIONS /user/getGoods - 0ms
2020-2-18 16:42:34 :POST /user/getGoods - 3ms
2020-2-18 16:42:34 :POST /user/getGoods - 2ms
2020-2-18 16:42:34 :OPTIONS /user/getGoods - 0ms
2020-2-18 16:42:34 :POST /user/getGoods - 2ms
2020-2-18 16:42:34 :POST /user/getGoods - 5ms
2020-2-18 16:42:34 :OPTIONS /user/getGoods - 0ms
2020-2-18 16:42:34 :POST /user/getGoods - 5ms
2020-2-18 16:42:34 :OPTIONS /user/getGoods - 0ms
2020-2-18 16:42:34 :POST /user/getGoods - 5ms
2020-2-18 16:42:34 :OPTIONS /user/getGoods - 0ms
2020-2-18 16:42:34 :POST /user/getGoods - 5ms
2020-2-18 16:42:34 :POST /user/getGoods - 5ms
2020-2-18 16:42:34 :OPTIONS /user/getGoods - 0ms
2020-2-18 16:42:34 :POST /user/getGoods - 4ms
2020-2-18 16:42:34 :OPTIONS /user/getGoods - 0ms
2020-2-18 16:42:34 :POST /user/getGoods - 14ms
2020-2-18 16:42:34 :POST /user/getGoods - 8ms
2020-2-18 16:42:34 :OPTIONS /user/getGoods - 0ms
2020-2-18 16:42:34 :POST /user/getGoods - 4ms
2020-2-18 16:42:34 :OPTIONS /user/getGoods - 0ms
2020-2-18 16:42:34 :POST /user/getGoods - 6ms
2020-2-18 16:42:34 :OPTIONS /user/getGoods - 0ms
2020-2-18 16:42:34 :POST /user/getGoods - 3ms
2020-2-18 16:42:34 :POST /user/getGoods - 4ms
2020-2-18 16:42:34 :OPTIONS /user/getGoods - 0ms
2020-2-18 16:42:34 :POST /user/getGoods - 2ms
2020-2-18 16:42:34 :POST /user/getGoods - 4ms
2020-2-18 16:42:34 :OPTIONS /user/getGoods - 0ms
2020-2-18 16:42:34 :POST /user/getGoods - 2ms
2020-2-18 16:42:34 :OPTIONS /user/getSort - 0ms
2020-2-18 16:42:34 :POST /user/getSort - 3ms
2020-2-18 16:42:34 :POST /user/getGoods - 6ms
2020-2-18 16:42:34 :OPTIONS /user/getGoods - 0ms
2020-2-18 16:42:34 :POST /user/getGoods - 3ms
2020-2-18 16:42:34 :OPTIONS /user/getGoods - 0ms
2020-2-18 16:42:34 :POST /user/getGoods - 4ms
2020-2-18 16:42:34 :POST /user/getGoods - 8ms
2020-2-18 16:42:34 :GET /file/getImg?imagePath=1582018455651logo.jpg - 404
2020-2-18 16:42:34 :OPTIONS /user/getSort - 0ms
2020-2-18 16:42:34 :POST /user/getSort - 3ms
2020-2-18 16:42:34 :OPTIONS /user/getGoods - 0ms
2020-2-18 16:42:34 :POST /user/getGoods - 3ms
2020-2-18 16:42:34 :GET /file/getImg?imagePath=1582018455651logo.jpg - 404
2020-2-18 16:42:34 :OPTIONS /user/getSort - 0ms
2020-2-18 16:42:34 :POST /user/getSort - 3ms
2020-2-18 16:42:34 :OPTIONS /user/getSort - 1ms
2020-2-18 16:42:34 :POST /user/getSort - 3ms
2020-2-18 16:42:34 :OPTIONS /user/getSort - 0ms
2020-2-18 16:42:34 :POST /user/getSort - 3ms
2020-2-18 16:42:34 :OPTIONS /user/delGoods - 0ms
2020-2-18 16:42:34 :POST /user/delGoods - 1ms
2020-2-18 16:42:34 :OPTIONS /user/addGoods - 0ms
2020-2-18 16:42:34 :POST /user/addGoods - 1ms
2020-2-18 16:42:34 :OPTIONS /user/delGoods - 0ms
2020-2-18 16:42:34 :POST /user/delGoods - 2ms
2020-2-18 16:42:34 :OPTIONS /user/addGoods - 0ms
2020-2-18 16:42:34 :POST /user/addGoods - 2ms
2020-2-18 16:42:34 :OPTIONS /user/getGoods - 0ms
2020-2-18 16:42:34 :POST /user/getGoods - 3ms
2020-2-18 16:42:34 :OPTIONS /user/getGoods - 0ms
2020-2-18 16:42:34 :POST /user/getGoods - 3ms
2020-2-18 16:42:34 :OPTIONS /user/delGoods - 0ms
2020-2-18 16:42:34 :POST /user/delGoods - 1ms
2020-2-18 16:42:34 :OPTIONS /user/getSort - 0ms
2020-2-18 16:42:34 :POST /user/getSort - 3ms
2020-2-18 16:42:34 :OPTIONS /file/upFile - 0ms
2020-2-18 16:42:34 :POST /file/upFile - 19ms
2020-2-18 16:42:34 :OPTIONS /user/addGoods - 0ms
2020-2-18 16:42:34 :POST /user/addGoods - 2ms
2020-2-18 16:42:34 :GET /file/getImg?imagePath=1582020402763item-detail-2.jpg - 404
2020-2-18 16:42:34 :OPTIONS /user/getGoods - 0ms
2020-2-18 16:42:34 :POST /user/getGoods - 3ms
2020-2-18 16:42:34 :OPTIONS /user/getSort - 0ms
2020-2-18 16:42:34 :POST /user/getSort - 3ms
2020-2-18 16:42:34 :OPTIONS /user/delGoods - 1ms
2020-2-18 16:42:34 :POST /user/delGoods - 1ms
2020-2-18 16:42:34 :OPTIONS /user/addGoods - 0ms
2020-2-18 16:42:34 :POST /user/addGoods - 1ms
2020-2-18 16:42:34 :OPTIONS /user/getSort - 0ms
2020-2-18 16:42:34 :POST /user/getSort - 2ms
2020-2-18 16:42:34 :OPTIONS /user/getGoods - 0ms
2020-2-18 16:42:34 :POST /user/getGoods - 7ms
2020-2-18 16:42:34 :OPTIONS /user/delGoods - 0ms
2020-2-18 16:42:34 :POST /user/delGoods - 0ms
2020-2-18 16:42:34 :OPTIONS /user/getSort - 0ms
2020-2-18 16:42:34 :POST /user/getSort - 3ms
2020-2-18 16:42:34 :OPTIONS /file/upFile - 1ms
2020-2-18 16:42:34 :POST /file/upFile - 14ms
2020-2-18 16:42:34 :OPTIONS /user/addGoods - 0ms
2020-2-18 16:42:34 :POST /user/addGoods - 1ms
2020-2-18 16:42:34 :GET /file/getImg?imagePath=1582020493021item-detail-2.jpg - 404
2020-2-18 16:42:34 :OPTIONS /user/getGoods - 0ms
2020-2-18 16:42:34 :POST /user/getGoods - 2ms
2020-2-18 16:42:34 :POST /user/getGoods - 2ms
2020-2-18 16:42:34 :OPTIONS /user/getSort - 0ms
2020-2-18 16:42:34 :POST /user/getSort - 3ms
2020-2-18 16:42:34 :OPTIONS /user/getGoods - 0ms
2020-2-18 16:42:34 :POST /user/getGoods - 3ms
2020-2-18 16:42:34 :OPTIONS /user/getSort - 0ms
2020-2-18 16:42:34 :POST /user/getSort - 2ms
2020-2-18 16:42:34 :OPTIONS /user/delGoods - 1ms
2020-2-18 16:42:34 :POST /user/delGoods - 2ms
2020-2-18 16:42:34 :OPTIONS /user/addGoods - 0ms
2020-2-18 16:42:34 :POST /user/addGoods - 1ms
2020-2-18 16:42:34 :OPTIONS /user/getGoods - 0ms
2020-2-18 16:42:34 :POST /user/getGoods - 2ms
2020-2-18 16:42:34 :OPTIONS /user/getSort - 0ms
2020-2-18 16:42:34 :POST /user/getSort - 3ms
2020-2-18 16:42:34 :OPTIONS /file/upFile - 0ms
2020-2-18 16:42:34 :POST /file/upFile - 12ms
2020-2-18 16:42:34 :OPTIONS /user/addGoods - 0ms
2020-2-18 16:42:34 :POST /user/addGoods - 1ms
2020-2-18 16:42:34 :GET /file/getImg?imagePath=1582020604623item-detail-2.jpg - 404
2020-2-18 16:42:34 :OPTIONS /user/getGoods - 0ms
2020-2-18 16:42:34 :POST /user/getGoods - 3ms
2020-2-18 16:42:34 :GET /file/getImg?imagePath=1582020604623item-detail-2.jpg - 404
2020-2-18 16:42:34 :OPTIONS /user/getSort - 0ms
2020-2-18 16:42:34 :POST /user/getSort - 3ms
2020-2-18 16:42:34 :OPTIONS /user/getGoods - 0ms
2020-2-18 16:42:34 :POST /user/getGoods - 3ms
2020-2-18 16:42:34 :OPTIONS /user/getGoods - 0ms
2020-2-18 16:42:34 :POST /user/getGoods - 32ms
2020-2-18 16:42:34 :OPTIONS /user/getSort - 1ms
2020-2-18 16:42:34 :POST /user/getSort - 4ms
2020-2-18 16:42:34 :OPTIONS /user/getGoods - 0ms
2020-2-18 16:42:34 :POST /user/getGoods - 3ms
2020-2-18 16:42:34 :OPTIONS /user/getSort - 2ms
2020-2-18 16:42:34 :POST /user/getSort - 4ms
2020-2-18 16:42:34 :POST /user/getGoods - 3ms
2020-2-18 16:42:34 :POST /user/getGoods - 3ms
2020-2-18 16:42:34 :POST /user/getSort - 3ms
2020-2-18 16:42:34 :OPTIONS /user/getSort - 0ms
2020-2-18 16:42:34 :OPTIONS /user/getGoods - 0ms
2020-2-18 16:42:34 :POST /user/getGoods - 7ms
2020-2-18 16:42:34 :POST /user/getSort - 5ms
2020-2-18 16:42:34 :OPTIONS /user/getGoods - 0ms
2020-2-18 16:42:34 :OPTIONS /user/getSort - 0ms
2020-2-18 16:42:34 :POST /user/getSort - 6ms
2020-2-18 16:42:34 :POST /user/getGoods - 7ms
2020-2-18 16:42:34 :OPTIONS /user/getGoods - 0ms
2020-2-18 16:42:34 :OPTIONS /user/getSort - 0ms
2020-2-18 16:42:34 :POST /user/getGoods - 5ms
2020-2-18 16:42:34 :POST /user/getSort - 5ms
2020-2-18 16:42:34 :POST /user/getGoods - 7ms
2020-2-18 16:42:34 :POST /user/getSort - 5ms
2020-2-18 16:42:34 :OPTIONS /user/getGoods - 0ms
2020-2-18 16:42:34 :OPTIONS /user/getSort - 0ms
2020-2-18 16:42:34 :POST /user/getGoods - 35ms
2020-2-18 16:42:34 :POST /user/getSort - 34ms
2020-2-18 16:42:34 :OPTIONS /user/getGoods - 1ms
2020-2-18 16:42:34 :OPTIONS /user/getSort - 1ms
2020-2-18 16:42:34 :POST /user/getGoods - 5ms
2020-2-18 16:42:34 :POST /user/getSort - 4ms
2020-2-18 16:42:34 :OPTIONS /user/getGoods - 0ms
2020-2-18 16:42:34 :OPTIONS /user/getSort - 0ms
2020-2-18 16:42:34 :POST /user/getGoods - 8ms
2020-2-18 16:42:34 :POST /user/getSort - 7ms
2020-2-18 16:42:34 :OPTIONS /user/getGoods - 0ms
2020-2-18 16:42:34 :OPTIONS /user/getSort - 0ms
2020-2-18 16:42:34 :POST /user/getGoods - 34ms
2020-2-18 16:42:34 :POST /user/getSort - 3ms
2020-2-18 16:42:34 :OPTIONS /user/getGoods - 0ms
2020-2-18 16:42:34 :OPTIONS /user/getSort - 0ms
2020-2-18 16:42:34 :POST /user/getGoods - 6ms
2020-2-18 16:42:34 :POST /user/getSort - 4ms
2020-2-18 16:42:34 :OPTIONS /user/getGoods - 0ms
2020-2-18 16:42:34 :OPTIONS /user/getSort - 0ms
2020-2-18 16:42:34 :POST /user/getSort - 5ms
2020-2-18 16:42:34 :POST /user/getGoods - 6ms
2020-2-18 16:42:34 :OPTIONS /user/getGoods - 0ms
2020-2-18 16:42:34 :OPTIONS /user/getSort - 1ms
2020-2-18 16:42:34 :POST /user/getGoods - 7ms
2020-2-18 16:42:34 :POST /user/getSort - 5ms
2020-2-18 16:42:34 :OPTIONS /user/getGoods - 0ms
2020-2-18 16:42:34 :OPTIONS /user/getSort - 1ms
2020-2-18 16:42:34 :POST /user/getGoods - 7ms
2020-2-18 16:42:34 :POST /user/getSort - 6ms
2020-2-18 16:42:34 :OPTIONS /user/getGoods - 0ms
2020-2-18 16:42:34 :OPTIONS /user/getSort - 0ms
2020-2-18 16:42:34 :POST /user/getGoods - 6ms
2020-2-18 16:42:34 :POST /user/getSort - 5ms
2020-2-18 16:42:34 :OPTIONS /user/getGoods - 0ms
2020-2-18 16:42:34 :POST /user/getGoods - 3ms
2020-2-18 16:42:34 :OPTIONS /user/getSort - 0ms
2020-2-18 16:42:34 :POST /user/getSort - 3ms
2020-2-18 16:42:34 :OPTIONS /user/getGoods - 0ms
2020-2-18 16:42:34 :POST /user/getGoods - 2ms
2020-2-18 16:42:34 :OPTIONS /user/getSort - 0ms
2020-2-18 16:42:34 :POST /user/getSort - 3ms
2020-2-18 16:42:34 :OPTIONS /user/getGoods - 0ms
2020-2-18 16:42:34 :OPTIONS /user/getGoods - 0ms
2020-2-18 16:42:34 :OPTIONS /user/getGoods - 1ms
2020-2-18 16:42:34 :OPTIONS /user/getGoods - 0ms
2020-2-18 16:42:34 :OPTIONS /user/getGoods - 0ms
2020-2-18 16:42:34 :POST /user/getGoods - 18ms
2020-2-18 16:42:34 :POST /user/getGoods - 12ms
2020-2-18 16:42:34 :POST /user/getGoods - 21ms
2020-2-18 16:42:34 :POST /user/getGoods - 19ms
2020-2-18 16:42:34 :POST /user/getGoods - 82ms
2020-2-18 16:42:34 :POST /user/getGoods - 64ms
2020-2-18 16:42:34 :POST /user/getGoods - 7ms
2020-2-18 16:42:34 :POST /user/getGoods - 6ms
2020-2-18 16:42:34 :POST /user/getGoods - 56ms
2020-2-18 16:42:34 :POST /user/getGoods - 60ms
2020-2-18 16:42:34 :POST /user/getGoods - 82ms
2020-2-18 16:42:34 :POST /user/getGoods - 105ms
2020-2-18 16:42:34 :OPTIONS /user/getGoods - 0ms
2020-2-18 16:42:34 :OPTIONS /user/getGoods - 0ms
2020-2-18 16:42:34 :POST /user/getGoods - 9ms
2020-2-18 16:42:34 :OPTIONS /user/getGoods - 0ms
2020-2-18 16:42:34 :OPTIONS /user/getGoods - 0ms
2020-2-18 16:42:34 :POST /user/getGoods - 5ms
2020-2-18 16:42:34 :POST /user/getGoods - 26ms
2020-2-18 16:42:34 :POST /user/getGoods - 10ms
2020-2-18 16:42:34 :POST /user/getGoods - 12ms
2020-2-18 16:42:34 :POST /user/getGoods - 3ms
2020-2-18 16:42:34 :POST /user/getGoods - 7ms
2020-2-18 16:42:34 :POST /user/getGoods - 15ms
2020-2-18 16:42:34 :POST /user/getGoods - 18ms
2020-2-18 16:42:34 :POST /user/getGoods - 16ms
2020-2-18 16:42:34 :OPTIONS /user/getGoods - 9ms
2020-2-18 16:42:34 :POST /user/getGoods - 53ms
2020-2-18 16:42:34 :POST /user/getGoods - 26ms
2020-2-18 16:42:34 :OPTIONS /user/getGoods - 0ms
2020-2-18 16:42:34 :OPTIONS /user/getGoods - 0ms
2020-2-18 16:42:34 :OPTIONS /user/getGoods - 0ms
2020-2-18 16:42:34 :POST /user/getGoods - 14ms
2020-2-18 16:42:34 :POST /user/getGoods - 8ms
2020-2-18 16:42:34 :POST /user/getGoods - 4ms
2020-2-18 16:42:34 :POST /user/getGoods - 6ms
2020-2-18 16:42:34 :POST /user/getGoods - 21ms
2020-2-18 16:42:34 :POST /user/getGoods - 8ms
2020-2-18 16:42:34 :POST /user/getGoods - 8ms
2020-2-18 16:42:34 :POST /user/getGoods - 32ms
2020-2-18 16:42:34 :OPTIONS /user/getGoods - 0ms
2020-2-18 16:42:34 :POST /user/getGoods - 12ms
2020-2-18 16:42:34 :POST /user/getGoods - 35ms
2020-2-18 16:42:34 :OPTIONS /user/getGoods - 7ms
2020-2-18 16:42:34 :POST /user/getGoods - 5ms
2020-2-18 16:42:34 :OPTIONS /user/getGoods - 0ms
2020-2-18 16:42:34 :POST /user/getGoods - 56ms
2020-2-18 16:42:34 :OPTIONS /user/getGoods - 0ms
2020-2-18 16:42:34 :POST /user/getGoods - 5ms
2020-2-18 16:42:34 :OPTIONS /user/getGoods - 0ms
2020-2-18 16:42:34 :OPTIONS /user/getGoods - 0ms
2020-2-18 16:42:34 :OPTIONS /user/getGoods - 0ms
2020-2-18 16:42:34 :OPTIONS /user/getGoods - 0ms
2020-2-18 16:42:34 :OPTIONS /user/getGoods - 0ms
2020-2-18 16:42:34 :POST /user/getGoods - 9ms
2020-2-18 16:42:34 :POST /user/getGoods - 5ms
2020-2-18 16:42:34 :POST /user/getGoods - 16ms
2020-2-18 16:42:34 :POST /user/getGoods - 19ms
2020-2-18 16:42:34 :POST /user/getGoods - 3ms
2020-2-18 16:42:34 :POST /user/getGoods - 4ms
2020-2-18 16:42:34 :POST /user/getGoods - 4ms
2020-2-18 16:42:34 :POST /user/getGoods - 11ms
2020-2-18 16:42:34 :POST /user/getGoods - 29ms
2020-2-18 16:42:34 :POST /user/getGoods - 29ms
2020-2-18 16:42:34 :POST /user/getGoods - 27ms
2020-2-18 16:42:34 :POST /user/getGoods - 14ms
2020-2-18 16:42:34 :OPTIONS /user/getGoods - 0ms
2020-2-18 16:42:34 :OPTIONS /user/getSort - 0ms
2020-2-18 16:42:34 :POST /user/getGoods - 6ms
2020-2-18 16:42:34 :POST /user/getSort - 35ms
2020-2-18 16:42:34 :OPTIONS /user/getGoods - 0ms
2020-2-18 16:42:34 :POST /user/getGoods - 3ms
2020-2-18 16:42:34 :OPTIONS /user/getGoods - 0ms
2020-2-18 16:42:34 :POST /user/getGoods - 3ms
2020-2-18 16:42:34 :OPTIONS /user/getGoods - 0ms
2020-2-18 16:42:34 :OPTIONS /user/getSort - 0ms
2020-2-18 16:42:34 :POST /user/getGoods - 33ms
2020-2-18 16:42:34 :POST /user/getSort - 4ms
2020-2-18 16:42:34 :OPTIONS /user/getGoods - 0ms
2020-2-18 16:42:34 :POST /user/getGoods - 8ms
2020-2-18 16:42:34 :OPTIONS /user/getSort - 0ms
2020-2-18 16:42:34 :POST /user/getSort - 4ms
2020-2-18 16:42:34 :POST /user/getGoods - 7ms
2020-2-18 16:42:34 :OPTIONS /user/getGoods - 0ms
2020-2-18 16:42:34 :POST /user/getGoods - 3ms
2020-2-18 16:42:34 :POST /user/getGoods - 7ms
2020-2-18 16:42:34 :OPTIONS /user/getGoods - 0ms
2020-2-18 16:42:34 :OPTIONS /user/getSort - 0ms
2020-2-18 16:42:34 :POST /user/getGoods - 6ms
2020-2-18 16:42:34 :POST /user/getSort - 5ms
2020-2-18 16:42:34 :POST /user/getGoods - 3ms
2020-2-18 16:42:34 :OPTIONS /user/getGoods - 0ms
2020-2-18 16:42:34 :OPTIONS /user/getSort - 0ms
2020-2-18 16:42:34 :POST /user/getGoods - 5ms
2020-2-18 16:42:34 :POST /user/getSort - 3ms
2020-2-18 16:42:34 :POST /user/getGoods - 3ms
2020-2-18 16:42:34 :POST /user/getSort - 3ms
2020-2-18 16:42:34 :OPTIONS /user/getSort - 0ms
2020-2-18 16:42:34 :OPTIONS /user/getGoods - 1ms
2020-2-18 16:42:34 :POST /user/getSort - 5ms
2020-2-18 16:42:34 :POST /user/getGoods - 29ms
2020-2-18 16:42:34 :OPTIONS /user/getGoods - 0ms
2020-2-18 16:42:34 :OPTIONS /user/getSort - 0ms
2020-2-18 16:42:34 :POST /user/getGoods - 6ms
2020-2-18 16:42:34 :POST /user/getSort - 6ms
2020-2-18 16:42:34 :OPTIONS /user/getGoods - 1ms
2020-2-18 16:42:34 :POST /user/getGoods - 3ms
2020-2-18 16:42:34 :OPTIONS /user/getSort - 0ms
2020-2-18 16:42:34 :POST /user/getSort - 3ms
2020-2-18 16:42:34 :OPTIONS /user/getGoods - 0ms
2020-2-18 16:42:34 :OPTIONS /user/getSort - 0ms
2020-2-18 16:42:34 :POST /user/getGoods - 5ms
2020-2-18 16:42:34 :POST /user/getSort - 5ms
2020-2-18 16:42:34 :GET /file/getImg?imagePath=1582020493021item-detail-2.jpg - 404
2020-2-18 16:42:34 :GET /file/getImg?imagePath=1582020604623item-detail-2.jpg - 404
2020-2-18 16:42:34 :OPTIONS /user/getGoods - 0ms
2020-2-18 16:42:34 :POST /user/getGoods - 3ms
2020-2-18 16:42:34 :OPTIONS /user/getSort - 1ms
2020-2-18 16:42:34 :POST /user/getSort - 4ms
2020-2-18 16:42:34 :GET /file/getImg?imagePath=1582020493021item-detail-2.jpg - 404
2020-2-18 16:42:34 :GET /file/getImg?imagePath=1582020604623item-detail-2.jpg - 404
2020-2-18 16:42:34 :OPTIONS /user/getGoods - 0ms
2020-2-18 16:42:34 :POST /user/getGoods - 3ms
2020-2-18 16:42:34 :POST /user/getGoods - 3ms
2020-2-18 16:42:34 :GET /file/getImg?imagePath=1582020493021item-detail-2.jpg - 404
2020-2-18 16:42:34 :POST /user/getGoods - 6ms
2020-2-18 16:42:34 :GET /file/getImg?imagePath=1582020604623item-detail-2.jpg - 404
2020-2-18 16:42:34 :POST /user/getGoods - 4ms
2020-2-18 16:42:34 :POST /user/getGoods - 4ms
2020-2-18 16:42:34 :POST /user/getGoods - 4ms
2020-2-18 16:42:34 :POST /user/getGoods - 3ms
2020-2-18 16:42:34 :POST /user/getGoods - 4ms
2020-2-18 16:42:34 :POST /user/getGoods - 4ms
2020-2-18 16:42:34 :POST /user/getGoods - 2ms
2020-2-18 16:42:34 :OPTIONS /user/getGoods - 0ms
2020-2-18 16:42:34 :POST /user/getGoods - 3ms
2020-2-18 16:42:34 :POST /user/getGoods - 4ms
2020-2-18 16:42:34 :POST /user/getGoods - 5ms
2020-2-18 16:42:34 :POST /user/getGoods - 3ms
2020-2-18 16:42:34 :POST /user/getGoods - 6ms
2020-2-18 16:42:34 :POST /user/getGoods - 5ms
2020-2-18 16:42:34 :OPTIONS /user/getGoods - 0ms
2020-2-18 16:42:34 :POST /user/getGoods - 34ms
2020-2-18 16:42:34 :OPTIONS /user/getSort - 0ms
2020-2-18 16:42:34 :POST /user/getSort - 2ms
2020-2-18 16:42:34 :OPTIONS /user/getGoods - 0ms
2020-2-18 16:42:34 :OPTIONS /user/getSort - 0ms
2020-2-18 16:42:34 :POST /user/getGoods - 9ms
2020-2-18 16:42:34 :POST /user/getSort - 7ms
2020-2-18 16:42:34 :POST /user/getGoods - 5ms
2020-2-18 16:42:34 :POST /user/getSort - 4ms
2020-2-18 16:42:34 :OPTIONS /user/getGoods - 1ms
2020-2-18 16:42:34 :OPTIONS /user/getSort - 0ms
2020-2-18 16:42:34 :POST /user/getGoods - 13ms
2020-2-18 16:42:34 :POST /user/getSort - 37ms
2020-2-18 16:42:34 :POST /user/getGoods - 13ms
2020-2-18 16:42:34 :POST /user/getSort - 8ms
2020-2-18 16:42:34 :POST /user/getGoods - 6ms
2020-2-18 16:42:34 :POST /user/getSort - 5ms
2020-2-18 16:42:34 :OPTIONS /user/getGoods - 0ms
2020-2-18 16:42:34 :OPTIONS /user/getSort - 0ms
2020-2-18 16:42:34 :POST /user/getGoods - 7ms
2020-2-18 16:42:34 :POST /user/getSort - 5ms
2020-2-18 16:42:34 :OPTIONS /user/getGoods - 0ms
2020-2-18 16:42:34 :OPTIONS /user/getSort - 0ms
2020-2-18 16:42:34 :POST /user/getGoods - 9ms
2020-2-18 16:42:34 :POST /user/getSort - 5ms
2020-2-18 16:42:34 :OPTIONS /user/getGoods - 0ms
2020-2-18 16:42:34 :OPTIONS /user/getSort - 0ms
2020-2-18 16:42:34 :POST /user/getGoods - 37ms
2020-2-18 16:42:34 :POST /user/getSort - 37ms
2020-2-18 16:42:34 :OPTIONS /user/getGoods - 0ms
2020-2-18 16:42:34 :OPTIONS /user/getSort - 1ms
2020-2-18 16:42:34 :POST /user/getSort - 3ms
2020-2-18 16:42:34 :POST /user/getGoods - 16ms
2020-2-18 16:42:34 :OPTIONS /user/getGoods - 0ms
2020-2-18 16:42:34 :OPTIONS /user/getSort - 0ms
2020-2-18 16:42:34 :POST /user/getGoods - 48ms
2020-2-18 16:42:34 :POST /user/getSort - 62ms
2020-2-18 16:42:34 :GET /file/getImg?imagePath=1582020493021item-detail-2.jpg - 404
2020-2-18 16:42:34 :GET /file/getImg?imagePath=1582020604623item-detail-2.jpg - 404
2020-2-18 16:42:34 :OPTIONS /user/getGoods - 0ms
2020-2-18 16:42:34 :POST /user/getGoods - 6ms
2020-2-18 16:42:34 :OPTIONS /user/getSort - 0ms
2020-2-18 16:42:34 :POST /user/getSort - 41ms
2020-2-18 16:42:34 :GET /file/getImg?imagePath=1582020493021item-detail-2.jpg - 404
2020-2-18 16:42:34 :GET /file/getImg?imagePath=1582020604623item-detail-2.jpg - 404
2020-2-18 16:42:34 :OPTIONS /user/getGoods - 0ms
2020-2-18 16:42:34 :POST /user/getGoods - 3ms
2020-2-18 16:42:34 :OPTIONS /user/getSort - 0ms
2020-2-18 16:42:34 :POST /user/getSort - 5ms
2020-2-18 16:42:34 :GET /file/getImg?imagePath=1582020493021item-detail-2.jpg - 404
2020-2-18 16:42:34 :GET /file/getImg?imagePath=1582020604623item-detail-2.jpg - 404
2020-2-18 16:42:34 :OPTIONS /user/getGoods - 0ms
2020-2-18 16:42:34 :OPTIONS /user/getSort - 0ms
2020-2-18 16:42:34 :POST /user/getGoods - 4ms
2020-2-18 16:42:34 :POST /user/getSort - 2ms
2020-2-18 16:42:34 :GET /file/getImg?imagePath=1582020493021item-detail-2.jpg - 404
2020-2-18 16:42:34 :GET /file/getImg?imagePath=1582020604623item-detail-2.jpg - 404
2020-2-18 16:42:34 :OPTIONS /user/getGoods - 0ms
2020-2-18 16:42:34 :OPTIONS /user/getSort - 0ms
2020-2-18 16:42:34 :POST /user/getGoods - 6ms
2020-2-18 16:42:34 :POST /user/getSort - 4ms
2020-2-18 16:42:34 :GET /file/getImg?imagePath=1582020493021item-detail-2.jpg - 404
2020-2-18 16:42:34 :GET /file/getImg?imagePath=1582020604623item-detail-2.jpg - 404
2020-2-18 16:42:34 :OPTIONS /user/getSort - 0ms
2020-2-18 16:42:34 :OPTIONS /user/getGoods - 0ms
2020-2-18 16:42:34 :POST /user/getGoods - 4ms
2020-2-18 16:42:34 :POST /user/getSort - 5ms
2020-2-18 16:42:34 :GET /file/getImg?imagePath=1582020493021item-detail-2.jpg - 404
2020-2-18 16:42:34 :GET /file/getImg?imagePath=1582020604623item-detail-2.jpg - 404
2020-2-18 16:42:34 :OPTIONS /user/getGoods - 1ms
2020-2-18 16:42:34 :POST /user/getGoods - 9ms
2020-2-18 16:42:34 :POST /user/getGoods - 5ms
2020-2-18 16:42:34 :OPTIONS /user/getGoods - 0ms
2020-2-18 16:42:34 :POST /user/getGoods - 3ms
2020-2-18 16:42:34 :POST /user/getGoods - 4ms
2020-2-18 16:42:34 :POST /user/getGoods - 3ms
2020-2-18 16:42:34 :POST /user/getGoods - 3ms
2020-2-18 16:42:34 :POST /user/getGoods - 6ms
2020-2-18 20:16:19 :OPTIONS /user/getGoods - 6ms
2020-2-18 20:16:19 :OPTIONS /user/getSort - 0ms
2020-2-18 20:16:19 :POST /user/getGoods - 31ms
2020-2-18 20:16:19 :POST /user/getSort - 20ms
2020-2-18 20:16:19 :GET /file/getImg?imagePath=1582020493021item-detail-2.jpg - 404
2020-2-18 20:16:19 :GET /file/getImg?imagePath=1582020604623item-detail-2.jpg - 404
2020-2-18 20:16:19 :OPTIONS /user/getGoods - 1ms
2020-2-18 20:16:19 :POST /user/getGoods - 22ms
2020-2-18 20:16:19 :POST /user/getGoods - 6ms
2020-2-18 20:16:19 :POST /user/getGoods - 5ms
2020-2-18 20:16:19 :POST /user/getGoods - 5ms
2020-2-18 20:16:19 :OPTIONS /user/login - 1ms
2020-2-18 20:16:19 :POST /user/login - 5ms
2020-2-18 20:16:19 :GET /file/getImg?imagePath=1581956326637logo.jpg - 404
2020-2-18 20:16:19 :GET /file/getImg?imagePath=1581956326637logo.jpg - 404
2020-2-18 20:16:19 :OPTIONS /user/getGoods - 0ms
2020-2-18 20:16:19 :OPTIONS /user/getSort - 0ms
2020-2-18 20:16:19 :POST /user/getGoods - 10ms
2020-2-18 20:16:19 :POST /user/getSort - 9ms
2020-2-18 20:16:19 :GET /file/getImg?imagePath=1582020493021item-detail-2.jpg - 404
2020-2-18 20:16:19 :GET /file/getImg?imagePath=1582020604623item-detail-2.jpg - 404
2020-2-18 20:16:19 :POST /user/getGoods - 7ms
2020-2-18 20:16:19 :POST /user/getSort - 7ms
2020-2-18 20:16:19 :OPTIONS /user/getSort - 0ms
2020-2-18 20:16:19 :POST /user/getSort - 5ms
2020-2-18 20:16:19 :OPTIONS /user/getGoods - 0ms
2020-2-18 20:16:19 :POST /user/getGoods - 26ms
2020-2-18 20:16:19 :POST /user/getSort - 7ms
2020-2-18 20:16:19 :POST /user/getGoods - 8ms
2020-2-18 20:16:19 :POST /user/getGoods - 4ms
2020-2-18 20:16:19 :POST /user/getSort - 12ms
2020-2-18 20:16:19 :GET /file/getImg?imagePath=1581956326637logo.jpg - 404
2020-2-18 20:16:19 :GET /file/getImg?imagePath=1581956326637logo.jpg - 404
2020-2-18 20:16:19 :OPTIONS /user/addAddress - 0ms
2020-2-18 20:51:7 :OPTIONS /user/addAddress - 5ms
2020-2-18 20:51:7 :POST /user/addAddress - 14ms
2020-2-18 20:51:7 :OPTIONS /user/addAddress - 1ms
2020-2-18 20:51:7 :POST /user/addAddress - 4ms
2020-2-18 20:51:7 :OPTIONS /user/getAddress - 1ms
2020-2-18 20:51:7 :POST /user/getAddress - 16ms
2020-2-18 20:51:7 :OPTIONS /user/getAddress - 0ms
2020-2-18 20:51:7 :POST /user/getAddress - 4ms
2020-2-18 20:51:7 :OPTIONS /user/getAddress - 0ms
2020-2-18 20:51:7 :POST /user/getAddress - 4ms
2020-2-18 20:51:7 :OPTIONS /user/getAddress - 0ms
2020-2-18 20:51:7 :POST /user/getAddress - 6ms
2020-2-18 20:51:7 :OPTIONS /user/getAddress - 0ms
2020-2-18 20:51:7 :POST /user/getAddress - 7ms
2020-2-18 20:51:7 :OPTIONS /user/getAddress - 0ms
2020-2-18 20:51:7 :POST /user/getAddress - 3ms
2020-2-18 20:51:7 :OPTIONS /user/getAddress - 1ms
2020-2-18 20:51:7 :POST /user/getAddress - 3ms
2020-2-18 20:51:7 :OPTIONS /user/getAddress - 1ms
2020-2-18 20:51:7 :POST /user/getAddress - 4ms
2020-2-18 20:51:7 :OPTIONS /user/getAddress - 0ms
2020-2-18 20:51:7 :POST /user/getAddress - 5ms
2020-2-18 20:51:7 :OPTIONS /user/getAddress - 0ms
2020-2-18 20:51:7 :POST /user/getAddress - 5ms
2020-2-18 20:51:7 :POST /user/getAddress - 12ms
2020-2-18 20:51:7 :OPTIONS /user/getAddress - 0ms
2020-2-18 20:51:7 :POST /user/getAddress - 4ms
2020-2-18 20:51:7 :OPTIONS /user/delAddress - 0ms
2020-2-18 20:51:7 :POST /user/delAddress - 4ms
2020-2-18 20:51:7 :OPTIONS /user/delAddress - 0ms
2020-2-18 20:51:7 :POST /user/delAddress - 2ms
2020-2-18 20:51:7 :OPTIONS /user/getAddress - 0ms
2020-2-18 20:51:7 :POST /user/getAddress - 4ms
2020-2-18 20:51:7 :OPTIONS /user/getAddress - 0ms
2020-2-18 20:51:7 :POST /user/getAddress - 2ms
2020-2-18 20:51:7 :OPTIONS /user/addAddress - 0ms
2020-2-18 20:51:7 :POST /user/addAddress - 2ms
2020-2-18 20:51:7 :OPTIONS /user/getAddress - 1ms
2020-2-18 20:51:7 :POST /user/getAddress - 3ms
2020-2-18 20:51:7 :GET /file/getImg?imagePath=1581956326637logo.jpg - 404
2020-2-18 20:51:7 :OPTIONS /user/getGoods - 0ms
2020-2-18 20:51:7 :OPTIONS /user/getSort - 1ms
2020-2-18 20:51:7 :POST /user/getGoods - 8ms
2020-2-18 20:51:7 :POST /user/getSort - 8ms
2020-2-18 20:51:7 :GET /file/getImg?imagePath=1582020493021item-detail-2.jpg - 404
2020-2-18 20:51:7 :GET /file/getImg?imagePath=1582020604623item-detail-2.jpg - 404
2020-2-18 20:51:7 :POST /user/getGoods - 14ms
2020-2-18 20:51:7 :POST /user/getSort - 8ms
2020-2-18 20:51:7 :OPTIONS /user/getAddress - 0ms
2020-2-18 20:51:7 :POST /user/getAddress - 4ms
2020-2-18 20:51:7 :OPTIONS /user/addAddress - 0ms
2020-2-18 20:51:7 :POST /user/addAddress - 3ms
2020-2-18 20:51:7 :OPTIONS /user/getAddress - 0ms
2020-2-18 20:51:7 :POST /user/getAddress - 4ms
2020-2-18 20:51:7 :OPTIONS /user/getAddress - 0ms
2020-2-18 20:51:7 :POST /user/getAddress - 4ms
2020-2-18 20:51:7 :POST /user/getAddress - 4ms
2020-2-18 20:51:7 :OPTIONS /user/getGoods - 0ms
2020-2-18 20:51:7 :POST /user/getGoods - 5ms
2020-2-18 20:51:7 :OPTIONS /user/getSort - 7ms
2020-2-18 20:51:7 :POST /user/getSort - 34ms
2020-2-18 20:51:7 :OPTIONS /user/getGoods - 0ms
2020-2-18 20:51:7 :OPTIONS /user/getSort - 0ms
2020-2-18 20:51:7 :POST /user/getGoods - 13ms
2020-2-18 20:51:7 :POST /user/getSort - 12ms
2020-2-18 20:51:7 :GET /file/getImg?imagePath=1582020493021item-detail-2.jpg - 404
2020-2-18 20:51:7 :GET /file/getImg?imagePath=1582020604623item-detail-2.jpg - 404
2020-2-18 20:51:7 :OPTIONS /user/getAddress - 0ms
2020-2-18 20:51:7 :POST /user/getAddress - 26ms
2020-2-18 20:51:7 :OPTIONS /user/getAddress - 0ms
2020-2-18 20:51:7 :POST /user/getAddress - 4ms
2020-2-18 20:51:7 :OPTIONS /user/getAddress - 0ms
2020-2-18 20:51:7 :POST /user/getAddress - 3ms
2020-2-18 20:51:7 :OPTIONS /user/getGoods - 0ms
2020-2-18 20:51:7 :OPTIONS /user/getSort - 0ms
2020-2-18 20:51:7 :OPTIONS /user/getAddress - 0ms
2020-2-18 20:51:7 :POST /user/getAddress - 6ms
2020-2-18 20:51:7 :POST /user/getGoods - 9ms
2020-2-18 20:51:7 :POST /user/getSort - 12ms
2020-2-18 20:51:7 :GET /file/getImg?imagePath=1582020493021item-detail-2.jpg - 404
2020-2-18 20:51:7 :GET /file/getImg?imagePath=1582020604623item-detail-2.jpg - 404
2020-2-18 20:51:7 :OPTIONS /user/getAddress - 0ms
2020-2-18 20:51:7 :POST /user/getAddress - 3ms
2020-2-18 20:51:7 :OPTIONS /user/getGoods - 1ms
2020-2-18 20:51:7 :POST /user/getGoods - 3ms
2020-2-18 20:51:7 :OPTIONS /user/getSort - 1ms
2020-2-18 20:51:7 :POST /user/getSort - 4ms
2020-2-18 20:51:7 :OPTIONS /user/getAddress - 0ms
2020-2-18 20:51:7 :POST /user/getAddress - 4ms
2020-2-18 20:51:7 :GET /file/getImg?imagePath=1582020493021item-detail-2.jpg - 404
2020-2-18 20:51:7 :GET /file/getImg?imagePath=1582020604623item-detail-2.jpg - 404
2020-2-18 20:51:7 :POST /user/getAddress - 3ms
2020-2-18 20:51:7 :OPTIONS /user/getSort - 0ms
2020-2-18 20:51:7 :OPTIONS /user/getGoods - 1ms
2020-2-18 20:51:7 :POST /user/getGoods - 6ms
2020-2-18 20:51:7 :POST /user/getSort - 58ms
2020-2-18 20:51:7 :OPTIONS /user/getAddress - 6ms
2020-2-18 20:51:7 :GET /file/getImg?imagePath=1582020493021item-detail-2.jpg - 404
2020-2-18 20:51:7 :GET /file/getImg?imagePath=1582020604623item-detail-2.jpg - 404
2020-2-18 20:51:7 :POST /user/getAddress - 97ms
2020-2-18 20:51:7 :OPTIONS /user/getGoods - 0ms
2020-2-18 20:51:7 :OPTIONS /user/getSort - 0ms
2020-2-18 20:51:7 :OPTIONS /user/getAddress - 0ms
2020-2-18 20:51:7 :POST /user/getSort - 6ms
2020-2-18 20:51:7 :POST /user/getGoods - 8ms
2020-2-18 20:51:7 :POST /user/getAddress - 6ms
2020-2-18 20:51:7 :GET /file/getImg?imagePath=1582020493021item-detail-2.jpg - 404
2020-2-18 20:51:7 :GET /file/getImg?imagePath=1582020604623item-detail-2.jpg - 404
2020-2-18 20:51:7 :GET /file/getImg?imagePath=1581956326637logo.jpg - 404
2020-2-18 20:51:7 :OPTIONS /user/getAddress - 1ms
2020-2-18 20:51:7 :POST /user/getAddress - 4ms
2020-2-18 20:51:7 :OPTIONS /user/getAddress - 1ms
2020-2-18 20:51:7 :POST /user/getAddress - 4ms
2020-2-18 20:51:7 :OPTIONS /user/getSort - 0ms
2020-2-18 20:51:7 :OPTIONS /user/getGoods - 0ms
2020-2-18 20:51:7 :OPTIONS /user/getAddress - 0ms
2020-2-18 20:51:7 :POST /user/getAddress - 4ms
2020-2-18 20:51:7 :POST /user/getGoods - 3ms
2020-2-18 20:51:7 :POST /user/getSort - 5ms
2020-2-18 20:51:7 :OPTIONS /user/getAddress - 0ms
2020-2-18 20:51:7 :POST /user/getAddress - 3ms
2020-2-18 20:51:7 :OPTIONS /user/getAddress - 1ms
2020-2-18 20:51:7 :POST /user/getAddress - 3ms
2020-2-18 20:51:7 :OPTIONS /user/getGoods - 0ms
2020-2-18 20:51:7 :OPTIONS /user/getAddress - 0ms
2020-2-18 20:51:7 :POST /user/getAddress - 4ms
2020-2-18 20:51:7 :OPTIONS /user/getSort - 0ms
2020-2-18 20:51:7 :POST /user/getGoods - 79ms
2020-2-18 20:51:7 :POST /user/getSort - 15ms
2020-2-18 20:51:7 :GET /file/getImg?imagePath=1582020604623item-detail-2.jpg - 404
2020-2-18 20:51:7 :GET /file/getImg?imagePath=1582020493021item-detail-2.jpg - 404
2020-2-18 20:51:7 :OPTIONS /user/getAddress - 0ms
2020-2-18 20:51:7 :POST /user/getAddress - 2ms
2020-2-18 20:51:7 :OPTIONS /user/getAddress - 0ms
2020-2-18 20:51:7 :POST /user/getAddress - 4ms
2020-2-18 20:51:7 :OPTIONS /user/getGoods - 0ms
2020-2-18 20:51:7 :OPTIONS /user/getAddress - 1ms
2020-2-18 20:51:7 :OPTIONS /user/getSort - 0ms
2020-2-18 20:51:7 :POST /user/getSort - 4ms
2020-2-18 20:51:7 :POST /user/getGoods - 5ms
2020-2-18 20:51:7 :POST /user/getAddress - 5ms
2020-2-18 20:51:7 :GET /file/getImg?imagePath=1582020493021item-detail-2.jpg - 404
2020-2-18 20:51:7 :GET /file/getImg?imagePath=1582020604623item-detail-2.jpg - 404
2020-2-18 20:51:7 :OPTIONS /user/getAddress - 1ms
2020-2-18 20:51:7 :POST /user/getAddress - 4ms
2020-2-18 20:51:7 :OPTIONS /user/getGoods - 0ms
2020-2-18 20:51:7 :OPTIONS /user/getSort - 0ms
2020-2-18 20:51:7 :OPTIONS /user/getAddress - 0ms
2020-2-18 20:51:7 :POST /user/getAddress - 3ms
2020-2-18 20:51:7 :POST /user/getGoods - 9ms
2020-2-18 20:51:7 :POST /user/getSort - 5ms
2020-2-18 20:51:7 :GET /file/getImg?imagePath=1582020493021item-detail-2.jpg - 404
2020-2-18 20:51:7 :GET /file/getImg?imagePath=1582020604623item-detail-2.jpg - 404
2020-2-18 20:51:7 :OPTIONS /user/getAddress - 0ms
2020-2-18 20:51:7 :POST /user/getAddress - 4ms
2020-2-18 20:51:7 :OPTIONS /user/getGoods - 0ms
2020-2-18 20:51:7 :OPTIONS /user/getAddress - 0ms
2020-2-18 20:51:7 :OPTIONS /user/getSort - 0ms
2020-2-18 20:51:7 :POST /user/getGoods - 7ms
2020-2-18 20:51:7 :POST /user/getAddress - 3ms
2020-2-18 20:51:7 :POST /user/getSort - 5ms
2020-2-18 20:51:7 :GET /file/getImg?imagePath=1582020493021item-detail-2.jpg - 404
2020-2-18 20:51:7 :GET /file/getImg?imagePath=1582020604623item-detail-2.jpg - 404
2020-2-18 20:51:7 :OPTIONS /user/getAddress - 1ms
2020-2-18 20:51:7 :POST /user/getAddress - 3ms
2020-2-18 20:51:7 :OPTIONS /user/getAddress - 0ms
2020-2-18 20:51:7 :POST /user/getAddress - 4ms
2020-2-18 20:51:7 :OPTIONS /user/getGoods - 0ms
2020-2-18 20:51:7 :OPTIONS /user/getSort - 0ms
2020-2-18 20:51:7 :POST /user/getGoods - 6ms
2020-2-18 20:51:7 :POST /user/getSort - 5ms
2020-2-18 20:51:7 :POST /user/getAddress - 4ms
2020-2-18 20:51:7 :GET /file/getImg?imagePath=1582020493021item-detail-2.jpg - 404
2020-2-18 20:51:7 :GET /file/getImg?imagePath=1582020604623item-detail-2.jpg - 404
2020-2-18 20:51:7 :OPTIONS /user/getAddress - 0ms
2020-2-18 20:51:7 :POST /user/getAddress - 3ms
2020-2-18 20:51:7 :POST /user/getAddress - 4ms
2020-2-18 20:51:7 :OPTIONS /user/getGoods - 0ms
2020-2-18 20:51:7 :POST /user/getGoods - 4ms
2020-2-18 20:51:7 :OPTIONS /user/getAddress - 0ms
2020-2-18 20:51:7 :OPTIONS /user/getSort - 0ms
2020-2-18 20:51:7 :POST /user/getAddress - 5ms
2020-2-18 20:51:7 :POST /user/getSort - 6ms
2020-2-18 20:51:7 :GET /file/getImg?imagePath=1582020493021item-detail-2.jpg - 404
2020-2-18 20:51:7 :GET /file/getImg?imagePath=1582020604623item-detail-2.jpg - 404
2020-2-18 20:51:7 :OPTIONS /user/getAddress - 0ms
2020-2-18 20:51:7 :POST /user/getAddress - 3ms
2020-2-18 20:51:7 :OPTIONS /user/getGoods - 0ms
2020-2-18 20:51:7 :OPTIONS /user/getSort - 0ms
2020-2-18 20:51:7 :POST /user/getSort - 10ms
2020-2-18 20:51:7 :POST /user/getGoods - 15ms
2020-2-18 20:51:7 :GET /file/getImg?imagePath=1582020493021item-detail-2.jpg - 404
2020-2-18 20:51:7 :GET /file/getImg?imagePath=1582020604623item-detail-2.jpg - 404
2020-2-18 20:51:7 :OPTIONS /user/getAddress - 0ms
2020-2-18 20:51:7 :POST /user/getAddress - 3ms
2020-2-18 20:51:7 :OPTIONS /user/getAddress - 0ms
2020-2-18 20:51:7 :POST /user/getAddress - 4ms
2020-2-18 20:51:7 :OPTIONS /user/getAddress - 0ms
2020-2-18 20:51:7 :POST /user/getAddress - 4ms
2020-2-18 20:51:7 :OPTIONS /user/getAddress - 0ms
2020-2-18 20:51:7 :POST /user/getAddress - 3ms
2020-2-18 20:51:7 :POST /user/getAddress - 3ms
2020-2-18 20:51:7 :OPTIONS /user/getGoods - 0ms
2020-2-18 20:51:7 :OPTIONS /user/getSort - 0ms
2020-2-18 20:51:7 :OPTIONS /user/getAddress - 1ms
2020-2-18 20:51:7 :POST /user/getGoods - 7ms
2020-2-18 20:51:7 :POST /user/getAddress - 6ms
2020-2-18 20:51:7 :POST /user/getSort - 49ms
2020-2-18 20:51:7 :GET /file/getImg?imagePath=1582020493021item-detail-2.jpg - 404
2020-2-18 20:51:7 :GET /file/getImg?imagePath=1582020604623item-detail-2.jpg - 404
2020-2-18 20:51:7 :OPTIONS /user/getGoods - 0ms
2020-2-18 20:51:7 :OPTIONS /user/getSort - 0ms
2020-2-18 20:51:7 :POST /user/getGoods - 7ms
2020-2-18 20:51:7 :OPTIONS /user/getAddress - 0ms
2020-2-18 20:51:7 :POST /user/getSort - 4ms
2020-2-18 20:51:7 :POST /user/getAddress - 4ms
2020-2-18 20:51:7 :GET /file/getImg?imagePath=1582020493021item-detail-2.jpg - 404
2020-2-18 20:51:7 :GET /file/getImg?imagePath=1582020604623item-detail-2.jpg - 404
2020-2-18 20:51:7 :OPTIONS /user/getGoods - 0ms
2020-2-18 20:51:7 :OPTIONS /user/getSort - 0ms
2020-2-18 20:51:7 :OPTIONS /user/getAddress - 0ms
2020-2-18 20:51:7 :POST /user/getGoods - 6ms
2020-2-18 20:51:7 :POST /user/getSort - 5ms
2020-2-18 20:51:7 :POST /user/getAddress - 7ms
2020-2-18 20:51:7 :GET /file/getImg?imagePath=1582020493021item-detail-2.jpg - 404
2020-2-18 20:51:7 :GET /file/getImg?imagePath=1582020604623item-detail-2.jpg - 404
2020-2-18 20:51:7 :OPTIONS /user/getAddress - 1ms
2020-2-18 20:51:7 :POST /user/getAddress - 2ms
2020-2-18 20:51:7 :OPTIONS /user/getAddress - 0ms
2020-2-18 20:51:7 :POST /user/getAddress - 2ms
2020-2-18 20:51:7 :OPTIONS /user/getAddress - 0ms
2020-2-18 20:51:7 :POST /user/getAddress - 3ms
2020-2-18 20:51:7 :OPTIONS /user/getGoods - 0ms
2020-2-18 20:51:7 :OPTIONS /user/getAddress - 0ms
2020-2-18 20:51:7 :OPTIONS /user/getSort - 0ms
2020-2-18 20:51:7 :POST /user/getGoods - 3ms
2020-2-18 20:51:7 :POST /user/getSort - 7ms
2020-2-18 20:51:7 :POST /user/getAddress - 7ms
2020-2-18 20:51:7 :GET /file/getImg?imagePath=1582020493021item-detail-2.jpg - 404
2020-2-18 20:51:7 :GET /file/getImg?imagePath=1582020604623item-detail-2.jpg - 404
2020-2-18 20:51:7 :OPTIONS /user/getAddress - 0ms
2020-2-18 20:51:7 :POST /user/getAddress - 3ms
2020-2-18 20:51:7 :OPTIONS /user/getAddress - 0ms
2020-2-18 20:51:7 :POST /user/getAddress - 3ms
2020-2-18 20:51:7 :OPTIONS /user/getGoods - 0ms
2020-2-18 20:51:7 :POST /user/getGoods - 4ms
2020-2-18 20:51:7 :OPTIONS /user/getSort - 0ms
2020-2-18 20:51:7 :POST /user/getSort - 2ms
2020-2-18 20:51:7 :OPTIONS /user/getAddress - 0ms
2020-2-18 20:51:7 :POST /user/getAddress - 3ms
2020-2-18 20:51:7 :GET /file/getImg?imagePath=1582020493021item-detail-2.jpg - 404
2020-2-18 20:51:7 :GET /file/getImg?imagePath=1582020604623item-detail-2.jpg - 404
2020-2-18 20:51:7 :OPTIONS /user/getAddress - 1ms
2020-2-18 20:51:7 :POST /user/getAddress - 9ms
2020-2-18 20:51:7 :OPTIONS /user/getAddress - 1ms
2020-2-18 20:51:7 :POST /user/getAddress - 4ms
2020-2-18 20:51:7 :OPTIONS /user/getAddress - 0ms
2020-2-18 20:51:7 :POST /user/getAddress - 4ms
2020-2-18 20:51:7 :OPTIONS /user/getAddress - 0ms
2020-2-18 20:51:7 :POST /user/getAddress - 5ms
2020-2-18 20:51:7 :OPTIONS /user/getAddress - 0ms
2020-2-18 20:51:7 :POST /user/getAddress - 4ms
2020-2-18 20:51:7 :OPTIONS /user/getAddress - 0ms
2020-2-18 20:51:7 :POST /user/getAddress - 3ms
2020-2-18 20:51:7 :OPTIONS /user/getGoods - 1ms
2020-2-18 20:51:7 :OPTIONS /user/getAddress - 0ms
2020-2-18 20:51:7 :OPTIONS /user/getSort - 0ms
2020-2-18 20:51:7 :POST /user/getGoods - 8ms
2020-2-18 20:51:7 :POST /user/getSort - 3ms
2020-2-18 20:51:7 :POST /user/getAddress - 15ms
2020-2-18 20:51:7 :GET /file/getImg?imagePath=1582020493021item-detail-2.jpg - 404
2020-2-18 20:51:7 :GET /file/getImg?imagePath=1582020604623item-detail-2.jpg - 404
2020-2-18 20:51:7 :OPTIONS /user/getAddress - 0ms
2020-2-18 20:51:7 :POST /user/getAddress - 2ms
2020-2-18 20:51:7 :OPTIONS /user/getAddress - 1ms
2020-2-18 20:51:7 :POST /user/getAddress - 3ms
2020-2-18 20:51:7 :OPTIONS /user/getAddress - 0ms
2020-2-18 20:51:7 :POST /user/getAddress - 4ms
2020-2-18 20:51:7 :OPTIONS /user/getGoods - 0ms
2020-2-18 20:51:7 :POST /user/getGoods - 3ms
2020-2-18 20:51:7 :OPTIONS /user/getSort - 0ms
2020-2-18 20:51:7 :POST /user/getSort - 3ms
2020-2-18 20:51:7 :OPTIONS /user/getAddress - 0ms
2020-2-18 20:51:7 :POST /user/getAddress - 3ms
2020-2-18 20:51:7 :GET /file/getImg?imagePath=1582020493021item-detail-2.jpg - 404
2020-2-18 20:51:7 :GET /file/getImg?imagePath=1582020604623item-detail-2.jpg - 404
2020-2-18 20:51:7 :OPTIONS /user/getAddress - 0ms
2020-2-18 20:51:7 :POST /user/getAddress - 2ms
2020-2-18 20:51:7 :OPTIONS /user/getGoods - 0ms
2020-2-18 20:51:7 :POST /user/getGoods - 5ms
2020-2-18 20:51:7 :OPTIONS /user/getSort - 0ms
2020-2-18 20:51:7 :OPTIONS /user/getAddress - 0ms
2020-2-18 20:51:7 :POST /user/getSort - 3ms
2020-2-18 20:51:7 :POST /user/getAddress - 3ms
2020-2-18 20:51:7 :GET /file/getImg?imagePath=1582020493021item-detail-2.jpg - 404
2020-2-18 20:51:7 :GET /file/getImg?imagePath=1582020604623item-detail-2.jpg - 404
2020-2-18 20:51:7 :OPTIONS /user/getGoods - 0ms
2020-2-18 20:51:7 :OPTIONS /user/getSort - 1ms
2020-2-18 20:51:7 :POST /user/getGoods - 5ms
2020-2-18 20:51:7 :OPTIONS /user/getAddress - 0ms
2020-2-18 20:51:7 :POST /user/getSort - 3ms
2020-2-18 20:51:7 :POST /user/getAddress - 3ms
2020-2-18 20:51:7 :GET /file/getImg?imagePath=1582020493021item-detail-2.jpg - 404
2020-2-18 20:51:7 :GET /file/getImg?imagePath=1582020604623item-detail-2.jpg - 404
2020-2-18 20:51:7 :OPTIONS /user/getGoods - 1ms
2020-2-18 20:51:7 :OPTIONS /user/getSort - 0ms
2020-2-18 20:51:7 :OPTIONS /user/getAddress - 0ms
2020-2-18 20:51:7 :POST /user/getGoods - 18ms
2020-2-18 20:51:7 :POST /user/getSort - 11ms
2020-2-18 20:51:7 :POST /user/getAddress - 7ms
2020-2-18 20:51:7 :GET /file/getImg?imagePath=1582020493021item-detail-2.jpg - 404
2020-2-18 20:51:7 :GET /file/getImg?imagePath=1582020604623item-detail-2.jpg - 404
2020-2-18 20:51:7 :OPTIONS /user/getGoods - 0ms
2020-2-18 20:51:7 :OPTIONS /user/getSort - 1ms
2020-2-18 20:51:7 :POST /user/getGoods - 5ms
2020-2-18 20:51:7 :OPTIONS /user/getAddress - 0ms
2020-2-18 20:51:7 :POST /user/getSort - 5ms
2020-2-18 20:51:7 :POST /user/getAddress - 3ms
2020-2-18 20:51:7 :GET /file/getImg?imagePath=1582020493021item-detail-2.jpg - 404
2020-2-18 20:51:7 :GET /file/getImg?imagePath=1582020604623item-detail-2.jpg - 404
2020-2-18 20:51:7 :OPTIONS /user/getGoods - 1ms
2020-2-18 20:51:7 :OPTIONS /user/getSort - 0ms
2020-2-18 20:51:7 :POST /user/getGoods - 7ms
2020-2-18 20:51:7 :POST /user/getSort - 8ms
2020-2-18 20:51:7 :OPTIONS /user/getAddress - 0ms
2020-2-18 20:51:7 :POST /user/getAddress - 3ms
2020-2-18 20:51:7 :GET /file/getImg?imagePath=1582020493021item-detail-2.jpg - 404
2020-2-18 20:51:7 :GET /file/getImg?imagePath=1582020604623item-detail-2.jpg - 404
2020-2-18 20:51:7 :OPTIONS /user/getAddress - 1ms
2020-2-18 20:51:7 :POST /user/getAddress - 2ms
2020-2-18 20:51:7 :OPTIONS /user/getAddress - 0ms
2020-2-18 20:51:7 :POST /user/getAddress - 3ms
2020-2-18 20:51:7 :OPTIONS /user/getGoods - 0ms
2020-2-18 20:51:7 :OPTIONS /user/getSort - 0ms
2020-2-18 20:51:7 :OPTIONS /user/getAddress - 0ms
2020-2-18 20:51:7 :POST /user/getSort - 9ms
2020-2-18 20:51:7 :POST /user/getAddress - 4ms
2020-2-18 20:51:7 :POST /user/getGoods - 11ms
2020-2-18 20:51:7 :GET /file/getImg?imagePath=1582020493021item-detail-2.jpg - 404
2020-2-18 20:51:7 :GET /file/getImg?imagePath=1582020604623item-detail-2.jpg - 404
2020-2-18 20:51:7 :POST /user/getGoods - 6ms
2020-2-18 20:51:7 :POST /user/getSort - 8ms
2020-2-18 20:51:7 :POST /user/getAddress - 6ms
2020-2-18 20:51:7 :GET /file/getImg?imagePath=1582020493021item-detail-2.jpg - 404
2020-2-18 20:51:7 :GET /file/getImg?imagePath=1582020604623item-detail-2.jpg - 404
2020-2-18 20:51:7 :OPTIONS /user/getGoods - 0ms
2020-2-18 20:51:7 :OPTIONS /user/getAddress - 0ms
2020-2-18 20:51:7 :OPTIONS /user/getSort - 0ms
2020-2-18 20:51:7 :POST /user/getGoods - 12ms
2020-2-18 20:51:7 :POST /user/getSort - 12ms
2020-2-18 20:51:7 :POST /user/getAddress - 11ms
2020-2-18 20:51:7 :GET /file/getImg?imagePath=1582020493021item-detail-2.jpg - 404
2020-2-18 20:51:7 :GET /file/getImg?imagePath=1582020604623item-detail-2.jpg - 404
2020-2-18 20:51:7 :POST /user/getGoods - 8ms
2020-2-18 20:51:7 :POST /user/getSort - 10ms
2020-2-18 20:51:7 :POST /user/getAddress - 8ms
2020-2-18 20:51:7 :GET /file/getImg?imagePath=1582020493021item-detail-2.jpg - 404
2020-2-18 20:51:7 :GET /file/getImg?imagePath=1582020604623item-detail-2.jpg - 404
2020-2-18 20:51:7 :GET /file/getImg?imagePath=1581956326637logo.jpg - 404
2020-2-18 20:51:7 :GET /file/getImg?imagePath=1581956326637logo.jpg - 404
2020-2-18 20:51:7 :OPTIONS /user/getGoods - 0ms
2020-2-18 20:51:7 :OPTIONS /user/getAddress - 1ms
2020-2-18 20:51:7 :OPTIONS /user/getSort - 1ms
2020-2-18 20:51:7 :POST /user/getGoods - 6ms
2020-2-18 20:51:7 :POST /user/getSort - 6ms
2020-2-18 20:51:7 :POST /user/getAddress - 16ms
2020-2-18 20:51:7 :GET /file/getImg?imagePath=1582020493021item-detail-2.jpg - 404
2020-2-18 20:51:7 :GET /file/getImg?imagePath=1582020604623item-detail-2.jpg - 404
2020-2-18 20:51:7 :OPTIONS /user/getAddress - 1ms
2020-2-18 20:51:7 :POST /user/getAddress - 3ms
2020-2-18 20:51:7 :OPTIONS /user/getAddress - 0ms
2020-2-18 20:51:7 :POST /user/getAddress - 3ms
2020-2-18 20:51:7 :OPTIONS /user/getGoods - 0ms
2020-2-18 20:51:7 :OPTIONS /user/getSort - 0ms
2020-2-18 20:51:7 :POST /user/getGoods - 17ms
2020-2-18 20:51:7 :POST /user/getSort - 16ms
2020-2-18 20:51:7 :GET /file/getImg?imagePath=1582020493021item-detail-2.jpg - 404
2020-2-18 20:51:7 :GET /file/getImg?imagePath=1582020604623item-detail-2.jpg - 404
2020-2-18 20:51:7 :OPTIONS /user/getGoods - 0ms
2020-2-18 20:51:7 :OPTIONS /user/getAddress - 0ms
2020-2-18 20:51:7 :OPTIONS /user/getSort - 0ms
2020-2-18 20:51:7 :POST /user/getGoods - 4ms
2020-2-18 20:51:7 :POST /user/getAddress - 6ms
2020-2-18 20:51:7 :POST /user/getSort - 8ms
2020-2-18 20:51:7 :GET /file/getImg?imagePath=1582020493021item-detail-2.jpg - 404
2020-2-18 20:51:7 :GET /file/getImg?imagePath=1582020604623item-detail-2.jpg - 404
2020-2-18 20:51:7 :OPTIONS /user/getAddress - 0ms
2020-2-18 20:51:7 :POST /user/getAddress - 3ms
2020-2-18 20:51:7 :GET /file/getImg?imagePath=1581956326637logo.jpg - 404
2020-2-18 20:51:7 :GET /file/getImg?imagePath=1582020604623item-detail-2.jpg - 404
2020-2-18 20:51:7 :GET /file/getImg?imagePath=1582020604623item-detail-2.jpg - 404
2020-2-18 20:51:7 :GET /file/getImg?imagePath=1581956326637logo.jpg - 404
2020-2-18 20:51:7 :GET /file/getImg?imagePath=1582020604623item-detail-2.jpg - 404
2020-2-18 20:51:7 :GET /file/getImg?imagePath=1582020604623item-detail-2.jpg - 404
2020-2-18 20:51:7 :GET /file/getImg?imagePath=1581956326637logo.jpg - 404
2020-2-18 20:51:7 :OPTIONS /user/getGoods - 0ms
2020-2-18 20:51:7 :OPTIONS /user/getSort - 0ms
2020-2-18 20:51:7 :OPTIONS /user/getAddress - 0ms
2020-2-18 20:51:7 :POST /user/getGoods - 24ms
2020-2-18 20:51:7 :POST /user/getSort - 24ms
2020-2-18 20:51:7 :POST /user/getAddress - 22ms
2020-2-18 20:51:7 :GET /file/getImg?imagePath=1582020493021item-detail-2.jpg - 404
2020-2-18 20:51:7 :GET /file/getImg?imagePath=1582020604623item-detail-2.jpg - 404
2020-2-18 20:51:7 :OPTIONS /user/getGoods - 0ms
2020-2-18 20:51:7 :OPTIONS /user/getSort - 0ms
2020-2-18 20:51:7 :OPTIONS /user/getAddress - 0ms
2020-2-18 20:51:7 :POST /user/getGoods - 8ms
2020-2-18 20:51:7 :POST /user/getSort - 8ms
2020-2-18 20:51:7 :POST /user/getAddress - 4ms
2020-2-18 20:51:7 :OPTIONS /user/getGoods - 0ms
2020-2-18 20:51:7 :OPTIONS /user/getSort - 0ms
2020-2-18 20:51:7 :POST /user/getGoods - 5ms
2020-2-18 20:51:7 :OPTIONS /user/getAddress - 0ms
2020-2-18 20:51:7 :POST /user/getSort - 7ms
2020-2-18 20:51:7 :POST /user/getAddress - 4ms
2020-2-18 20:51:7 :OPTIONS /user/getAddress - 1ms
2020-2-18 20:51:7 :POST /user/getAddress - 4ms
2020-2-18 20:51:7 :GET /file/getImg?imagePath=1582020604623item-detail-2.jpg - 404
2020-2-18 20:51:7 :OPTIONS /user/getAddress - 0ms
2020-2-18 20:51:7 :POST /user/getAddress - 13ms
2020-2-18 20:51:7 :GET /file/getImg?imagePath=1581956326637logo.jpg - 404
2020-2-18 20:51:7 :OPTIONS /user/getGoods - 0ms
2020-2-18 20:51:7 :POST /user/getGoods - 3ms
2020-2-18 20:51:7 :OPTIONS /user/getAddress - 0ms
2020-2-18 20:51:7 :OPTIONS /user/getSort - 0ms
2020-2-18 20:51:7 :POST /user/getSort - 6ms
2020-2-18 20:51:7 :POST /user/getAddress - 7ms
2020-2-18 20:51:7 :GET /file/getImg?imagePath=1582020493021item-detail-2.jpg - 404
2020-2-18 20:51:7 :GET /file/getImg?imagePath=1582020493021item-detail-2.jpg - 404
2020-2-18 20:51:7 :OPTIONS /user/getGoods - 0ms
2020-2-18 20:51:7 :OPTIONS /user/getSort - 0ms
2020-2-18 20:51:7 :OPTIONS /user/getAddress - 0ms
2020-2-18 20:51:7 :POST /user/getGoods - 20ms
2020-2-18 20:51:7 :POST /user/getAddress - 20ms
2020-2-18 20:51:7 :POST /user/getSort - 16ms
2020-2-18 20:51:7 :GET /file/getImg?imagePath=1582020604623item-detail-2.jpg - 404
2020-2-18 20:51:7 :GET /file/getImg?imagePath=1581956326637logo.jpg - 404
2020-2-18 20:51:7 :POST /user/getGoods - 12ms
2020-2-18 20:51:7 :POST /user/getSort - 20ms
2020-2-18 20:51:7 :POST /user/getAddress - 20ms
2020-2-18 20:51:7 :POST /user/getGoods - 23ms
2020-2-18 20:51:7 :POST /user/getAddress - 19ms
2020-2-18 20:51:7 :POST /user/getSort - 24ms
2020-2-18 20:51:7 :OPTIONS /user/getSort - 1ms
2020-2-18 20:51:7 :OPTIONS /user/getGoods - 0ms
2020-2-18 20:51:7 :OPTIONS /user/getAddress - 0ms
2020-2-18 20:51:7 :POST /user/getSort - 8ms
2020-2-18 20:51:7 :POST /user/getAddress - 9ms
2020-2-18 20:51:7 :POST /user/getGoods - 8ms
2020-2-18 20:51:7 :POST /user/getAddress - 3ms
2020-2-18 20:51:7 :POST /user/getAddress - 14ms
2020-2-18 20:51:7 :OPTIONS /user/getAddress - 0ms
2020-2-18 20:51:7 :POST /user/getAddress - 4ms
2020-2-18 20:51:7 :OPTIONS /user/getAddress - 0ms
2020-2-18 20:51:7 :POST /user/getAddress - 3ms
2020-2-18 20:51:7 :OPTIONS /user/getAddress - 0ms
2020-2-18 20:51:7 :POST /user/getAddress - 5ms
2020-2-18 20:51:7 :GET /file/getImg?imagePath=1582020493021item-detail-2.jpg - 404
2020-2-18 20:51:7 :GET /file/getImg?imagePath=1582020493021item-detail-2.jpg - 404
2020-2-18 20:51:7 :OPTIONS /user/addPay - 0ms
2020-2-18 20:51:7 :POST /user/addPay - 1ms
2020-2-18 20:51:7 :GET /file/getImg?imagePath=1582020493021item-detail-2.jpg - 404
2020-2-18 20:51:7 :GET /file/getImg?imagePath=1582020493021item-detail-2.jpg - 404
2020-2-18 20:51:7 :GET /file/getImg?imagePath=1581956326637logo.jpg - 404
2020-2-18 20:51:7 :OPTIONS /user/getGoods - 0ms
2020-2-18 20:51:7 :OPTIONS /user/getSort - 1ms
2020-2-18 20:51:7 :OPTIONS /user/getAddress - 0ms
2020-2-18 20:51:7 :POST /user/getSort - 4ms
2020-2-18 20:51:7 :POST /user/getGoods - 19ms
2020-2-18 20:51:7 :POST /user/getAddress - 12ms
2020-2-18 20:51:7 :GET /file/getImg?imagePath=1582020604623item-detail-2.jpg - 404
2020-2-18 20:51:7 :GET /file/getImg?imagePath=1582020493021item-detail-2.jpg - 404
2020-2-18 20:51:7 :OPTIONS /user/getGoods - 0ms
2020-2-18 20:51:7 :OPTIONS /user/getSort - 0ms
2020-2-18 20:51:7 :OPTIONS /user/getAddress - 0ms
2020-2-18 20:51:7 :POST /user/getGoods - 8ms
2020-2-18 20:51:7 :POST /user/getSort - 11ms
2020-2-18 20:51:7 :POST /user/getAddress - 22ms
2020-2-18 20:51:7 :GET /file/getImg?imagePath=1582020604623item-detail-2.jpg - 404
2020-2-18 20:51:7 :OPTIONS /user/getAddress - 1ms
2020-2-18 20:51:7 :POST /user/getAddress - 3ms
2020-2-18 20:51:7 :POST /user/getAddress - 5ms
2020-2-18 20:51:7 :OPTIONS /user/getAddress - 0ms
2020-2-18 20:51:7 :POST /user/getAddress - 3ms
2020-2-18 20:51:7 :OPTIONS /user/addPay - 0ms
2020-2-18 20:51:7 :POST /user/addPay - 2ms
2020-2-18 20:51:7 :OPTIONS /user/addPay - 1ms
2020-2-18 20:51:7 :POST /user/addPay - 1ms
2020-2-18 20:51:7 :OPTIONS /user/addPay - 0ms
2020-2-18 20:51:7 :POST /user/addPay - 1ms
2020-2-18 20:51:7 :GET /file/getImg?imagePath=1582020604623item-detail-2.jpg - 404
2020-2-18 20:51:7 :GET /file/getImg?imagePath=1582020493021item-detail-2.jpg - 404
2020-2-18 20:51:7 :OPTIONS /user/getGoods - 0ms
2020-2-18 20:51:7 :OPTIONS /user/getSort - 1ms
2020-2-18 20:51:7 :POST /user/getGoods - 5ms
2020-2-18 20:51:7 :POST /user/getSort - 5ms
2020-2-18 20:51:7 :OPTIONS /user/getAddress - 0ms
2020-2-18 20:51:7 :POST /user/getAddress - 3ms
2020-2-18 20:51:7 :OPTIONS /user/addPay - 0ms
2020-2-18 20:51:7 :POST /user/addPay - 1ms
2020-2-18 20:51:7 :OPTIONS /user/getGoods - 0ms
2020-2-18 20:51:7 :OPTIONS /user/getSort - 0ms
2020-2-18 20:51:7 :OPTIONS /user/getAddress - 0ms
2020-2-18 20:51:7 :POST /user/getSort - 7ms
2020-2-18 20:51:7 :POST /user/getAddress - 6ms
2020-2-18 20:51:7 :POST /user/getGoods - 9ms
2020-2-18 20:51:7 :OPTIONS /user/getAddress - 0ms
2020-2-18 20:51:7 :POST /user/getAddress - 3ms
2020-2-18 20:51:7 :OPTIONS /user/getAddress - 0ms
2020-2-18 20:51:7 :POST /user/getAddress - 2ms
2020-2-18 20:51:7 :OPTIONS /user/getGoods - 0ms
2020-2-18 20:51:7 :OPTIONS /user/getSort - 0ms
2020-2-18 20:51:7 :OPTIONS /user/getAddress - 0ms
2020-2-18 20:51:7 :POST /user/getGoods - 7ms
2020-2-18 20:51:7 :POST /user/getSort - 9ms
2020-2-18 20:51:7 :POST /user/getAddress - 6ms
2020-2-18 20:51:7 :GET /file/getImg?imagePath=1582020493021item-detail-2.jpg - 404
2020-2-18 20:51:7 :GET /file/getImg?imagePath=1582020604623item-detail-2.jpg - 404
2020-2-18 20:51:7 :OPTIONS /user/addPay - 0ms
2020-2-18 20:51:7 :POST /user/addPay - 1ms
2020-2-18 20:51:7 :GET /file/getImg?imagePath=1582020604623item-detail-2.jpg - 404
2020-2-18 20:51:7 :GET /file/getImg?imagePath=1582020604623item-detail-2.jpg - 404
2020-2-18 20:51:7 :OPTIONS /user/getGoods - 0ms
2020-2-18 20:51:7 :OPTIONS /user/getSort - 0ms
2020-2-18 20:51:7 :OPTIONS /user/getAddress - 0ms
2020-2-18 20:51:7 :POST /user/getSort - 7ms
2020-2-18 20:51:7 :POST /user/getAddress - 7ms
2020-2-18 20:51:7 :POST /user/getGoods - 22ms
2020-2-18 20:51:7 :GET /file/getImg?imagePath=1582020493021item-detail-2.jpg - 404
2020-2-18 20:51:7 :OPTIONS /user/addPay - 0ms
2020-2-18 20:51:7 :POST /user/addPay - 10ms
2020-2-18 20:51:7 :OPTIONS /user/upPay - 0ms
2020-2-18 20:51:7 :POST /user/upPay - 2ms
2020-2-18 20:51:7 :OPTIONS /user/getPay - 0ms
2020-2-18 20:51:7 :POST /user/getPay - 10ms
2020-2-18 20:51:7 :OPTIONS /user/getPay - 0ms
2020-2-18 20:51:7 :POST /user/getPay - 3ms
2020-2-18 20:51:7 :OPTIONS /user/getPay - 0ms
2020-2-18 20:51:7 :POST /user/getPay - 3ms
2020-2-18 20:51:7 :OPTIONS /user/getPay - 0ms
2020-2-18 20:51:7 :POST /user/getPay - 2ms
2020-2-18 20:51:7 :GET /file/getImg?imagePath=1582020493021item-detail-2.jpg - 404
2020-2-18 20:51:7 :GET /file/getImg?imagePath=1582020604623item-detail-2.jpg - 404
2020-2-18 20:51:7 :OPTIONS /user/getPay - 0ms
2020-2-18 20:51:7 :POST /user/getPay - 4ms
2020-2-18 20:51:7 :OPTIONS /user/getGoods - 0ms
2020-2-18 20:51:7 :OPTIONS /user/getSort - 0ms
2020-2-18 20:51:7 :OPTIONS /user/getAddress - 0ms
2020-2-18 20:51:7 :POST /user/getGoods - 8ms
2020-2-18 20:51:7 :POST /user/getSort - 5ms
2020-2-18 20:51:7 :POST /user/getAddress - 5ms
2020-2-18 20:51:7 :OPTIONS /user/addPay - 0ms
2020-2-18 20:51:7 :POST /user/addPay - 1ms
2020-2-18 20:51:7 :OPTIONS /user/getGoods - 0ms
2020-2-18 20:51:7 :OPTIONS /user/getSort - 0ms
2020-2-18 20:51:7 :OPTIONS /user/getAddress - 0ms
2020-2-18 20:51:7 :POST /user/getSort - 4ms
2020-2-18 20:51:7 :POST /user/getAddress - 3ms
2020-2-18 20:51:7 :POST /user/getGoods - 28ms
2020-2-18 20:51:7 :OPTIONS /user/addPay - 1ms
2020-2-18 20:51:7 :POST /user/addPay - 1ms
2020-2-18 20:51:7 :OPTIONS /user/upPay - 1ms
2020-2-18 20:51:7 :POST /user/upPay - 4ms
2020-2-18 20:51:7 :OPTIONS /user/getPay - 0ms
2020-2-18 20:51:7 :POST /user/getPay - 3ms
2020-2-18 20:51:7 :OPTIONS /user/getPay - 0ms
2020-2-18 20:51:7 :POST /user/getPay - 3ms
2020-2-18 20:51:7 :OPTIONS /user/getPay - 1ms
2020-2-18 20:51:7 :POST /user/getPay - 3ms
2020-2-18 20:51:7 :POST /user/getPay - 3ms
2020-2-18 20:51:7 :POST /user/getPay - 3ms
2020-2-18 20:51:7 :POST /user/getPay - 2ms
2020-2-18 20:51:7 :OPTIONS /user/getPay - 0ms
2020-2-18 20:51:7 :POST /user/getPay - 2ms
2020-2-18 20:51:7 :POST /user/getPay - 3ms
2020-2-18 20:51:7 :POST /user/getPay - 5ms
2020-2-18 20:51:7 :POST /user/getPay - 3ms
2020-2-18 20:51:7 :POST /user/getPay - 2ms
2020-2-18 20:51:7 :POST /user/getPay - 3ms
2020-2-18 20:51:7 :POST /user/getPay - 4ms
2020-2-18 20:51:7 :POST /user/getPay - 5ms
2020-2-18 20:51:7 :OPTIONS /user/getPay - 0ms
2020-2-18 20:51:7 :POST /user/getPay - 2ms
2020-2-18 20:51:7 :POST /user/getPay - 3ms
2020-2-18 20:51:7 :POST /user/getPay - 2ms
2020-2-18 20:51:7 :POST /user/getPay - 3ms
2020-2-18 20:51:7 :POST /user/getPay - 3ms
2020-2-18 20:51:7 :POST /user/getPay - 3ms
2020-2-18 20:51:7 :OPTIONS /user/getPay - 0ms
2020-2-18 20:51:7 :POST /user/getPay - 3ms
2020-2-18 20:51:7 :OPTIONS /user/getPay - 0ms
2020-2-18 20:51:7 :POST /user/getPay - 3ms
2020-2-18 20:51:7 :POST /user/getPay - 3ms
2020-2-18 20:51:7 :POST /user/getPay - 3ms
2020-2-18 20:51:7 :POST /user/getPay - 3ms
2020-2-18 20:51:7 :POST /user/getPay - 3ms
2020-2-18 20:51:7 :POST /user/getPay - 3ms
2020-2-18 20:51:7 :POST /user/getPay - 3ms
2020-2-18 20:51:7 :POST /user/getPay - 3ms
2020-2-18 20:51:7 :POST /user/getPay - 2ms
2020-2-18 20:51:7 :POST /user/getPay - 3ms
2020-2-18 20:51:7 :POST /user/getPay - 3ms
2020-2-18 20:51:7 :OPTIONS /user/getPay - 0ms
2020-2-18 20:51:7 :POST /user/getPay - 2ms
2020-2-18 20:51:7 :POST /user/getPay - 2ms
2020-2-18 20:51:7 :POST /user/getPay - 3ms
2020-2-18 20:51:7 :OPTIONS /user/getPay - 0ms
2020-2-18 20:51:7 :POST /user/getPay - 3ms
2020-2-18 20:51:7 :OPTIONS /user/getPay - 0ms
2020-2-18 20:51:7 :POST /user/getPay - 3ms
2020-2-18 20:51:7 :OPTIONS /user/getPay - 1ms
2020-2-18 20:51:7 :POST /user/getPay - 3ms
2020-2-18 20:51:7 :OPTIONS /user/getPay - 0ms
2020-2-18 20:51:7 :POST /user/getPay - 5ms
2020-2-18 20:51:7 :OPTIONS /user/getPay - 0ms
2020-2-18 20:51:7 :POST /user/getPay - 5ms
2020-2-18 20:51:7 :OPTIONS /user/getPay - 0ms
2020-2-18 20:51:7 :POST /user/getPay - 3ms
2020-2-18 20:51:7 :OPTIONS /user/getPay - 0ms
2020-2-18 20:51:7 :POST /user/getPay - 2ms
2020-2-18 20:51:7 :OPTIONS /user/getPay - 1ms
2020-2-18 20:51:7 :POST /user/getPay - 3ms
2020-2-18 20:51:7 :OPTIONS /user/getPay - 0ms
2020-2-18 20:51:7 :POST /user/getPay - 4ms
2020-2-18 20:51:7 :OPTIONS /user/getPay - 0ms
2020-2-18 20:51:7 :POST /user/getPay - 2ms
2020-2-18 20:51:7 :OPTIONS /user/getPay - 0ms
2020-2-18 20:51:7 :POST /user/getPay - 3ms
2020-2-18 20:51:7 :OPTIONS /user/getPay - 0ms
2020-2-18 20:51:7 :POST /user/getPay - 3ms
2020-2-18 20:51:7 :OPTIONS /user/getPay - 0ms
2020-2-18 20:51:7 :POST /user/getPay - 2ms
2020-2-18 20:51:7 :POST /user/getPay - 3ms
2020-2-18 20:51:7 :OPTIONS /user/getPay - 0ms
2020-2-18 20:51:7 :POST /user/getPay - 3ms
2020-2-18 20:51:7 :OPTIONS /user/getPay - 0ms
2020-2-18 20:51:7 :POST /user/getPay - 3ms
2020-2-18 20:51:7 :OPTIONS /user/getPay - 0ms
2020-2-18 20:51:7 :POST /user/getPay - 2ms
2020-2-18 20:51:7 :OPTIONS /user/getPay - 0ms
2020-2-18 20:51:7 :POST /user/getPay - 3ms
2020-2-18 20:51:7 :OPTIONS /user/upPay - 0ms
2020-2-18 20:51:7 :POST /user/upPay - 1ms
2020-2-18 20:51:7 :OPTIONS /user/upPay - 0ms
2020-2-18 20:51:7 :POST /user/upPay - 0ms
2020-2-18 20:51:7 :OPTIONS /user/getPay - 0ms
2020-2-18 20:51:7 :POST /user/getPay - 2ms
2020-2-18 20:51:7 :OPTIONS /user/getPay - 0ms
2020-2-18 20:51:7 :POST /user/getPay - 4ms
2020-2-18 20:51:7 :OPTIONS /user/getPay - 0ms
2020-2-18 20:51:7 :POST /user/getPay - 3ms
2020-2-18 20:51:7 :OPTIONS /user/login - 0ms
2020-2-18 20:51:7 :POST /user/login - 3ms
2020-2-18 20:51:7 :GET /file/getImg?imagePath=1581956326637logo.jpg - 404
2020-2-18 20:51:7 :OPTIONS /user/getPay - 0ms
2020-2-18 20:51:7 :POST /user/getPay - 3ms
2020-2-18 20:51:7 :GET /file/getImg?imagePath=1582020604623item-detail-2.jpg - 404
2020-2-18 20:51:7 :GET /file/getImg?imagePath=1582020493021item-detail-2.jpg - 404
2020-2-18 20:51:7 :OPTIONS /user/getPay - 0ms
2020-2-18 20:51:7 :POST /user/getPay - 2ms
2020-2-18 20:51:7 :POST /user/getPay - 3ms
2020-2-18 20:51:7 :POST /user/getPay - 3ms
2020-2-18 20:51:7 :POST /user/getPay - 2ms
2020-2-18 20:51:7 :OPTIONS /user/getPay - 0ms
2020-2-18 20:51:7 :POST /user/getPay - 2ms
2020-2-18 20:51:7 :POST /user/getPay - 3ms
2020-2-18 20:51:7 :OPTIONS /user/getPay - 0ms
2020-2-18 20:51:7 :POST /user/getPay - 3ms
2020-2-18 20:51:7 :OPTIONS /user/getPay - 1ms
2020-2-18 20:51:7 :POST /user/getPay - 3ms
2020-2-18 20:51:7 :POST /user/getPay - 3ms
2020-2-18 20:51:7 :OPTIONS /user/getPay - 0ms
2020-2-18 20:51:7 :POST /user/getPay - 3ms
2020-2-18 20:51:7 :OPTIONS /user/upPay - 0ms
2020-2-18 20:51:7 :POST /user/upPay - 0ms
2020-2-18 20:51:7 :POST /user/getPay - 3ms
2020-2-18 20:51:7 :POST /user/getPay - 2ms
2020-2-18 20:51:7 :OPTIONS /user/getPay - 1ms
2020-2-18 20:51:7 :POST /user/getPay - 4ms
2020-2-18 20:51:7 :GET /file/getImg?imagePath=1582020493021item-detail-2.jpg - 404
2020-2-18 20:51:7 :OPTIONS /user/getPay - 0ms
2020-2-18 20:51:7 :POST /user/getPay - 3ms
2020-2-18 20:51:7 :POST /user/getPay - 3ms
2020-2-18 20:51:7 :GET /file/getImg?imagePath=1582020493021item-detail-2.jpg - 404
2020-2-18 20:51:7 :GET /file/getImg?imagePath=1582020604623item-detail-2.jpg - 404
2020-2-18 20:51:7 :OPTIONS /user/getPay - 0ms
2020-2-18 20:51:7 :POST /user/getPay - 2ms
2020-2-18 20:51:7 :POST /user/getPay - 3ms
2020-2-18 20:51:7 :POST /user/getPay - 2ms
2020-2-18 20:51:7 :POST /user/getPay - 3ms
2020-2-18 20:51:7 :POST /user/getPay - 2ms
2020-2-18 20:51:7 :OPTIONS /user/getPay - 0ms
2020-2-18 20:51:7 :POST /user/getPay - 3ms
2020-2-18 20:51:7 :GET /file/getImg?imagePath=1581956326637logo.jpg - 404
2020-2-18 20:51:7 :OPTIONS /user/getGoods - 0ms
2020-2-18 20:51:7 :OPTIONS /user/getAddress - 0ms
2020-2-18 20:51:7 :OPTIONS /user/getSort - 0ms
2020-2-18 20:51:7 :POST /user/getGoods - 8ms
2020-2-18 20:51:7 :POST /user/getSort - 5ms
2020-2-18 20:51:7 :POST /user/getAddress - 36ms
2020-2-18 20:51:7 :GET /file/getImg?imagePath=1581956326637logo.jpg - 404
2020-2-18 20:51:7 :OPTIONS /user/getGoods - 0ms
2020-2-18 20:51:7 :OPTIONS /user/getSort - 0ms
2020-2-18 20:51:7 :POST /user/getGoods - 6ms
2020-2-18 20:51:7 :OPTIONS /user/getAddress - 0ms
2020-2-18 20:51:7 :POST /user/getSort - 12ms
2020-2-18 20:51:7 :POST /user/getAddress - 9ms
2020-2-18 20:51:7 :GET /file/getImg?imagePath=1582020493021item-detail-2.jpg - 404
2020-2-18 20:51:7 :GET /file/getImg?imagePath=1582020604623item-detail-2.jpg - 404
2020-2-18 20:51:7 :OPTIONS /user/getAddress - 0ms
2020-2-18 20:51:7 :POST /user/getAddress - 5ms
2020-2-18 20:51:7 :POST /user/getAddress - 3ms
2020-2-18 20:51:7 :OPTIONS /user/getPay - 0ms
2020-2-18 20:51:7 :POST /user/getPay - 21ms
2020-2-18 20:51:7 :POST /user/getPay - 3ms
2020-2-18 20:51:7 :POST /user/getPay - 3ms
2020-2-18 20:51:7 :POST /user/getPay - 2ms
2020-2-18 20:51:7 :POST /user/getPay - 3ms
2020-2-18 20:51:7 :OPTIONS /user/getSort - 0ms
2020-2-18 20:51:7 :OPTIONS /user/getGoods - 0ms
2020-2-18 20:51:7 :OPTIONS /user/getAddress - 1ms
2020-2-18 20:51:7 :POST /user/getGoods - 5ms
2020-2-18 20:51:7 :POST /user/getSort - 3ms
2020-2-18 20:51:7 :POST /user/getAddress - 3ms
2020-2-18 20:51:7 :OPTIONS /user/getPay - 1ms
2020-2-18 20:51:7 :POST /user/getPay - 4ms
2020-2-18 20:51:7 :OPTIONS /user/getGoods - 0ms
2020-2-18 20:51:7 :OPTIONS /user/getSort - 0ms
2020-2-18 20:51:7 :OPTIONS /user/getAddress - 0ms
2020-2-18 20:51:7 :POST /user/getGoods - 7ms
2020-2-18 20:51:7 :POST /user/getSort - 5ms
2020-2-18 20:51:7 :POST /user/getAddress - 3ms
2020-2-18 20:51:7 :GET /file/getImg?imagePath=1582020493021item-detail-2.jpg - 404
2020-2-18 20:51:7 :GET /file/getImg?imagePath=1582020604623item-detail-2.jpg - 404
2020-2-18 20:51:7 :GET /file/getImg?imagePath=1581956326637logo.jpg - 404
2020-2-18 20:51:7 :POST /user/getAddress - 2ms
2020-2-18 20:51:7 :POST /user/getAddress - 4ms
2020-2-18 20:51:7 :OPTIONS /user/getAddress - 0ms
2020-2-18 20:51:7 :POST /user/getAddress - 3ms
2020-2-18 20:51:7 :OPTIONS /user/getPay - 0ms
2020-2-18 20:51:7 :POST /user/getPay - 3ms
2020-2-18 20:51:7 :POST /user/getAddress - 3ms
2020-2-18 20:51:7 :POST /user/getPay - 3ms
2020-2-18 20:51:7 :OPTIONS /user/getAddress - 1ms
2020-2-18 20:51:7 :POST /user/getAddress - 8ms
2020-2-18 20:51:7 :POST /user/getAddress - 6ms
2020-2-18 20:51:7 :OPTIONS /user/getPay - 0ms
2020-2-18 20:51:7 :POST /user/getPay - 3ms
2020-2-18 20:51:7 :POST /user/getAddress - 4ms
2020-2-18 20:51:7 :OPTIONS /user/getSort - 0ms
2020-2-18 20:51:7 :OPTIONS /user/getGoods - 0ms
2020-2-18 20:51:7 :OPTIONS /user/getAddress - 0ms
2020-2-18 20:51:7 :POST /user/getGoods - 3ms
2020-2-18 20:51:7 :POST /user/getSort - 4ms
2020-2-18 20:51:7 :POST /user/getAddress - 3ms
2020-2-18 20:51:7 :OPTIONS /user/login - 1ms
2020-2-18 20:51:7 :POST /user/login - 3ms
2020-2-18 20:51:7 :OPTIONS /user/getAddress - 1ms
2020-2-18 20:51:7 :POST /user/getAddress - 3ms
2020-2-18 20:51:7 :OPTIONS /user/getSort - 0ms
2020-2-18 20:51:7 :OPTIONS /user/getGoods - 0ms
2020-2-18 20:51:7 :POST /user/getGoods - 12ms
2020-2-18 20:51:7 :POST /user/getSort - 10ms
2020-2-18 20:51:7 :OPTIONS /user/getSort - 0ms
2020-2-18 20:51:7 :OPTIONS /user/getAddress - 1ms
2020-2-18 20:51:7 :POST /user/getAddress - 32ms
2020-2-18 20:51:7 :POST /user/getSort - 12ms
2020-2-18 20:51:7 :OPTIONS /user/getGoods - 0ms
2020-2-18 20:51:7 :POST /user/getGoods - 11ms
2020-2-18 20:51:7 :OPTIONS /user/getGoods - 0ms
2020-2-18 20:51:7 :OPTIONS /user/getSort - 1ms
2020-2-18 20:51:7 :OPTIONS /user/getAddress - 0ms
2020-2-18 20:51:7 :POST /user/getSort - 4ms
2020-2-18 20:51:7 :POST /user/getGoods - 5ms
2020-2-18 20:51:7 :POST /user/getAddress - 4ms
2020-2-18 20:51:7 :OPTIONS /user/getGoods - 1ms
2020-2-18 20:51:7 :OPTIONS /user/getAddress - 0ms
2020-2-18 20:51:7 :OPTIONS /user/getSort - 1ms
2020-2-18 20:51:7 :POST /user/getAddress - 3ms
2020-2-18 20:51:7 :POST /user/getGoods - 16ms
2020-2-18 20:51:7 :POST /user/getSort - 8ms
2020-2-18 20:51:7 :POST /user/getGoods - 6ms
2020-2-18 20:51:7 :POST /user/getGoods - 7ms
2020-2-18 20:51:7 :POST /user/getGoods - 3ms
2020-2-18 20:51:7 :POST /user/getGoods - 2ms
2020-2-18 20:51:7 :POST /user/getGoods - 3ms
2020-2-18 20:51:7 :POST /user/getGoods - 6ms
2020-2-18 20:51:7 :OPTIONS /user/getAddress - 0ms
2020-2-18 20:51:7 :POST /user/getAddress - 3ms
2020-2-18 20:51:7 :POST /user/getAddress - 2ms
2020-2-18 20:51:7 :OPTIONS /user/getPay - 0ms
2020-2-18 20:51:7 :POST /user/getPay - 3ms
2020-2-18 20:51:7 :GET /file/getImg?imagePath=1581956326637logo.jpg - 404
2020-2-18 20:51:7 :OPTIONS /user/login - 0ms
2020-2-18 20:51:7 :POST /user/login - 5ms
2020-2-18 20:51:7 :POST /user/login - 3ms
2020-2-18 20:51:7 :OPTIONS /user/upUser - 0ms
2020-2-18 20:51:7 :POST /user/upUser - 3ms
2020-2-18 20:51:7 :OPTIONS /user/login - 0ms
2020-2-18 20:51:7 :POST /user/login - 3ms
2020-2-18 20:51:7 :OPTIONS /user/getGoods - 1ms
2020-2-18 20:51:7 :OPTIONS /user/getSort - 0ms
2020-2-18 20:51:7 :OPTIONS /user/getAddress - 0ms
2020-2-18 20:51:7 :POST /user/getGoods - 10ms
2020-2-18 20:51:7 :POST /user/getAddress - 5ms
2020-2-18 20:51:7 :POST /user/getSort - 8ms
2020-2-18 20:51:7 :GET /file/getImg?imagePath=1582020493021item-detail-2.jpg - 404
2020-2-18 20:51:7 :GET /file/getImg?imagePath=1582020604623item-detail-2.jpg - 404
2020-2-18 20:51:7 :POST /user/getGoods - 8ms
2020-2-18 20:51:7 :POST /user/getSort - 6ms
2020-2-18 20:51:7 :POST /user/getAddress - 8ms
2020-2-18 20:51:7 :POST /user/getGoods - 3ms
2020-2-18 20:51:7 :POST /user/getGoods - 4ms
2020-2-18 20:51:7 :OPTIONS /user/getGoods - 0ms
2020-2-18 20:51:7 :POST /user/getGoods - 3ms
2020-2-18 20:51:7 :POST /user/getGoods - 4ms
2020-2-18 20:51:7 :OPTIONS /user/login - 0ms
2020-2-18 20:51:7 :POST /user/login - 3ms
2020-2-18 20:51:7 :GET /file/getImg?imagePath=1581956326637logo.jpg - 404
2020-2-18 20:51:7 :GET /file/getImg?imagePath=1582020604623item-detail-2.jpg - 404
2020-2-18 20:51:7 :GET /file/getImg?imagePath=1582020493021item-detail-2.jpg - 404
2020-2-18 20:51:7 :OPTIONS /user/getAddress - 0ms
2020-2-18 20:51:7 :POST /user/getAddress - 3ms
2020-2-18 20:51:7 :OPTIONS /user/getPay - 0ms
2020-2-18 20:51:7 :POST /user/getPay - 3ms
2020-2-18 20:51:7 :POST /user/getPay - 3ms
2020-2-18 20:51:7 :POST /user/getPay - 3ms
2020-2-18 20:51:7 :POST /user/getPay - 3ms
2020-2-18 20:51:7 :POST /user/getPay - 3ms