2020-2-1 20:46:38 :GET /users/sss - 4ms
2020-2-1 20:46:49 :GET /users/sss - 0ms
2020-2-1 20:47:20 :GET /users/sss - 3ms
2020-2-1 20:47:58 :GET /users/sss - 2ms
2020-2-1 20:47:59 :GET /users/sss - 0ms
2020-2-1 20:47:59 :GET /users/sss - 0ms
2020-2-1 20:48:0 :GET /users/sss - 0ms
2020-2-1 20:48:0 :GET /users/sss - 0ms
2020-2-1 20:48:1 :GET /users/sss - 0ms
2020-2-1 20:48:1 :GET /users/sss - 0ms
2020-2-1 20:48:1 :GET /users/sss - 1ms
2020-2-1 20:48:2 :GET /users/sss - 0ms
2020-2-1 20:48:2 :GET /users/sss - 0ms
2020-2-1 20:48:2 :GET /users/sss - 1ms
2020-2-1 20:48:2 :GET /users/sss - 0ms
2020-2-1 20:48:11 :GET /users/sss - 0ms
2020-2-1 20:48:11 :GET /users/sss - 0ms
2020-2-1 20:48:11 :GET /users/sss - 0ms
2020-2-1 20:48:11 :GET /users/sss - 1ms
2020-2-1 20:48:11 :GET /users/sss - 0ms
2020-2-1 20:48:11 :GET /users/sss - 0ms
2020-2-1 20:48:11 :GET /users/sss - 1ms
2020-2-1 20:48:12 :GET /users/sss - 0ms
2020-2-1 20:48:12 :GET /users/sss - 0ms
2020-2-1 20:48:12 :GET /users/sss - 0ms
2020-2-1 20:48:12 :GET /users/sss - 0ms
2020-2-1 20:48:12 :GET /users/sss - 0ms
2020-2-1 20:48:12 :GET /users/sss - 0ms
2020-2-1 20:48:13 :GET /users/sss - 0ms
2020-2-1 20:48:13 :GET /users/sss - 0ms
2020-2-1 20:48:13 :GET /users/sss - 0ms
2020-2-1 20:48:13 :GET /users/sss - 0ms
2020-2-1 20:48:13 :GET /users/sss - 0ms
2020-2-1 20:48:13 :GET /users/sss - 1ms
2020-2-1 20:48:13 :GET /users/sss - 0ms
2020-2-1 20:48:14 :GET /users/sss - 0ms
2020-2-1 20:48:14 :GET /users/sss - 0ms
2020-2-1 20:48:14 :GET /users/sss - 0ms
2020-2-1 20:48:14 :GET /users/sss - 0ms
2020-2-1 20:48:14 :GET /users/sss - 0ms
2020-2-1 20:48:14 :GET /users/sss - 0ms
2020-2-1 20:48:15 :GET /users/sss - 1ms
2020-2-1 20:48:15 :GET /users/sss - 0ms
2020-2-1 20:48:15 :GET /users/sss - 0ms
2020-2-1 20:48:15 :GET /users/sss - 0ms
2020-2-1 20:48:15 :GET /users/sss - 0ms
2020-2-1 20:48:15 :GET /users/sss - 0ms
2020-2-1 20:48:15 :GET /users/sss - 0ms
2020-2-1 20:48:16 :GET /users/sss - 0ms
2020-2-1 20:48:16 :GET /users/sss - 0ms
2020-2-1 20:48:16 :GET /users/sss - 0ms
2020-2-1 20:48:16 :GET /users/sss - 0ms
2020-2-1 20:48:16 :GET /users/sss - 0ms
2020-2-1 20:48:16 :GET /users/sss - 0ms
2020-2-1 20:48:17 :GET /users/sss - 0ms
2020-2-1 20:48:17 :GET /users/sss - 0ms
2020-2-1 20:48:17 :GET /users/sss - 0ms
2020-2-1 20:48:17 :GET /users/sss - 0ms
2020-2-1 20:48:17 :GET /users/sss - 0ms
2020-2-1 20:48:17 :GET /users/sss - 0ms
2020-2-1 20:50:5 :GET /users/sss - 0ms
2020-2-1 20:50:5 :GET /users/sss - 0ms
2020-2-1 20:50:5 :GET /users/sss - 0ms
2020-2-1 20:50:5 :GET /users/sss - 0ms
2020-2-1 20:50:5 :GET /users/sss - 0ms
2020-2-1 20:50:5 :GET /users/sss - 0ms
2020-2-1 20:50:5 :GET /users/sss - 0ms
2020-2-1 20:50:6 :GET /users/sss - 0ms
2020-2-1 20:50:6 :GET /users/sss - 0ms
2020-2-1 20:50:6 :GET /users/sss - 0ms
2020-2-1 20:50:6 :GET /users/sss - 0ms
2020-2-1 20:50:6 :GET /users/sss - 0ms
2020-2-1 20:50:6 :GET /users/sss - 0ms
2020-2-1 20:50:6 :GET /users/sss - 0ms
2020-2-1 20:50:7 :GET /users/sss - 0ms
2020-2-1 20:50:7 :GET /users/sss - 0ms
2020-2-1 20:50:7 :GET /users/sss - 0ms
2020-2-1 20:50:7 :GET /users/sss - 0ms
2020-2-1 20:50:7 :GET /users/sss - 0ms
2020-2-1 20:50:7 :GET /users/sss - 0ms
2020-2-1 20:50:7 :GET /users/sss - 0ms
2020-2-1 20:50:8 :GET /users/sss - 0ms
2020-2-1 20:50:8 :GET /users/sss - 0ms
2020-2-1 20:50:8 :GET /users/sss - 0ms
2020-2-1 20:50:8 :GET /users/sss - 0ms
2020-2-1 20:50:8 :GET /users/sss - 0ms
2020-2-1 20:50:8 :GET /users/sss - 0ms
2020-2-1 20:50:8 :GET /users/sss - 0ms
2020-2-1 20:50:9 :GET /users/sss - 0ms
2020-2-1 20:50:9 :GET /users/sss - 0ms
2020-2-1 20:50:9 :GET /users/sss - 0ms
2020-2-1 20:50:9 :GET /users/sss - 0ms
2020-2-1 20:50:9 :GET /users/sss - 0ms
2020-2-1 20:50:9 :GET /users/sss - 0ms
2020-2-1 20:50:10 :GET /users/sss - 1ms
2020-2-1 20:50:10 :GET /users/sss - 0ms
2020-2-1 20:50:10 :GET /users/sss - 0ms
2020-2-1 20:50:10 :GET /users/sss - 0ms
2020-2-1 20:50:10 :GET /users/sss - 0ms
2020-2-1 20:50:10 :GET /users/sss - 0ms
2020-2-1 20:50:10 :GET /users/sss - 0ms
2020-2-1 20:50:11 :GET /users/sss - 0ms
2020-2-1 20:50:11 :GET /users/sss - 0ms
2020-2-1 20:50:11 :GET /users/sss - 0ms
2020-2-1 20:50:11 :GET /users/sss - 0ms
2020-2-1 20:50:11 :GET /users/sss - 0ms
2020-2-1 20:50:11 :GET /users/sss - 0ms
2020-2-1 20:50:11 :GET /users/sss - 0ms
2020-2-1 20:50:12 :GET /users/sss - 1ms
2020-2-1 20:50:12 :GET /users/sss - 0ms
2020-2-1 20:50:12 :GET /users/sss - 0ms
2020-2-1 20:50:12 :GET /users/sss - 0ms
2020-2-1 20:50:12 :GET /users/sss - 0ms
2020-2-1 20:50:12 :GET /users/sss - 0ms
2020-2-1 20:50:12 :GET /users/sss - 0ms
2020-2-1 20:50:13 :GET /users/sss - 0ms
2020-2-1 20:50:13 :GET /users/sss - 0ms
2020-2-1 20:50:13 :GET /users/sss - 0ms
2020-2-1 20:50:13 :GET /users/sss - 0ms
2020-2-1 20:50:13 :GET /users/sss - 1ms
2020-2-1 20:50:13 :GET /users/sss - 0ms
2020-2-1 20:50:14 :GET /users/sss - 0ms
2020-2-1 20:52:0 :GET /users/sss - 2ms
2020-2-1 21:2:21 :GET /users/sss - 0ms
2020-2-1 21:2:27 :GET /users/sss - 4ms
2020-2-1 21:2:57 :GET /users/sss - 4ms
2020-2-1 21:5:5 :GET /users/sss - 3ms
2020-2-1 21:6:33 :GET /users/sss - 2ms
2020-2-1 21:6:51 :GET /users/sss - 3ms
2020-2-1 21:11:12 :GET /users/sss - 1ms
2020-2-1 21:11:34 :GET /users/sss - 2ms
2020-2-1 21:24:43 :GET /users/sss - 4ms
2020-2-1 21:24:47 :GET /users/sss - 0ms
2020-2-1 21:24:50 :GET / - 1ms
2020-2-1 21:24:51 :GET / - 0ms
2020-2-1 21:25:39 :GET / - 11ms
2020-2-1 21:26:16 :GET / - 3ms
2020-2-1 21:29:31 :GET / - 4ms
2020-2-1 21:29:53 :GET / - 3ms
2020-2-1 21:29:53 :GET / - 0ms
2020-2-1 21:29:58 :GET / - 1ms
2020-2-1 21:30:29 :GET / - 2ms
2020-2-1 21:30:43 :GET / - 1ms
2020-2-1 21:30:43 :GET / - 0ms
2020-2-1 21:30:43 :GET / - 1ms
2020-2-1 21:30:43 :GET / - 0ms
2020-2-1 21:32:41 :GET / - 
2020-2-1 21:34:2 :GET / - 4ms
2020-2-1 21:34:3 :GET / - 0ms
2020-2-1 21:35:10 :GET / - 7ms
2020-2-1 21:35:11 :GET / - 0ms
2020-2-1 21:35:11 :GET / - 1ms
2020-2-1 21:37:3 :GET / - 4ms
2020-2-1 21:43:11 :OPTIONS /users - 
2020-2-1 21:43:27 :OPTIONS /users - 
2020-2-1 21:49:16 :GET / - 
2020-2-1 21:50:15 :GET /users - 
2020-2-1 21:50:17 :GET /users - 
2020-2-1 21:50:20 :GET /user - 
2020-2-1 21:50:55 :GET /user - 
2020-2-1 21:50:56 :GET /user - 
2020-2-1 21:53:30 :GET /user - 4ms
2020-2-1 21:53:31 :GET /user - 0ms
2020-2-1 21:53:32 :GET /user - 1ms
2020-2-1 21:53:32 :GET /user - 0ms
2020-2-1 21:53:32 :GET /user - 0ms
2020-2-1 21:53:37 :GET /teacher - 
2020-2-1 21:54:7 :GET /teacher - 
2020-2-1 21:54:32 :GET /teacher - 
2020-2-1 21:54:43 :GET /teacher - 
2020-2-1 21:56:47 :GET /teacher - 
2020-2-1 21:56:48 :GET /teacher - 
2020-2-1 21:56:56 :GET /teacher - 
2020-2-1 21:57:0 :GET /users - 
2020-2-1 21:57:3 :GET /user - 2ms
2020-2-1 22:2:9 :GET /teacher - 6ms
2020-2-1 22:2:12 :GET /teachersss - 
2020-2-1 22:2:32 :GET /teacherssss - 4ms
2020-2-1 22:5:44 :GET /teacherssss - 
2020-2-1 22:5:51 :GET /teacher - 2ms