
2020-2-20 0:58:23 :POST /user/getComment - 5ms
2020-2-20 0:58:23 :OPTIONS /user/getComment - 7ms
2020-2-20 0:58:23 :OPTIONS /user/addComment - 0ms
2020-2-20 0:58:23 :POST /user/addComment - 8ms
2020-2-20 1:0:37 :OPTIONS /user/getComment - 10ms
2020-2-20 1:0:37 :POST /user/getComment - 44ms
2020-2-20 1:0:37 :OPTIONS /user/addComment - 0ms
2020-2-20 1:0:37 :POST /user/addComment - 9ms
2020-2-20 1:0:37 :OPTIONS /user/getComment - 1ms
2020-2-20 1:0:37 :POST /user/getComment - 8ms
2020-2-20 1:0:37 :GET /file/getImg?imagePath=1582126910120item-detail-2.jpg - 404
2020-2-20 1:0:37 :OPTIONS /user/getComment - 0ms
2020-2-20 1:0:37 :POST /user/getComment - 4ms
2020-2-20 1:0:37 :GET /file/getImg?imagePath=1582126910120item-detail-2.jpg - 404
2020-2-20 1:0:37 :OPTIONS /user/getComment - 0ms
2020-2-20 1:0:37 :POST /user/getComment - 3ms
2020-2-20 1:0:37 :OPTIONS /user/getComment - 1ms
2020-2-20 1:0:37 :POST /user/getComment - 3ms
2020-2-20 1:0:37 :GET /file/getImg?imagePath=1582126910120item-detail-2.jpg - 404
2020-2-20 1:0:37 :OPTIONS /user/getComment - 0ms
2020-2-20 1:0:37 :POST /user/getComment - 3ms
2020-2-20 1:0:37 :GET /file/getImg?imagePath=1582126910120item-detail-2.jpg - 404
2020-2-20 1:0:37 :OPTIONS /user/getComment - 0ms
2020-2-20 1:0:37 :POST /user/getComment - 6ms
2020-2-20 1:0:37 :OPTIONS /user/addComment - 1ms
2020-2-20 1:0:37 :POST /user/addComment - 2ms
2020-2-20 1:0:37 :OPTIONS /user/getGoods - 0ms
2020-2-20 1:0:37 :POST /user/getGoods - 9ms
2020-2-20 1:0:37 :OPTIONS /user/getAddress - 9ms
2020-2-20 1:0:37 :GET /file/getImg?imagePath=1582094906325item-detail-2.jpg - 404
2020-2-20 1:0:37 :GET /file/getImg?imagePath=1582128222243item-detail-1.jpg - 404
2020-2-20 1:0:37 :GET /file/getImg?imagePath=1582095435158item-detail-1.jpg - 404
2020-2-20 1:0:37 :POST /user/getAddress - 169ms
2020-2-20 1:0:37 :GET /file/getImg?imagePath=1582126910120item-detail-2.jpg - 404
2020-2-20 1:0:37 :OPTIONS /user/getPay - 0ms
2020-2-20 1:0:37 :POST /user/getPay - 6ms
2020-2-20 1:0:37 :GET /file/getImg?imagePath=1582128222243item-detail-1.jpg - 404
2020-2-20 1:0:37 :OPTIONS /user/getAddress - 0ms
2020-2-20 1:0:37 :POST /user/getAddress - 4ms
2020-2-20 1:0:37 :OPTIONS /user/upPay - 0ms
2020-2-20 1:0:37 :POST /user/upPay - 4ms
2020-2-20 1:0:37 :OPTIONS /user/getPay - 1ms
2020-2-20 1:0:37 :POST /user/getPay - 3ms
2020-2-20 1:0:37 :POST /user/getPay - 3ms
2020-2-20 1:0:37 :OPTIONS /user/getPay - 1ms
2020-2-20 1:0:37 :POST /user/getPay - 2ms
2020-2-20 1:0:37 :OPTIONS /user/upPay - 0ms
2020-2-20 1:0:37 :POST /user/upPay - 1ms
2020-2-20 1:0:37 :OPTIONS /user/getGoods - 0ms
2020-2-20 1:0:37 :POST /user/getGoods - 3ms
2020-2-20 1:0:37 :OPTIONS /user/upGoods - 0ms
2020-2-20 1:0:37 :POST /user/upGoods - 2ms
2020-2-20 1:0:37 :POST /user/getPay - 2ms
2020-2-20 1:0:37 :OPTIONS /user/getPay - 0ms
2020-2-20 1:0:37 :POST /user/getPay - 3ms
2020-2-20 1:0:37 :POST /user/getPay - 2ms
2020-2-20 1:0:37 :OPTIONS /user/getPay - 0ms
2020-2-20 1:0:37 :POST /user/getPay - 3ms
2020-2-20 1:0:37 :OPTIONS /user/getComment - 0ms
2020-2-20 1:0:37 :POST /user/getComment - 3ms
2020-2-20 1:0:37 :OPTIONS /user/getPay - 0ms
2020-2-20 1:0:37 :POST /user/getPay - 3ms
2020-2-20 1:0:37 :OPTIONS /user/getComment - 1ms
2020-2-20 1:0:37 :POST /user/getComment - 6ms
2020-2-20 1:0:37 :OPTIONS /user/getPay - 1ms
2020-2-20 1:0:37 :POST /user/getPay - 3ms
2020-2-20 1:0:37 :POST /user/getComment - 2ms
2020-2-20 1:0:37 :OPTIONS /user/getPay - 1ms
2020-2-20 1:0:37 :POST /user/getPay - 2ms
2020-2-20 1:0:37 :POST /user/getPay - 2ms
2020-2-20 1:0:37 :POST /user/getPay - 3ms
2020-2-20 1:0:37 :POST /user/getPay - 11ms
2020-2-20 1:0:37 :POST /user/getPay - 2ms
2020-2-20 1:0:37 :POST /user/getPay - 3ms
2020-2-20 1:0:37 :OPTIONS /user/getPay - 0ms
2020-2-20 1:0:37 :POST /user/getPay - 3ms
2020-2-20 1:0:37 :POST /user/getPay - 2ms
2020-2-20 1:0:37 :POST /user/getPay - 3ms
2020-2-20 1:0:37 :OPTIONS /user/getAddress - 0ms
2020-2-20 1:0:37 :POST /user/getAddress - 3ms
2020-2-20 1:0:37 :POST /user/getPay - 7ms
2020-2-20 1:0:37 :OPTIONS /user/getGoods - 1ms
2020-2-20 1:0:37 :OPTIONS /user/getSort - 0ms
2020-2-20 1:0:37 :OPTIONS /user/getAddress - 0ms
2020-2-20 1:0:37 :POST /user/getAddress - 5ms
2020-2-20 1:0:37 :POST /user/getSort - 12ms
2020-2-20 1:0:37 :POST /user/getGoods - 9ms
2020-2-20 1:0:37 :GET /file/getImg?imagePath=1582094906325item-detail-2.jpg - 404
2020-2-20 1:0:37 :GET /file/getImg?imagePath=1582095435158item-detail-1.jpg - 404
2020-2-20 1:0:37 :POST /user/getGoods - 6ms
2020-2-20 1:0:37 :POST /user/getAddress - 23ms
2020-2-20 1:0:37 :GET /file/getImg?imagePath=1582128222279item-detail-2.jpg - 404
2020-2-20 1:0:37 :OPTIONS /user/getComment - 0ms
2020-2-20 1:0:37 :POST /user/getComment - 5ms
2020-2-20 1:0:37 :OPTIONS /user/getGoods - 1ms
2020-2-20 1:0:37 :OPTIONS /user/getAddress - 0ms
2020-2-20 1:0:37 :POST /user/getGoods - 6ms
2020-2-20 1:0:37 :POST /user/getAddress - 12ms
2020-2-20 1:0:37 :OPTIONS /user/getComment - 0ms
2020-2-20 1:0:37 :POST /user/getComment - 12ms
2020-2-20 1:0:37 :OPTIONS /user/getGoods - 0ms
2020-2-20 1:0:37 :OPTIONS /user/getAddress - 0ms
2020-2-20 1:0:37 :POST /user/getGoods - 18ms
2020-2-20 1:0:37 :POST /user/getAddress - 16ms
2020-2-20 1:0:37 :OPTIONS /user/getSort - 1ms
2020-2-20 1:0:37 :POST /user/getGoods - 5ms
2020-2-20 1:0:37 :POST /user/getSort - 18ms
2020-2-20 1:0:37 :POST /user/getAddress - 22ms
2020-2-20 1:0:37 :OPTIONS /user/getGoods - 0ms
2020-2-20 1:0:37 :OPTIONS /user/getSort - 0ms
2020-2-20 1:0:37 :OPTIONS /user/getAddress - 0ms
2020-2-20 1:0:37 :POST /user/getGoods - 16ms
2020-2-20 1:0:37 :POST /user/getSort - 13ms
2020-2-20 1:0:37 :POST /user/getAddress - 9ms
2020-2-20 1:0:37 :OPTIONS /user/addPay - 0ms
2020-2-20 1:0:37 :OPTIONS /user/getAddress - 0ms
2020-2-20 1:0:37 :POST /user/getAddress - 5ms
2020-2-20 1:0:37 :OPTIONS /user/addPay - 0ms
2020-2-20 1:0:37 :POST /user/addPay - 11ms
2020-2-20 1:0:37 :POST /user/addPay - 2ms
2020-2-20 1:0:37 :OPTIONS /user/upPay - 0ms
2020-2-20 1:0:37 :OPTIONS /user/upPay - 1ms
2020-2-20 1:0:37 :POST /user/upPay - 1ms
2020-2-20 1:0:37 :POST /user/upPay - 4ms
2020-2-20 1:0:37 :OPTIONS /user/getPay - 1ms
2020-2-20 1:0:37 :POST /user/getPay - 4ms
2020-2-20 1:0:37 :OPTIONS /user/getPay - 1ms
2020-2-20 1:0:37 :POST /user/getPay - 3ms
2020-2-20 1:0:37 :POST /user/getPay - 4ms
2020-2-20 1:0:37 :POST /user/getPay - 3ms
2020-2-20 1:0:37 :OPTIONS /user/getAddress - 0ms
2020-2-20 1:0:37 :POST /user/getAddress - 3ms
2020-2-20 1:0:37 :OPTIONS /user/getGoods - 1ms
2020-2-20 1:0:37 :OPTIONS /user/getAddress - 0ms
2020-2-20 1:0:37 :OPTIONS /user/getSort - 0ms
2020-2-20 1:0:37 :POST /user/getSort - 3ms
2020-2-20 1:0:37 :POST /user/getGoods - 4ms
2020-2-20 1:0:37 :POST /user/getAddress - 9ms
2020-2-20 1:0:37 :POST /user/getSort - 27ms
2020-2-20 1:0:37 :POST /user/getAddress - 11ms
2020-2-20 1:0:37 :POST /user/getGoods - 32ms
2020-2-20 1:0:37 :OPTIONS /file/upFile - 0ms
2020-2-20 1:0:37 :POST /file/upFile - 30ms
2020-2-20 1:0:37 :OPTIONS /user/upUser - 0ms
2020-2-20 1:0:37 :POST /user/upUser - 2ms
2020-2-20 1:0:37 :POST /user/upUser - 2ms
2020-2-20 1:0:37 :GET /file/getImg?imagePath=1582126910120item-detail-2.jpg - 404
2020-2-20 1:0:37 :OPTIONS /user/upUser - 1ms
2020-2-20 1:0:37 :POST /user/upUser - 1ms
2020-2-20 1:0:37 :GET /file/getImg?imagePath=1582126910120item-detail-2.jpg - 404
2020-2-20 1:0:37 :OPTIONS /user/login - 0ms
2020-2-20 1:0:37 :POST /user/login - 3ms
2020-2-20 1:0:37 :OPTIONS /file/upFile - 0ms
2020-2-20 1:0:37 :POST /file/upFile - 30ms
2020-2-20 1:0:37 :OPTIONS /user/upUser - 0ms
2020-2-20 1:0:37 :POST /user/upUser - 1ms
2020-2-20 1:0:37 :GET /file/getImg?imagePath=1582132586926item-detail-1.jpg - 404
2020-2-20 1:0:37 :OPTIONS /user/getPay - 0ms
2020-2-20 1:0:37 :POST /user/getPay - 3ms
2020-2-20 1:0:37 :OPTIONS /user/getAddress - 1ms
2020-2-20 1:0:37 :OPTIONS /user/getGoods - 1ms
2020-2-20 1:0:37 :OPTIONS /user/getSort - 0ms
2020-2-20 1:0:37 :POST /user/getAddress - 41ms
2020-2-20 1:0:37 :POST /user/getGoods - 46ms
2020-2-20 1:0:37 :POST /user/getSort - 7ms
2020-2-20 1:0:37 :GET /file/getImg?imagePath=1582095435158item-detail-1.jpg - 404
2020-2-20 1:0:37 :GET /file/getImg?imagePath=1582094906325item-detail-2.jpg - 404
2020-2-20 1:0:37 :GET /file/getImg?imagePath=1582128222243item-detail-1.jpg - 404
2020-2-20 1:0:37 :POST /user/getGoods - 3ms
2020-2-20 1:0:37 :POST /user/getAddress - 3ms
2020-2-20 1:0:37 :OPTIONS /user/getGoods - 0ms
2020-2-20 1:0:37 :OPTIONS /user/getSort - 0ms
2020-2-20 1:0:37 :POST /user/getGoods - 4ms
2020-2-20 1:0:37 :OPTIONS /user/getAddress - 0ms
2020-2-20 1:0:37 :POST /user/getSort - 9ms
2020-2-20 1:0:37 :POST /user/getAddress - 8ms
2020-2-20 1:0:37 :POST /user/getGoods - 7ms
2020-2-20 1:0:37 :POST /user/getAddress - 7ms
2020-2-20 1:0:37 :OPTIONS /user/getComment - 0ms
2020-2-20 1:0:37 :POST /user/getComment - 4ms
2020-2-20 1:0:37 :OPTIONS /user/getGoods - 0ms
2020-2-20 1:0:37 :OPTIONS /user/getAddress - 0ms
2020-2-20 1:0:37 :POST /user/getAddress - 7ms
2020-2-20 1:0:37 :POST /user/getGoods - 7ms
2020-2-20 1:0:37 :POST /user/getComment - 5ms
2020-2-20 1:0:37 :POST /user/getGoods - 8ms
2020-2-20 1:0:37 :POST /user/getAddress - 6ms
2020-2-20 1:0:37 :GET /file/getImg?imagePath=1582128222279item-detail-2.jpg - 404
2020-2-20 1:0:37 :OPTIONS /user/getComment - 0ms
2020-2-20 1:0:37 :POST /user/getComment - 5ms
2020-2-20 1:0:37 :OPTIONS /user/getGoods - 0ms
2020-2-20 1:0:37 :OPTIONS /user/getAddress - 0ms
2020-2-20 1:0:37 :POST /user/getGoods - 31ms
2020-2-20 1:0:37 :POST /user/getAddress - 33ms
2020-2-20 1:0:37 :POST /user/getGoods - 7ms
2020-2-20 1:0:37 :OPTIONS /user/getSort - 0ms
2020-2-20 1:0:37 :POST /user/getSort - 58ms
2020-2-20 1:0:37 :POST /user/getAddress - 11ms
2020-2-20 1:0:37 :OPTIONS /user/getSort - 0ms
2020-2-20 1:0:37 :OPTIONS /user/getGoods - 1ms
2020-2-20 1:0:37 :OPTIONS /user/getAddress - 0ms
2020-2-20 1:0:37 :POST /user/getAddress - 9ms
2020-2-20 1:0:37 :POST /user/getGoods - 18ms
2020-2-20 1:0:37 :POST /user/getSort - 10ms
2020-2-20 1:0:37 :OPTIONS /user/getGoods - 0ms
2020-2-20 1:0:37 :OPTIONS /user/getSort - 0ms
2020-2-20 1:0:37 :POST /user/getGoods - 8ms
2020-2-20 1:0:37 :OPTIONS /user/getAddress - 0ms
2020-2-20 1:0:37 :POST /user/getSort - 13ms
2020-2-20 1:0:37 :POST /user/getAddress - 9ms
2020-2-20 1:0:37 :OPTIONS /user/addPay - 0ms
2020-2-20 1:0:37 :POST /user/addPay - 2ms
2020-2-20 1:0:37 :OPTIONS /user/getAddress - 1ms
2020-2-20 1:0:37 :POST /user/getAddress - 3ms
2020-2-20 1:0:37 :OPTIONS /user/getGoods - 0ms
2020-2-20 1:0:37 :OPTIONS /user/getSort - 0ms
2020-2-20 1:0:37 :POST /user/getSort - 16ms
2020-2-20 1:0:37 :POST /user/getGoods - 17ms
2020-2-20 1:0:37 :POST /user/getAddress - 80ms
2020-2-20 1:0:37 :OPTIONS /user/addPay - 0ms
2020-2-20 1:0:37 :OPTIONS /user/addPay - 0ms
2020-2-20 1:0:37 :OPTIONS /user/getAddress - 1ms
2020-2-20 1:0:37 :POST /user/addPay - 1ms
2020-2-20 1:0:37 :POST /user/addPay - 1ms
2020-2-20 1:0:37 :POST /user/getAddress - 52ms
2020-2-20 1:0:37 :OPTIONS /user/upPay - 0ms
2020-2-20 1:0:37 :OPTIONS /user/upPay - 0ms
2020-2-20 1:0:37 :POST /user/upPay - 2ms
2020-2-20 1:0:37 :POST /user/upPay - 5ms
2020-2-20 1:0:37 :OPTIONS /user/getPay - 1ms
2020-2-20 1:0:37 :POST /user/getPay - 19ms
2020-2-20 1:0:37 :OPTIONS /user/getAddress - 0ms
2020-2-20 1:0:37 :POST /user/getAddress - 11ms
2020-2-20 1:0:37 :OPTIONS /file/upFile - 0ms
2020-2-20 1:0:37 :POST /file/upFile - 24ms
2020-2-20 1:0:37 :OPTIONS /user/upUser - 1ms
2020-2-20 1:0:37 :POST /user/upUser - 2ms
2020-2-20 1:0:37 :OPTIONS /file/upFile - 0ms
2020-2-20 1:0:37 :POST /file/upFile - 21ms
2020-2-20 1:0:37 :OPTIONS /user/upUser - 0ms
2020-2-20 1:0:37 :POST /user/upUser - 3ms
2020-2-20 1:0:37 :GET /file/getImg?imagePath=1582132740980item-detail-2.jpg - 404
2020-2-20 1:0:37 :OPTIONS /user/getAddress - 0ms
2020-2-20 1:0:37 :POST /user/getAddress - 3ms
2020-2-20 1:0:37 :OPTIONS /user/getGoods - 0ms
2020-2-20 1:0:37 :OPTIONS /user/getSort - 0ms
2020-2-20 1:0:37 :POST /user/getSort - 5ms
2020-2-20 1:0:37 :OPTIONS /user/getAddress - 1ms
2020-2-20 1:0:37 :POST /user/getGoods - 14ms
2020-2-20 1:0:37 :POST /user/getAddress - 12ms
2020-2-20 1:0:37 :POST /user/getGoods - 8ms
2020-2-20 1:0:37 :POST /user/getAddress - 46ms
2020-2-20 1:0:37 :POST /user/getGoods - 10ms
2020-2-20 1:0:37 :POST /user/getAddress - 6ms
2020-2-20 1:0:37 :GET /file/getImg?imagePath=1582094906325item-detail-2.jpg - 404
2020-2-20 1:0:37 :GET /file/getImg?imagePath=1582095435158item-detail-1.jpg - 404
2020-2-20 1:0:37 :GET /file/getImg?imagePath=1582128222243item-detail-1.jpg - 404
2020-2-20 1:0:37 :GET /file/getImg?imagePath=1582132740980item-detail-2.jpg - 404
2020-2-20 1:0:37 :OPTIONS /user/getGoods - 0ms
2020-2-20 1:0:37 :OPTIONS /user/getAddress - 1ms
2020-2-20 1:0:37 :POST /user/getGoods - 11ms
2020-2-20 1:0:37 :POST /user/getAddress - 10ms
2020-2-20 1:0:37 :OPTIONS /user/getGoods - 0ms
2020-2-20 1:0:37 :OPTIONS /user/getAddress - 0ms
2020-2-20 1:0:37 :POST /user/getAddress - 8ms
2020-2-20 1:0:37 :POST /user/getGoods - 13ms
2020-2-20 1:0:37 :OPTIONS /user/getComment - 0ms
2020-2-20 1:0:37 :POST /user/getComment - 3ms
2020-2-20 1:0:37 :POST /user/getGoods - 10ms
2020-2-20 1:0:37 :POST /user/getAddress - 9ms
2020-2-20 1:0:37 :OPTIONS /user/getGoods - 0ms
2020-2-20 1:0:37 :OPTIONS /user/getSort - 0ms
2020-2-20 1:0:37 :OPTIONS /user/getAddress - 0ms
2020-2-20 1:0:37 :POST /user/getGoods - 55ms
2020-2-20 1:0:37 :POST /user/getSort - 9ms
2020-2-20 1:0:37 :POST /user/getAddress - 6ms
2020-2-20 1:0:37 :GET /file/getImg?imagePath=1582128222279item-detail-2.jpg - 404
2020-2-20 1:0:37 :OPTIONS /user/addPay - 1ms
2020-2-20 1:0:37 :OPTIONS /user/addPay - 0ms
2020-2-20 1:0:37 :POST /user/addPay - 9ms
2020-2-20 1:0:37 :OPTIONS /user/getAddress - 0ms
2020-2-20 1:0:37 :POST /user/addPay - 1ms
2020-2-20 1:0:37 :POST /user/getAddress - 8ms
2020-2-20 1:0:37 :OPTIONS /user/upPay - 0ms
2020-2-20 1:0:37 :OPTIONS /user/upPay - 0ms
2020-2-20 1:0:37 :POST /user/upPay - 2ms
2020-2-20 1:0:37 :POST /user/upPay - 2ms
2020-2-20 1:0:37 :OPTIONS /user/getPay - 0ms
2020-2-20 1:0:37 :POST /user/getPay - 3ms
2020-2-20 1:0:37 :OPTIONS /user/getAddress - 0ms
2020-2-20 1:0:37 :POST /user/getAddress - 19ms
2020-2-20 1:0:37 :POST /user/getAddress - 9ms
2020-2-20 1:0:37 :OPTIONS /user/upUser - 0ms
2020-2-20 1:0:37 :POST /user/upUser - 3ms
2020-2-20 1:0:37 :GET /file/getImg?imagePath=1582132740980item-detail-2.jpg - 404
2020-2-20 1:0:37 :POST /user/upUser - 3ms
2020-2-20 1:0:37 :GET /file/getImg?imagePath=1582132740980item-detail-2.jpg - 404
2020-2-20 1:0:37 :OPTIONS /user/upUser - 1ms
2020-2-20 1:0:37 :POST /user/upUser - 2ms
2020-2-20 1:0:37 :GET /file/getImg?imagePath=1582132740980item-detail-2.jpg - 404
2020-2-20 1:0:37 :OPTIONS /user/upUser - 0ms
2020-2-20 1:0:37 :POST /user/upUser - 3ms
2020-2-20 1:0:37 :GET /file/getImg?imagePath=1582132740980item-detail-2.jpg - 404
2020-2-20 1:0:37 :GET /file/getImg?imagePath=1582132740980item-detail-2.jpg - 404
2020-2-20 1:0:37 :OPTIONS /user/upUser - 0ms
2020-2-20 1:0:37 :POST /user/upUser - 2ms
2020-2-20 1:0:37 :GET /file/getImg?imagePath=1582132740980item-detail-2.jpg - 404
2020-2-20 1:0:37 :OPTIONS /user/login - 0ms
2020-2-20 1:0:37 :POST /user/login - 5ms
2020-2-20 1:0:37 :GET /file/getImg?imagePath=1582132740980item-detail-2.jpg - 404
2020-2-20 1:0:37 :OPTIONS /user/upUser - 0ms
2020-2-20 1:0:37 :POST /user/upUser - 2ms
2020-2-20 1:0:37 :GET /file/getImg?imagePath=1582132740980item-detail-2.jpg - 404
2020-2-20 1:0:37 :OPTIONS /user/getGoods - 0ms
2020-2-20 1:0:37 :OPTIONS /user/getSort - 0ms
2020-2-20 1:0:37 :OPTIONS /user/getAddress - 0ms
2020-2-20 1:0:37 :POST /user/getSort - 49ms
2020-2-20 1:0:37 :POST /user/getGoods - 51ms
2020-2-20 1:0:37 :POST /user/getAddress - 11ms
2020-2-20 1:0:37 :GET /file/getImg?imagePath=1582094906325item-detail-2.jpg - 404
2020-2-20 1:0:37 :GET /file/getImg?imagePath=1582095435158item-detail-1.jpg - 404
2020-2-20 1:0:37 :GET /file/getImg?imagePath=1582128222243item-detail-1.jpg - 404
2020-2-20 1:0:37 :POST /user/getGoods - 6ms
2020-2-20 1:0:37 :POST /user/getAddress - 5ms
2020-2-20 1:0:37 :GET /file/getImg?imagePath=1582128222279item-detail-2.jpg - 404
2020-2-20 1:0:37 :OPTIONS /user/getGoods - 0ms
2020-2-20 1:0:37 :OPTIONS /user/getAddress - 0ms
2020-2-20 1:0:37 :POST /user/getGoods - 11ms
2020-2-20 1:0:37 :POST /user/getAddress - 10ms
2020-2-20 1:0:37 :OPTIONS /user/getSort - 0ms
2020-2-20 1:0:37 :POST /user/getGoods - 5ms
2020-2-20 1:0:37 :POST /user/getSort - 5ms
2020-2-20 1:0:37 :POST /user/getAddress - 15ms
2020-2-20 1:0:37 :OPTIONS /user/addPay - 0ms
2020-2-20 1:0:37 :OPTIONS /user/addPay - 1ms
2020-2-20 1:0:37 :POST /user/addPay - 2ms
2020-2-20 1:0:37 :OPTIONS /user/getAddress - 0ms
2020-2-20 1:0:37 :POST /user/addPay - 2ms
2020-2-20 1:0:37 :POST /user/getAddress - 3ms
2020-2-20 1:0:37 :OPTIONS /user/login - 0ms
2020-2-20 1:0:37 :POST /user/login - 6ms
2020-2-20 1:0:37 :GET /file/getImg?imagePath=1582132740980item-detail-2.jpg - 404
2020-2-20 1:0:37 :GET /file/getImg?imagePath=1582128222243item-detail-1.jpg - 404
2020-2-20 1:0:37 :GET /file/getImg?imagePath=1582095435158item-detail-1.jpg - 404
2020-2-20 1:0:37 :OPTIONS /user/addPay - 0ms
2020-2-20 1:0:37 :OPTIONS /user/addPay - 0ms
2020-2-20 1:0:37 :POST /user/addPay - 2ms
2020-2-20 1:0:37 :POST /user/addPay - 1ms
2020-2-20 1:0:37 :OPTIONS /user/getAddress - 1ms
2020-2-20 1:0:37 :POST /user/getAddress - 5ms
2020-2-20 1:0:37 :OPTIONS /user/upPay - 0ms
2020-2-20 1:0:37 :OPTIONS /user/upPay - 1ms
2020-2-20 1:0:37 :POST /user/upPay - 2ms
2020-2-20 1:0:37 :POST /user/upPay - 1ms
2020-2-20 1:0:37 :OPTIONS /user/getPay - 0ms
2020-2-20 1:0:37 :POST /user/getPay - 2ms
2020-2-20 1:0:37 :GET /file/getImg?imagePath=1582094906325item-detail-2.jpg - 404
2020-2-20 1:0:37 :POST /user/getPay - 2ms
2020-2-20 1:0:37 :POST /user/getPay - 8ms
2020-2-20 1:0:37 :OPTIONS /user/getPay - 0ms
2020-2-20 1:0:37 :POST /user/getPay - 4ms
2020-2-20 1:0:37 :OPTIONS /user/getGoods - 0ms
2020-2-20 1:0:37 :POST /user/getGoods - 4ms
2020-2-20 1:0:37 :OPTIONS /user/getPay - 0ms
2020-2-20 1:0:37 :POST /user/getPay - 4ms
2020-2-20 1:0:37 :OPTIONS /user/getGoods - 0ms
2020-2-20 1:0:37 :POST /user/getGoods - 3ms
2020-2-20 1:0:37 :OPTIONS /user/getPay - 0ms
2020-2-20 1:0:37 :POST /user/getPay - 5ms
2020-2-20 1:0:37 :OPTIONS /user/upPay - 0ms
2020-2-20 1:0:37 :POST /user/upPay - 1ms
2020-2-20 1:0:37 :OPTIONS /user/getGoods - 0ms
2020-2-20 1:0:37 :POST /user/getGoods - 5ms
2020-2-20 1:0:37 :OPTIONS /user/upGoods - 0ms
2020-2-20 1:0:37 :POST /user/upGoods - 1ms
2020-2-20 1:0:37 :POST /user/getGoods - 3ms
2020-2-20 1:0:37 :OPTIONS /user/getPay - 0ms
2020-2-20 1:0:37 :POST /user/getPay - 3ms
2020-2-20 1:0:37 :POST /user/getPay - 4ms
2020-2-20 1:0:37 :OPTIONS /user/upPay - 0ms
2020-2-20 1:0:37 :POST /user/upPay - 1ms
2020-2-20 1:0:37 :OPTIONS /user/getComment - 0ms
2020-2-20 1:0:37 :POST /user/getComment - 4ms
2020-2-20 1:0:37 :OPTIONS /user/addComment - 1ms
2020-2-20 1:0:37 :POST /user/addComment - 1ms
2020-2-20 1:0:37 :GET /file/getImg?imagePath=1582132740980item-detail-2.jpg - 404
2020-2-20 1:0:37 :OPTIONS /user/addComment - 0ms
2020-2-20 1:0:37 :POST /user/addComment - 1ms
2020-2-20 1:0:37 :POST /user/addComment - 1ms
2020-2-20 1:0:37 :OPTIONS /user/getPay - 1ms
2020-2-20 1:0:37 :POST /user/getPay - 4ms
2020-2-20 1:0:37 :OPTIONS /user/getComment - 0ms
2020-2-20 1:0:37 :POST /user/getComment - 9ms
2020-2-20 1:0:37 :POST /user/getPay - 22ms
2020-2-20 1:0:37 :OPTIONS /user/getAddress - 0ms
2020-2-20 1:0:37 :POST /user/getAddress - 2ms
2020-2-20 1:0:37 :OPTIONS /user/getGoods - 1ms
2020-2-20 1:0:37 :OPTIONS /user/getSort - 1ms
2020-2-20 1:0:37 :POST /user/getGoods - 9ms
2020-2-20 1:0:37 :POST /user/getSort - 47ms
2020-2-20 1:0:37 :POST /user/getAddress - 47ms
2020-2-20 1:0:37 :OPTIONS /user/getAddress - 0ms
2020-2-20 1:0:37 :POST /user/getAddress - 3ms
2020-2-20 1:0:37 :OPTIONS /user/upAddress - 0ms
2020-2-20 1:0:37 :POST /user/upAddress - 1ms
2020-2-20 1:0:37 :OPTIONS /user/getAddress - 0ms
2020-2-20 1:0:37 :POST /user/getAddress - 5ms
2020-2-20 1:0:37 :OPTIONS /file/upFile - 0ms
2020-2-20 1:0:37 :POST /file/upFile - 23ms
2020-2-20 1:0:37 :OPTIONS /user/upUser - 1ms
2020-2-20 1:0:37 :POST /user/upUser - 1ms
2020-2-20 1:0:37 :GET /file/getImg?imagePath=1582133169195item-detail-1.jpg - 404
2020-2-20 1:0:37 :OPTIONS /user/getGoods - 0ms
2020-2-20 1:0:37 :OPTIONS /user/getSort - 1ms
2020-2-20 1:0:37 :POST /user/getGoods - 4ms
2020-2-20 1:0:37 :OPTIONS /user/getAddress - 0ms
2020-2-20 1:0:37 :POST /user/getAddress - 58ms
2020-2-20 1:0:37 :POST /user/getSort - 25ms
2020-2-20 1:0:37 :POST /user/getGoods - 4ms
2020-2-20 1:0:37 :POST /user/getAddress - 5ms
2020-2-20 1:0:37 :POST /user/getAddress - 3ms
2020-2-20 1:0:37 :POST /user/getGoods - 15ms
2020-2-20 1:0:37 :POST /user/getSort - 12ms
2020-2-20 1:0:37 :POST /user/getGoods - 14ms
2020-2-20 1:0:37 :POST /user/getAddress - 12ms
2020-2-20 1:0:37 :OPTIONS /user/addPay - 0ms
2020-2-20 1:0:37 :OPTIONS /user/addPay - 0ms
2020-2-20 1:0:37 :OPTIONS /user/getAddress - 0ms
2020-2-20 1:0:37 :POST /user/addPay - 2ms
2020-2-20 1:0:37 :POST /user/addPay - 1ms
2020-2-20 1:0:37 :POST /user/getAddress - 39ms
2020-2-20 1:0:37 :OPTIONS /user/getAddress - 0ms
2020-2-20 1:0:37 :POST /user/getAddress - 2ms
2020-2-20 1:0:37 :OPTIONS /user/getAddress - 0ms
2020-2-20 1:0:37 :POST /user/getAddress - 9ms
2020-2-20 1:0:37 :OPTIONS /user/getAddress - 0ms
2020-2-20 1:0:37 :POST /user/getAddress - 3ms
2020-2-20 1:0:37 :OPTIONS /user/getAddress - 0ms
2020-2-20 1:0:37 :POST /user/getAddress - 3ms
2020-2-20 1:0:37 :OPTIONS /user/getAddress - 0ms
2020-2-20 1:0:37 :POST /user/getAddress - 5ms
2020-2-20 1:0:37 :OPTIONS /user/getAddress - 0ms
2020-2-20 1:0:37 :POST /user/getAddress - 2ms
2020-2-20 13:50:16 :OPTIONS /user/getAddress - 9ms
2020-2-20 13:50:16 :OPTIONS /user/getGoods - 12ms
2020-2-20 13:50:16 :POST /user/getGoods - 73ms
2020-2-20 13:50:16 :POST /user/getAddress - 79ms
2020-2-20 13:50:16 :GET /file/getImg?imagePath=1582094906325item-detail-2.jpg - 404
2020-2-20 13:50:16 :GET /file/getImg?imagePath=1582095435158item-detail-1.jpg - 404
2020-2-20 13:50:16 :GET /file/getImg?imagePath=1582128222243item-detail-1.jpg - 404
2020-2-20 13:50:16 :GET /file/getImg?imagePath=1582128222243item-detail-1.jpg - 404
2020-2-20 13:50:16 :GET /file/getImg?imagePath=1582095435158item-detail-1.jpg - 404
2020-2-20 13:50:16 :OPTIONS /user/login - 0ms
2020-2-20 13:50:16 :POST /user/login - 4ms
2020-2-20 13:50:16 :GET /file/getImg?imagePath=1582133169195item-detail-1.jpg - 404
2020-2-20 13:50:16 :OPTIONS /user/getPay - 0ms
2020-2-20 13:50:16 :POST /user/getPay - 7ms
2020-2-20 13:50:16 :GET /file/getImg?imagePath=1582094906325item-detail-2.jpg - 404
2020-2-20 13:50:16 :GET /file/getImg?imagePath=1582128222243item-detail-1.jpg - 404
2020-2-20 13:50:16 :GET /file/getImg?imagePath=1582095435158item-detail-1.jpg - 404
2020-2-20 13:50:16 :OPTIONS /user/getPay - 1ms
2020-2-20 13:50:16 :POST /user/getPay - 5ms
2020-2-20 13:50:16 :GET /file/getImg?imagePath=1582094906325item-detail-2.jpg - 404
2020-2-20 13:50:16 :GET /file/getImg?imagePath=1582128222243item-detail-1.jpg - 404
2020-2-20 13:50:16 :GET /file/getImg?imagePath=1582095435158item-detail-1.jpg - 404
2020-2-20 13:50:16 :OPTIONS /user/getPay - 0ms
2020-2-20 13:50:16 :POST /user/getPay - 11ms
2020-2-20 13:50:16 :GET /file/getImg?imagePath=1582094906325item-detail-2.jpg - 404
2020-2-20 13:50:16 :GET /file/getImg?imagePath=1582128222243item-detail-1.jpg - 404
2020-2-20 13:50:16 :GET /file/getImg?imagePath=1582095435158item-detail-1.jpg - 404
2020-2-20 13:50:16 :OPTIONS /user/getPay - 1ms
2020-2-20 13:50:16 :POST /user/getPay - 5ms
2020-2-20 15:18:2 :OPTIONS /user/getSort - 7ms
2020-2-20 15:18:2 :OPTIONS /user/getAddress - 7ms
2020-2-20 15:18:2 :OPTIONS /user/getGoods - 10ms
2020-2-20 15:18:2 :POST /user/getAddress - 220ms
2020-2-20 15:18:2 :POST /user/getSort - 229ms
2020-2-20 15:18:2 :POST /user/getGoods - 131ms
2020-2-20 15:18:2 :GET /file/getImg?imagePath=1582094906325item-detail-2.jpg - 404
2020-2-20 15:18:2 :GET /file/getImg?imagePath=1582095435158item-detail-1.jpg - 404
2020-2-20 15:18:2 :GET /file/getImg?imagePath=1582128222243item-detail-1.jpg - 404
2020-2-20 15:18:2 :OPTIONS /users/selectBlog - 0ms
2020-2-20 15:18:2 :OPTIONS /users/selectBlog - 0ms
2020-2-20 15:18:2 :GET /file/getImg?imagePath=1582128222279item-detail-2.jpg - 404
2020-2-20 15:18:2 :OPTIONS /user/getComment - 0ms
2020-2-20 15:18:2 :POST /user/getComment - 7ms
2020-2-20 15:18:2 :GET /file/getImg?imagePath=1582132740980item-detail-2.jpg - 404
2020-2-20 15:18:2 :OPTIONS /user/getAddress - 1ms
2020-2-20 15:18:2 :OPTIONS /user/getGoods - 0ms
2020-2-20 15:18:2 :POST /user/getAddress - 9ms
2020-2-20 15:18:2 :OPTIONS /user/getSort - 1ms
2020-2-20 15:18:2 :POST /user/getGoods - 18ms
2020-2-20 15:18:2 :POST /user/getSort - 13ms
2020-2-20 16:58:39 :OPTIONS /user/getGoods - 6ms
2020-2-20 16:58:39 :OPTIONS /user/getAddress - 6ms
2020-2-20 16:58:39 :POST /user/getGoods - 64ms
2020-2-20 16:58:39 :POST /user/getAddress - 75ms
2020-2-20 16:58:39 :GET /file/getImg?imagePath=1582128222243item-detail-1.jpg - 404
2020-2-20 16:58:39 :GET /file/getImg?imagePath=1582095435158item-detail-1.jpg - 404
2020-2-20 16:58:39 :GET /file/getImg?imagePath=1582094906325item-detail-2.jpg - 404
2020-2-20 16:58:39 :OPTIONS /user/getAddress - 1ms
2020-2-20 16:58:39 :POST /user/getSort - 5ms
2020-2-20 16:58:39 :OPTIONS /user/getGoods - 1ms
2020-2-20 16:58:39 :OPTIONS /user/getSort - 0ms
2020-2-20 16:58:39 :POST /user/getGoods - 41ms
2020-2-20 16:58:39 :POST /user/getAddress - 27ms
2020-2-20 16:58:39 :GET /file/getImg?imagePath=1582094906325item-detail-2.jpg - 404
2020-2-20 16:58:39 :GET /file/getImg?imagePath=1582095435158item-detail-1.jpg - 404
2020-2-20 16:58:39 :GET /file/getImg?imagePath=1582128222243item-detail-1.jpg - 404
2020-2-20 16:58:39 :OPTIONS /user/getAddress - 0ms
2020-2-20 16:58:39 :POST /user/getAddress - 3ms
2020-2-20 16:58:39 :OPTIONS /user/getAddress - 0ms
2020-2-20 16:58:39 :POST /user/getAddress - 5ms
2020-2-20 16:58:39 :OPTIONS /user/getSort - 1ms
2020-2-20 16:58:39 :OPTIONS /user/getAddress - 1ms
2020-2-20 16:58:39 :OPTIONS /user/getGoods - 0ms
2020-2-20 16:58:39 :POST /user/getSort - 14ms
2020-2-20 16:58:39 :POST /user/getAddress - 16ms
2020-2-20 16:58:39 :POST /user/getGoods - 7ms
2020-2-20 16:58:39 :OPTIONS /user/getComment - 0ms
2020-2-20 16:58:39 :POST /user/getComment - 5ms
2020-2-20 16:58:39 :OPTIONS /user/getGoods - 1ms
2020-2-20 16:58:39 :OPTIONS /user/getSort - 0ms
2020-2-20 16:58:39 :POST /user/getSort - 5ms
2020-2-20 16:58:39 :OPTIONS /user/getAddress - 0ms
2020-2-20 16:58:39 :POST /user/getGoods - 13ms
2020-2-20 16:58:39 :POST /user/getAddress - 10ms
2020-2-20 16:58:39 :OPTIONS /user/addPay - 0ms
2020-2-20 16:58:39 :OPTIONS /user/getAddress - 0ms
2020-2-20 16:58:39 :POST /user/addPay - 10ms
2020-2-20 16:58:39 :POST /user/getAddress - 5ms
2020-2-20 16:58:39 :OPTIONS /user/getSort - 0ms
2020-2-20 16:58:39 :OPTIONS /user/getGoods - 1ms
2020-2-20 16:58:39 :OPTIONS /user/getAddress - 1ms
2020-2-20 16:58:39 :POST /user/getGoods - 24ms
2020-2-20 16:58:39 :POST /user/getSort - 31ms
2020-2-20 16:58:39 :POST /user/getAddress - 18ms
2020-2-20 16:58:39 :OPTIONS /user/getComment - 0ms
2020-2-20 16:58:39 :POST /user/getComment - 3ms
2020-2-20 16:58:39 :OPTIONS /user/getAddress - 1ms
2020-2-20 16:58:39 :OPTIONS /user/getGoods - 0ms
2020-2-20 16:58:39 :OPTIONS /user/getSort - 0ms
2020-2-20 16:58:39 :POST /user/getGoods - 4ms
2020-2-20 16:58:39 :POST /user/getAddress - 5ms
2020-2-20 16:58:39 :POST /user/getSort - 5ms
2020-2-20 16:58:39 :GET /file/getImg?imagePath=1582128222279item-detail-2.jpg - 404
2020-2-20 16:58:39 :OPTIONS /user/getComment - 0ms
2020-2-20 16:58:39 :POST /user/getComment - 5ms
2020-2-20 16:58:39 :GET /file/getImg?imagePath=1582132740980item-detail-2.jpg - 404
2020-2-20 16:58:39 :OPTIONS /user/getSort - 0ms
2020-2-20 16:58:39 :POST /user/getSort - 5ms
2020-2-20 16:58:39 :OPTIONS /user/getGoods - 1ms
2020-2-20 16:58:39 :OPTIONS /user/getAddress - 0ms
2020-2-20 16:58:39 :POST /user/getGoods - 9ms
2020-2-20 16:58:39 :POST /user/getAddress - 8ms
2020-2-20 16:58:39 :OPTIONS /user/getSort - 0ms
2020-2-20 16:58:39 :OPTIONS /user/getAddress - 1ms
2020-2-20 16:58:39 :POST /user/getSort - 6ms
2020-2-20 16:58:39 :POST /user/getAddress - 5ms
2020-2-20 16:58:39 :OPTIONS /user/getGoods - 0ms
2020-2-20 16:58:39 :POST /user/getGoods - 8ms
2020-2-20 16:58:39 :GET /file/getImg?imagePath=1582095435158item-detail-1.jpg - 404
2020-2-20 16:58:39 :GET /file/getImg?imagePath=1582128222243item-detail-1.jpg - 404
2020-2-20 16:58:39 :GET /file/getImg?imagePath=1582095435158item-detail-1.jpg - 404
2020-2-20 16:58:39 :GET /file/getImg?imagePath=1582128222243item-detail-1.jpg - 404
2020-2-20 16:58:39 :OPTIONS /user/getGoods - 0ms
2020-2-20 16:58:39 :OPTIONS /user/getSort - 1ms
2020-2-20 16:58:39 :POST /user/getSort - 3ms
2020-2-20 16:58:39 :OPTIONS /user/getAddress - 0ms
2020-2-20 16:58:39 :POST /user/getGoods - 7ms
2020-2-20 16:58:39 :POST /user/getAddress - 6ms
2020-2-20 16:58:39 :GET /file/getImg?imagePath=1582094906325item-detail-2.jpg - 404
2020-2-20 16:58:39 :GET /file/getImg?imagePath=1582128222279item-detail-2.jpg - 404
2020-2-20 16:58:39 :OPTIONS /user/getComment - 0ms
2020-2-20 16:58:39 :POST /user/getComment - 3ms
2020-2-20 16:58:39 :GET /file/getImg?imagePath=1582132740980item-detail-2.jpg - 404
2020-2-20 16:58:39 :OPTIONS /user/getGoods - 1ms
2020-2-20 16:58:39 :POST /user/getGoods - 7ms
2020-2-20 16:58:39 :OPTIONS /user/getSort - 0ms
2020-2-20 16:58:39 :OPTIONS /user/getAddress - 0ms
2020-2-20 16:58:39 :POST /user/getSort - 8ms
2020-2-20 16:58:39 :POST /user/getAddress - 6ms
2020-2-20 16:58:39 :GET /file/getImg?imagePath=1582128222243item-detail-1.jpg - 404
2020-2-20 16:58:39 :OPTIONS /user/getGoods - 0ms
2020-2-20 16:58:39 :OPTIONS /user/getSort - 0ms
2020-2-20 16:58:39 :POST /user/getGoods - 7ms
2020-2-20 16:58:39 :OPTIONS /user/getAddress - 1ms
2020-2-20 16:58:39 :POST /user/getSort - 16ms
2020-2-20 16:58:39 :POST /user/getAddress - 4ms
2020-2-20 16:58:39 :GET /file/getImg?imagePath=1582094906325item-detail-2.jpg - 404
2020-2-20 16:58:39 :GET /file/getImg?imagePath=1582095435158item-detail-1.jpg - 404
2020-2-20 16:58:39 :GET /file/getImg?imagePath=1582128222279item-detail-2.jpg - 404
2020-2-20 16:58:39 :OPTIONS /user/getAddress - 0ms
2020-2-20 16:58:39 :POST /user/getAddress - 3ms
2020-2-20 16:58:39 :OPTIONS /user/getGoods - 0ms
2020-2-20 16:58:39 :OPTIONS /user/getSort - 0ms
2020-2-20 16:58:39 :OPTIONS /user/getAddress - 0ms
2020-2-20 16:58:39 :POST /user/getGoods - 10ms
2020-2-20 16:58:39 :POST /user/getAddress - 3ms
2020-2-20 16:58:39 :POST /user/getSort - 6ms
2020-2-20 16:58:39 :OPTIONS /user/getGoods - 0ms
2020-2-20 16:58:39 :OPTIONS /user/getAddress - 1ms
2020-2-20 16:58:39 :POST /user/getGoods - 6ms
2020-2-20 16:58:39 :POST /user/getAddress - 5ms
2020-2-20 16:58:39 :POST /user/getAddress - 8ms
2020-2-20 16:58:39 :OPTIONS /user/login - 0ms
2020-2-20 16:58:39 :POST /user/login - 3ms
2020-2-20 16:58:39 :GET /file/getImg?imagePath=1582133169195item-detail-1.jpg - 404
2020-2-20 16:58:39 :OPTIONS /user/getGoods - 1ms
2020-2-20 16:58:39 :OPTIONS /user/getSort - 0ms
2020-2-20 16:58:39 :OPTIONS /user/getAddress - 0ms
2020-2-20 16:58:39 :POST /user/getSort - 10ms
2020-2-20 16:58:39 :POST /user/getAddress - 9ms
2020-2-20 16:58:39 :POST /user/getGoods - 10ms
2020-2-20 16:58:39 :GET /file/getImg?imagePath=1582128222243item-detail-1.jpg - 404
2020-2-20 16:58:39 :GET /file/getImg?imagePath=1582094906325item-detail-2.jpg - 404
2020-2-20 16:58:39 :GET /file/getImg?imagePath=1582095435158item-detail-1.jpg - 404
2020-2-20 16:58:39 :OPTIONS /user/getAddress - 0ms
2020-2-20 16:58:39 :POST /user/getAddress - 3ms
2020-2-20 16:58:39 :GET /file/getImg?imagePath=1582094906325item-detail-2.jpg - 404
2020-2-20 16:58:39 :GET /file/getImg?imagePath=1582128222243item-detail-1.jpg - 404
2020-2-20 16:58:39 :OPTIONS /user/getSort - 1ms
2020-2-20 16:58:39 :POST /user/getSort - 4ms
2020-2-20 16:58:39 :OPTIONS /user/getGoods - 5ms
2020-2-20 16:58:39 :POST /user/getGoods - 7ms
2020-2-20 16:58:39 :GET /file/getImg?imagePath=1582095435158item-detail-1.jpg - 404
2020-2-20 16:58:39 :GET /file/getImg?imagePath=1582128222279item-detail-2.jpg - 404
2020-2-20 16:58:39 :OPTIONS /user/getGoods - 0ms
2020-2-20 16:58:39 :POST /user/getGoods - 6ms
2020-2-20 16:58:39 :OPTIONS /user/getSort - 0ms
2020-2-20 16:58:39 :POST /user/getSort - 7ms
2020-2-20 16:58:39 :POST /user/getGoods - 4ms
2020-2-20 16:58:39 :OPTIONS /user/getGoods - 1ms
2020-2-20 16:58:39 :OPTIONS /user/getSort - 0ms
2020-2-20 16:58:39 :POST /user/getSort - 4ms
2020-2-20 16:58:39 :POST /user/getGoods - 21ms
2020-2-20 16:58:39 :GET /file/getImg?imagePath=1582133169195item-detail-1.jpg - 404