
2020-2-16 22:20:44 :GET /mysql - 404
2020-2-16 22:20:44 :GET /favicon.ico - 404
2020-2-16 22:20:44 :GET / - 404
2020-2-16 22:20:44 :GET /user - 1ms
2020-2-16 22:22:51 :GET /user - 404
2020-2-16 22:22:51 :GET /user/user - 2ms
2020-2-16 22:24:18 :GET /user/user - 4ms
2020-2-16 22:24:18 :GET /user - 1ms
2020-2-16 22:29:40 :OPTIONS /upFile - 404
2020-2-16 22:32:6 :OPTIONS /upFile - 404
2020-2-16 22:32:6 :POST /upFile - 13ms
2020-2-16 22:32:6 :OPTIONS /useraddUser - 404
2020-2-16 22:37:11 :OPTIONS /upFile - 404
2020-2-16 22:37:11 :POST /upFile - 153ms
2020-2-16 22:39:15 :OPTIONS /upFile - 404
2020-2-16 22:46:25 :OPTIONS /upFile - 404
2020-2-16 22:46:25 :POST /upFile - 404
2020-2-16 22:47:20 :OPTIONS /upFile - 404
2020-2-16 22:47:20 :POST /upFile - 404
2020-2-16 22:47:20 :GET /upFile - 404
2020-2-16 22:50:32 :OPTIONS /upFile - 404
2020-2-16 22:50:32 :POST /upFile - 404
2020-2-16 22:51:55 :GET /addUser - 4ms
2020-2-16 22:51:55 :OPTIONS /upFile - 404
2020-2-16 22:51:55 :POST /upFile - 404
2020-2-16 22:51:55 :GET /upFile - 404
2020-2-16 22:54:42 :OPTIONS /upFile - 404
2020-2-16 22:54:42 :POST /upFile - 404
2020-2-16 22:59:15 :OPTIONS /upFile - 404
2020-2-16 22:59:15 :POST /upFile - 404
2020-2-16 23:0:59 :OPTIONS /upFile - 404
2020-2-16 23:0:59 :POST /upFile - 404
2020-2-16 23:1:28 :OPTIONS /upFile - 404
2020-2-16 23:1:28 :POST /upFile - 404
2020-2-16 23:3:18 :POST /upFile - 6ms
2020-2-16 23:3:18 :OPTIONS /upFile - 404
2020-2-16 23:3:18 :OPTIONS /useraddUser - 404
2020-2-16 23:8:24 :OPTIONS /upFile - 404
2020-2-16 23:8:24 :POST /upFile - 4ms
2020-2-16 23:8:24 :OPTIONS /upFile - 404
2020-2-16 23:8:24 :POST /upFile - 2ms
2020-2-16 23:9:54 :OPTIONS /upFile - 404
2020-2-16 23:9:54 :POST /upFile - 3ms
2020-2-16 23:11:4 :OPTIONS /upFile - 404
2020-2-16 23:11:4 :POST /upFile - 404
2020-2-16 23:11:47 :POST /upFile - 3ms
2020-2-16 23:11:47 :OPTIONS /upFile - 404
2020-2-16 23:13:8 :OPTIONS /upFile - 404
2020-2-16 23:13:8 :POST /upFile - 404
2020-2-16 23:13:59 :OPTIONS /upFile - 404
2020-2-16 23:13:59 :POST /upFile - 404
2020-2-16 23:14:49 :OPTIONS /upFile - 404
2020-2-16 23:14:49 :POST /upFile - 404
2020-2-16 23:15:32 :POST /upFile - 404
2020-2-16 23:15:32 :OPTIONS /upFile - 404
2020-2-16 23:17:9 :OPTIONS /file/upFile - 404
2020-2-16 23:17:9 :POST /file/upFile - 404
2020-2-16 23:24:21 :OPTIONS /file/upFile - 404
2020-2-16 23:24:21 :POST /file/upFile - 404
2020-2-16 23:25:14 :OPTIONS /file/upFile - 404
2020-2-16 23:25:14 :POST /file/upFile - 404
2020-2-16 23:26:6 :POST /file/upFile - 404
2020-2-16 23:26:6 :OPTIONS /file/upFile - 404
2020-2-16 23:30:38 :OPTIONS /file/upFile - 404
2020-2-16 23:30:38 :POST /file/upFile - 404
2020-2-16 23:34:29 :OPTIONS /file/upFile - 404
2020-2-16 23:34:29 :POST /file/upFile - 404
2020-2-16 23:35:41 :POST /file/upFile - 404
2020-2-16 23:35:41 :OPTIONS /file/upFile - 404
2020-2-16 23:37:33 :OPTIONS /file/upFile - 404
2020-2-16 23:37:33 :POST /file/upFile - 404
2020-2-16 23:41:26 :OPTIONS /file/upFile - 404
2020-2-16 23:41:26 :POST /file/upFile - 404
2020-2-16 23:45:54 :POST /file/upFile - 404
2020-2-16 23:45:54 :OPTIONS /file/upFile - 404
2020-2-16 23:46:42 :OPTIONS /file/upFile - 404
2020-2-16 23:46:42 :POST /file/upFile - 404
2020-2-16 23:49:28 :OPTIONS /file/upFile - 404
2020-2-16 23:49:28 :POST /file/upFile - 404
2020-2-16 23:50:19 :OPTIONS /file/upFile - 404
2020-2-16 23:50:19 :POST /file/upFile - 404
2020-2-16 23:56:27 :OPTIONS /file/upFile - 404
2020-2-16 23:56:27 :POST /file/upFile - 404
2020-2-16 23:57:1 :OPTIONS /file/upFile - 404
2020-2-16 23:57:1 :OPTIONS /useraddUser - 404
2020-2-16 23:57:57 :OPTIONS /file/upFile - 404
2020-2-16 23:57:57 :POST /file/upFile - 3ms
2020-2-16 23:57:57 :OPTIONS /useraddUser - 404
2020-2-16 23:58:57 :OPTIONS /file/upFile - 404
2020-2-16 23:58:57 :POST /file/upFile - 19ms
2020-2-16 23:58:57 :OPTIONS /user/addUser - 404
2020-2-16 23:58:57 :POST /user/addUser - 404