
2020-2-17 0:1:13 :OPTIONS /file/upFile - 404
2020-2-17 0:1:13 :POST /file/upFile - 21ms
2020-2-17 0:1:13 :OPTIONS /user/addUser - 404
2020-2-17 0:1:13 :POST /user/addUser - 171ms
2020-2-17 0:6:46 :OPTIONS /file/upFile - 404
2020-2-17 0:6:46 :POST /file/upFile - 19ms
2020-2-17 0:6:46 :OPTIONS /user/addUser - 404
2020-2-17 0:6:46 :POST /user/addUser - 208ms
2020-2-17 0:7:35 :OPTIONS /file/upFile - 404
2020-2-17 0:7:35 :POST /file/upFile - 21ms
2020-2-17 0:7:35 :OPTIONS /user/addUser - 404
2020-2-17 0:7:35 :POST /user/addUser - 34ms
2020-2-17 0:8:30 :OPTIONS /file/upFile - 404
2020-2-17 0:8:30 :POST /file/upFile - 46ms
2020-2-17 0:8:30 :OPTIONS /user/addUser - 404
2020-2-17 0:8:30 :POST /user/addUser - 168ms
2020-2-17 0:11:20 :OPTIONS /file/upFile - 404
2020-2-17 0:11:20 :POST /file/upFile - 22ms
2020-2-17 0:11:20 :OPTIONS /user/addUser - 404
2020-2-17 0:11:20 :POST /user/addUser - 30ms
2020-2-17 0:13:22 :OPTIONS /file/upFile - 404
2020-2-17 0:13:22 :POST /file/upFile - 39ms
2020-2-17 0:13:22 :OPTIONS /user/addUser - 404
2020-2-17 0:13:22 :POST /user/addUser - 38ms
2020-2-17 0:13:57 :OPTIONS /file/upFile - 404
2020-2-17 0:13:57 :POST /file/upFile - 22ms
2020-2-17 0:13:57 :OPTIONS /user/addUser - 404
2020-2-17 0:13:57 :POST /user/addUser - 32ms
2020-2-17 0:13:57 :OPTIONS /file/upFile - 404
2020-2-17 0:13:57 :POST /file/upFile - 12ms
2020-2-17 0:13:57 :OPTIONS /user/addUser - 404
2020-2-17 0:13:57 :POST /user/addUser - 22ms
2020-2-17 0:16:58 :OPTIONS /file/upFile - 404
2020-2-17 0:16:58 :POST /file/upFile - 19ms
2020-2-17 0:16:58 :OPTIONS /user/addUser - 404
2020-2-17 0:16:58 :POST /user/addUser - 53ms
2020-2-17 0:19:0 :OPTIONS /file/upFile - 404
2020-2-17 0:19:0 :POST /file/upFile - 21ms
2020-2-17 0:19:0 :OPTIONS /user/addUser - 404
2020-2-17 0:19:0 :POST /user/addUser - 29ms
2020-2-17 0:22:36 :OPTIONS /file/upFile - 404
2020-2-17 0:22:36 :POST /file/upFile - 20ms
2020-2-17 0:22:36 :OPTIONS /user/addUser - 404
2020-2-17 0:22:36 :POST /user/addUser - 27ms
2020-2-17 0:24:48 :OPTIONS /file/upFile - 404
2020-2-17 0:24:48 :POST /file/upFile - 21ms
2020-2-17 0:24:48 :OPTIONS /user/addUser - 404
2020-2-17 0:24:48 :POST /user/addUser - 36ms
2020-2-17 0:24:48 :OPTIONS /file/upFile - 404
2020-2-17 0:24:48 :POST /file/upFile - 14ms
2020-2-17 0:24:48 :OPTIONS /user/addUser - 404
2020-2-17 0:24:48 :POST /user/addUser - 8ms
2020-2-17 0:32:48 :OPTIONS /file/upFile - 404
2020-2-17 0:32:48 :POST /file/upFile - 21ms
2020-2-17 0:32:48 :OPTIONS /user/addUser - 404
2020-2-17 0:32:48 :POST /user/addUser - 23ms
2020-2-17 0:33:24 :OPTIONS /file/upFile - 404
2020-2-17 0:33:24 :POST /file/upFile - 30ms
2020-2-17 0:33:24 :OPTIONS /user/addUser - 404
2020-2-17 0:33:24 :POST /user/addUser - 26ms
2020-2-17 0:35:49 :OPTIONS /file/upFile - 404
2020-2-17 0:35:49 :POST /file/upFile - 23ms
2020-2-17 0:35:49 :OPTIONS /user/addUser - 404
2020-2-17 0:35:49 :POST /user/addUser - 24ms
2020-2-17 0:36:36 :OPTIONS /file/upFile - 404
2020-2-17 0:36:36 :POST /file/upFile - 18ms
2020-2-17 0:36:36 :OPTIONS /user/addUser - 404
2020-2-17 0:36:36 :POST /user/addUser - 404
2020-2-17 0:41:54 :OPTIONS /file/upFile - 404
2020-2-17 0:41:54 :POST /file/upFile - 21ms
2020-2-17 0:41:54 :OPTIONS /user/addUser - 404
2020-2-17 0:41:54 :POST /user/addUser - 404
2020-2-17 0:42:31 :OPTIONS /file/upFile - 404
2020-2-17 0:42:31 :POST /file/upFile - 22ms
2020-2-17 0:42:31 :OPTIONS /user/addUser - 404
2020-2-17 0:42:31 :POST /user/addUser - 404
2020-2-17 0:43:56 :OPTIONS /file/upFile - 404
2020-2-17 0:43:56 :POST /file/upFile - 21ms
2020-2-17 0:43:56 :OPTIONS /user/addUser - 404
2020-2-17 0:43:56 :POST /user/addUser - 404
2020-2-17 0:53:21 :OPTIONS /file/upFile - 404
2020-2-17 0:53:21 :POST /file/upFile - 25ms
2020-2-17 0:53:21 :OPTIONS /user/addUser - 404
2020-2-17 0:53:21 :POST /user/addUser - 404
2020-2-17 0:54:0 :OPTIONS /file/upFile - 404
2020-2-17 0:54:0 :POST /file/upFile - 30ms
2020-2-17 0:54:0 :OPTIONS /user/addUser - 404
2020-2-17 0:54:0 :POST /user/addUser - 404
2020-2-17 0:54:51 :OPTIONS /file/upFile - 404
2020-2-17 0:54:51 :POST /file/upFile - 404
2020-2-17 0:55:12 :OPTIONS /file/upFile - 404
2020-2-17 0:55:12 :POST /file/upFile - 404
2020-2-17 0:55:57 :POST /file/upFile - 404
2020-2-17 0:55:57 :OPTIONS /file/upFile - 404
2020-2-17 0:57:9 :OPTIONS /file/upFile - 404
2020-2-17 0:57:9 :POST /file/upFile - 20ms
2020-2-17 0:57:9 :OPTIONS /user/addUser - 404
2020-2-17 0:57:9 :POST /user/addUser - 404
2020-2-17 0:59:2 :OPTIONS /file/upFile - 404
2020-2-17 0:59:2 :POST /file/upFile - 24ms
2020-2-17 0:59:2 :OPTIONS /user/addUser - 404
2020-2-17 0:59:2 :POST /user/addUser - 404
2020-2-17 0:59:32 :OPTIONS /file/upFile - 404
2020-2-17 0:59:32 :POST /file/upFile - 24ms
2020-2-17 0:59:32 :OPTIONS /user/addUser - 404
2020-2-17 0:59:32 :POST /user/addUser - 19ms
2020-2-17 1:1:15 :OPTIONS /file/upFile - 404
2020-2-17 1:1:15 :POST /file/upFile - 24ms
2020-2-17 1:1:15 :OPTIONS /user/addUser - 404
2020-2-17 1:1:15 :POST /user/addUser - 404
2020-2-17 1:2:14 :OPTIONS /file/upFile - 404
2020-2-17 1:2:14 :POST /file/upFile - 21ms
2020-2-17 1:2:14 :OPTIONS /user/addUser - 404
2020-2-17 1:2:14 :POST /user/addUser - 404
2020-2-17 1:2:41 :OPTIONS /file/upFile - 404
2020-2-17 1:2:41 :POST /file/upFile - 26ms
2020-2-17 1:2:41 :OPTIONS /user/addUser - 404
2020-2-17 1:2:41 :POST /user/addUser - 404
2020-2-17 1:3:55 :OPTIONS /file/upFile - 404
2020-2-17 1:3:55 :POST /file/upFile - 22ms
2020-2-17 1:3:55 :OPTIONS /user/addUser - 404
2020-2-17 1:3:55 :POST /user/addUser - 404
2020-2-17 1:5:21 :OPTIONS /file/upFile - 404
2020-2-17 1:5:21 :POST /file/upFile - 30ms
2020-2-17 1:5:21 :OPTIONS /user/addUser - 404
2020-2-17 1:5:21 :POST /user/addUser - 404
2020-2-17 1:5:21 :OPTIONS /file/upFile - 404
2020-2-17 1:5:21 :POST /file/upFile - 14ms
2020-2-17 1:5:21 :OPTIONS /user/addUser - 404
2020-2-17 1:5:21 :POST /user/addUser - 404
2020-2-17 1:15:34 :OPTIONS /file/upFile - 404
2020-2-17 1:15:34 :POST /file/upFile - 41ms
2020-2-17 1:15:34 :OPTIONS /user/addUser - 404
2020-2-17 1:15:34 :POST /user/addUser - 404
2020-2-17 1:18:48 :OPTIONS /file/upFile - 404
2020-2-17 1:18:48 :POST /file/upFile - 21ms
2020-2-17 1:18:48 :OPTIONS /user/addUser - 404
2020-2-17 1:18:48 :POST /user/addUser - 404
2020-2-17 1:19:45 :OPTIONS /file/upFile - 404
2020-2-17 1:19:45 :POST /file/upFile - 55ms
2020-2-17 1:19:45 :OPTIONS /user/addUser - 404
2020-2-17 1:19:45 :POST /user/addUser - 404
2020-2-17 1:20:21 :OPTIONS /file/upFile - 404
2020-2-17 1:20:21 :POST /file/upFile - 21ms
2020-2-17 1:20:21 :OPTIONS /user/addUser - 404
2020-2-17 1:20:21 :POST /user/addUser - 404
2020-2-17 1:21:40 :OPTIONS /file/upFile - 404
2020-2-17 1:21:40 :POST /file/upFile - 27ms
2020-2-17 1:21:40 :OPTIONS /user/addUser - 404
2020-2-17 1:21:40 :POST /user/addUser - 404
2020-2-17 1:22:32 :OPTIONS /file/upFile - 404
2020-2-17 1:22:32 :POST /file/upFile - 22ms
2020-2-17 1:22:32 :OPTIONS /user/addUser - 404
2020-2-17 1:22:32 :POST /user/addUser - 404
2020-2-17 1:23:21 :OPTIONS /file/upFile - 404
2020-2-17 1:23:21 :POST /file/upFile - 23ms
2020-2-17 1:23:21 :OPTIONS /user/addUser - 404
2020-2-17 1:23:21 :POST /user/addUser - 404
2020-2-17 1:24:1 :OPTIONS /file/upFile - 404
2020-2-17 1:24:1 :POST /file/upFile - 25ms
2020-2-17 1:24:1 :OPTIONS /user/addUser - 404
2020-2-17 1:24:1 :POST /user/addUser - 404
2020-2-17 1:24:38 :OPTIONS /file/upFile - 404
2020-2-17 1:24:38 :POST /file/upFile - 24ms
2020-2-17 1:24:38 :OPTIONS /user/addUser - 404
2020-2-17 1:24:38 :POST /user/addUser - 404
2020-2-17 1:25:26 :OPTIONS /file/upFile - 404
2020-2-17 1:25:26 :POST /file/upFile - 22ms
2020-2-17 1:25:26 :OPTIONS /user/addUser - 404
2020-2-17 1:25:26 :POST /user/addUser - 404
2020-2-17 1:26:31 :OPTIONS /file/upFile - 404
2020-2-17 1:26:31 :POST /file/upFile - 23ms
2020-2-17 1:26:31 :OPTIONS /user/addUser - 404
2020-2-17 1:26:31 :POST /user/addUser - 404
2020-2-17 1:27:21 :OPTIONS /file/upFile - 404
2020-2-17 1:27:21 :POST /file/upFile - 22ms
2020-2-17 1:27:21 :OPTIONS /user/addUser - 404
2020-2-17 1:27:21 :POST /user/addUser - 404
2020-2-17 1:33:22 :OPTIONS /file/upFile - 404
2020-2-17 1:33:22 :POST /file/upFile - 22ms
2020-2-17 1:33:22 :OPTIONS /user/addUser - 404
2020-2-17 1:33:22 :POST /user/addUser - 404
2020-2-17 1:34:12 :OPTIONS /file/upFile - 404
2020-2-17 1:34:12 :POST /file/upFile - 55ms
2020-2-17 1:34:12 :OPTIONS /user/addUser - 404
2020-2-17 1:34:12 :POST /user/addUser - 404
2020-2-17 1:35:24 :OPTIONS /file/upFile - 404
2020-2-17 1:35:24 :POST /file/upFile - 27ms
2020-2-17 1:35:24 :OPTIONS /user/addUser - 404
2020-2-17 1:35:24 :POST /user/addUser - 404
2020-2-17 1:36:36 :OPTIONS /file/upFile - 404
2020-2-17 1:36:36 :POST /file/upFile - 22ms
2020-2-17 1:36:36 :OPTIONS /user/addUser - 404
2020-2-17 1:36:36 :POST /user/addUser - 11ms
2020-2-17 1:39:21 :OPTIONS /file/upFile - 404
2020-2-17 1:39:21 :POST /file/upFile - 21ms
2020-2-17 1:39:21 :OPTIONS /user/addUser - 404
2020-2-17 1:39:21 :POST /user/addUser - 404
2020-2-17 1:41:38 :OPTIONS /file/upFile - 404
2020-2-17 1:41:38 :POST /file/upFile - 24ms
2020-2-17 1:41:38 :OPTIONS /user/addUser - 404
2020-2-17 1:41:38 :POST /user/addUser - 404
2020-2-17 1:44:5 :OPTIONS /file/upFile - 404
2020-2-17 1:44:5 :POST /file/upFile - 26ms
2020-2-17 1:44:5 :OPTIONS /user/addUser - 404
2020-2-17 1:44:5 :POST /user/addUser - 404
2020-2-17 1:44:56 :OPTIONS /file/upFile - 404
2020-2-17 1:44:56 :POST /file/upFile - 23ms
2020-2-17 1:44:56 :OPTIONS /user/addUser - 404
2020-2-17 1:44:56 :POST /user/addUser - 404
2020-2-17 1:46:57 :OPTIONS /file/upFile - 404
2020-2-17 1:46:57 :POST /file/upFile - 20ms
2020-2-17 1:46:57 :OPTIONS /user/addUser - 404
2020-2-17 1:46:57 :POST /user/addUser - 404
2020-2-17 5:12:41 :OPTIONS /file/upFile - 404
2020-2-17 5:12:41 :POST /file/upFile - 20ms
2020-2-17 5:12:41 :OPTIONS /user/addUser - 404
2020-2-17 5:12:41 :POST /user/addUser - 404
2020-2-17 5:15:7 :OPTIONS /file/upFile - 404
2020-2-17 5:15:7 :POST /file/upFile - 24ms
2020-2-17 5:15:7 :OPTIONS /user/addUser - 404
2020-2-17 5:15:7 :POST /user/addUser - 404
2020-2-17 15:0:20 :OPTIONS /user/login - 404
2020-2-17 15:0:20 :POST /user/login - 404
2020-2-17 15:5:42 :OPTIONS /user/login - 404
2020-2-17 15:5:42 :POST /user/login - 404
2020-2-17 15:6:50 :OPTIONS /user/login - 404
2020-2-17 15:6:50 :POST /user/login - 404
2020-2-17 15:7:11 :OPTIONS /user/login - 404
2020-2-17 15:7:11 :POST /user/login - 404
2020-2-17 15:8:38 :OPTIONS /user/login - 404
2020-2-17 15:8:38 :POST /user/login - 404
2020-2-17 15:9:24 :OPTIONS /user/login - 404
2020-2-17 15:9:24 :POST /user/login - 404
2020-2-17 15:9:58 :OPTIONS /user/login - 404
2020-2-17 15:9:58 :POST /user/login - 404
2020-2-17 15:13:28 :OPTIONS /user/login - 404
2020-2-17 15:13:28 :POST /user/login - 404
2020-2-17 15:14:7 :OPTIONS /user/login - 404
2020-2-17 15:14:7 :POST /user/login - 404
2020-2-17 15:14:29 :POST /user/login - 404
2020-2-17 15:14:29 :OPTIONS /user/login - 404
2020-2-17 15:14:29 :OPTIONS /user/login - 404
2020-2-17 15:14:29 :POST /user/login - 404
2020-2-17 15:14:30 :OPTIONS /user/login - 404
2020-2-17 15:14:30 :POST /user/login - 404
2020-2-17 15:16:25 :OPTIONS /user/login - 404
2020-2-17 15:16:25 :POST /user/login - 404
2020-2-17 15:20:35 :OPTIONS /user/login - 404
2020-2-17 15:20:35 :POST /user/login - 404
2020-2-17 15:21:32 :OPTIONS /user/login - 404
2020-2-17 15:21:32 :POST /user/login - 404
2020-2-17 15:22:19 :OPTIONS /user/login - 404
2020-2-17 15:22:19 :POST /user/login - 404
2020-2-17 15:22:52 :OPTIONS /user/login - 404
2020-2-17 15:22:52 :POST /user/login - 404
2020-2-17 15:24:26 :OPTIONS /user/login - 404
2020-2-17 15:24:26 :POST /user/login - 404
2020-2-17 15:24:59 :OPTIONS /user/login - 404
2020-2-17 15:24:59 :POST /user/login - 404
2020-2-17 15:25:17 :OPTIONS /user/login - 404
2020-2-17 15:25:17 :POST /user/login - 404
2020-2-17 15:25:39 :OPTIONS /user/login - 404
2020-2-17 15:25:39 :POST /user/login - 404
2020-2-17 15:29:24 :OPTIONS /user/login - 404
2020-2-17 15:29:24 :POST /user/login - 404
2020-2-17 15:31:28 :OPTIONS /user/login - 404
2020-2-17 15:31:28 :POST /user/login - 404
2020-2-17 15:31:59 :POST /user/login - 404
2020-2-17 15:31:59 :OPTIONS /user/login - 404
2020-2-17 15:32:49 :OPTIONS /user/login - 404
2020-2-17 15:32:49 :POST /user/login - 404
2020-2-17 15:42:16 :OPTIONS /user/login - 404
2020-2-17 15:42:16 :POST /user/login - 404
2020-2-17 15:42:53 :OPTIONS /user/login - 404
2020-2-17 15:42:53 :POST /user/login - 404
2020-2-17 15:48:11 :OPTIONS /user/login - 404
2020-2-17 15:48:11 :POST /user/login - 404
2020-2-17 15:50:54 :OPTIONS /user/login - 404
2020-2-17 15:50:54 :POST /user/login - 404
2020-2-17 15:52:26 :OPTIONS /user/login - 404
2020-2-17 15:52:26 :POST /user/login - 404
2020-2-17 15:52:55 :OPTIONS /user/login - 404
2020-2-17 15:52:55 :POST /user/login - 9ms
2020-2-17 15:53:54 :OPTIONS /user/login - 404
2020-2-17 15:53:54 :POST /user/login - 404
2020-2-17 16:9:54 :OPTIONS /user/login - 404
2020-2-17 16:9:54 :POST /user/login - 404
2020-2-17 16:11:10 :OPTIONS /user/login - 404
2020-2-17 16:11:10 :POST /user/login - 404
2020-2-17 16:15:27 :OPTIONS /user/login - 404
2020-2-17 16:15:27 :POST /user/login - 404
2020-2-17 16:16:3 :POST /user/login - 404
2020-2-17 16:16:3 :OPTIONS /user/login - 404
2020-2-17 16:16:54 :OPTIONS /user/login - 404
2020-2-17 16:16:54 :POST /user/login - 404
2020-2-17 16:17:22 :OPTIONS /user/login - 404
2020-2-17 16:17:22 :POST /user/login - 404
2020-2-17 16:17:42 :OPTIONS /user/login - 404
2020-2-17 16:17:42 :POST /user/login - 404
2020-2-17 16:27:14 :OPTIONS /user/login - 404
2020-2-17 16:27:14 :POST /user/login - 404
2020-2-17 16:27:52 :POST /user/login - 404
2020-2-17 16:27:52 :OPTIONS /user/login - 404
2020-2-17 16:27:52 :POST /user/login - 404
2020-2-17 16:29:33 :OPTIONS /user/login - 404
2020-2-17 16:29:33 :POST /user/login - 404
2020-2-17 16:30:47 :OPTIONS /user/login - 404
2020-2-17 16:30:47 :POST /user/login - 404
2020-2-17 16:34:41 :OPTIONS /user/login - 404
2020-2-17 16:34:41 :POST /user/login - 404
2020-2-17 16:35:21 :OPTIONS /user/login - 404
2020-2-17 16:35:21 :POST /user/login - 404
2020-2-17 16:38:28 :OPTIONS /user/login - 404
2020-2-17 16:38:28 :POST /user/login - 404
2020-2-17 16:39:6 :OPTIONS /user/login - 404
2020-2-17 16:39:6 :POST /user/login - 404
2020-2-17 16:40:6 :OPTIONS /user/login - 404
2020-2-17 16:40:6 :POST /user/login - 404
2020-2-17 16:41:47 :OPTIONS /user/login - 404
2020-2-17 16:41:47 :POST /user/login - 404
2020-2-17 16:43:8 :OPTIONS /user/login - 404
2020-2-17 16:43:8 :POST /user/login - 404
2020-2-17 16:43:31 :OPTIONS /user/login - 404
2020-2-17 16:43:31 :POST /user/login - 404
2020-2-17 16:44:21 :OPTIONS /user/login - 404
2020-2-17 16:44:21 :POST /user/login - 404
2020-2-17 16:45:7 :OPTIONS /user/login - 404
2020-2-17 16:45:7 :POST /user/login - 404
2020-2-17 16:45:50 :OPTIONS /user/login - 404
2020-2-17 16:45:50 :POST /user/login - 404
2020-2-17 16:46:17 :POST /user/login - 404
2020-2-17 16:46:17 :OPTIONS /user/login - 404
2020-2-17 16:50:21 :OPTIONS /user/login - 404
2020-2-17 16:50:21 :POST /user/login - 404
2020-2-17 17:0:37 :OPTIONS /user/login - 404
2020-2-17 17:0:37 :POST /user/login - 404
2020-2-17 17:1:54 :OPTIONS /user/login - 404
2020-2-17 17:1:54 :POST /user/login - 404
2020-2-17 17:2:58 :OPTIONS /user/login - 404
2020-2-17 17:2:58 :POST /user/login - 404
2020-2-17 17:3:24 :OPTIONS /user/login - 404
2020-2-17 17:3:24 :POST /user/login - 404
2020-2-17 17:4:32 :OPTIONS /user/login - 404
2020-2-17 17:4:32 :POST /user/login - 404
2020-2-17 17:7:12 :OPTIONS /user/login - 404
2020-2-17 17:7:12 :POST /user/login - 404
2020-2-17 17:9:19 :OPTIONS /user/login - 404
2020-2-17 17:9:19 :POST /user/login - 404
2020-2-17 17:11:0 :OPTIONS /user/login - 404
2020-2-17 17:11:0 :POST /user/login - 404
2020-2-17 17:14:7 :OPTIONS /user/login - 404
2020-2-17 17:14:7 :POST /user/login - 404
2020-2-17 17:14:45 :OPTIONS /user/login - 404
2020-2-17 17:14:45 :POST /user/login - 404
2020-2-17 17:15:34 :OPTIONS /user/login - 404
2020-2-17 17:15:34 :POST /user/login - 404
2020-2-17 17:16:13 :OPTIONS /user/login - 404
2020-2-17 17:16:13 :POST /user/login - 404
2020-2-17 17:26:54 :OPTIONS /user/login - 404
2020-2-17 17:26:54 :POST /user/login - 404
2020-2-17 17:27:22 :OPTIONS /user/login - 404
2020-2-17 17:27:22 :POST /user/login - 404
2020-2-17 17:29:16 :OPTIONS /user/login - 404
2020-2-17 17:29:16 :POST /user/login - 404
2020-2-17 17:29:16 :OPTIONS /user/login - 404
2020-2-17 17:29:16 :POST /user/login - 404
2020-2-17 17:34:21 :OPTIONS /user/login - 404
2020-2-17 17:34:21 :POST /user/login - 404
2020-2-17 17:34:21 :OPTIONS /user/login - 404
2020-2-17 17:34:21 :POST /user/login - 404
2020-2-17 17:35:41 :OPTIONS /user/login - 404
2020-2-17 17:35:41 :POST /user/login - 404
2020-2-17 17:36:3 :OPTIONS /user/login - 404
2020-2-17 17:36:3 :POST /user/login - 404
2020-2-17 17:36:3 :OPTIONS /user/login - 404
2020-2-17 17:36:3 :POST /user/login - 404
2020-2-17 17:37:38 :POST /user/login - 404
2020-2-17 17:37:38 :OPTIONS /user/login - 404
2020-2-17 17:37:38 :OPTIONS /user/login - 404
2020-2-17 17:37:38 :POST /user/login - 404
2020-2-17 17:38:18 :OPTIONS /user/login - 404
2020-2-17 17:38:18 :POST /user/login - 404
2020-2-17 17:38:42 :OPTIONS /user/login - 404
2020-2-17 17:38:42 :POST /user/login - 404
2020-2-17 17:38:42 :OPTIONS /user/login - 404
2020-2-17 17:38:42 :POST /user/login - 404
2020-2-17 17:44:35 :OPTIONS /user/login - 404
2020-2-17 17:44:35 :POST /user/login - 404
2020-2-17 17:44:48 :POST /user/login - 404
2020-2-17 17:44:48 :OPTIONS /user/login - 404
2020-2-17 17:45:26 :OPTIONS /user/login - 404
2020-2-17 17:45:26 :POST /user/login - 404
2020-2-17 18:4:6 :OPTIONS /user/login - 404
2020-2-17 18:4:6 :POST /user/login - 2ms
2020-2-17 18:7:31 :OPTIONS /user/login - 404
2020-2-17 18:7:31 :POST /user/login - 404
2020-2-17 18:11:55 :OPTIONS /user/login - 404
2020-2-17 18:11:55 :POST /user/login - 404
2020-2-17 18:11:55 :OPTIONS /user/login - 404
2020-2-17 18:11:55 :POST /user/login - 404
2020-2-17 18:20:56 :OPTIONS /user/login - 404
2020-2-17 18:20:56 :POST /user/login - 404
2020-2-17 18:21:20 :OPTIONS /user/login - 404
2020-2-17 18:21:20 :POST /user/login - 404
2020-2-17 18:24:42 :POST /user/login - 404
2020-2-17 18:24:42 :OPTIONS /user/login - 404
2020-2-17 18:25:9 :OPTIONS /user/login - 404
2020-2-17 18:25:9 :POST /user/login - 404
2020-2-17 18:28:35 :POST /user/login - 404
2020-2-17 18:28:35 :OPTIONS /user/login - 404
2020-2-17 18:28:35 :OPTIONS /user/login - 404
2020-2-17 18:28:35 :POST /user/login - 404
2020-2-17 18:34:18 :OPTIONS /user/login - 404
2020-2-17 18:34:18 :POST /user/login - 404
2020-2-17 18:39:46 :OPTIONS /user/login - 404
2020-2-17 18:39:46 :POST /user/login - 404
2020-2-17 18:40:10 :OPTIONS /user/login - 404
2020-2-17 18:40:10 :POST /user/login - 404
2020-2-17 18:40:40 :OPTIONS /user/login - 404
2020-2-17 18:40:40 :POST /user/login - 404
2020-2-17 18:41:30 :OPTIONS /user/login - 404
2020-2-17 18:41:30 :POST /user/login - 404
2020-2-17 18:42:17 :POST /user/login - 404
2020-2-17 18:42:17 :OPTIONS /user/login - 404
2020-2-17 18:43:32 :OPTIONS /user/login - 404
2020-2-17 18:43:32 :POST /user/login - 404
2020-2-17 18:44:11 :POST /user/login - 404
2020-2-17 18:44:11 :OPTIONS /user/login - 404
2020-2-17 18:44:11 :OPTIONS /user/login - 404
2020-2-17 18:44:11 :POST /user/login - 404
2020-2-17 18:44:11 :OPTIONS /user/login - 404
2020-2-17 18:44:11 :POST /user/login - 404
2020-2-17 18:46:2 :OPTIONS /user/login - 404
2020-2-17 18:46:2 :POST /user/login - 404
2020-2-17 18:46:52 :OPTIONS /user/login - 404
2020-2-17 18:46:52 :POST /user/login - 404
2020-2-17 18:47:17 :OPTIONS /user/login - 404
2020-2-17 18:47:17 :POST /user/login - 404
2020-2-17 18:50:9 :OPTIONS /user/login - 404
2020-2-17 18:50:9 :POST /user/login - 404
2020-2-17 18:50:9 :OPTIONS /user/login - 404
2020-2-17 18:50:9 :POST /user/login - 404
2020-2-17 18:51:8 :OPTIONS /user/login - 404
2020-2-17 18:51:8 :POST /user/login - 404
2020-2-17 18:54:39 :OPTIONS /user/login - 404
2020-2-17 18:54:39 :POST /user/login - 404
2020-2-17 18:55:35 :OPTIONS /user/login - 404
2020-2-17 18:55:35 :POST /user/login - 404
2020-2-17 18:55:35 :POST /user/login - 404
2020-2-17 18:55:35 :OPTIONS /user/login - 404
2020-2-17 18:56:7 :OPTIONS /user/login - 404
2020-2-17 18:56:7 :POST /user/login - 404
2020-2-17 18:58:38 :OPTIONS /user/login - 404
2020-2-17 18:58:38 :POST /user/login - 404
2020-2-17 19:0:27 :OPTIONS /user/login - 404
2020-2-17 19:0:27 :POST /user/login - 10ms
2020-2-17 19:0:55 :OPTIONS /user/login - 404
2020-2-17 19:0:55 :POST /user/login - 7ms
2020-2-17 19:2:6 :OPTIONS /user/login - 404
2020-2-17 19:2:6 :POST /user/login - 50ms
2020-2-17 19:2:24 :OPTIONS /user/login - 404
2020-2-17 19:2:24 :POST /user/login - 10ms
2020-2-17 19:2:44 :OPTIONS /user/login - 404
2020-2-17 19:2:44 :POST /user/login - 11ms
2020-2-17 19:3:49 :OPTIONS /user/login - 404
2020-2-17 19:3:49 :POST /user/login - 39ms
2020-2-17 19:4:19 :OPTIONS /user/login - 404
2020-2-17 19:4:19 :POST /user/login - 10ms
2020-2-17 19:4:19 :OPTIONS /user/login - 404
2020-2-17 19:4:19 :POST /user/login - 3ms
2020-2-17 19:4:19 :OPTIONS /user/login - 404
2020-2-17 19:4:19 :POST /user/login - 4ms
2020-2-17 19:5:41 :OPTIONS /user/login - 404
2020-2-17 19:5:41 :POST /user/login - 10ms
2020-2-17 19:5:41 :OPTIONS /user/login - 404
2020-2-17 19:5:41 :POST /user/login - 4ms
2020-2-17 19:6:38 :POST /user/login - 10ms
2020-2-17 19:6:38 :OPTIONS /user/login - 404
2020-2-17 19:7:15 :OPTIONS /user/login - 404
2020-2-17 19:7:15 :POST /user/login - 9ms
2020-2-17 19:7:30 :OPTIONS /user/login - 404
2020-2-17 19:7:30 :POST /user/login - 10ms
2020-2-17 19:13:0 :OPTIONS /user/login - 404
2020-2-17 19:13:0 :POST /user/login - 11ms
2020-2-17 19:14:32 :OPTIONS /user/login - 404
2020-2-17 19:14:32 :POST /user/login - 30ms
2020-2-17 19:16:18 :OPTIONS /user/login - 404
2020-2-17 19:16:18 :POST /user/login - 5ms
2020-2-17 19:16:49 :OPTIONS /user/login - 404
2020-2-17 19:16:49 :POST /user/login - 34ms
2020-2-17 19:17:55 :OPTIONS /user/login - 404
2020-2-17 19:17:55 :POST /user/login - 11ms
2020-2-17 19:18:41 :OPTIONS /user/login - 404
2020-2-17 19:18:41 :POST /user/login - 11ms
2020-2-17 19:18:41 :POST /user/login - 3ms
2020-2-17 19:18:41 :OPTIONS /user/login - 404
2020-2-17 19:18:41 :POST /user/login - 2ms
2020-2-17 19:18:41 :POST /user/login - 2ms
2020-2-17 19:18:41 :POST /user/login - 2ms
2020-2-17 19:18:41 :POST /user/login - 2ms
2020-2-17 19:18:41 :POST /user/login - 2ms
2020-2-17 19:20:43 :POST /user/login - 404
2020-2-17 19:20:43 :OPTIONS /user/login - 404
2020-2-17 19:39:22 :OPTIONS /user/login - 404
2020-2-17 19:39:22 :POST /user/login - 404
2020-2-17 19:40:19 :POST /user/login - 9ms
2020-2-17 19:40:19 :OPTIONS /user/login - 404
2020-2-17 19:41:21 :OPTIONS /user/login - 404
2020-2-17 19:41:21 :POST /user/login - 404
2020-2-17 19:41:55 :POST /user/login - 14ms
2020-2-17 19:41:55 :OPTIONS /user/login - 404
2020-2-17 19:43:17 :OPTIONS /user/login - 404
2020-2-17 19:43:17 :POST /user/login - 11ms
2020-2-17 19:44:0 :OPTIONS /user/login - 404
2020-2-17 19:44:0 :POST /user/login - 6ms
2020-2-17 19:44:56 :OPTIONS /user/login - 404
2020-2-17 19:44:56 :POST /user/login - 10ms
2020-2-17 20:0:46 :OPTIONS /user/login - 404
2020-2-17 20:0:46 :POST /user/login - 18ms
2020-2-17 20:1:37 :OPTIONS /user/login - 404
2020-2-17 20:1:37 :POST /user/login - 6ms
2020-2-17 20:4:3 :OPTIONS /user/login - 404
2020-2-17 20:4:3 :POST /user/login - 8ms
2020-2-17 20:4:52 :OPTIONS /user/login - 404
2020-2-17 20:4:52 :POST /user/login - 56ms
2020-2-17 20:4:52 :POST /user/login - 2ms
2020-2-17 20:9:8 :OPTIONS /user/login - 404
2020-2-17 20:9:8 :POST /user/login - 404
2020-2-17 20:9:41 :OPTIONS /file/upFile - 404
2020-2-17 20:9:41 :POST /file/upFile - 19ms
2020-2-17 20:9:41 :OPTIONS /user/addUser - 404
2020-2-17 20:9:41 :POST /user/addUser - 404
2020-2-17 20:11:36 :OPTIONS /file/upFile - 404
2020-2-17 20:11:36 :POST /file/upFile - 18ms
2020-2-17 20:11:36 :OPTIONS /user/addUser - 404
2020-2-17 20:11:36 :POST /user/addUser - 404
2020-2-17 20:13:19 :OPTIONS /file/upFile - 404
2020-2-17 20:13:19 :POST /file/upFile - 20ms
2020-2-17 20:13:19 :OPTIONS /user/addUser - 404
2020-2-17 20:13:19 :POST /user/addUser - 404
2020-2-17 20:14:30 :OPTIONS /file/upFile - 404
2020-2-17 20:14:30 :POST /file/upFile - 22ms
2020-2-17 20:14:30 :OPTIONS /user/addUser - 404
2020-2-17 20:14:30 :POST /user/addUser - 404
2020-2-17 20:14:30 :OPTIONS /file/upFile - 404
2020-2-17 20:14:30 :POST /file/upFile - 15ms
2020-2-17 20:14:30 :OPTIONS /user/addUser - 404
2020-2-17 20:14:30 :POST /user/addUser - 404
2020-2-17 20:14:30 :OPTIONS /user/login - 404
2020-2-17 20:14:30 :POST /user/login - 3ms
2020-2-17 20:17:35 :OPTIONS /user/login - 404
2020-2-17 20:17:35 :POST /user/login - 404
2020-2-17 20:19:19 :OPTIONS /user/login - 404
2020-2-17 20:19:19 :POST /user/login - 404
2020-2-17 20:19:19 :OPTIONS /user/login - 404
2020-2-17 20:19:19 :POST /user/login - 404
2020-2-17 20:22:21 :OPTIONS /user/login - 404
2020-2-17 20:22:21 :POST /user/login - 404
2020-2-17 20:23:0 :OPTIONS /user/login - 404
2020-2-17 20:23:0 :POST /user/login - 404
2020-2-17 21:17:21 :OPTIONS /user/login - 404
2020-2-17 21:17:21 :POST /user/login - 404
2020-2-17 21:18:15 :OPTIONS /user/login - 404
2020-2-17 21:18:15 :POST /user/login - 79ms
2020-2-17 21:18:29 :OPTIONS /user/login - 404
2020-2-17 21:18:29 :POST /user/login - 404
2020-2-17 21:19:16 :OPTIONS /user/login - 404
2020-2-17 21:19:16 :POST /user/login - 404
2020-2-17 21:22:30 :OPTIONS /user/login - 404
2020-2-17 21:22:30 :POST /user/login - 404
2020-2-17 21:23:14 :OPTIONS /user/login - 404
2020-2-17 21:23:14 :POST /user/login - 404
2020-2-17 21:23:50 :OPTIONS /user/login - 404
2020-2-17 21:23:50 :POST /user/login - 404
2020-2-17 21:23:50 :POST /user/login - 404
2020-2-17 21:23:50 :POST /user/login - 404
2020-2-17 21:23:50 :POST /user/login - 404
2020-2-17 21:23:50 :POST /user/login - 404
2020-2-17 21:24:27 :OPTIONS /user/login - 404
2020-2-17 21:24:27 :POST /user/login - 404
2020-2-17 21:26:23 :OPTIONS /user/login - 404
2020-2-17 21:26:23 :POST /user/login - 404
2020-2-17 21:26:39 :POST /user/login - 7ms
2020-2-17 21:26:39 :OPTIONS /user/login - 404
2020-2-17 21:28:15 :OPTIONS /user/login - 404
2020-2-17 21:28:15 :POST /user/login - 404
2020-2-17 21:28:58 :POST /user/login - 404
2020-2-17 21:28:58 :OPTIONS /user/login - 404
2020-2-17 21:31:52 :OPTIONS /user/login - 404
2020-2-17 21:31:52 :POST /user/login - 404
2020-2-17 21:32:11 :OPTIONS /user/login - 404
2020-2-17 21:32:11 :POST /user/login - 404
2020-2-17 21:32:51 :OPTIONS /user/login - 404
2020-2-17 21:32:51 :POST /user/login - 404
2020-2-17 21:33:42 :OPTIONS /user/login - 404
2020-2-17 21:33:42 :POST /user/login - 404
2020-2-17 21:34:37 :OPTIONS /user/login - 404
2020-2-17 21:34:37 :POST /user/login - 404
2020-2-17 21:35:5 :OPTIONS /user/login - 404
2020-2-17 21:35:5 :POST /user/login - 404
2020-2-17 21:35:32 :OPTIONS /user/login - 404
2020-2-17 21:35:32 :POST /user/login - 8ms
2020-2-17 21:36:10 :POST /user/login - 15ms
2020-2-17 21:36:10 :OPTIONS /user/login - 404
2020-2-17 21:37:2 :OPTIONS /user/login - 404
2020-2-17 21:37:2 :POST /user/login - 404
2020-2-17 21:38:29 :OPTIONS /user/login - 404
2020-2-17 21:38:29 :POST /user/login - 404
2020-2-17 21:38:29 :OPTIONS /user/login - 404
2020-2-17 21:38:29 :POST /user/login - 404
2020-2-17 21:39:36 :OPTIONS /user/login - 404
2020-2-17 21:39:36 :POST /user/login - 404
2020-2-17 21:43:56 :OPTIONS /user/login - 404
2020-2-17 21:43:56 :POST /user/login - 404
2020-2-17 21:44:59 :OPTIONS /user/login - 404
2020-2-17 21:44:59 :POST /user/login - 404
2020-2-17 21:45:30 :OPTIONS /user/login - 404
2020-2-17 21:45:30 :POST /user/login - 404
2020-2-17 21:48:19 :OPTIONS /user/login - 404
2020-2-17 21:48:19 :POST /user/login - 404
2020-2-17 21:51:57 :OPTIONS /user/login - 404
2020-2-17 21:51:57 :POST /user/login - 404
2020-2-17 21:53:17 :OPTIONS /user/login - 404
2020-2-17 21:53:17 :POST /user/login - 404
2020-2-17 21:57:28 :OPTIONS /user/login - 404
2020-2-17 21:57:28 :POST /user/login - 404
2020-2-17 21:58:46 :OPTIONS /user/login - 404
2020-2-17 21:58:46 :POST /user/login - 404
2020-2-17 22:1:29 :OPTIONS /user/login - 404
2020-2-17 22:1:29 :POST /user/login - 404
2020-2-17 22:2:42 :OPTIONS /user/login - 404
2020-2-17 22:2:42 :OPTIONS /user/login - 404
2020-2-17 22:2:42 :POST /user/login - 404
2020-2-17 22:2:42 :POST /user/login - 404
2020-2-17 22:3:10 :OPTIONS /user/login - 404
2020-2-17 22:3:10 :POST /user/login - 404
2020-2-17 22:3:54 :OPTIONS /user/login - 404
2020-2-17 22:3:54 :POST /user/login - 404
2020-2-17 22:5:31 :OPTIONS /user/login - 404
2020-2-17 22:5:31 :POST /user/login - 404
2020-2-17 22:5:54 :OPTIONS /user/login - 404
2020-2-17 22:5:54 :POST /user/login - 36ms
2020-2-17 22:9:3 :OPTIONS /user/login - 1ms
2020-2-17 22:9:3 :POST /user/login - 8ms
2020-2-17 22:9:38 :OPTIONS /user/login - 1ms
2020-2-17 22:9:38 :POST /user/login - 7ms
2020-2-17 22:10:24 :OPTIONS /user/login - 3ms
2020-2-17 22:10:24 :POST /user/login - 11ms
2020-2-17 22:10:46 :OPTIONS /user/login - 4ms
2020-2-17 22:10:46 :POST /user/login - 37ms
2020-2-17 22:10:46 :GET /getImg?imagePath=123456 - 1ms
2020-2-17 22:10:46 :GET /getImg?imagePath=123456 - 0ms
2020-2-17 22:10:46 :GET /getImg?imagePath=123456 - 0ms
2020-2-17 22:10:46 :GET /getImg?imagePath=123456 - 0ms
2020-2-17 22:10:46 :GET /getImg?imagePath=WC - 0ms
2020-2-17 22:10:46 :GET /getImg?imagePath= - 0ms
2020-2-17 22:10:46 :GET /getImg?imagePath=1581941795460logo.jpg - 1ms
2020-2-17 22:10:46 :GET /getImg?imagePath=1581941795460logo.jpg - 0ms
2020-2-17 22:22:35 :GET /getImg?imagePath=1581941795460logo.jpg - 1ms
2020-2-17 22:24:11 :GET /getImg?imagePath=1581941795460logo.jpg - 1ms
2020-2-17 22:24:33 :GET /getImg?imagePath=1581941795460logo.jpg - 2ms
2020-2-17 22:25:27 :GET /getImg?imagePath=1581941795460logo.jpg - 2ms
2020-2-17 22:25:47 :GET /getImg?imagePath=1581941795460logo.jpg - 2ms
2020-2-17 22:25:47 :GET /getImg?imagePath=1581941795460logo.jpg - 0ms
2020-2-17 22:25:47 :GET /favicon.ico - 0ms
2020-2-17 22:26:51 :GET /getImg?imagePath=1581941795460logo.jpg - 3ms
2020-2-17 22:27:49 :GET /getImg?imagePath=1581941795460logo.jpg - 2ms
2020-2-17 22:27:49 :GET /file/getImg?imagePath=1581941795460logo.jpg - 12ms
2020-2-17 22:27:49 :GET /file/getImg?imagePath=1581941795460logo.jpg - 11ms
2020-2-17 22:38:34 :GET /file/getImg?imagePath=1581941795460logo.jpg - 8ms
2020-2-17 22:43:6 :GET /file/getImg?imagePath=1581941795460logo.jpg - 7ms
2020-2-17 22:43:6 :OPTIONS /user/login - 3ms
2020-2-17 22:43:6 :POST /user/login - 28ms
2020-2-17 22:43:6 :GET /file/getImg?imagePath=1581941795460logo.jpg - 3ms
2020-2-17 22:54:56 :GET /file/getImg?imagePath=1581941795460logo.jpg - 404
2020-2-17 22:55:27 :GET /file/getImg?imagePath=1581941795460logo.jpg - 404
2020-2-17 22:56:8 :GET /file/getImg?imagePath=1581941795460logo.jpg - 404
2020-2-17 22:58:0 :GET /file/getImg?imagePath=1581941795460logo.jpg - 404
2020-2-17 23:1:11 :GET /file/getImg?imagePath=1581941795460logo.jpg - 404
2020-2-17 23:1:11 :GET /file/getImg?imagePath=1581941795460logo.jpg - 404
2020-2-17 23:17:56 :OPTIONS /user/upUser - 2ms
2020-2-17 23:17:56 :POST /user/upUser - 7ms
2020-2-17 23:17:56 :GET /file/getImg?imagePath=1581941795460logo.jpg - 404
2020-2-17 23:20:44 :OPTIONS /user/upUser - 4ms
2020-2-17 23:20:44 :POST /user/upUser - 13ms
2020-2-17 23:22:12 :OPTIONS /user/upUser - 3ms
2020-2-17 23:22:12 :POST /user/upUser - 8ms
2020-2-17 23:26:2 :OPTIONS /user/upUser - 3ms
2020-2-17 23:26:2 :POST /user/upUser - 17ms
2020-2-17 23:27:40 :OPTIONS /user/upUser - 5ms
2020-2-17 23:27:40 :POST /user/upUser - 15ms
2020-2-17 23:28:8 :OPTIONS /user/upUser - 4ms
2020-2-17 23:28:8 :POST /user/upUser - 8ms
2020-2-17 23:28:8 :OPTIONS /user/login - 0ms
2020-2-17 23:28:8 :POST /user/login - 16ms
2020-2-17 23:28:8 :OPTIONS /user/login - 0ms
2020-2-17 23:28:8 :POST /user/login - 5ms
2020-2-17 23:28:8 :OPTIONS /user/login - 1ms
2020-2-17 23:28:8 :POST /user/login - 4ms
2020-2-17 23:28:8 :OPTIONS /user/login - 0ms
2020-2-17 23:28:8 :POST /user/login - 5ms
2020-2-17 23:28:8 :OPTIONS /user/login - 0ms
2020-2-17 23:28:8 :POST /user/login - 5ms
2020-2-17 23:28:8 :OPTIONS /user/login - 0ms
2020-2-17 23:28:8 :POST /user/login - 3ms
2020-2-17 23:28:8 :POST /user/login - 3ms
2020-2-17 23:28:8 :POST /user/login - 4ms
2020-2-17 23:28:8 :OPTIONS /user/login - 0ms
2020-2-17 23:28:8 :POST /user/login - 3ms
2020-2-17 23:28:8 :POST /user/login - 3ms
2020-2-17 23:28:8 :POST /user/login - 3ms
2020-2-17 23:28:8 :POST /user/login - 2ms
2020-2-17 23:28:8 :GET /file/getImg?imagePath=1581941795460logo.jpg - 404
2020-2-17 23:28:8 :OPTIONS /user/upUser - 0ms
2020-2-17 23:28:8 :OPTIONS /user/login - 0ms
2020-2-17 23:28:8 :POST /user/login - 3ms
2020-2-17 23:28:8 :GET /file/getImg?imagePath=1581941795460logo.jpg - 404
2020-2-17 23:28:8 :GET /file/getImg?imagePath=1581941795460logo.jpg - 404
2020-2-17 23:28:8 :GET /file/getImg?imagePath=1581941795460logo.jpg - 404
2020-2-17 23:28:8 :GET /file/getImg?imagePath=1581941795460logo.jpg - 404
2020-2-17 23:28:8 :GET /file/getImg?imagePath=1581941795460logo.jpg - 404
2020-2-17 23:28:8 :GET /file/getImg?imagePath=1581941795460logo.jpg - 404
2020-2-17 23:28:8 :GET /file/getImg?imagePath=1581941795460logo.jpg - 404
2020-2-17 23:28:8 :OPTIONS /user/login - 0ms
2020-2-17 23:28:8 :POST /user/login - 12ms
2020-2-17 23:28:8 :OPTIONS /user/login - 1ms
2020-2-17 23:28:8 :POST /user/login - 2ms
2020-2-17 23:28:8 :OPTIONS /user/login - 0ms
2020-2-17 23:28:8 :POST /user/login - 3ms
2020-2-17 23:28:8 :OPTIONS /file/upFile - 1ms
2020-2-17 23:28:8 :POST /file/upFile - 16ms
2020-2-17 23:28:8 :OPTIONS /user/addUser - 1ms
2020-2-17 23:28:8 :POST /user/addUser - 20ms
2020-2-17 23:28:8 :OPTIONS /user/login - 0ms
2020-2-17 23:28:8 :POST /user/login - 21ms