
2020-2-21 17:3:25 :OPTIONS /user/getSort - 6ms
2020-2-21 17:3:26 :OPTIONS /user/getGoods - 6ms
2020-2-21 17:3:25 :POST /user/getGoods - 94ms
2020-2-21 17:3:26 :POST /user/getSort - 110ms
2020-2-21 17:3:25 :GET /file/getImg?imagePath=1582094906325item-detail-2.jpg - 404
2020-2-21 17:3:25 :GET /file/getImg?imagePath=1582095435158item-detail-1.jpg - 404
2020-2-21 17:3:25 :GET /file/getImg?imagePath=1582128222243item-detail-1.jpg - 404
2020-2-21 17:3:25 :OPTIONS /user/getGoods - 1ms
2020-2-21 17:3:25 :POST /user/getGoods - 7ms
2020-2-21 17:3:25 :OPTIONS /user/getGoods - 0ms
2020-2-21 17:3:25 :OPTIONS /user/getSort - 1ms
2020-2-21 17:3:25 :POST /user/getGoods - 9ms
2020-2-21 17:3:25 :POST /user/getSort - 7ms
2020-2-21 17:3:25 :POST /user/getGoods - 4ms
2020-2-21 17:3:25 :POST /user/getGoods - 9ms
2020-2-21 17:3:25 :POST /user/getSort - 8ms
2020-2-21 17:3:25 :POST /user/getGoods - 8ms
2020-2-21 17:3:25 :OPTIONS /user/getGoods - 0ms
2020-2-21 17:3:25 :OPTIONS /user/getSort - 1ms
2020-2-21 17:3:25 :POST /user/getSort - 6ms
2020-2-21 17:3:25 :POST /user/getGoods - 9ms
2020-2-21 17:3:25 :OPTIONS /user/getGoods - 1ms
2020-2-21 17:3:25 :OPTIONS /user/getSort - 0ms
2020-2-21 17:3:25 :POST /user/getGoods - 11ms
2020-2-21 17:3:25 :POST /user/getSort - 7ms
2020-2-21 17:3:25 :GET /file/getImg?imagePath=1582094906325item-detail-2.jpg - 404
2020-2-21 17:3:25 :GET /file/getImg?imagePath=1582095435158item-detail-1.jpg - 404
2020-2-21 17:3:25 :GET /file/getImg?imagePath=1582128222243item-detail-1.jpg - 404
2020-2-21 17:3:25 :OPTIONS /user/getGoods - 0ms
2020-2-21 17:3:25 :POST /user/getGoods - 24ms
2020-2-21 17:3:25 :OPTIONS /user/getGoods - 0ms
2020-2-21 17:3:25 :POST /user/getGoods - 21ms
2020-2-21 17:3:26 :GET /file/getImg?imagePath=1582128222243item-detail-1.jpg - 404
2020-2-21 17:3:25 :GET /file/getImg?imagePath=1582094906325item-detail-2.jpg - 404
2020-2-21 17:3:25 :GET /file/getImg?imagePath=1582095435158item-detail-1.jpg - 404
2020-2-21 17:3:25 :OPTIONS /user/getGoods - 1ms
2020-2-21 17:3:25 :POST /user/getGoods - 5ms
2020-2-21 17:3:25 :GET /file/getImg?imagePath=1582094906325item-detail-2.jpg - 404
2020-2-21 17:3:25 :GET /file/getImg?imagePath=1582095435158item-detail-1.jpg - 404
2020-2-21 17:3:25 :GET /file/getImg?imagePath=1582128222243item-detail-1.jpg - 404
2020-2-21 17:3:25 :OPTIONS /user/getGoods - 0ms
2020-2-21 17:3:26 :OPTIONS /user/getSort - 1ms
2020-2-21 17:3:25 :POST /user/getGoods - 4ms
2020-2-21 17:3:26 :POST /user/getSort - 19ms
2020-2-21 17:3:26 :OPTIONS /user/getSort - 0ms
2020-2-21 17:3:26 :OPTIONS /user/getGoods - 0ms
2020-2-21 17:3:26 :POST /user/getGoods - 10ms
2020-2-21 17:3:26 :POST /user/getSort - 11ms
2020-2-21 17:3:26 :POST /user/getGoods - 12ms
2020-2-21 17:3:26 :POST /user/getSort - 7ms
2020-2-21 17:3:26 :POST /user/getGoods - 9ms
2020-2-21 17:3:26 :OPTIONS /user/getGoods - 0ms
2020-2-21 17:3:25 :OPTIONS /user/getSort - 0ms
2020-2-21 17:3:26 :POST /user/getGoods - 6ms
2020-2-21 17:3:25 :POST /user/getSort - 3ms
2020-2-21 17:3:25 :POST /user/getGoods - 15ms
2020-2-21 17:3:26 :POST /user/getSort - 18ms
2020-2-21 17:3:25 :POST /user/getGoods - 19ms
2020-2-21 17:3:26 :OPTIONS /user/getSort - 1ms
2020-2-21 17:3:25 :OPTIONS /user/getGoods - 0ms
2020-2-21 17:3:26 :POST /user/getGoods - 4ms
2020-2-21 17:3:25 :POST /user/getSort - 4ms
2020-2-21 17:3:26 :GET /file/getImg?imagePath=1582128222279item-detail-2.jpg - 404
2020-2-21 17:3:25 :OPTIONS /user/getComment - 0ms
2020-2-21 17:3:25 :POST /user/getComment - 6ms
2020-2-21 17:3:26 :GET /file/getImg?imagePath=1582132740980item-detail-2.jpg - 404
2020-2-21 17:3:25 :OPTIONS /user/getSort - 0ms
2020-2-21 17:3:25 :POST /user/getSort - 9ms
2020-2-21 17:3:25 :POST /user/getGoods - 4ms
2020-2-21 17:3:26 :OPTIONS /user/getGoods - 1ms
2020-2-21 17:3:25 :OPTIONS /user/getGoods - 0ms
2020-2-21 17:3:25 :POST /user/getGoods - 3ms
2020-2-21 17:3:26 :OPTIONS /user/getSort - 0ms
2020-2-21 17:3:26 :POST /user/getSort - 5ms
2020-2-21 17:3:26 :POST /user/getGoods - 10ms
2020-2-21 17:3:25 :POST /user/getSort - 13ms
2020-2-21 17:3:26 :POST /user/getGoods - 7ms
2020-2-21 17:3:25 :POST /user/getGoods - 10ms
2020-2-21 17:3:26 :POST /user/getSort - 9ms
2020-2-21 17:3:25 :POST /user/getGoods - 13ms
2020-2-21 17:3:26 :POST /user/getSort - 11ms
2020-2-21 17:3:25 :OPTIONS /user/getSort - 1ms
2020-2-21 17:3:26 :OPTIONS /user/getGoods - 0ms
2020-2-21 17:3:26 :POST /user/getGoods - 14ms
2020-2-21 17:3:25 :POST /user/getSort - 24ms
2020-2-21 17:3:26 :OPTIONS /user/getSort - 0ms
2020-2-21 17:3:25 :OPTIONS /user/getGoods - 1ms
2020-2-21 17:3:25 :POST /user/getSort - 4ms
2020-2-21 17:3:26 :POST /user/getGoods - 5ms
2020-2-21 17:3:26 :POST /user/getGoods - 5ms
2020-2-21 17:3:25 :POST /user/getSort - 4ms
2020-2-21 17:3:26 :GET /file/getImg?imagePath=1582094906325item-detail-2.jpg - 404
2020-2-21 17:3:26 :GET /file/getImg?imagePath=1582095435158item-detail-1.jpg - 404
2020-2-21 17:3:26 :GET /file/getImg?imagePath=1582128222243item-detail-1.jpg - 404
2020-2-21 17:3:25 :OPTIONS /user/getSort - 0ms
2020-2-21 17:3:25 :POST /user/getSort - 3ms
2020-2-21 17:3:26 :OPTIONS /user/getGoods - 0ms
2020-2-21 17:3:26 :POST /user/getGoods - 15ms
2020-2-21 17:3:25 :GET /file/getImg?imagePath=1582094906325item-detail-2.jpg - 404
2020-2-21 17:3:25 :GET /file/getImg?imagePath=1582095435158item-detail-1.jpg - 404
2020-2-21 17:3:25 :GET /file/getImg?imagePath=1582128222243item-detail-1.jpg - 404
2020-2-21 17:3:25 :GET /file/getImg?imagePath=1582128222279item-detail-2.jpg - 404
2020-2-21 17:3:25 :OPTIONS /user/getGoods - 0ms
2020-2-21 17:3:25 :OPTIONS /user/getSort - 1ms
2020-2-21 17:3:25 :POST /user/getGoods - 6ms
2020-2-21 17:3:25 :POST /user/getSort - 6ms
2020-2-21 17:3:25 :OPTIONS /user/getGoods - 0ms
2020-2-21 17:3:25 :OPTIONS /user/getSort - 0ms
2020-2-21 17:3:25 :POST /user/getGoods - 19ms
2020-2-21 17:3:25 :POST /user/getSort - 19ms
2020-2-21 17:3:25 :GET /file/getImg?imagePath=1582095435158item-detail-1.jpg - 404
2020-2-21 17:3:25 :GET /file/getImg?imagePath=1582094906325item-detail-2.jpg - 404
2020-2-21 17:3:25 :GET /file/getImg?imagePath=1582128222243item-detail-1.jpg - 404
2020-2-21 17:3:25 :POST /user/getGoods - 11ms
2020-2-21 17:3:25 :OPTIONS /user/getGoods - 0ms
2020-2-21 17:3:25 :POST /user/getGoods - 3ms
2020-2-21 19:47:12 :OPTIONS /user/getGoods - 9ms
2020-2-21 19:47:12 :POST /user/getGoods - 34ms
2020-2-21 19:47:12 :GET /file/getImg?imagePath=1582094906325item-detail-2.jpg - 404
2020-2-21 19:47:12 :GET /file/getImg?imagePath=1582095435158item-detail-1.jpg - 404
2020-2-21 19:47:12 :GET /file/getImg?imagePath=1582128222243item-detail-1.jpg - 404
2020-2-21 19:47:12 :OPTIONS /user/getGoods - 0ms
2020-2-21 19:47:12 :OPTIONS /user/getSort - 1ms
2020-2-21 19:47:12 :POST /user/getGoods - 12ms
2020-2-21 19:47:12 :POST /user/getSort - 9ms
2020-2-21 19:47:12 :GET /file/getImg?imagePath=1582094906325item-detail-2.jpg - 404
2020-2-21 19:47:12 :GET /file/getImg?imagePath=1582128222243item-detail-1.jpg - 404
2020-2-21 19:47:12 :GET /file/getImg?imagePath=1582095435158item-detail-1.jpg - 404
2020-2-21 19:47:12 :POST /user/getGoods - 6ms
2020-2-21 19:47:12 :OPTIONS /user/getGoods - 0ms
2020-2-21 19:47:12 :POST /user/getGoods - 5ms
2020-2-21 19:47:12 :GET /file/getImg?imagePath=1582128222243item-detail-1.jpg - 404
2020-2-21 19:47:12 :GET /file/getImg?imagePath=1582094906325item-detail-2.jpg - 404
2020-2-21 19:47:12 :GET /file/getImg?imagePath=1582095435158item-detail-1.jpg - 404
2020-2-21 19:47:12 :OPTIONS /user/getGoods - 0ms
2020-2-21 19:47:12 :OPTIONS /user/getSort - 0ms
2020-2-21 19:47:12 :POST /user/getGoods - 7ms
2020-2-21 19:47:12 :POST /user/getSort - 8ms
2020-2-21 19:47:12 :POST /user/getGoods - 8ms
2020-2-21 19:47:12 :POST /user/getGoods - 6ms
2020-2-21 19:47:12 :POST /user/getSort - 7ms
2020-2-21 19:47:12 :OPTIONS /user/getGoods - 0ms
2020-2-21 19:47:12 :POST /user/getGoods - 4ms
2020-2-21 19:47:12 :OPTIONS /user/getGoods - 0ms
2020-2-21 19:47:12 :OPTIONS /user/getSort - 0ms
2020-2-21 19:47:12 :POST /user/getGoods - 9ms
2020-2-21 19:47:12 :POST /user/getSort - 6ms
2020-2-21 19:47:12 :POST /user/getGoods - 5ms
2020-2-21 19:47:12 :OPTIONS /user/getGoods - 0ms
2020-2-21 19:47:12 :POST /user/getGoods - 3ms
2020-2-21 19:47:12 :POST /user/getGoods - 3ms
2020-2-21 19:47:12 :OPTIONS /user/getSort - 0ms
2020-2-21 19:47:12 :POST /user/getSort - 4ms
2020-2-21 19:47:12 :POST /user/getGoods - 3ms
2020-2-21 19:47:12 :POST /user/getGoods - 7ms
2020-2-21 19:47:12 :POST /user/getSort - 6ms
2020-2-21 19:47:12 :OPTIONS /user/getGoods - 0ms
2020-2-21 19:47:12 :POST /user/getGoods - 4ms
2020-2-21 19:47:12 :OPTIONS /user/getGoods - 0ms
2020-2-21 19:47:12 :POST /user/getGoods - 3ms
2020-2-21 19:47:12 :OPTIONS /user/getGoods - 0ms
2020-2-21 19:47:12 :OPTIONS /user/getSort - 0ms
2020-2-21 19:47:12 :POST /user/getGoods - 8ms
2020-2-21 19:47:12 :POST /user/getSort - 5ms
2020-2-21 19:47:12 :POST /user/getGoods - 5ms
2020-2-21 19:47:12 :POST /user/getGoods - 7ms
2020-2-21 19:47:12 :POST /user/getSort - 8ms
2020-2-21 19:47:12 :OPTIONS /user/getSort - 0ms
2020-2-21 19:47:12 :OPTIONS /user/getGoods - 0ms
2020-2-21 19:47:12 :POST /user/getGoods - 5ms
2020-2-21 19:47:12 :POST /user/getSort - 5ms
2020-2-21 19:47:12 :POST /user/getGoods - 3ms
2020-2-21 19:47:12 :POST /user/getSort - 7ms
2020-2-21 19:47:12 :POST /user/getGoods - 9ms
2020-2-21 19:47:12 :POST /user/getGoods - 6ms
2020-2-21 19:47:12 :OPTIONS /user/getGoods - 1ms
2020-2-21 19:47:12 :OPTIONS /user/getGoods - 0ms
2020-2-21 19:47:12 :OPTIONS /user/getGoods - 1ms
2020-2-21 19:47:12 :OPTIONS /user/getGoods - 0ms
2020-2-21 19:47:12 :OPTIONS /user/getGoods - 1ms
2020-2-21 19:47:12 :OPTIONS /user/getGoods - 1ms
2020-2-21 19:47:12 :OPTIONS /user/getGoods - 1ms
2020-2-21 19:47:12 :OPTIONS /user/getGoods - 0ms
2020-2-21 19:47:12 :POST /user/getGoods - 10ms
2020-2-21 19:47:12 :POST /user/getGoods - 11ms
2020-2-21 19:47:12 :POST /user/getGoods - 9ms
2020-2-21 19:47:12 :POST /user/getGoods - 9ms
2020-2-21 19:47:12 :POST /user/getSort - 8ms
2020-2-21 19:47:12 :POST /user/getGoods - 8ms
2020-2-21 19:47:12 :OPTIONS /user/getSort - 0ms
2020-2-21 19:47:12 :POST /user/getGoods - 4ms
2020-2-21 19:47:12 :OPTIONS /user/getGoods - 18ms
2020-2-21 19:47:12 :OPTIONS /user/getGoods - 0ms
2020-2-21 19:47:12 :POST /user/getGoods - 69ms
2020-2-21 19:47:12 :POST /user/getGoods - 37ms
2020-2-21 19:47:12 :POST /user/getGoods - 4ms
2020-2-21 19:47:12 :POST /user/getGoods - 57ms
2020-2-21 19:47:12 :OPTIONS /user/getGoods - 0ms
2020-2-21 19:47:12 :OPTIONS /user/getGoods - 0ms
2020-2-21 19:47:12 :OPTIONS /user/getGoods - 0ms
2020-2-21 19:47:12 :OPTIONS /user/getGoods - 0ms
2020-2-21 19:47:12 :POST /user/getGoods - 6ms
2020-2-21 19:47:12 :OPTIONS /user/getGoods - 0ms
2020-2-21 19:47:12 :POST /user/getGoods - 13ms
2020-2-21 19:47:12 :POST /user/getGoods - 18ms
2020-2-21 19:47:12 :POST /user/getGoods - 4ms
2020-2-21 19:47:12 :POST /user/getGoods - 8ms
2020-2-21 19:47:12 :POST /user/getGoods - 21ms
2020-2-21 19:47:12 :POST /user/getGoods - 16ms
2020-2-21 19:47:12 :POST /user/getGoods - 13ms
2020-2-21 19:47:12 :POST /user/getGoods - 14ms
2020-2-21 19:47:12 :POST /user/getGoods - 11ms
2020-2-21 19:47:12 :OPTIONS /user/getGoods - 1ms
2020-2-21 19:47:12 :OPTIONS /user/getSort - 0ms
2020-2-21 19:47:12 :POST /user/getGoods - 6ms
2020-2-21 19:47:12 :POST /user/getSort - 6ms
2020-2-21 19:47:12 :GET /file/getImg?imagePath=1582094906325item-detail-2.jpg - 404
2020-2-21 19:47:12 :GET /file/getImg?imagePath=1582095435158item-detail-1.jpg - 404
2020-2-21 19:47:12 :GET /file/getImg?imagePath=1582128222243item-detail-1.jpg - 404
2020-2-21 19:47:12 :OPTIONS /user/getGoods - 0ms
2020-2-21 19:47:12 :OPTIONS /user/getSort - 1ms
2020-2-21 19:47:12 :POST /user/getGoods - 11ms
2020-2-21 19:47:12 :POST /user/getSort - 9ms
2020-2-21 19:47:12 :POST /user/getGoods - 4ms
2020-2-21 19:47:12 :OPTIONS /user/getGoods - 0ms
2020-2-21 19:47:12 :OPTIONS /user/getSort - 1ms
2020-2-21 19:47:12 :POST /user/getGoods - 9ms
2020-2-21 19:47:12 :POST /user/getSort - 8ms
2020-2-21 19:47:12 :GET /file/getImg?imagePath=1582094906325item-detail-2.jpg - 404
2020-2-21 19:47:12 :GET /file/getImg?imagePath=1582095435158item-detail-1.jpg - 404
2020-2-21 19:47:12 :GET /file/getImg?imagePath=1582128222243item-detail-1.jpg - 404
2020-2-21 19:47:12 :POST /user/getGoods - 6ms
2020-2-21 19:47:12 :POST /user/getGoods - 9ms
2020-2-21 19:47:12 :POST /user/getSort - 7ms
2020-2-21 19:47:12 :POST /user/getGoods - 4ms
2020-2-21 19:47:12 :OPTIONS /user/getGoods - 0ms
2020-2-21 19:47:12 :POST /user/getGoods - 3ms
2020-2-21 19:47:12 :OPTIONS /user/getGoods - 0ms
2020-2-21 19:47:12 :POST /user/getGoods - 3ms
2020-2-21 19:47:12 :OPTIONS /user/getGoods - 0ms
2020-2-21 19:47:12 :POST /user/getGoods - 3ms
2020-2-21 19:47:12 :OPTIONS /user/getGoods - 1ms
2020-2-21 19:47:12 :POST /user/getGoods - 2ms
2020-2-21 19:47:12 :OPTIONS /user/getGoods - 0ms
2020-2-21 19:47:12 :OPTIONS /user/getSort - 0ms
2020-2-21 19:47:12 :POST /user/getGoods - 7ms
2020-2-21 19:47:12 :POST /user/getSort - 6ms
2020-2-21 19:47:12 :POST /user/getGoods - 7ms
2020-2-21 19:47:12 :POST /user/getSort - 7ms
2020-2-21 19:47:12 :POST /user/getGoods - 3ms
2020-2-21 19:47:12 :OPTIONS /user/getGoods - 0ms
2020-2-21 19:47:12 :OPTIONS /user/getSort - 0ms
2020-2-21 19:47:12 :POST /user/getGoods - 6ms
2020-2-21 19:47:12 :POST /user/getSort - 6ms
2020-2-21 19:47:12 :POST /user/getGoods - 4ms
2020-2-21 19:47:12 :POST /user/getSort - 5ms
2020-2-21 19:47:12 :POST /user/getGoods - 7ms
2020-2-21 19:47:12 :POST /user/getGoods - 5ms
2020-2-21 19:47:12 :POST /user/getGoods - 6ms
2020-2-21 19:47:12 :POST /user/getSort - 6ms
2020-2-21 19:47:12 :OPTIONS /user/getGoods - 1ms
2020-2-21 19:47:12 :OPTIONS /user/getSort - 0ms
2020-2-21 19:47:12 :POST /user/getGoods - 7ms
2020-2-21 19:47:12 :POST /user/getSort - 5ms
2020-2-21 19:47:12 :POST /user/getGoods - 4ms
2020-2-21 19:47:12 :OPTIONS /user/getGoods - 0ms
2020-2-21 19:47:12 :OPTIONS /user/getSort - 1ms
2020-2-21 19:47:12 :POST /user/getGoods - 4ms
2020-2-21 19:47:12 :POST /user/getSort - 25ms
2020-2-21 19:47:12 :POST /user/getGoods - 9ms
2020-2-21 19:47:12 :POST /user/getSort - 8ms
2020-2-21 19:47:12 :POST /user/getGoods - 16ms
2020-2-21 19:47:12 :POST /user/getSort - 5ms
2020-2-21 19:47:12 :POST /user/getGoods - 5ms
2020-2-21 19:47:12 :OPTIONS /user/getSort - 0ms
2020-2-21 19:47:12 :OPTIONS /user/getGoods - 0ms
2020-2-21 19:47:12 :POST /user/getSort - 4ms
2020-2-21 19:47:12 :POST /user/getGoods - 11ms
2020-2-21 19:47:12 :POST /user/getSort - 4ms
2020-2-21 19:47:12 :POST /user/getGoods - 13ms
2020-2-21 19:47:12 :POST /user/getGoods - 6ms
2020-2-21 19:47:12 :OPTIONS /user/getGoods - 0ms
2020-2-21 19:47:12 :POST /user/getGoods - 4ms
2020-2-21 19:47:12 :OPTIONS /user/getSort - 0ms
2020-2-21 19:47:12 :POST /user/getGoods - 10ms
2020-2-21 19:47:12 :POST /user/getSort - 4ms
2020-2-21 19:47:12 :OPTIONS /user/getGoods - 0ms
2020-2-21 19:47:12 :POST /user/getGoods - 3ms
2020-2-21 19:47:12 :GET /file/getImg?imagePath=1582094906325item-detail-2.jpg - 404
2020-2-21 19:47:12 :GET /file/getImg?imagePath=1582095435158item-detail-1.jpg - 404
2020-2-21 19:47:12 :GET /file/getImg?imagePath=1582128222243item-detail-1.jpg - 404
2020-2-21 19:47:12 :OPTIONS /user/getGoods - 0ms
2020-2-21 19:47:12 :OPTIONS /user/getSort - 0ms
2020-2-21 19:47:12 :POST /user/getGoods - 19ms
2020-2-21 19:47:12 :POST /user/getSort - 20ms
2020-2-21 19:47:12 :GET /file/getImg?imagePath=1582094906325item-detail-2.jpg - 404
2020-2-21 19:47:12 :GET /file/getImg?imagePath=1582095435158item-detail-1.jpg - 404
2020-2-21 19:47:12 :GET /file/getImg?imagePath=1582128222243item-detail-1.jpg - 404
2020-2-21 19:47:12 :OPTIONS /user/getGoods - 0ms
2020-2-21 19:47:12 :OPTIONS /user/getSort - 0ms
2020-2-21 19:47:12 :POST /user/getGoods - 6ms
2020-2-21 19:47:12 :POST /user/getSort - 6ms
2020-2-21 19:47:12 :POST /user/getGoods - 3ms
2020-2-21 19:47:12 :POST /user/getGoods - 6ms
2020-2-21 19:47:12 :POST /user/getSort - 7ms
2020-2-21 19:47:12 :POST /user/getGoods - 6ms
2020-2-21 19:47:12 :OPTIONS /user/getGoods - 0ms
2020-2-21 19:47:12 :OPTIONS /user/getSort - 0ms
2020-2-21 19:47:12 :POST /user/getGoods - 3ms
2020-2-21 19:47:12 :POST /user/getSort - 4ms
2020-2-21 19:47:12 :POST /user/getGoods - 3ms
2020-2-21 19:47:12 :OPTIONS /user/getGoods - 0ms
2020-2-21 19:47:12 :POST /user/getGoods - 2ms
2020-2-21 19:47:12 :OPTIONS /user/getGoods - 0ms
2020-2-21 19:47:12 :OPTIONS /user/getSort - 1ms
2020-2-21 19:47:12 :POST /user/getGoods - 6ms
2020-2-21 19:47:12 :POST /user/getSort - 11ms
2020-2-21 19:47:12 :POST /user/getGoods - 4ms
2020-2-21 19:47:12 :POST /user/getGoods - 4ms
2020-2-21 19:47:12 :POST /user/getSort - 2ms
2020-2-21 19:47:12 :OPTIONS /user/getGoods - 0ms
2020-2-21 19:47:12 :POST /user/getGoods - 5ms
2020-2-21 19:47:12 :POST /user/getGoods - 5ms
2020-2-21 19:47:12 :OPTIONS /user/getSort - 0ms
2020-2-21 19:47:12 :POST /user/getSort - 5ms
2020-2-21 19:47:12 :POST /user/getGoods - 10ms
2020-2-21 19:47:12 :POST /user/getSort - 12ms
2020-2-21 19:47:12 :OPTIONS /user/getSort - 0ms
2020-2-21 19:47:12 :OPTIONS /user/getGoods - 0ms
2020-2-21 19:47:12 :POST /user/getSort - 5ms
2020-2-21 19:47:12 :POST /user/getGoods - 5ms
2020-2-21 19:47:12 :POST /user/getGoods - 5ms
2020-2-21 19:47:12 :POST /user/getSort - 6ms
2020-2-21 19:47:12 :POST /user/getGoods - 8ms
2020-2-21 19:47:12 :OPTIONS /user/getGoods - 0ms
2020-2-21 19:47:12 :POST /user/getGoods - 3ms
2020-2-21 19:47:12 :OPTIONS /user/getSort - 0ms
2020-2-21 19:47:12 :POST /user/getGoods - 17ms
2020-2-21 19:47:12 :POST /user/getSort - 4ms
2020-2-21 19:47:12 :OPTIONS /user/getGoods - 0ms
2020-2-21 19:47:12 :OPTIONS /user/getSort - 0ms
2020-2-21 19:47:12 :POST /user/getSort - 4ms
2020-2-21 19:47:12 :POST /user/getGoods - 3ms
2020-2-21 19:47:12 :GET /file/getImg?imagePath=1582128222279item-detail-2.jpg - 404
2020-2-21 22:7:58 :OPTIONS /user/getGoods - 7ms
2020-2-21 22:7:58 :OPTIONS /user/getGoods - 6ms
2020-2-21 22:7:58 :OPTIONS /user/getSort - 1ms
2020-2-21 22:7:58 :POST /user/getGoods - 156ms
2020-2-21 22:7:58 :POST /user/getGoods - 230ms
2020-2-21 22:7:58 :POST /user/getSort - 151ms
2020-2-21 22:7:58 :POST /user/getGoods - 8ms
2020-2-21 22:7:58 :POST /user/getSort - 10ms
2020-2-21 22:7:59 :OPTIONS /user/getGoods - 11ms
2020-2-21 22:7:59 :OPTIONS /user/getSort - 0ms
2020-2-21 22:7:59 :POST /user/getGoods - 80ms
2020-2-21 22:7:59 :POST /user/getSort - 42ms
2020-2-21 22:7:59 :GET /file/getImg?imagePath=1582094906325item-detail-2.jpg - 404
2020-2-21 22:7:59 :GET /file/getImg?imagePath=1582095435158item-detail-1.jpg - 404
2020-2-21 22:7:59 :GET /file/getImg?imagePath=1582128222243item-detail-1.jpg - 404
2020-2-21 22:7:59 :POST /user/getGoods - 2ms
2020-2-21 22:7:59 :POST /user/getGoods - 3ms
2020-2-21 22:7:59 :POST /user/getGoods - 5ms
2020-2-21 22:7:59 :POST /user/getGoods - 5ms
2020-2-21 22:7:59 :POST /user/getGoods - 9ms
2020-2-21 22:7:59 :POST /user/getGoods - 8ms
2020-2-21 22:7:59 :OPTIONS /user/getGoods - 0ms
2020-2-21 22:7:59 :POST /user/getGoods - 8ms
2020-2-21 22:7:59 :OPTIONS /user/getGoods - 0ms
2020-2-21 22:7:59 :POST /user/getGoods - 4ms
2020-2-21 22:7:59 :POST /user/getGoods - 6ms
2020-2-21 22:7:59 :GET /file/getImg?imagePath=1582094906325item-detail-2.jpg - 404
2020-2-21 22:7:59 :GET /file/getImg?imagePath=1582128222243item-detail-1.jpg - 404
2020-2-21 22:7:59 :POST /user/getGoods - 4ms
2020-2-21 22:7:59 :POST /user/getGoods - 5ms
2020-2-21 22:7:59 :POST /user/getGoods - 7ms
2020-2-21 22:7:59 :OPTIONS /user/getGoods - 0ms
2020-2-21 22:7:59 :POST /user/getGoods - 5ms
2020-2-21 22:7:59 :POST /user/getGoods - 3ms
2020-2-21 22:7:59 :POST /user/getGoods - 47ms
2020-2-21 22:7:59 :POST /user/getGoods - 4ms
2020-2-21 22:7:59 :POST /user/getGoods - 10ms
2020-2-21 22:7:59 :POST /user/getGoods - 4ms
2020-2-21 22:7:59 :POST /user/getGoods - 9ms
2020-2-21 22:7:59 :OPTIONS /user/getSort - 1ms
2020-2-21 22:7:59 :POST /user/getSort - 4ms
2020-2-21 22:7:58 :OPTIONS /user/getGoods - 8ms
2020-2-21 22:7:58 :POST /user/getGoods - 33ms
2020-2-21 22:7:59 :OPTIONS /user/getGoods - 0ms
2020-2-21 22:7:58 :OPTIONS /user/getSort - 0ms
2020-2-21 22:7:58 :POST /user/getGoods - 5ms
2020-2-21 22:7:59 :POST /user/getSort - 4ms
2020-2-21 22:7:59 :GET /file/getImg?imagePath=1582094906325item-detail-2.jpg - 404
2020-2-21 22:7:59 :GET /file/getImg?imagePath=1582095435158item-detail-1.jpg - 404
2020-2-21 22:7:59 :GET /file/getImg?imagePath=1582128222243item-detail-1.jpg - 404
2020-2-21 22:7:59 :OPTIONS /user/getGoods - 0ms
2020-2-21 22:7:59 :OPTIONS /user/getSort - 0ms
2020-2-21 22:7:59 :POST /user/getGoods - 6ms
2020-2-21 22:7:59 :POST /user/getSort - 5ms
2020-2-21 22:7:59 :POST /user/getGoods - 11ms
2020-2-21 22:7:59 :POST /user/getSort - 7ms
2020-2-21 22:7:59 :POST /user/getGoods - 8ms
2020-2-21 22:7:59 :OPTIONS /user/getGoods - 0ms
2020-2-21 22:7:59 :OPTIONS /user/getSort - 0ms
2020-2-21 22:7:59 :POST /user/getGoods - 8ms
2020-2-21 22:7:59 :POST /user/getSort - 7ms
2020-2-21 22:7:59 :POST /user/getGoods - 6ms
2020-2-21 22:7:59 :POST /user/getGoods - 6ms
2020-2-21 22:7:59 :POST /user/getSort - 5ms
2020-2-21 22:7:59 :GET /file/getImg?imagePath=1582128222279item-detail-2.jpg - 404
2020-2-21 22:7:59 :OPTIONS /user/getGoods - 1ms
2020-2-21 22:7:59 :POST /user/getGoods - 3ms
2020-2-21 22:7:58 :OPTIONS /user/getSort - 0ms
2020-2-21 22:7:59 :OPTIONS /user/getGoods - 0ms
2020-2-21 22:7:59 :POST /user/getSort - 3ms
2020-2-21 22:7:58 :POST /user/getGoods - 5ms
2020-2-21 22:7:58 :POST /user/getGoods - 10ms
2020-2-21 22:7:58 :POST /user/getGoods - 5ms
2020-2-21 22:7:59 :POST /user/getSort - 8ms
2020-2-21 22:7:58 :POST /user/getGoods - 9ms
2020-2-21 22:7:58 :OPTIONS /user/getComment - 1ms
2020-2-21 22:7:58 :POST /user/getComment - 8ms
2020-2-21 22:7:58 :GET /file/getImg?imagePath=1582132740980item-detail-2.jpg - 404
2020-2-21 22:7:58 :OPTIONS /user/getGoods - 0ms
2020-2-21 22:7:58 :OPTIONS /user/getSort - 1ms
2020-2-21 22:7:58 :POST /user/getSort - 7ms
2020-2-21 22:7:58 :POST /user/getGoods - 8ms
2020-2-21 22:7:58 :OPTIONS /user/addPay - 0ms
2020-2-21 22:7:58 :POST /user/addPay - 8ms
2020-2-21 22:7:58 :OPTIONS /user/getAddress - 0ms
2020-2-21 22:7:58 :POST /user/getAddress - 3ms
2020-2-21 22:7:58 :OPTIONS /user/getAddress - 0ms
2020-2-21 22:7:58 :POST /user/getAddress - 3ms
2020-2-21 22:7:58 :OPTIONS /user/getAddress - 0ms
2020-2-21 22:7:58 :POST /user/getAddress - 57ms
2020-2-21 22:7:59 :OPTIONS /user/getSort - 0ms
2020-2-21 22:7:59 :POST /user/getSort - 4ms
2020-2-21 22:7:58 :OPTIONS /user/getGoods - 0ms
2020-2-21 22:7:58 :POST /user/getGoods - 8ms
2020-2-21 22:7:59 :OPTIONS /user/getSort - 1ms
2020-2-21 22:7:58 :OPTIONS /user/getGoods - 0ms
2020-2-21 22:7:59 :POST /user/getGoods - 5ms
2020-2-21 22:7:58 :POST /user/getSort - 5ms
2020-2-21 22:7:58 :POST /user/getGoods - 5ms
2020-2-21 22:24:23 :OPTIONS /user/addUser - 5ms
2020-2-21 22:24:23 :POST /user/addUser - 15ms
2020-2-21 22:24:23 :OPTIONS /user/addUser - 0ms
2020-2-21 22:24:23 :POST /user/addUser - 4ms
2020-2-21 22:24:23 :OPTIONS /user/login - 1ms
2020-2-21 22:24:23 :POST /user/login - 10ms
2020-2-21 22:24:23 :OPTIONS /user/getPay - 1ms
2020-2-21 22:24:23 :POST /user/getPay - 10ms
2020-2-21 22:24:23 :OPTIONS /user/getAddress - 0ms
2020-2-21 22:24:23 :GET /file/getImg?imagePath=1582094906325item-detail-2.jpg - 404
2020-2-21 22:24:23 :POST /user/getAddress - 12ms
2020-2-21 22:24:23 :POST /user/getAddress - 4ms
2020-2-21 22:24:23 :OPTIONS /user/getPay - 0ms
2020-2-21 22:24:23 :POST /user/getPay - 3ms
2020-2-21 22:24:23 :OPTIONS /user/getAddress - 0ms
2020-2-21 22:24:23 :POST /user/getAddress - 4ms
2020-2-21 22:24:23 :OPTIONS /user/getGoods - 1ms
2020-2-21 22:24:23 :OPTIONS /user/getSort - 0ms
2020-2-21 22:24:23 :POST /user/getSort - 6ms
2020-2-21 22:24:23 :POST /user/getGoods - 8ms
2020-2-21 22:24:23 :POST /user/getGoods - 3ms
2020-2-21 22:24:23 :POST /user/getGoods - 4ms
2020-2-21 22:24:23 :OPTIONS /file/upFile - 0ms
2020-2-21 22:24:23 :POST /file/upFile - 29ms
2020-2-21 22:24:23 :OPTIONS /user/upUser - 0ms
2020-2-21 22:24:23 :POST /user/upUser - 5ms
2020-2-21 22:24:23 :GET /file/getImg?imagePath=1582296373499logo.jpg - 404
2020-2-21 22:24:23 :GET /file/getImg?imagePath=1582296373499logo.jpg - 404
2020-2-21 22:24:23 :OPTIONS /user/getGoods - 0ms
2020-2-21 22:24:23 :OPTIONS /user/getSort - 0ms
2020-2-21 22:24:23 :POST /user/getSort - 6ms
2020-2-21 22:24:23 :POST /user/getGoods - 10ms
2020-2-21 22:24:23 :POST /user/getGoods - 5ms
2020-2-21 22:24:23 :POST /user/getGoods - 6ms
2020-2-21 22:24:23 :POST /user/getSort - 6ms
2020-2-21 22:24:23 :POST /user/getGoods - 4ms
2020-2-21 22:24:23 :POST /user/getGoods - 7ms
2020-2-21 22:24:23 :POST /user/getSort - 5ms
2020-2-21 22:24:23 :POST /user/getGoods - 10ms
2020-2-21 22:24:23 :OPTIONS /user/getGoods - 0ms
2020-2-21 22:24:23 :POST /user/getGoods - 4ms
2020-2-21 22:24:23 :OPTIONS /user/getGoods - 1ms
2020-2-21 22:24:23 :POST /user/getGoods - 3ms
2020-2-21 22:24:23 :OPTIONS /user/getGoods - 0ms
2020-2-21 22:24:23 :POST /user/getGoods - 3ms
2020-2-21 22:24:23 :OPTIONS /user/getGoods - 1ms
2020-2-21 22:24:23 :POST /user/getGoods - 6ms
2020-2-21 22:24:23 :OPTIONS /user/getSort - 0ms
2020-2-21 22:24:23 :POST /user/getSort - 4ms
2020-2-21 22:24:23 :OPTIONS /user/getGoods - 8ms
2020-2-21 22:24:23 :POST /user/getGoods - 32ms
2020-2-21 22:24:23 :GET /file/getImg?imagePath=1582296373499logo.jpg - 404
2020-2-21 22:24:23 :OPTIONS /user/getGoods - 0ms
2020-2-21 22:24:23 :OPTIONS /user/getSort - 1ms
2020-2-21 22:24:23 :POST /user/getGoods - 10ms
2020-2-21 22:24:23 :POST /user/getSort - 8ms
2020-2-21 22:24:23 :POST /user/getGoods - 5ms
2020-2-21 22:24:23 :POST /user/getGoods - 8ms
2020-2-21 22:24:23 :POST /user/getSort - 9ms
2020-2-21 22:24:23 :OPTIONS /user/login - 1ms
2020-2-21 22:24:23 :POST /user/login - 3ms
2020-2-21 22:24:23 :OPTIONS /user/upUser - 0ms
2020-2-21 22:24:23 :POST /user/upUser - 5ms
2020-2-21 22:24:23 :OPTIONS /user/login - 0ms
2020-2-21 22:24:23 :POST /user/login - 3ms
2020-2-21 22:24:23 :POST /user/login - 3ms
2020-2-21 22:24:23 :OPTIONS /user/getSort - 0ms
2020-2-21 22:24:23 :POST /user/getSort - 3ms
2020-2-21 22:24:23 :OPTIONS /user/getPay - 1ms
2020-2-21 22:24:23 :POST /user/getPay - 3ms
2020-2-21 22:24:23 :OPTIONS /user/getGoods - 0ms
2020-2-21 22:24:23 :POST /user/getGoods - 3ms
2020-2-21 22:24:23 :OPTIONS /user/login - 0ms
2020-2-21 22:24:23 :POST /user/login - 3ms
2020-2-21 22:24:23 :OPTIONS /user/login - 0ms
2020-2-21 22:24:23 :POST /user/login - 13ms
2020-2-21 22:24:23 :OPTIONS /user/getPay - 0ms
2020-2-21 22:24:23 :POST /user/getPay - 3ms
2020-2-21 22:24:23 :OPTIONS /user/getSort - 0ms
2020-2-21 22:24:23 :POST /user/getSort - 3ms
2020-2-21 22:24:23 :OPTIONS /user/login - 0ms
2020-2-21 22:24:23 :POST /user/login - 3ms
2020-2-21 22:24:23 :OPTIONS /user/getGoods - 0ms
2020-2-21 22:24:23 :POST /user/getGoods - 3ms
2020-2-21 22:24:23 :OPTIONS /user/getSort - 1ms
2020-2-21 22:24:23 :POST /user/getSort - 4ms
2020-2-21 22:24:23 :POST /user/login - 11ms
2020-2-21 22:24:23 :OPTIONS /user/login - 0ms
2020-2-21 22:24:23 :POST /user/login - 3ms
2020-2-21 22:24:23 :POST /user/login - 3ms
2020-2-21 22:24:23 :OPTIONS /user/getGoods - 0ms
2020-2-21 22:24:23 :POST /user/getGoods - 2ms
2020-2-21 22:24:23 :POST /user/login - 2ms
2020-2-21 22:24:23 :POST /user/login - 3ms
2020-2-21 22:24:23 :OPTIONS /user/login - 0ms
2020-2-21 22:24:23 :POST /user/login - 3ms
2020-2-21 22:24:23 :POST /user/login - 3ms
2020-2-21 22:24:23 :OPTIONS /user/getGoods - 0ms
2020-2-21 22:24:23 :POST /user/getGoods - 3ms
2020-2-21 22:24:23 :OPTIONS /user/getPay - 1ms
2020-2-21 22:24:23 :POST /user/getPay - 2ms
2020-2-21 22:24:23 :OPTIONS /user/getSort - 1ms
2020-2-21 22:24:23 :POST /user/getSort - 2ms
2020-2-21 22:24:23 :POST /user/getPay - 2ms
2020-2-21 22:24:23 :POST /user/getGoods - 3ms
2020-2-21 22:24:23 :POST /user/login - 3ms
2020-2-21 22:24:23 :OPTIONS /user/getGoods - 0ms
2020-2-21 22:24:23 :POST /user/getGoods - 7ms
2020-2-21 22:24:23 :OPTIONS /user/getSort - 0ms
2020-2-21 22:24:23 :POST /user/getGoods - 9ms
2020-2-21 22:24:23 :POST /user/getSort - 4ms
2020-2-21 22:24:23 :OPTIONS /user/login - 0ms
2020-2-21 22:24:23 :POST /user/login - 4ms
2020-2-21 22:24:23 :OPTIONS /user/getGoods - 1ms
2020-2-21 22:24:23 :POST /user/getGoods - 3ms
2020-2-21 22:24:23 :POST /user/login - 3ms
2020-2-21 22:24:23 :OPTIONS /user/getGoods - 1ms
2020-2-21 22:24:23 :POST /user/getGoods - 3ms
2020-2-21 22:24:23 :OPTIONS /user/getSort - 0ms
2020-2-21 22:24:23 :POST /user/getSort - 3ms
2020-2-21 22:24:23 :OPTIONS /user/getPay - 0ms
2020-2-21 22:24:23 :POST /user/getPay - 3ms
2020-2-21 22:24:23 :OPTIONS /user/getGoods - 0ms
2020-2-21 22:24:23 :POST /user/getGoods - 3ms
2020-2-21 22:24:23 :OPTIONS /user/getPay - 0ms
2020-2-21 22:24:23 :POST /user/getPay - 3ms
2020-2-21 22:24:23 :OPTIONS /user/getSort - 0ms
2020-2-21 22:24:23 :POST /user/getSort - 3ms
2020-2-21 22:24:23 :OPTIONS /user/addSort - 0ms
2020-2-21 22:24:23 :POST /user/addSort - 7ms
2020-2-21 22:24:23 :OPTIONS /user/addSort - 0ms
2020-2-21 22:24:23 :POST /user/addSort - 1ms
2020-2-21 22:24:23 :OPTIONS /user/addSort - 1ms
2020-2-21 22:24:23 :POST /user/addSort - 1ms
2020-2-21 22:24:23 :OPTIONS /user/addSort - 1ms
2020-2-21 22:24:23 :POST /user/addSort - 1ms
2020-2-21 22:24:23 :OPTIONS /user/getSort - 1ms
2020-2-21 22:24:23 :POST /user/getSort - 3ms
2020-2-21 22:24:23 :OPTIONS /user/addSort - 0ms
2020-2-21 22:24:23 :POST /user/addSort - 1ms
2020-2-21 22:24:23 :OPTIONS /user/addSort - 0ms
2020-2-21 22:24:23 :POST /user/addSort - 1ms
2020-2-21 22:24:23 :OPTIONS /user/getPay - 0ms
2020-2-21 22:24:23 :POST /user/getPay - 2ms
2020-2-21 22:24:23 :OPTIONS /user/getGoods - 0ms
2020-2-21 22:24:23 :POST /user/getGoods - 2ms
2020-2-21 22:24:23 :OPTIONS /user/getSort - 1ms
2020-2-21 22:24:23 :POST /user/getSort - 2ms
2020-2-21 22:24:23 :OPTIONS /file/upFile - 0ms
2020-2-21 22:24:23 :POST /file/upFile - 16ms
2020-2-21 22:24:23 :OPTIONS /user/addGoods - 1ms
2020-2-21 22:24:23 :POST /user/addGoods - 2ms
2020-2-21 22:24:23 :GET /file/getImg?imagePath=15822992922012.jpg - 404
2020-2-21 22:24:23 :OPTIONS /user/getPay - 0ms
2020-2-21 22:24:23 :POST /user/getPay - 3ms
2020-2-21 22:24:23 :OPTIONS /user/getGoods - 0ms
2020-2-21 22:24:23 :POST /user/getGoods - 3ms
2020-2-21 22:24:23 :OPTIONS /user/getSort - 0ms
2020-2-21 22:24:23 :POST /user/getSort - 2ms
2020-2-21 22:24:23 :OPTIONS /file/upFile - 0ms
2020-2-21 22:24:23 :POST /file/upFile - 9ms
2020-2-21 22:24:23 :OPTIONS /user/addGoods - 0ms
2020-2-21 22:24:23 :POST /user/addGoods - 2ms
2020-2-21 22:24:23 :OPTIONS /user/getPay - 0ms
2020-2-21 22:24:23 :POST /user/getPay - 3ms
2020-2-21 22:24:23 :OPTIONS /user/getGoods - 0ms
2020-2-21 22:24:23 :POST /user/getGoods - 5ms
2020-2-21 22:24:23 :OPTIONS /user/getSort - 0ms
2020-2-21 22:24:23 :POST /user/getSort - 3ms
2020-2-21 22:24:23 :OPTIONS /file/upFile - 1ms
2020-2-21 22:24:23 :OPTIONS /file/upFile - 0ms
2020-2-21 22:24:23 :POST /file/upFile - 7ms
2020-2-21 22:24:23 :POST /file/upFile - 12ms
2020-2-21 22:24:23 :POST /file/upFile - 20ms
2020-2-21 22:24:23 :OPTIONS /user/addGoods - 1ms
2020-2-21 22:24:23 :POST /user/addGoods - 1ms
2020-2-21 22:24:23 :POST /file/upFile - 11ms
2020-2-21 22:24:23 :POST /user/addGoods - 1ms
2020-2-21 22:24:23 :GET /file/getImg?imagePath=15822993980063.jpg - 404
2020-2-21 22:24:23 :GET /file/getImg?imagePath=15822993981174.jpg - 404
2020-2-21 22:24:23 :OPTIONS /user/getGoods - 0ms
2020-2-21 22:24:23 :POST /user/getGoods - 2ms
2020-2-21 22:24:23 :GET /file/getImg?imagePath=15822992922012.jpg - 404
2020-2-21 22:24:23 :GET /file/getImg?imagePath=15822993980063.jpg - 404
2020-2-21 22:24:23 :OPTIONS /user/getGoods - 0ms
2020-2-21 22:24:23 :POST /user/getGoods - 3ms
2020-2-21 22:24:23 :OPTIONS /user/delGoods - 0ms
2020-2-21 22:24:23 :POST /user/delGoods - 2ms
2020-2-21 22:24:23 :POST /user/delGoods - 0ms
2020-2-21 22:24:23 :OPTIONS /user/getGoods - 1ms
2020-2-21 22:24:23 :OPTIONS /user/getSort - 0ms
2020-2-21 22:24:23 :POST /user/getGoods - 9ms
2020-2-21 22:24:23 :POST /user/getSort - 9ms
2020-2-21 22:24:23 :POST /user/getGoods - 3ms
2020-2-21 22:24:23 :POST /user/getGoods - 3ms
2020-2-21 22:24:23 :POST /user/getGoods - 4ms
2020-2-21 22:24:23 :POST /user/getGoods - 4ms
2020-2-21 22:24:23 :POST /user/getGoods - 4ms
2020-2-21 22:24:23 :POST /user/getGoods - 5ms
2020-2-21 22:24:23 :POST /user/getGoods - 4ms
2020-2-21 22:24:23 :POST /user/getGoods - 4ms
2020-2-21 22:24:23 :POST /user/getGoods - 3ms
2020-2-21 22:24:23 :OPTIONS /user/getGoods - 1ms
2020-2-21 22:24:23 :POST /user/getGoods - 3ms
2020-2-21 22:24:23 :POST /user/getGoods - 3ms
2020-2-21 22:24:23 :POST /user/getGoods - 4ms
2020-2-21 22:24:23 :POST /user/getGoods - 4ms
2020-2-21 22:24:23 :POST /user/getGoods - 2ms
2020-2-21 22:24:23 :POST /user/getGoods - 3ms
2020-2-21 22:24:23 :OPTIONS /user/getGoods - 1ms
2020-2-21 22:24:23 :POST /user/getGoods - 5ms
2020-2-21 22:24:23 :POST /user/getGoods - 3ms
2020-2-21 22:24:23 :OPTIONS /user/delGoods - 0ms
2020-2-21 22:24:23 :POST /user/delGoods - 1ms
2020-2-21 22:24:23 :OPTIONS /user/getGoods - 0ms
2020-2-21 22:24:23 :POST /user/getGoods - 3ms
2020-2-21 22:24:23 :OPTIONS /user/getSort - 0ms
2020-2-21 22:24:23 :POST /user/getSort - 2ms
2020-2-21 22:24:23 :OPTIONS /file/upFile - 0ms
2020-2-21 22:24:23 :POST /file/upFile - 8ms
2020-2-21 22:24:23 :OPTIONS /user/addGoods - 0ms
2020-2-21 22:24:23 :POST /user/addGoods - 1ms
2020-2-21 22:24:23 :GET /file/getImg?imagePath=15822994790301.jpg - 404
2020-2-21 22:24:23 :OPTIONS /user/getGoods - 0ms
2020-2-21 22:24:23 :OPTIONS /user/getSort - 0ms
2020-2-21 22:24:23 :POST /user/getGoods - 9ms
2020-2-21 22:24:23 :POST /user/getSort - 9ms
2020-2-21 22:24:23 :GET /file/getImg?imagePath=15822994790301.jpg - 404
2020-2-21 22:24:23 :POST /user/getGoods - 4ms
2020-2-21 22:24:23 :POST /user/getGoods - 4ms
2020-2-21 22:24:23 :POST /user/getGoods - 5ms
2020-2-21 22:24:23 :POST /user/getGoods - 3ms
2020-2-21 22:24:23 :POST /user/getGoods - 4ms
2020-2-21 22:24:23 :POST /user/getGoods - 5ms
2020-2-21 22:24:23 :OPTIONS /user/getGoods - 0ms
2020-2-21 22:24:23 :POST /user/getGoods - 3ms
2020-2-21 22:24:23 :POST /user/getGoods - 5ms
2020-2-21 22:24:23 :POST /user/getGoods - 3ms
2020-2-21 22:24:23 :POST /user/getGoods - 2ms
2020-2-21 22:24:23 :POST /user/getGoods - 5ms
2020-2-21 22:24:23 :POST /user/getGoods - 6ms
2020-2-21 22:24:23 :OPTIONS /user/getPay - 1ms
2020-2-21 22:24:23 :POST /user/getPay - 3ms
2020-2-21 22:24:23 :OPTIONS /user/getGoods - 0ms
2020-2-21 22:24:23 :POST /user/getGoods - 2ms
2020-2-21 22:24:23 :OPTIONS /user/getSort - 0ms
2020-2-21 22:24:23 :POST /user/getSort - 3ms
2020-2-21 22:24:23 :OPTIONS /user/getPay - 0ms
2020-2-21 22:24:23 :POST /user/getPay - 3ms
2020-2-21 22:24:23 :OPTIONS /user/getGoods - 1ms
2020-2-21 22:24:23 :POST /user/getGoods - 3ms
2020-2-21 22:24:23 :OPTIONS /user/getSort - 0ms
2020-2-21 22:24:23 :POST /user/getSort - 2ms
2020-2-21 22:24:23 :OPTIONS /file/upFile - 0ms
2020-2-21 22:24:23 :OPTIONS /file/upFile - 0ms
2020-2-21 22:24:23 :POST /file/upFile - 10ms
2020-2-21 22:24:23 :POST /file/upFile - 22ms
2020-2-21 22:24:23 :POST /file/upFile - 15ms
2020-2-21 22:24:23 :POST /file/upFile - 17ms
2020-2-21 22:24:23 :OPTIONS /user/addGoods - 0ms
2020-2-21 22:24:23 :POST /user/addGoods - 2ms
2020-2-21 22:24:23 :POST /user/addGoods - 1ms
2020-2-21 22:24:23 :GET /file/getImg?imagePath=15822996178843.jpg - 404
2020-2-21 22:24:23 :GET /file/getImg?imagePath=15822996179404.jpg - 404
2020-2-21 22:24:23 :OPTIONS /user/getGoods - 0ms
2020-2-21 22:24:23 :OPTIONS /user/getSort - 0ms
2020-2-21 22:24:23 :POST /user/getGoods - 9ms
2020-2-21 22:24:23 :POST /user/getSort - 7ms
2020-2-21 22:24:23 :GET /file/getImg?imagePath=15822996178843.jpg - 404
2020-2-21 22:24:23 :GET /file/getImg?imagePath=15822996179124.jpg - 404
2020-2-21 22:24:23 :OPTIONS /user/getGoods - 0ms
2020-2-21 22:24:23 :POST /user/getGoods - 6ms
2020-2-21 22:24:23 :OPTIONS /user/getGoods - 0ms
2020-2-21 22:24:23 :POST /user/getGoods - 4ms
2020-2-21 22:24:23 :OPTIONS /user/delGoods - 1ms
2020-2-21 22:24:23 :POST /user/delGoods - 0ms
2020-2-21 22:24:23 :OPTIONS /user/getGoods - 1ms
2020-2-21 22:24:23 :POST /user/getGoods - 3ms
2020-2-21 22:24:23 :OPTIONS /user/getGoods - 0ms
2020-2-21 22:24:23 :POST /user/getGoods - 2ms
2020-2-21 22:24:23 :POST /user/getGoods - 4ms
2020-2-21 22:24:23 :OPTIONS /user/getSort - 0ms
2020-2-21 22:24:23 :POST /user/getSort - 22ms
2020-2-21 22:24:23 :POST /user/getGoods - 3ms
2020-2-21 22:24:23 :OPTIONS /user/getGoods - 0ms
2020-2-21 22:24:23 :POST /user/getSort - 8ms
2020-2-21 22:24:23 :POST /user/getGoods - 5ms
2020-2-21 22:24:23 :OPTIONS /user/getSort - 0ms
2020-2-21 22:24:23 :POST /user/getSort - 2ms
2020-2-21 22:24:23 :OPTIONS /file/upFile - 0ms
2020-2-21 22:24:23 :POST /file/upFile - 9ms
2020-2-21 22:24:23 :POST /file/upFile - 11ms
2020-2-21 22:24:23 :OPTIONS /user/addGoods - 0ms
2020-2-21 22:24:23 :POST /user/addGoods - 1ms
2020-2-21 22:24:23 :OPTIONS /user/getGoods - 0ms
2020-2-21 22:24:23 :POST /user/getGoods - 2ms
2020-2-21 22:24:23 :POST /user/getGoods - 12ms
2020-2-21 22:24:23 :POST /user/getGoods - 3ms
2020-2-21 22:24:23 :OPTIONS /user/getSort - 0ms
2020-2-21 22:24:23 :POST /user/getSort - 6ms
2020-2-21 22:24:23 :OPTIONS /user/getGoods - 0ms
2020-2-21 22:24:23 :OPTIONS /user/getSort - 0ms
2020-2-21 22:24:23 :POST /user/getGoods - 3ms
2020-2-21 22:24:23 :POST /user/getSort - 19ms
2020-2-21 22:24:23 :GET /file/getImg?imagePath=15822992922012.jpg - 404
2020-2-21 22:24:23 :GET /file/getImg?imagePath=15822994790301.jpg - 404
2020-2-21 22:24:23 :GET /file/getImg?imagePath=15822998085404.jpg - 404
2020-2-21 22:24:23 :OPTIONS /user/getSort - 1ms
2020-2-21 22:24:23 :GET /file/getImg?imagePath=15822998085404.jpg - 404
2020-2-21 22:24:23 :POST /user/getSort - 3ms
2020-2-21 22:24:23 :OPTIONS /file/upFile - 1ms
2020-2-21 22:24:23 :POST /file/upFile - 13ms
2020-2-21 22:24:23 :OPTIONS /user/delGoods - 0ms
2020-2-21 22:24:23 :POST /user/delGoods - 4ms
2020-2-21 22:24:23 :OPTIONS /user/addGoods - 0ms
2020-2-21 22:24:23 :POST /user/addGoods - 2ms
2020-2-21 22:24:23 :GET /file/getImg?imagePath=15822998567773.jpg - 404
2020-2-21 22:24:23 :OPTIONS /user/getGoods - 0ms
2020-2-21 22:24:23 :POST /user/getGoods - 3ms
2020-2-21 22:24:23 :POST /user/getGoods - 7ms
2020-2-21 22:24:23 :GET /file/getImg?imagePath=15822998567773.jpg - 404
2020-2-21 22:24:23 :OPTIONS /user/getGoods - 0ms
2020-2-21 22:24:23 :OPTIONS /user/getSort - 0ms
2020-2-21 22:24:23 :POST /user/getGoods - 8ms
2020-2-21 22:24:23 :POST /user/getSort - 7ms
2020-2-21 22:24:23 :POST /user/getGoods - 3ms
2020-2-21 22:24:23 :POST /user/getGoods - 13ms
2020-2-21 22:24:23 :POST /user/getSort - 37ms
2020-2-21 22:24:23 :GET /file/getImg?imagePath=1582296373499logo.jpg - 404
2020-2-21 22:24:23 :OPTIONS /user/getGoods - 0ms
2020-2-21 22:24:23 :OPTIONS /user/getSort - 1ms
2020-2-21 22:24:23 :POST /user/getGoods - 9ms
2020-2-21 22:24:23 :POST /user/getSort - 9ms
2020-2-21 22:24:23 :OPTIONS /user/getGoods - 1ms
2020-2-21 22:24:23 :OPTIONS /user/getSort - 0ms
2020-2-21 22:24:23 :POST /user/getSort - 4ms
2020-2-21 22:24:23 :POST /user/getGoods - 4ms
2020-2-21 22:24:23 :GET /file/getImg?imagePath=15822992922012.jpg - 404
2020-2-21 22:24:23 :GET /file/getImg?imagePath=15822994790301.jpg - 404
2020-2-21 22:24:23 :GET /file/getImg?imagePath=15822998085404.jpg - 404
2020-2-21 22:24:23 :GET /file/getImg?imagePath=15822998567773.jpg - 404
2020-2-21 22:24:23 :OPTIONS /user/getGoods - 0ms
2020-2-21 22:24:23 :OPTIONS /user/getSort - 0ms
2020-2-21 22:24:23 :POST /user/getGoods - 11ms
2020-2-21 22:24:23 :POST /user/getSort - 11ms
2020-2-21 22:24:23 :GET /file/getImg?imagePath=15822992922012.jpg - 404
2020-2-21 22:24:23 :GET /file/getImg?imagePath=15822994790301.jpg - 404
2020-2-21 22:24:23 :GET /file/getImg?imagePath=15822998085404.jpg - 404
2020-2-21 22:24:23 :POST /user/getGoods - 4ms
2020-2-21 22:24:23 :GET /file/getImg?imagePath=15822998567773.jpg - 404
2020-2-21 22:24:23 :OPTIONS /user/getGoods - 0ms
2020-2-21 22:24:23 :OPTIONS /user/getSort - 1ms
2020-2-21 22:24:23 :POST /user/getGoods - 3ms
2020-2-21 22:24:23 :POST /user/getSort - 3ms
2020-2-21 22:24:23 :GET /file/getImg?imagePath=15822992922012.jpg - 404
2020-2-21 22:24:23 :GET /file/getImg?imagePath=15822994790301.jpg - 404
2020-2-21 22:24:23 :GET /file/getImg?imagePath=15822998085404.jpg - 404
2020-2-21 22:24:23 :GET /file/getImg?imagePath=15822998567773.jpg - 404
2020-2-21 22:24:23 :OPTIONS /user/getGoods - 0ms
2020-2-21 22:24:23 :POST /user/getGoods - 9ms
2020-2-21 22:24:23 :OPTIONS /user/getSort - 1ms
2020-2-21 22:24:23 :POST /user/getGoods - 5ms
2020-2-21 22:24:23 :POST /user/getSort - 3ms
2020-2-21 22:24:23 :GET /file/getImg?imagePath=15822992922012.jpg - 404
2020-2-21 22:24:23 :GET /file/getImg?imagePath=15822994790301.jpg - 404
2020-2-21 22:24:23 :GET /file/getImg?imagePath=15822998085404.jpg - 404
2020-2-21 22:24:23 :GET /file/getImg?imagePath=15822998567773.jpg - 404
2020-2-21 22:24:23 :GET /file/getImg?imagePath=15822998085404.jpg - 404
2020-2-21 22:24:23 :GET /file/getImg?imagePath=15822998085404.jpg - 404
2020-2-21 22:24:23 :GET /file/getImg?imagePath=15822998085404.jpg - 404
2020-2-21 22:24:23 :GET /file/getImg?imagePath=15822998085404.jpg - 404
2020-2-21 22:24:23 :GET /file/getImg?imagePath=15822998085404.jpg - 404
2020-2-21 22:24:23 :OPTIONS /user/getGoods - 0ms
2020-2-21 22:24:23 :POST /user/getGoods - 9ms
2020-2-21 22:24:23 :GET /file/getImg?imagePath=15822998085404.jpg - 404