
2020-2-23 3:37:24 :OPTIONS /user/getGoods - 10ms
2020-2-23 3:37:24 :POST /user/getGoods - 70ms
2020-2-23 3:37:24 :GET /file/getImg?imagePath=15822992922012.jpg - 404
2020-2-23 3:37:24 :GET /file/getImg?imagePath=15822994790301.jpg - 404
2020-2-23 3:37:24 :GET /file/getImg?imagePath=15822998085404.jpg - 404
2020-2-23 3:37:24 :OPTIONS /user/getGoods - 0ms
2020-2-23 3:37:24 :POST /user/getGoods - 11ms
2020-2-23 3:37:24 :GET /file/getImg?imagePath=15822992922012.jpg - 404
2020-2-23 3:37:24 :GET /file/getImg?imagePath=15822994790301.jpg - 404
2020-2-23 3:37:24 :GET /file/getImg?imagePath=15822998085404.jpg - 404
2020-2-23 3:37:24 :GET /file/getImg?imagePath=15822998567773.jpg - 404
2020-2-23 3:37:24 :OPTIONS /user/addUser - 1ms
2020-2-23 3:37:24 :POST /user/addUser - 18ms
2020-2-23 3:37:24 :OPTIONS /user/login - 0ms
2020-2-23 3:37:24 :POST /user/login - 4ms
2020-2-23 3:37:24 :GET /file/getImg?imagePath=1582296373499logo.jpg - 404
2020-2-23 3:37:24 :OPTIONS /user/getGoods - 1ms
2020-2-23 3:37:24 :POST /user/getGoods - 5ms
2020-2-23 3:37:24 :GET /file/getImg?imagePath=15822992922012.jpg - 404
2020-2-23 3:37:24 :GET /file/getImg?imagePath=15822998085404.jpg - 404
2020-2-23 3:37:24 :GET /file/getImg?imagePath=15822994790301.jpg - 404
2020-2-23 3:37:24 :GET /file/getImg?imagePath=15822998567773.jpg - 404
2020-2-23 3:37:24 :OPTIONS /user/addShare - 0ms
2020-2-23 3:37:24 :POST /user/addShare - 2ms
2020-2-23 3:37:24 :OPTIONS /user/getShare - 0ms
2020-2-23 3:37:24 :POST /user/getShare - 23ms
2020-2-23 3:37:24 :GET /file/getImg?imagePath=1582296373499logo.jpg - 404
2020-2-23 3:37:24 :OPTIONS /user/getGoods - 0ms
2020-2-23 3:37:24 :POST /user/getGoods - 4ms
2020-2-23 3:37:24 :OPTIONS /user/addPay - 0ms
2020-2-23 3:37:24 :OPTIONS /user/getAddress - 0ms
2020-2-23 3:37:24 :POST /user/addPay - 2ms
2020-2-23 3:37:24 :POST /user/getAddress - 42ms
2020-2-23 3:37:24 :OPTIONS /user/upPay - 0ms
2020-2-23 3:37:24 :POST /user/upPay - 4ms
2020-2-23 3:37:24 :OPTIONS /user/getPay - 1ms
2020-2-23 3:37:24 :POST /user/getPay - 11ms
2020-2-23 3:37:24 :POST /user/getPay - 4ms
2020-2-23 3:37:24 :POST /user/getPay - 3ms
2020-2-23 3:37:24 :OPTIONS /user/getPay - 0ms
2020-2-23 3:37:24 :POST /user/getPay - 6ms
2020-2-23 3:37:24 :POST /user/getPay - 3ms
2020-2-23 3:37:24 :POST /user/getPay - 4ms
2020-2-23 3:37:24 :POST /user/getPay - 3ms
2020-2-23 3:37:24 :POST /user/getPay - 13ms
2020-2-23 3:37:24 :OPTIONS /user/getComment - 0ms
2020-2-23 3:37:24 :POST /user/getComment - 5ms
2020-2-23 3:37:24 :OPTIONS /user/getGoods - 0ms
2020-2-23 3:37:24 :POST /user/getGoods - 4ms
2020-2-23 3:37:24 :POST /user/getGoods - 19ms
2020-2-23 3:37:24 :OPTIONS /user/getSort - 0ms
2020-2-23 3:37:24 :POST /user/getSort - 6ms
2020-2-23 3:37:24 :POST /user/getGoods - 7ms
2020-2-23 3:37:24 :POST /user/getGoods - 4ms
2020-2-23 3:37:24 :POST /user/getGoods - 5ms
2020-2-23 3:37:24 :OPTIONS /user/getGoods - 1ms
2020-2-23 3:37:24 :POST /user/getGoods - 3ms
2020-2-23 3:37:24 :POST /user/getGoods - 3ms
2020-2-23 3:37:24 :OPTIONS /user/selectShare - 0ms
2020-2-23 3:37:24 :POST /user/selectShare - 10ms
2020-2-23 3:37:24 :OPTIONS /user/getPay - 0ms
2020-2-23 3:37:24 :POST /user/getPay - 5ms
2020-2-23 3:37:24 :OPTIONS /user/getGoods - 0ms
2020-2-23 3:37:24 :POST /user/getGoods - 4ms
2020-2-23 3:37:24 :OPTIONS /user/getAddress - 1ms
2020-2-23 3:37:24 :POST /user/getAddress - 7ms
2020-2-23 3:37:24 :OPTIONS /user/getGoods - 0ms
2020-2-23 3:37:24 :POST /user/getGoods - 3ms
2020-2-23 3:37:24 :OPTIONS /file/upFile - 0ms
2020-2-23 3:37:24 :POST /file/upFile - 25ms
2020-2-23 3:37:24 :OPTIONS /user/upUser - 0ms
2020-2-23 3:37:24 :POST /user/upUser - 2ms
2020-2-23 3:37:24 :OPTIONS /user/getGoods - 0ms
2020-2-23 3:37:24 :POST /user/getGoods - 7ms
2020-2-23 3:37:24 :GET /file/getImg?imagePath=15824013891353.jpg - 404
2020-2-23 3:37:24 :OPTIONS /user/upUser - 0ms
2020-2-23 3:37:24 :POST /user/upUser - 1ms
2020-2-23 3:37:24 :GET /file/getImg?imagePath=15824013891353.jpg - 404
2020-2-23 3:37:24 :OPTIONS /user/upUser - 0ms
2020-2-23 3:37:24 :POST /user/upUser - 1ms
2020-2-23 3:37:24 :GET /file/getImg?imagePath=15824013891353.jpg - 404
2020-2-23 3:37:24 :POST /user/upUser - 2ms
2020-2-23 3:37:24 :GET /file/getImg?imagePath=15824013891353.jpg - 404
2020-2-23 3:37:24 :GET /file/getImg?imagePath=15824013891353.jpg - 404
2020-2-23 3:37:24 :OPTIONS /user/upUser - 0ms
2020-2-23 3:37:24 :POST /user/upUser - 1ms
2020-2-23 3:37:24 :POST /user/upUser - 2ms
2020-2-23 3:37:24 :GET /file/getImg?imagePath=15824013891353.jpg - 404
2020-2-23 3:37:24 :POST /user/upUser - 1ms
2020-2-23 3:37:24 :GET /file/getImg?imagePath=15824013891353.jpg - 404
2020-2-23 3:37:24 :OPTIONS /user/getGoods - 0ms
2020-2-23 3:37:24 :POST /user/getGoods - 3ms
2020-2-23 3:37:24 :GET /file/getImg?imagePath=15822992922012.jpg - 404
2020-2-23 3:37:24 :GET /file/getImg?imagePath=15822994790301.jpg - 404
2020-2-23 3:37:23 :GET /file/getImg?imagePath=15822998085404.jpg - 404
2020-2-23 3:37:24 :OPTIONS /user/upUser - 0ms
2020-2-23 3:37:24 :POST /user/upUser - 2ms
2020-2-23 3:37:23 :GET /file/getImg?imagePath=15824013891353.jpg - 404
2020-2-23 3:37:23 :GET /file/getImg?imagePath=15824013891353.jpg - 404
2020-2-23 3:37:23 :GET /file/getImg?imagePath=15824013891353.jpg - 404
2020-2-23 3:37:23 :OPTIONS /user/upUser - 1ms
2020-2-23 3:37:23 :OPTIONS /user/login - 0ms
2020-2-23 3:37:23 :POST /user/login - 52ms
2020-2-23 3:37:23 :GET /file/getImg?imagePath=15824013891353.jpg - 404
2020-2-23 3:37:23 :OPTIONS /user/upUser - 0ms
2020-2-23 3:37:23 :POST /user/upUser - 6ms
2020-2-23 3:37:23 :GET /file/getImg?imagePath=15824013891353.jpg - 404
2020-2-23 3:37:23 :OPTIONS /user/upUser - 0ms
2020-2-23 3:37:23 :POST /user/upUser - 1ms
2020-2-23 3:37:23 :GET /file/getImg?imagePath=15824013891353.jpg - 404
2020-2-23 3:37:23 :POST /user/upUser - 2ms
2020-2-23 3:37:23 :GET /file/getImg?imagePath=15824013891353.jpg - 404
2020-2-23 3:37:23 :OPTIONS /user/upUser - 0ms
2020-2-23 3:37:23 :POST /user/upUser - 1ms
2020-2-23 3:37:23 :GET /file/getImg?imagePath=15824013891353.jpg - 404
2020-2-23 3:37:23 :GET /file/getImg?imagePath=15824013891353.jpg - 404
2020-2-23 3:37:23 :OPTIONS /user/upUser - 0ms
2020-2-23 3:37:23 :POST /user/upUser - 2ms
2020-2-23 3:37:23 :GET /file/getImg?imagePath=15824013891353.jpg - 404
2020-2-23 3:37:23 :OPTIONS /user/upUser - 1ms
2020-2-23 3:37:23 :POST /user/upUser - 3ms
2020-2-23 3:37:23 :GET /file/getImg?imagePath=15824013891353.jpg - 404
2020-2-23 3:37:23 :OPTIONS /user/upUser - 0ms
2020-2-23 3:37:23 :POST /user/upUser - 2ms
2020-2-23 3:37:23 :OPTIONS /user/login - 0ms
2020-2-23 3:37:23 :POST /user/login - 2ms
2020-2-23 3:37:23 :GET /file/getImg?imagePath=15824013891353.jpg - 404
2020-2-23 3:37:23 :OPTIONS /user/upUser - 0ms
2020-2-23 3:37:23 :POST /user/upUser - 2ms
2020-2-23 3:37:23 :GET /file/getImg?imagePath=15824013891353.jpg - 404
2020-2-23 3:37:23 :OPTIONS /user/upUser - 0ms
2020-2-23 3:37:23 :POST /user/upUser - 1ms
2020-2-23 3:37:23 :GET /file/getImg?imagePath=15824013891353.jpg - 404
2020-2-23 3:37:23 :POST /user/upUser - 1ms
2020-2-23 3:37:23 :POST /user/upUser - 1ms
2020-2-23 3:37:23 :POST /user/upUser - 2ms
2020-2-23 3:37:23 :POST /user/upUser - 1ms
2020-2-23 3:37:23 :POST /user/upUser - 2ms
2020-2-23 3:37:23 :OPTIONS /user/getGoods - 1ms
2020-2-23 3:37:23 :POST /user/getGoods - 6ms
2020-2-23 3:37:23 :GET /file/getImg?imagePath=15822994790301.jpg - 404
2020-2-23 3:37:23 :GET /file/getImg?imagePath=15822992922012.jpg - 404
2020-2-23 3:37:23 :GET /file/getImg?imagePath=15822998085404.jpg - 404
2020-2-23 3:37:23 :OPTIONS /user/selectShare - 0ms
2020-2-23 3:37:23 :POST /user/selectShare - 7ms
2020-2-23 3:37:23 :OPTIONS /user/addUser - 0ms
2020-2-23 3:37:23 :POST /user/addUser - 15ms
2020-2-23 3:37:23 :OPTIONS /user/login - 0ms
2020-2-23 3:37:23 :POST /user/login - 6ms
2020-2-23 3:37:23 :OPTIONS /user/selectShare - 1ms
2020-2-23 3:37:23 :POST /user/selectShare - 5ms
2020-2-23 3:37:23 :GET /file/getImg?imagePath=15822998085404.jpg - 404
2020-2-23 3:37:23 :OPTIONS /user/getGoods - 0ms
2020-2-23 3:37:23 :POST /user/getGoods - 20ms
2020-2-23 3:37:23 :GET /file/getImg?imagePath=15822992922012.jpg - 404
2020-2-23 3:37:23 :GET /file/getImg?imagePath=15822994790301.jpg - 404
2020-2-23 3:37:23 :GET /file/getImg?imagePath=15822998567773.jpg - 404
2020-2-23 3:37:23 :OPTIONS /user/getGoods - 0ms
2020-2-23 3:37:23 :POST /user/getGoods - 4ms
2020-2-23 3:37:23 :OPTIONS /user/addShare - 0ms
2020-2-23 3:37:23 :POST /user/addShare - 2ms
2020-2-23 3:37:23 :OPTIONS /user/getShare - 0ms
2020-2-23 3:37:23 :POST /user/getShare - 5ms
2020-2-23 3:37:23 :OPTIONS /user/getGoods - 0ms
2020-2-23 3:37:23 :POST /user/getGoods - 4ms
2020-2-23 3:37:23 :OPTIONS /user/selectShare - 1ms
2020-2-23 3:37:23 :POST /user/selectShare - 6ms
2020-2-23 3:37:23 :OPTIONS /user/selectShare - 0ms
2020-2-23 3:37:23 :POST /user/selectShare - 5ms
2020-2-23 3:37:23 :OPTIONS /file/upFile - 0ms
2020-2-23 3:37:23 :POST /file/upFile - 28ms
2020-2-23 3:37:23 :OPTIONS /user/upUser - 0ms
2020-2-23 3:37:23 :POST /user/upUser - 1ms
2020-2-23 3:37:23 :GET /file/getImg?imagePath=15824020729423.jpg - 404
2020-2-23 3:37:23 :OPTIONS /user/selectShare - 0ms
2020-2-23 3:37:23 :POST /user/selectShare - 6ms
2020-2-23 3:37:23 :OPTIONS /user/selectShare - 0ms
2020-2-23 3:37:23 :POST /user/selectShare - 5ms
2020-2-23 3:37:23 :OPTIONS /user/getGoods - 0ms
2020-2-23 3:37:23 :POST /user/getGoods - 4ms
2020-2-23 3:37:23 :OPTIONS /user/getGoods - 0ms
2020-2-23 3:37:23 :POST /user/getGoods - 5ms
2020-2-23 3:37:23 :OPTIONS /user/login - 0ms
2020-2-23 3:37:23 :POST /user/login - 3ms
2020-2-23 3:37:23 :OPTIONS /user/upUser - 0ms
2020-2-23 3:37:23 :POST /user/upUser - 1ms
2020-2-23 3:37:23 :OPTIONS /user/getGoods - 0ms
2020-2-23 3:37:23 :POST /user/getGoods - 4ms
2020-2-23 3:37:23 :OPTIONS /user/getSort - 1ms
2020-2-23 3:37:23 :GET /file/getImg?imagePath=15822992922012.jpg - 404
2020-2-23 3:37:23 :POST /user/getSort - 4ms
2020-2-23 3:37:23 :OPTIONS /user/delGoods - 0ms
2020-2-23 3:37:23 :POST /user/delGoods - 3ms
2020-2-23 3:37:23 :OPTIONS /user/addGoods - 1ms
2020-2-23 3:37:23 :POST /user/addGoods - 2ms
2020-2-23 3:37:23 :OPTIONS /user/getGoods - 0ms
2020-2-23 3:37:23 :OPTIONS /user/getSort - 0ms
2020-2-23 3:37:23 :POST /user/getGoods - 9ms
2020-2-23 3:37:23 :POST /user/getSort - 11ms
2020-2-23 3:37:23 :POST /user/getGoods - 11ms
2020-2-23 3:37:23 :POST /user/getGoods - 40ms
2020-2-23 3:37:23 :POST /user/getSort - 24ms
2020-2-23 3:37:23 :OPTIONS /user/getGoods - 1ms
2020-2-23 3:37:23 :OPTIONS /user/getSort - 0ms
2020-2-23 3:37:23 :POST /user/getGoods - 7ms
2020-2-23 3:37:23 :POST /user/getSort - 9ms
2020-2-23 3:37:23 :OPTIONS /user/getPay - 0ms
2020-2-23 3:37:23 :POST /user/getPay - 4ms
2020-2-23 3:37:23 :OPTIONS /user/getGoods - 0ms
2020-2-23 3:37:23 :POST /user/getGoods - 3ms
2020-2-23 3:37:23 :GET /file/getImg?imagePath=15822992922012.jpg - 404
2020-2-23 3:37:23 :OPTIONS /user/getSort - 0ms
2020-2-23 3:37:23 :POST /user/getSort - 3ms
2020-2-23 3:37:23 :OPTIONS /user/getGoods - 0ms
2020-2-23 3:37:24 :OPTIONS /user/getSort - 0ms
2020-2-23 3:37:23 :POST /user/getGoods - 6ms
2020-2-23 3:37:24 :POST /user/getSort - 49ms
2020-2-23 3:37:23 :GET /file/getImg?imagePath=15822994790301.jpg - 404
2020-2-23 3:37:24 :GET /file/getImg?imagePath=15822998085404.jpg - 404
2020-2-23 3:37:23 :GET /file/getImg?imagePath=15822992922012.jpg - 404
2020-2-23 3:37:24 :POST /user/getGoods - 4ms
2020-2-23 3:37:23 :POST /user/getSort - 7ms
2020-2-23 3:37:24 :POST /user/getGoods - 14ms
2020-2-23 3:37:24 :OPTIONS /user/login - 0ms
2020-2-23 3:37:24 :POST /user/login - 5ms
2020-2-23 3:37:24 :OPTIONS /user/upUser - 0ms
2020-2-23 3:37:24 :POST /user/upUser - 1ms
2020-2-23 3:37:24 :POST /user/upUser - 1ms
2020-2-23 3:37:24 :OPTIONS /user/getGoods - 0ms
2020-2-23 3:37:24 :POST /user/getGoods - 4ms
2020-2-23 3:37:24 :OPTIONS /user/getSort - 1ms
2020-2-23 3:37:24 :GET /file/getImg?imagePath=15822992922012.jpg - 404
2020-2-23 3:37:24 :POST /user/getSort - 3ms
2020-2-23 3:37:24 :OPTIONS /user/delGoods - 0ms
2020-2-23 3:37:24 :POST /user/delGoods - 4ms
2020-2-23 3:37:24 :OPTIONS /user/addGoods - 0ms
2020-2-23 3:37:24 :POST /user/addGoods - 2ms
2020-2-23 3:37:24 :OPTIONS /user/getGoods - 0ms
2020-2-23 3:37:24 :POST /user/getGoods - 6ms
2020-2-23 3:37:24 :OPTIONS /user/getSort - 0ms
2020-2-23 3:37:24 :POST /user/getGoods - 19ms
2020-2-23 3:37:24 :POST /user/getSort - 7ms
2020-2-23 3:37:24 :OPTIONS /user/getPay - 0ms
2020-2-23 3:37:24 :POST /user/getPay - 5ms
2020-2-23 3:37:24 :OPTIONS /user/getGoods - 0ms
2020-2-23 3:37:24 :POST /user/getGoods - 12ms
2020-2-23 3:37:24 :OPTIONS /user/getSort - 0ms
2020-2-23 3:37:24 :POST /user/getSort - 3ms
2020-2-23 3:37:24 :OPTIONS /file/upFile - 0ms
2020-2-23 3:37:24 :POST /file/upFile - 25ms
2020-2-23 3:37:24 :OPTIONS /user/addGoods - 0ms
2020-2-23 3:37:24 :POST /user/addGoods - 2ms
2020-2-23 3:37:24 :OPTIONS /user/getGoods - 1ms
2020-2-23 3:37:24 :OPTIONS /user/getSort - 0ms
2020-2-23 3:37:24 :POST /user/getGoods - 18ms
2020-2-23 3:37:24 :POST /user/getSort - 13ms
2020-2-23 3:37:24 :GET /file/getImg?imagePath=1582402317870head.jpg - 404
2020-2-23 3:37:24 :OPTIONS /user/getPay - 1ms
2020-2-23 3:37:24 :POST /user/getPay - 4ms
2020-2-23 3:37:24 :OPTIONS /user/upPay - 0ms
2020-2-23 3:37:24 :POST /user/upPay - 2ms
2020-2-23 3:37:24 :OPTIONS /user/getGoods - 0ms
2020-2-23 3:37:24 :POST /user/getGoods - 4ms
2020-2-23 3:37:24 :OPTIONS /user/upGoods - 0ms
2020-2-23 3:37:24 :POST /user/upGoods - 2ms
2020-2-23 3:37:24 :GET /file/getImg?imagePath=15824020729423.jpg - 404
2020-2-23 3:37:24 :OPTIONS /user/getPay - 0ms
2020-2-23 3:37:24 :POST /user/getPay - 4ms
2020-2-23 3:37:24 :OPTIONS /user/getGoods - 0ms
2020-2-23 3:37:24 :POST /user/getGoods - 4ms
2020-2-23 3:37:24 :OPTIONS /user/upUser - 1ms
2020-2-23 3:37:24 :POST /user/upUser - 1ms
2020-2-23 3:37:24 :GET /file/getImg?imagePath=15824020729423.jpg - 404
2020-2-23 3:37:24 :GET /file/getImg?imagePath=15824020729423.jpg - 404
2020-2-23 3:37:24 :OPTIONS /user/upUser - 0ms
2020-2-23 3:37:24 :POST /user/upUser - 2ms
2020-2-23 3:37:24 :GET /file/getImg?imagePath=15824020729423.jpg - 404
2020-2-23 3:37:24 :POST /user/upUser - 1ms
2020-2-23 3:37:24 :GET /file/getImg?imagePath=15824020729423.jpg - 404
2020-2-23 3:37:24 :OPTIONS /user/upUser - 0ms
2020-2-23 3:37:24 :POST /user/upUser - 2ms
2020-2-23 3:37:24 :GET /file/getImg?imagePath=15824020729423.jpg - 404
2020-2-23 3:37:24 :OPTIONS /user/upUser - 0ms
2020-2-23 3:37:24 :POST /user/upUser - 1ms
2020-2-23 3:37:24 :GET /file/getImg?imagePath=15824020729423.jpg - 404
2020-2-23 3:37:24 :OPTIONS /user/upUser - 0ms
2020-2-23 3:37:24 :POST /user/upUser - 3ms
2020-2-23 3:37:24 :GET /file/getImg?imagePath=15824020729423.jpg - 404
2020-2-23 3:37:24 :POST /user/upUser - 1ms
2020-2-23 3:37:24 :GET /file/getImg?imagePath=15824020729423.jpg - 404
2020-2-23 3:37:24 :OPTIONS /user/upUser - 0ms
2020-2-23 3:37:24 :POST /user/upUser - 1ms
2020-2-23 3:37:24 :GET /file/getImg?imagePath=15824020729423.jpg - 404
2020-2-23 3:37:24 :OPTIONS /user/upUser - 0ms
2020-2-23 3:37:24 :POST /user/upUser - 1ms
2020-2-23 3:37:24 :GET /file/getImg?imagePath=15824020729423.jpg - 404
2020-2-23 3:37:24 :OPTIONS /user/upUser - 1ms
2020-2-23 3:37:24 :POST /user/upUser - 2ms
2020-2-23 3:37:24 :GET /file/getImg?imagePath=15824020729423.jpg - 404
2020-2-23 3:37:24 :OPTIONS /user/upUser - 0ms
2020-2-23 3:37:24 :POST /user/upUser - 2ms
2020-2-23 3:37:24 :GET /file/getImg?imagePath=15824020729423.jpg - 404
2020-2-23 3:37:24 :OPTIONS /user/upUser - 1ms
2020-2-23 3:37:24 :POST /user/upUser - 1ms
2020-2-23 3:37:24 :GET /file/getImg?imagePath=15824020729423.jpg - 404
2020-2-23 3:37:24 :OPTIONS /user/upUser - 0ms
2020-2-23 3:37:24 :POST /user/upUser - 1ms
2020-2-23 3:37:24 :GET /file/getImg?imagePath=15824020729423.jpg - 404
2020-2-23 3:37:24 :OPTIONS /user/getPay - 0ms
2020-2-23 3:37:24 :POST /user/getPay - 3ms
2020-2-23 3:37:24 :GET /file/getImg?imagePath=15824020729423.jpg - 404
2020-2-23 3:37:24 :OPTIONS /user/upUser - 0ms
2020-2-23 3:37:24 :POST /user/upUser - 2ms
2020-2-23 3:37:24 :GET /file/getImg?imagePath=15824020729423.jpg - 404
2020-2-23 3:37:24 :OPTIONS /user/upUser - 0ms
2020-2-23 3:37:24 :POST /user/upUser - 1ms
2020-2-23 3:37:24 :GET /file/getImg?imagePath=15824020729423.jpg - 404
2020-2-23 3:37:24 :OPTIONS /user/login - 1ms
2020-2-23 3:37:24 :POST /user/login - 3ms
2020-2-23 3:37:24 :POST /user/login - 8ms
2020-2-23 3:37:24 :OPTIONS /user/login - 0ms
2020-2-23 3:37:24 :POST /user/login - 6ms
2020-2-23 3:37:24 :GET /file/getImg?imagePath=15824013891353.jpg - 404
2020-2-23 3:37:24 :OPTIONS /user/login - 0ms
2020-2-23 3:37:24 :POST /user/login - 4ms
2020-2-23 3:37:24 :GET /file/getImg?imagePath=15824013891353.jpg - 404
2020-2-23 3:37:24 :OPTIONS /user/login - 1ms
2020-2-23 3:37:24 :POST /user/login - 5ms
2020-2-23 3:37:24 :GET /file/getImg?imagePath=15824013891353.jpg - 404
2020-2-23 3:37:24 :OPTIONS /user/login - 1ms
2020-2-23 3:37:24 :POST /user/login - 3ms
2020-2-23 3:37:24 :GET /file/getImg?imagePath=15824020729423.jpg - 404
2020-2-23 3:37:24 :OPTIONS /user/login - 0ms
2020-2-23 3:37:24 :POST /user/login - 4ms
2020-2-23 3:37:24 :GET /file/getImg?imagePath=15824013891353.jpg - 404
2020-2-23 3:37:24 :OPTIONS /user/selectShare - 0ms
2020-2-23 3:37:24 :POST /user/selectShare - 5ms
2020-2-23 3:37:24 :GET /file/getImg?imagePath=15822998085404.jpg - 404
2020-2-23 3:37:24 :GET /file/getImg?imagePath=15822992922012.jpg - 404
2020-2-23 3:37:24 :OPTIONS /user/getPay - 0ms
2020-2-23 3:37:24 :POST /user/getPay - 4ms
2020-2-23 3:37:24 :OPTIONS /user/getGoods - 0ms
2020-2-23 3:37:24 :POST /user/getGoods - 5ms
2020-2-23 3:37:24 :GET /file/getImg?imagePath=15822994790301.jpg - 404
2020-2-23 3:37:24 :GET /file/getImg?imagePath=1582402317870head.jpg - 404
2020-2-23 3:37:24 :GET /file/getImg?imagePath=15822998567773.jpg - 404
2020-2-23 3:37:24 :OPTIONS /user/addPay - 0ms
2020-2-23 3:37:23 :OPTIONS /user/getAddress - 0ms
2020-2-23 3:37:23 :POST /user/addPay - 2ms
2020-2-23 3:37:24 :POST /user/getAddress - 5ms
2020-2-23 3:37:24 :POST /user/upPay - 1ms
2020-2-23 3:37:24 :OPTIONS /user/upPay - 2ms
2020-2-23 3:37:24 :OPTIONS /user/getPay - 0ms
2020-2-23 3:37:24 :POST /user/getPay - 5ms
2020-2-23 3:37:24 :OPTIONS /user/getGoods - 0ms
2020-2-23 3:37:24 :POST /user/getGoods - 4ms
2020-2-23 3:37:23 :GET /file/getImg?imagePath=15824013891353.jpg - 404
2020-2-23 3:37:23 :OPTIONS /user/getGoods - 1ms
2020-2-23 3:37:23 :POST /user/getGoods - 6ms
2020-2-23 3:37:23 :OPTIONS /user/login - 0ms
2020-2-23 3:37:23 :POST /user/login - 4ms
2020-2-23 3:37:23 :OPTIONS /user/upUser - 1ms
2020-2-23 3:37:23 :POST /user/upUser - 1ms
2020-2-23 3:37:23 :POST /user/upUser - 1ms
2020-2-23 3:37:23 :OPTIONS /user/getGoods - 1ms
2020-2-23 3:37:23 :POST /user/getGoods - 3ms
2020-2-23 3:37:23 :OPTIONS /user/delGoods - 0ms
2020-2-23 3:37:23 :POST /user/delGoods - 3ms
2020-2-23 3:37:23 :GET /file/getImg?imagePath=15822992922012.jpg - 404
2020-2-23 3:37:23 :OPTIONS /user/getSort - 0ms
2020-2-23 3:37:23 :POST /user/getSort - 4ms
2020-2-23 3:37:23 :OPTIONS /user/delGoods - 1ms
2020-2-23 3:37:23 :POST /user/delGoods - 1ms
2020-2-23 3:37:23 :OPTIONS /user/addGoods - 0ms
2020-2-23 3:37:23 :POST /user/addGoods - 3ms
2020-2-23 3:37:23 :OPTIONS /user/getGoods - 0ms
2020-2-23 3:37:23 :OPTIONS /user/getSort - 0ms
2020-2-23 3:37:23 :POST /user/getGoods - 10ms
2020-2-23 3:37:23 :POST /user/getSort - 9ms
2020-2-23 3:37:23 :OPTIONS /user/getPay - 0ms
2020-2-23 3:37:23 :POST /user/getPay - 4ms
2020-2-23 3:37:23 :OPTIONS /user/upPay - 0ms
2020-2-23 3:37:23 :POST /user/upPay - 1ms
2020-2-23 3:37:23 :OPTIONS /user/getGoods - 0ms
2020-2-23 3:37:23 :POST /user/getGoods - 3ms
2020-2-23 3:37:23 :OPTIONS /user/upGoods - 1ms
2020-2-23 3:37:23 :POST /user/upGoods - 1ms
2020-2-23 3:37:23 :OPTIONS /user/getPay - 0ms
2020-2-23 3:37:23 :POST /user/getPay - 7ms
2020-2-23 3:37:23 :OPTIONS /user/upPay - 0ms
2020-2-23 3:37:23 :POST /user/upPay - 1ms
2020-2-23 3:37:23 :OPTIONS /user/getGoods - 0ms
2020-2-23 3:37:23 :POST /user/getGoods - 3ms
2020-2-23 3:37:23 :OPTIONS /user/getPay - 0ms
2020-2-23 3:37:23 :POST /user/getPay - 3ms
2020-2-23 3:37:23 :OPTIONS /user/getComment - 0ms
2020-2-23 3:37:23 :POST /user/getComment - 4ms
2020-2-23 3:37:23 :GET /file/getImg?imagePath=1582296373499logo.jpg - 404
2020-2-23 3:37:23 :OPTIONS /user/addComment - 1ms
2020-2-23 3:37:23 :POST /user/addComment - 2ms
2020-2-23 3:37:23 :OPTIONS /user/getPay - 1ms
2020-2-23 3:37:23 :POST /user/getPay - 15ms
2020-2-23 3:37:23 :OPTIONS /user/getGoods - 0ms
2020-2-23 3:37:23 :POST /user/getGoods - 4ms
2020-2-23 3:37:23 :POST /user/getPay - 6ms
2020-2-23 3:37:23 :POST /user/getPay - 2ms
2020-2-23 3:37:23 :OPTIONS /user/getPay - 0ms
2020-2-23 3:37:23 :POST /user/getPay - 4ms
2020-2-23 3:37:23 :POST /user/getPay - 2ms
2020-2-23 3:37:23 :POST /user/getPay - 3ms
2020-2-23 3:37:23 :POST /user/getPay - 9ms
2020-2-23 3:37:23 :OPTIONS /user/getGoods - 0ms
2020-2-23 3:37:23 :POST /user/getGoods - 16ms
2020-2-23 3:37:23 :OPTIONS /user/selectShare - 1ms
2020-2-23 3:37:23 :POST /user/selectShare - 4ms
2020-2-23 3:37:23 :OPTIONS /user/selectShare - 1ms
2020-2-23 3:37:23 :POST /user/selectShare - 6ms
2020-2-23 3:37:23 :OPTIONS /user/getAddress - 1ms
2020-2-23 3:37:23 :POST /user/getAddress - 7ms
2020-2-23 3:37:23 :OPTIONS /user/getGoods - 1ms
2020-2-23 3:37:23 :POST /user/getGoods - 4ms
2020-2-23 3:37:23 :OPTIONS /user/getAddress - 1ms
2020-2-23 3:37:23 :POST /user/getAddress - 3ms
2020-2-23 3:37:23 :OPTIONS /user/getGoods - 0ms
2020-2-23 3:37:23 :POST /user/getGoods - 7ms
2020-2-23 3:37:23 :OPTIONS /user/addPay - 0ms
2020-2-23 3:37:23 :POST /user/addPay - 10ms
2020-2-23 3:37:23 :OPTIONS /user/getAddress - 0ms
2020-2-23 3:37:23 :POST /user/getAddress - 4ms
2020-2-23 3:37:23 :OPTIONS /user/getGoods - 0ms
2020-2-23 3:37:23 :POST /user/getGoods - 4ms
2020-2-23 3:37:23 :OPTIONS /user/getGoods - 0ms
2020-2-23 3:37:23 :POST /user/getGoods - 7ms
2020-2-23 3:37:23 :OPTIONS /user/addPay - 1ms
2020-2-23 3:37:23 :POST /user/addPay - 2ms
2020-2-23 3:37:23 :OPTIONS /user/getAddress - 0ms
2020-2-23 3:37:23 :POST /user/getAddress - 3ms
2020-2-23 3:37:23 :OPTIONS /user/upPay - 0ms
2020-2-23 3:37:23 :POST /user/upPay - 2ms
2020-2-23 3:37:23 :OPTIONS /user/getPay - 1ms
2020-2-23 3:37:23 :POST /user/getPay - 4ms
2020-2-23 3:37:23 :POST /user/getPay - 6ms
2020-2-23 3:37:23 :POST /user/getPay - 7ms
2020-2-23 3:37:23 :POST /user/getPay - 40ms
2020-2-23 3:37:23 :OPTIONS /user/getPay - 0ms
2020-2-23 3:37:23 :POST /user/getPay - 9ms
2020-2-23 3:37:23 :POST /user/getPay - 4ms
2020-2-23 3:37:23 :POST /user/getPay - 6ms
2020-2-23 3:37:23 :OPTIONS /user/getPay - 1ms
2020-2-23 3:37:23 :POST /user/getPay - 4ms
2020-2-23 3:37:23 :OPTIONS /user/login - 0ms
2020-2-23 3:37:23 :POST /user/login - 3ms
2020-2-23 3:37:23 :OPTIONS /user/upUser - 0ms
2020-2-23 3:37:23 :POST /user/upUser - 4ms
2020-2-23 3:37:23 :POST /user/upUser - 2ms
2020-2-23 3:37:23 :OPTIONS /user/getGoods - 0ms
2020-2-23 3:37:23 :POST /user/getGoods - 10ms
2020-2-23 3:37:23 :OPTIONS /user/delGoods - 0ms
2020-2-23 3:37:23 :POST /user/delGoods - 1ms
2020-2-23 3:37:23 :GET /file/getImg?imagePath=15822998085404.jpg - 404
2020-2-23 3:37:23 :OPTIONS /user/getSort - 0ms
2020-2-23 3:37:23 :GET /file/getImg?imagePath=15822998567773.jpg - 404
2020-2-23 3:37:23 :POST /user/getSort - 5ms
2020-2-23 3:37:23 :GET /file/getImg?imagePath=15822994790301.jpg - 404
2020-2-23 3:37:23 :OPTIONS /user/delGoods - 0ms
2020-2-23 3:37:23 :POST /user/delGoods - 1ms
2020-2-23 3:37:23 :OPTIONS /user/addGoods - 0ms
2020-2-23 3:37:23 :POST /user/addGoods - 3ms
2020-2-23 3:37:23 :OPTIONS /user/delGoods - 0ms
2020-2-23 3:37:23 :POST /user/delGoods - 2ms
2020-2-23 3:37:23 :OPTIONS /user/addGoods - 0ms
2020-2-23 3:37:23 :POST /user/addGoods - 1ms
2020-2-23 3:37:23 :OPTIONS /user/getGoods - 0ms
2020-2-23 3:37:23 :POST /user/getGoods - 4ms
2020-2-23 3:37:23 :OPTIONS /user/getSort - 0ms
2020-2-23 3:37:23 :POST /user/getGoods - 21ms
2020-2-23 3:37:23 :POST /user/getSort - 4ms
2020-2-23 3:37:23 :POST /user/getGoods - 4ms
2020-2-23 3:37:23 :POST /user/getGoods - 29ms
2020-2-23 3:37:23 :POST /user/getSort - 9ms
2020-2-23 3:37:23 :OPTIONS /user/getPay - 0ms
2020-2-23 3:37:23 :POST /user/getPay - 3ms
2020-2-23 3:37:23 :OPTIONS /user/upPay - 0ms
2020-2-23 3:37:23 :POST /user/upPay - 1ms
2020-2-23 3:37:23 :OPTIONS /user/getGoods - 0ms
2020-2-23 3:37:23 :POST /user/getGoods - 3ms
2020-2-23 3:37:23 :OPTIONS /user/upGoods - 0ms
2020-2-23 3:37:23 :POST /user/upGoods - 1ms
2020-2-23 3:37:23 :OPTIONS /user/getPay - 0ms
2020-2-23 3:37:23 :POST /user/getPay - 4ms
2020-2-23 3:37:23 :POST /user/getPay - 4ms
2020-2-23 3:37:23 :POST /user/getPay - 3ms
2020-2-23 3:37:23 :OPTIONS /user/upPay - 0ms
2020-2-23 3:37:23 :POST /user/upPay - 1ms
2020-2-23 3:37:23 :OPTIONS /user/getPay - 0ms
2020-2-23 3:37:23 :POST /user/getPay - 7ms
2020-2-23 3:37:23 :OPTIONS /user/getComment - 0ms
2020-2-23 3:37:23 :POST /user/getComment - 4ms
2020-2-23 3:37:23 :OPTIONS /user/getGoods - 0ms
2020-2-23 3:37:23 :POST /user/getGoods - 4ms
2020-2-23 3:37:23 :OPTIONS /user/selectShare - 0ms
2020-2-23 3:37:23 :POST /user/selectShare - 5ms
2020-2-23 3:37:23 :OPTIONS /user/getAddress - 0ms
2020-2-23 3:37:23 :POST /user/getAddress - 5ms
2020-2-23 3:37:23 :OPTIONS /user/addAddress - 0ms
2020-2-23 3:37:23 :POST /user/addAddress - 2ms
2020-2-23 3:37:23 :OPTIONS /user/getAddress - 0ms
2020-2-23 3:37:23 :POST /user/getAddress - 3ms
2020-2-23 3:37:23 :OPTIONS /user/upAddress - 1ms
2020-2-23 3:37:23 :POST /user/upAddress - 1ms
2020-2-23 3:37:23 :POST /user/getAddress - 4ms
2020-2-23 3:37:23 :OPTIONS /user/getGoods - 0ms
2020-2-23 3:37:23 :POST /user/getGoods - 10ms
2020-2-23 3:37:23 :OPTIONS /user/selectShare - 0ms
2020-2-23 3:37:23 :POST /user/selectShare - 4ms
2020-2-23 3:37:23 :OPTIONS /user/getAddress - 0ms
2020-2-23 3:37:23 :POST /user/getAddress - 3ms
2020-2-23 3:37:23 :POST /user/getAddress - 5ms
2020-2-23 3:37:23 :OPTIONS /user/getGoods - 0ms
2020-2-23 3:37:23 :POST /user/getGoods - 20ms
2020-2-23 3:37:23 :GET /file/getImg?imagePath=15822998085404.jpg - 404
2020-2-23 3:37:23 :GET /file/getImg?imagePath=15822994790301.jpg - 404
2020-2-23 3:37:23 :GET /file/getImg?imagePath=15824013891353.jpg - 404
2020-2-23 3:37:23 :OPTIONS /user/getAddress - 0ms
2020-2-23 3:37:23 :POST /user/getAddress - 4ms
2020-2-23 3:37:23 :POST /user/getAddress - 3ms
2020-2-23 3:37:23 :OPTIONS /user/getAddress - 1ms
2020-2-23 3:37:23 :POST /user/getAddress - 3ms
2020-2-23 3:37:23 :OPTIONS /user/addAddress - 0ms
2020-2-23 3:37:23 :POST /user/addAddress - 1ms
2020-2-23 3:37:23 :OPTIONS /user/getAddress - 0ms
2020-2-23 3:37:23 :POST /user/getAddress - 4ms
2020-2-23 4:32:4 :OPTIONS /user/getAddress - 8ms
2020-2-23 4:32:4 :POST /user/getAddress - 70ms
2020-2-23 4:32:4 :OPTIONS /user/upAddress - 0ms
2020-2-23 4:32:4 :POST /user/upAddress - 6ms
2020-2-23 4:32:4 :OPTIONS /user/getAddress - 1ms
2020-2-23 4:32:4 :POST /user/getAddress - 6ms
2020-2-23 4:32:4 :OPTIONS /user/upAddress - 1ms
2020-2-23 4:32:4 :POST /user/upAddress - 1ms
2020-2-23 4:32:4 :OPTIONS /user/getAddress - 1ms
2020-2-23 4:32:4 :POST /user/getAddress - 6ms
2020-2-23 4:32:4 :OPTIONS /user/getAddress - 0ms
2020-2-23 4:32:4 :POST /user/getAddress - 15ms
2020-2-23 4:32:4 :OPTIONS /user/getAddress - 0ms
2020-2-23 4:32:4 :POST /user/getAddress - 4ms
2020-2-23 20:23:30 :OPTIONS /user/getGoods - 8ms
2020-2-23 20:23:30 :POST /user/getGoods - 75ms
2020-2-23 20:23:30 :GET /file/getImg?imagePath=15822998085404.jpg - 404
2020-2-23 20:23:30 :GET /file/getImg?imagePath=15822994790301.jpg - 404
2020-2-23 20:23:30 :GET /file/getImg?imagePath=15822998567773.jpg - 404
2020-2-23 20:23:30 :OPTIONS /user/login - 1ms
2020-2-23 20:23:30 :POST /user/login - 31ms
2020-2-23 20:23:30 :OPTIONS /user/login - 0ms
2020-2-23 20:23:30 :POST /user/login - 3ms
2020-2-23 20:23:30 :OPTIONS /user/login - 0ms
2020-2-23 20:23:30 :POST /user/login - 3ms
2020-2-23 20:23:30 :OPTIONS /user/login - 0ms
2020-2-23 20:23:30 :POST /user/login - 3ms
2020-2-23 20:23:30 :OPTIONS /user/getShare - 1ms
2020-2-23 20:23:30 :POST /user/getShare - 5ms
2020-2-23 20:23:30 :GET /file/getImg?imagePath=15822998085404.jpg - 404
2020-2-23 20:23:30 :GET /file/getImg?imagePath=15822992922012.jpg - 404
2020-2-23 20:23:30 :GET /file/getImg?imagePath=15824013891353.jpg - 404
2020-2-23 20:23:30 :OPTIONS /user/upUser - 0ms
2020-2-23 20:23:30 :POST /user/upUser - 6ms
2020-2-23 20:23:30 :POST /user/upUser - 1ms
2020-2-23 20:33:30 :OPTIONS /user/upUser - 8ms
2020-2-23 20:33:30 :POST /user/upUser - 15ms
2020-2-23 20:33:30 :POST /user/upUser - 2ms
2020-2-23 20:33:30 :POST /user/upUser - 1ms
2020-2-23 20:33:30 :POST /user/upUser - 2ms
2020-2-23 20:33:30 :GET /file/getImg?imagePath=15824013891353.jpg - 404
2020-2-23 20:33:30 :OPTIONS /user/login - 1ms
2020-2-23 20:33:30 :POST /user/login - 9ms
2020-2-23 20:33:30 :GET /file/getImg?imagePath=15824013891353.jpg - 404
2020-2-23 20:33:30 :OPTIONS /user/upUser - 0ms
2020-2-23 20:33:30 :POST /user/upUser - 1ms
2020-2-23 20:33:30 :OPTIONS /user/getGoods - 0ms
2020-2-23 20:33:30 :POST /user/getGoods - 5ms
2020-2-23 20:33:30 :GET /file/getImg?imagePath=15822998085404.jpg - 404
2020-2-23 20:33:30 :GET /file/getImg?imagePath=15822994790301.jpg - 404
2020-2-23 20:33:30 :GET /file/getImg?imagePath=15824013891353.jpg - 404
2020-2-23 20:33:30 :GET /file/getImg?imagePath=15824013891353.jpg - 404
2020-2-23 20:33:30 :OPTIONS /user/login - 1ms
2020-2-23 20:33:30 :POST /user/login - 4ms
2020-2-23 20:33:30 :OPTIONS /user/upUser - 0ms
2020-2-23 20:33:30 :POST /user/upUser - 1ms
2020-2-23 20:33:30 :POST /user/upUser - 1ms
2020-2-23 20:33:30 :POST /user/upUser - 1ms
2020-2-23 20:33:30 :OPTIONS /user/upUser - 1ms
2020-2-23 20:33:30 :POST /user/upUser - 1ms
2020-2-23 20:33:30 :OPTIONS /user/getGoods - 0ms
2020-2-23 20:33:30 :POST /user/getGoods - 5ms
2020-2-23 20:33:30 :GET /file/getImg?imagePath=15822998085404.jpg - 404
2020-2-23 20:33:30 :GET /file/getImg?imagePath=15822994790301.jpg - 404
2020-2-23 20:33:30 :OPTIONS /user/selectShare - 0ms
2020-2-23 20:33:30 :POST /user/selectShare - 46ms
2020-2-23 20:33:30 :GET /file/getImg?imagePath=15822992922012.jpg - 404
2020-2-23 20:33:30 :OPTIONS /user/getGoods - 0ms
2020-2-23 20:33:30 :POST /user/getGoods - 4ms
2020-2-23 20:33:30 :OPTIONS /user/selectShare - 1ms
2020-2-23 20:33:30 :POST /user/selectShare - 4ms
2020-2-23 20:33:30 :POST /user/selectShare - 4ms
2020-2-23 20:33:30 :POST /user/getGoods - 5ms
2020-2-23 20:33:30 :POST /user/selectShare - 5ms
2020-2-23 20:33:30 :OPTIONS /user/selectShare - 0ms
2020-2-23 20:33:30 :POST /user/selectShare - 3ms
2020-2-23 20:33:30 :POST /user/selectShare - 4ms
2020-2-23 20:33:30 :OPTIONS /user/getGoods - 0ms
2020-2-23 20:33:30 :POST /user/getGoods - 6ms
2020-2-23 20:33:30 :GET /file/getImg?imagePath=15822998567773.jpg - 404
2020-2-23 20:33:30 :OPTIONS /user/getComment - 0ms
2020-2-23 20:33:30 :POST /user/getComment - 5ms
2020-2-23 20:33:30 :GET /file/getImg?imagePath=1582296373499logo.jpg - 404
2020-2-23 20:33:30 :OPTIONS /user/getGoods - 0ms
2020-2-23 20:33:30 :POST /user/getGoods - 3ms
2020-2-23 20:33:30 :OPTIONS /user/addPay - 0ms
2020-2-23 20:33:30 :POST /user/addPay - 7ms
2020-2-23 20:33:30 :OPTIONS /user/getAddress - 0ms
2020-2-23 20:33:30 :POST /user/getAddress - 3ms
2020-2-23 20:33:30 :OPTIONS /user/getGoods - 1ms
2020-2-23 20:33:30 :POST /user/getGoods - 4ms
2020-2-23 20:33:30 :OPTIONS /user/getAddress - 0ms
2020-2-23 20:33:30 :POST /user/getAddress - 6ms
2020-2-23 20:33:30 :OPTIONS /user/getGoods - 1ms
2020-2-23 20:33:30 :POST /user/getGoods - 4ms
2020-2-23 20:33:30 :OPTIONS /user/selectShare - 0ms
2020-2-23 20:33:30 :POST /user/selectShare - 5ms
2020-2-23 20:33:30 :OPTIONS /user/getGoods - 1ms
2020-2-23 20:33:30 :POST /user/getGoods - 3ms
2020-2-23 20:33:30 :OPTIONS /user/getGoods - 0ms
2020-2-23 20:33:30 :POST /user/getGoods - 3ms
2020-2-23 20:33:30 :OPTIONS /user/getGoods - 0ms
2020-2-23 20:33:30 :POST /user/getGoods - 3ms
2020-2-23 20:33:30 :GET /file/getImg?imagePath=15822998085404.jpg - 404
2020-2-23 20:33:30 :GET /file/getImg?imagePath=15822994790301.jpg - 404
2020-2-23 20:33:30 :GET /file/getImg?imagePath=15822998567773.jpg - 404
2020-2-23 20:33:30 :OPTIONS /user/getGoods - 1ms
2020-2-23 20:33:30 :POST /user/getGoods - 3ms
2020-2-23 20:33:30 :OPTIONS /user/addPay - 0ms
2020-2-23 20:33:30 :POST /user/addPay - 3ms
2020-2-23 20:33:30 :OPTIONS /user/getAddress - 0ms
2020-2-23 20:33:30 :POST /user/getAddress - 4ms
2020-2-23 20:33:30 :OPTIONS /user/getGoods - 0ms
2020-2-23 20:33:30 :POST /user/getGoods - 4ms
2020-2-23 20:33:30 :GET /file/getImg?imagePath=15824013891353.jpg - 404
2020-2-23 20:33:30 :OPTIONS /user/getAddress - 1ms
2020-2-23 20:33:30 :POST /user/getAddress - 5ms
2020-2-23 20:33:30 :OPTIONS /user/upAddress - 0ms
2020-2-23 20:33:30 :POST /user/upAddress - 3ms
2020-2-23 20:33:30 :POST /user/getAddress - 3ms
2020-2-23 20:33:30 :GET /file/getImg?imagePath=15824013891353.jpg - 404
2020-2-23 20:33:30 :OPTIONS /user/getGoods - 0ms
2020-2-23 20:33:30 :POST /user/getGoods - 20ms
2020-2-23 20:33:30 :OPTIONS /user/getPay - 1ms
2020-2-23 20:33:30 :POST /user/getPay - 6ms
2020-2-23 20:33:30 :OPTIONS /user/getShare - 1ms
2020-2-23 20:33:30 :POST /user/getShare - 4ms
2020-2-23 20:33:30 :GET /file/getImg?imagePath=15822992922012.jpg - 404
2020-2-23 20:33:30 :OPTIONS /user/getShare - 0ms
2020-2-23 20:33:30 :POST /user/getShare - 5ms
2020-2-23 20:33:30 :OPTIONS /user/getShare - 0ms
2020-2-23 20:33:30 :POST /user/getShare - 5ms
2020-2-23 20:33:30 :OPTIONS /user/getShare - 0ms
2020-2-23 20:33:30 :POST /user/getShare - 4ms
2020-2-23 20:33:30 :OPTIONS /user/getGoods - 0ms
2020-2-23 20:33:30 :POST /user/getGoods - 3ms
2020-2-23 20:33:30 :GET /file/getImg?imagePath=15824013891353.jpg - 404
2020-2-23 20:33:30 :OPTIONS /user/getGoods - 0ms
2020-2-23 20:33:30 :POST /user/getGoods - 3ms
2020-2-23 20:33:30 :GET /file/getImg?imagePath=15822998085404.jpg - 404
2020-2-23 20:33:30 :GET /file/getImg?imagePath=15822994790301.jpg - 404
2020-2-23 20:33:30 :GET /file/getImg?imagePath=15824013891353.jpg - 404
2020-2-23 20:33:30 :OPTIONS /user/login - 0ms
2020-2-23 20:33:30 :POST /user/login - 2ms
2020-2-23 20:33:30 :OPTIONS /user/getAddress - 1ms
2020-2-23 20:33:30 :POST /user/getAddress - 4ms
2020-2-23 20:33:30 :OPTIONS /user/getGoods - 0ms
2020-2-23 20:33:30 :POST /user/getGoods - 3ms
2020-2-23 20:33:30 :GET /file/getImg?imagePath=15822998085404.jpg - 404
2020-2-23 20:33:30 :GET /file/getImg?imagePath=15822994790301.jpg - 404
2020-2-23 20:33:30 :OPTIONS /user/getGoods - 0ms
2020-2-23 20:33:30 :POST /user/getGoods - 5ms
2020-2-23 20:33:30 :GET /file/getImg?imagePath=15822998085404.jpg - 404
2020-2-23 20:33:30 :GET /file/getImg?imagePath=15822994790301.jpg - 404
2020-2-23 20:33:30 :OPTIONS /user/getGoods - 0ms
2020-2-23 20:33:30 :POST /user/getGoods - 42ms
2020-2-23 20:33:30 :GET /file/getImg?imagePath=15822998085404.jpg - 404
2020-2-23 20:33:30 :GET /file/getImg?imagePath=15822994790301.jpg - 404
2020-2-23 20:33:30 :GET /file/getImg?imagePath=15824013891353.jpg - 404
2020-2-23 22:30:13 :OPTIONS /user/getGoods - 10ms
2020-2-23 22:30:13 :POST /user/getGoods - 40ms
2020-2-23 22:30:13 :GET /file/getImg?imagePath=15822998085404.jpg - 404
2020-2-23 22:30:13 :GET /file/getImg?imagePath=15822994790301.jpg - 404
2020-2-23 22:30:13 :OPTIONS /user/selectShare - 0ms
2020-2-23 22:30:13 :POST /user/selectShare - 10ms
2020-2-23 22:30:13 :GET /file/getImg?imagePath=15822998085404.jpg - 404
2020-2-23 22:30:13 :GET /file/getImg?imagePath=15822992922012.jpg - 404
2020-2-23 22:30:13 :POST /user/selectShare - 6ms
2020-2-23 22:30:13 :OPTIONS /user/getGoods - 0ms
2020-2-23 22:30:13 :POST /user/getGoods - 9ms
2020-2-23 22:30:13 :GET /file/getImg?imagePath=15822994790301.jpg - 404
2020-2-23 22:30:13 :POST /user/selectShare - 10ms
2020-2-23 22:30:13 :OPTIONS /user/selectShare - 1ms
2020-2-23 22:30:13 :POST /user/selectShare - 6ms
2020-2-23 22:30:13 :GET /file/getImg?imagePath=15822998085404.jpg - 404
2020-2-23 22:30:13 :GET /file/getImg?imagePath=15822992922012.jpg - 404
2020-2-23 22:30:13 :POST /user/selectShare - 4ms
2020-2-23 22:30:13 :GET /file/getImg?imagePath=15822998085404.jpg - 404
2020-2-23 22:30:13 :GET /file/getImg?imagePath=15822992922012.jpg - 404
2020-2-23 22:30:13 :OPTIONS /user/selectShare - 0ms
2020-2-23 22:30:13 :POST /user/selectShare - 5ms
2020-2-23 22:30:13 :OPTIONS /user/selectShare - 0ms
2020-2-23 22:30:13 :POST /user/selectShare - 5ms
2020-2-23 22:30:13 :GET /file/getImg?imagePath=15822998085404.jpg - 404
2020-2-23 22:30:13 :GET /file/getImg?imagePath=15824013891353.jpg - 404
2020-2-23 22:30:13 :GET /file/getImg?imagePath=15822992922012.jpg - 404
2020-2-23 22:30:13 :GET /file/getImg?imagePath=15824020729423.jpg - 404
2020-2-23 22:30:13 :OPTIONS /user/getGoods - 0ms
2020-2-23 22:30:13 :POST /user/getGoods - 5ms
2020-2-23 22:30:13 :GET /file/getImg?imagePath=15822994790301.jpg - 404
2020-2-23 22:30:13 :OPTIONS /user/selectShare - 0ms
2020-2-23 22:30:13 :POST /user/selectShare - 6ms
2020-2-23 22:30:13 :OPTIONS /user/selectShare - 0ms
2020-2-23 22:30:13 :POST /user/selectShare - 5ms
2020-2-23 22:30:13 :OPTIONS /user/getGoods - 1ms
2020-2-23 22:30:13 :POST /user/getGoods - 24ms
2020-2-23 22:30:13 :GET /file/getImg?imagePath=15822998085404.jpg - 404
2020-2-23 22:30:13 :GET /file/getImg?imagePath=15822994790301.jpg - 404
2020-2-23 22:30:13 :OPTIONS /user/getGoods - 3ms
2020-2-23 22:30:13 :POST /user/getGoods - 35ms
2020-2-23 22:30:13 :OPTIONS /user/getGoods - 0ms
2020-2-23 22:30:13 :POST /user/getGoods - 5ms
2020-2-23 22:30:13 :OPTIONS /user/getGoods - 1ms
2020-2-23 22:30:13 :POST /user/getGoods - 6ms
2020-2-23 22:30:13 :OPTIONS /user/login - 0ms
2020-2-23 22:30:13 :POST /user/login - 5ms
2020-2-23 22:30:13 :GET /file/getImg?imagePath=15824013891353.jpg - 404
2020-2-23 22:30:13 :OPTIONS /user/selectShare - 1ms
2020-2-23 22:30:13 :POST /user/selectShare - 10ms
2020-2-23 22:30:13 :GET /file/getImg?imagePath=15822998085404.jpg - 404
2020-2-23 22:30:13 :GET /file/getImg?imagePath=15822992922012.jpg - 404
2020-2-23 22:30:13 :GET /file/getImg?imagePath=15824020729423.jpg - 404
2020-2-23 22:30:13 :OPTIONS /user/getGoods - 0ms
2020-2-23 22:30:13 :POST /user/getGoods - 6ms
2020-2-23 22:30:13 :GET /file/getImg?imagePath=15822994790301.jpg - 404
2020-2-23 22:30:13 :POST /user/selectShare - 9ms
2020-2-23 22:30:13 :OPTIONS /user/getGoods - 0ms
2020-2-23 22:30:13 :POST /user/getGoods - 3ms
2020-2-23 22:30:13 :GET /file/getImg?imagePath=15822994790301.jpg - 404
2020-2-23 22:30:13 :GET /file/getImg?imagePath=15822998085404.jpg - 404
2020-2-23 22:30:13 :OPTIONS /user/selectShare - 0ms
2020-2-23 22:30:13 :POST /user/selectShare - 5ms
2020-2-23 22:30:13 :GET /file/getImg?imagePath=15822992922012.jpg - 404
2020-2-23 22:30:13 :GET /file/getImg?imagePath=15824020729423.jpg - 404
2020-2-23 22:30:13 :OPTIONS /user/getGoods - 0ms
2020-2-23 22:30:13 :POST /user/getGoods - 4ms
2020-2-23 22:30:13 :OPTIONS /user/getGoods - 0ms
2020-2-23 22:30:13 :POST /user/getGoods - 5ms
2020-2-23 22:30:13 :OPTIONS /user/getGoods - 0ms
2020-2-23 22:30:13 :POST /user/getGoods - 5ms
2020-2-23 22:30:13 :OPTIONS /user/addUser - 0ms
2020-2-23 22:30:13 :POST /user/addUser - 13ms
2020-2-23 22:30:13 :POST /user/addUser - 7ms
2020-2-23 22:30:13 :POST /user/addUser - 5ms
2020-2-23 22:30:13 :POST /user/addUser - 5ms