
2020-2-24 15:43:2 :OPTIONS /user/getGoods - 10ms
2020-2-24 15:43:2 :POST /user/getGoods - 47ms
2020-2-24 15:43:2 :GET /file/getImg?imagePath=15822998085404.jpg - 404
2020-2-24 15:43:2 :GET /file/getImg?imagePath=15822994790301.jpg - 404
2020-2-24 15:43:2 :OPTIONS /user/selectShare - 0ms
2020-2-24 15:43:2 :POST /user/selectShare - 17ms
2020-2-24 15:43:2 :GET /file/getImg?imagePath=15822998085404.jpg - 404
2020-2-24 15:43:2 :GET /file/getImg?imagePath=15824013891353.jpg - 404
2020-2-24 15:43:1 :GET /file/getImg?imagePath=15824020729423.jpg - 404
2020-2-24 15:43:1 :GET /file/getImg?imagePath=15822992922012.jpg - 404
2020-2-24 15:43:1 :OPTIONS /user/selectShare - 1ms
2020-2-24 15:43:1 :POST /user/selectShare - 20ms
2020-2-24 15:43:1 :OPTIONS /user/login - 0ms
2020-2-24 15:43:1 :POST /user/login - 8ms
2020-2-24 15:43:1 :GET /file/getImg?imagePath=15824013891353.jpg - 404
2020-2-24 15:43:1 :OPTIONS /user/getComment - 0ms
2020-2-24 15:43:1 :POST /user/getComment - 4ms
2020-2-24 15:43:1 :OPTIONS /user/getComment - 1ms
2020-2-24 15:43:1 :POST /user/getComment - 5ms
2020-2-24 15:43:1 :OPTIONS /user/getComment - 0ms
2020-2-24 15:43:1 :POST /user/getComment - 4ms
2020-2-24 15:43:1 :GET /file/getImg?imagePath=1582296373499logo.jpg - 404
2020-2-24 15:43:1 :OPTIONS /user/getComment - 0ms
2020-2-24 15:43:1 :POST /user/getComment - 4ms
2020-2-24 15:43:1 :OPTIONS /user/getGoods - 1ms
2020-2-24 15:43:1 :POST /user/getGoods - 4ms
2020-2-24 15:43:1 :GET /file/getImg?imagePath=15822998085404.jpg - 404
2020-2-24 15:43:1 :GET /file/getImg?imagePath=15822994790301.jpg - 404
2020-2-24 15:43:1 :GET /file/getImg?imagePath=15822998567773.jpg - 404
2020-2-24 15:43:1 :OPTIONS /user/getComment - 0ms
2020-2-24 15:43:1 :POST /user/getComment - 5ms
2020-2-24 15:43:1 :OPTIONS /user/getGoods - 0ms
2020-2-24 15:43:1 :POST /user/getGoods - 4ms
2020-2-24 15:43:1 :OPTIONS /user/getComment - 0ms
2020-2-24 15:43:1 :POST /user/getComment - 7ms
2020-2-24 15:43:1 :OPTIONS /user/getGoods - 0ms
2020-2-24 15:43:1 :POST /user/getGoods - 4ms
2020-2-24 15:43:1 :OPTIONS /user/getGoods - 0ms
2020-2-24 15:43:1 :POST /user/getGoods - 6ms
2020-2-24 15:43:1 :OPTIONS /user/getComment - 0ms
2020-2-24 15:43:1 :POST /user/getComment - 7ms
2020-2-24 15:43:1 :OPTIONS /user/addComment - 1ms
2020-2-24 15:43:1 :POST /user/addComment - 7ms
2020-2-24 15:43:1 :OPTIONS /user/getGoods - 0ms
2020-2-24 15:43:1 :POST /user/getGoods - 4ms
2020-2-24 15:43:1 :OPTIONS /user/getComment - 0ms
2020-2-24 15:43:1 :POST /user/getComment - 4ms
2020-2-24 15:43:1 :OPTIONS /user/getGoods - 0ms
2020-2-24 15:43:1 :POST /user/getGoods - 4ms
2020-2-24 15:43:1 :OPTIONS /user/getComment - 0ms
2020-2-24 15:43:1 :POST /user/getComment - 11ms
2020-2-24 15:43:1 :POST /user/getGoods - 4ms
2020-2-24 15:43:1 :OPTIONS /user/getGoods - 0ms
2020-2-24 15:43:1 :POST /user/getGoods - 4ms
2020-2-24 15:43:1 :OPTIONS /user/getShare - 1ms
2020-2-24 15:43:1 :POST /user/getShare - 5ms
2020-2-24 15:43:1 :GET /file/getImg?imagePath=15822992922012.jpg - 404
2020-2-24 15:43:1 :OPTIONS /user/getGoods - 0ms
2020-2-24 15:43:1 :POST /user/getGoods - 4ms
2020-2-24 15:43:1 :OPTIONS /user/getAddress - 0ms
2020-2-24 15:43:1 :POST /user/getAddress - 4ms
2020-2-24 15:43:1 :POST /user/getGoods - 5ms
2020-2-24 15:43:1 :OPTIONS /user/getPay - 0ms
2020-2-24 15:43:1 :POST /user/getPay - 4ms
2020-2-24 15:43:1 :OPTIONS /user/getGoods - 0ms
2020-2-24 15:43:1 :POST /user/getGoods - 4ms
2020-2-24 15:43:1 :OPTIONS /user/getPay - 0ms
2020-2-24 15:43:1 :POST /user/getPay - 4ms
2020-2-24 15:43:1 :OPTIONS /user/getShare - 0ms
2020-2-24 15:43:1 :POST /user/getShare - 7ms
2020-2-24 15:43:1 :OPTIONS /user/getShare - 1ms
2020-2-24 15:43:1 :POST /user/getShare - 6ms
2020-2-24 15:43:1 :OPTIONS /user/getComment - 0ms
2020-2-24 15:43:1 :POST /user/getComment - 4ms
2020-2-24 15:43:1 :GET /file/getImg?imagePath=15824013891353.jpg - 404
2020-2-24 15:43:1 :OPTIONS /user/getComment - 1ms
2020-2-24 15:43:1 :POST /user/getComment - 4ms
2020-2-24 15:43:1 :OPTIONS /user/getComment - 0ms
2020-2-24 15:43:1 :POST /user/getComment - 6ms
2020-2-24 15:43:1 :OPTIONS /user/getGoods - 0ms
2020-2-24 15:43:1 :POST /user/getGoods - 4ms
2020-2-24 15:43:1 :OPTIONS /user/getComment - 0ms
2020-2-24 15:43:1 :POST /user/getComment - 4ms
2020-2-24 15:43:1 :OPTIONS /user/getGoods - 0ms
2020-2-24 15:43:1 :POST /user/getGoods - 3ms
2020-2-24 15:43:1 :POST /user/getComment - 19ms
2020-2-24 15:43:1 :POST /user/getGoods - 4ms
2020-2-24 15:43:1 :OPTIONS /user/getComment - 1ms
2020-2-24 15:43:1 :POST /user/getComment - 3ms
2020-2-24 15:43:1 :OPTIONS /user/getGoods - 1ms
2020-2-24 15:43:1 :POST /user/getGoods - 4ms
2020-2-24 15:43:1 :OPTIONS /user/getComment - 0ms
2020-2-24 15:43:1 :POST /user/getComment - 3ms
2020-2-24 15:43:1 :GET /file/getImg?imagePath=15824013891353.jpg - 404
2020-2-24 15:43:1 :OPTIONS /user/getGoods - 0ms
2020-2-24 15:43:1 :POST /user/getGoods - 3ms
2020-2-24 15:43:1 :OPTIONS /user/getComment - 0ms
2020-2-24 15:43:1 :POST /user/getComment - 2ms
2020-2-24 15:43:1 :OPTIONS /user/getGoods - 0ms
2020-2-24 15:43:1 :POST /user/getGoods - 4ms
2020-2-24 15:43:1 :OPTIONS /user/getComment - 1ms
2020-2-24 15:43:1 :POST /user/getComment - 2ms
2020-2-24 15:43:1 :OPTIONS /user/getGoods - 0ms
2020-2-24 15:43:1 :POST /user/getGoods - 4ms
2020-2-24 15:43:1 :OPTIONS /user/getComment - 0ms
2020-2-24 15:43:1 :POST /user/getComment - 5ms
2020-2-24 15:43:1 :OPTIONS /user/getGoods - 0ms
2020-2-24 15:43:1 :POST /user/getGoods - 4ms
2020-2-24 15:43:1 :GET /file/getImg?imagePath=15822998085404.jpg - 404
2020-2-24 15:43:1 :OPTIONS /user/getComment - 1ms
2020-2-24 15:43:1 :POST /user/getComment - 4ms
2020-2-24 15:43:1 :OPTIONS /user/getGoods - 1ms
2020-2-24 15:43:1 :POST /user/getGoods - 4ms
2020-2-24 15:43:1 :OPTIONS /user/getComment - 0ms
2020-2-24 15:43:1 :POST /user/getComment - 4ms
2020-2-24 15:43:1 :OPTIONS /user/getGoods - 0ms
2020-2-24 15:43:1 :POST /user/getGoods - 3ms
2020-2-24 15:43:1 :OPTIONS /user/getComment - 0ms
2020-2-24 15:43:1 :POST /user/getComment - 3ms
2020-2-24 15:43:1 :OPTIONS /user/getGoods - 0ms
2020-2-24 15:43:1 :POST /user/getGoods - 6ms
2020-2-24 15:43:1 :OPTIONS /user/getComment - 0ms
2020-2-24 15:43:1 :POST /user/getComment - 5ms
2020-2-24 15:43:1 :OPTIONS /user/getGoods - 0ms
2020-2-24 15:43:1 :POST /user/getGoods - 3ms
2020-2-24 15:43:1 :GET /file/getImg?imagePath=15822998085404.jpg - 404
2020-2-24 15:43:1 :GET /file/getImg?imagePath=15824013891353.jpg - 404
2020-2-24 15:43:1 :OPTIONS /user/getGoods - 1ms
2020-2-24 15:43:1 :POST /user/getGoods - 3ms
2020-2-24 15:43:1 :GET /file/getImg?imagePath=15822994790301.jpg - 404
2020-2-24 15:43:1 :OPTIONS /user/getShare - 1ms
2020-2-24 15:43:1 :POST /user/getShare - 4ms
2020-2-24 15:43:1 :GET /file/getImg?imagePath=15822992922012.jpg - 404
2020-2-24 15:43:1 :OPTIONS /user/getGoods - 0ms
2020-2-24 15:43:1 :POST /user/getGoods - 3ms
2020-2-24 15:43:1 :OPTIONS /user/getComment - 0ms
2020-2-24 15:43:1 :POST /user/getComment - 4ms
2020-2-24 15:43:1 :POST /user/getGoods - 4ms
2020-2-24 15:43:1 :OPTIONS /user/getComment - 0ms
2020-2-24 15:43:1 :POST /user/getComment - 3ms
2020-2-24 15:43:1 :OPTIONS /user/getGoods - 1ms
2020-2-24 15:43:1 :POST /user/getGoods - 4ms
2020-2-24 15:43:1 :OPTIONS /user/getComment - 0ms
2020-2-24 15:43:1 :POST /user/getComment - 3ms
2020-2-24 15:43:1 :OPTIONS /user/getGoods - 0ms
2020-2-24 15:43:1 :POST /user/getGoods - 3ms
2020-2-24 15:43:1 :OPTIONS /user/getComment - 0ms
2020-2-24 15:43:1 :POST /user/getComment - 4ms
2020-2-24 15:43:1 :OPTIONS /user/getGoods - 1ms
2020-2-24 15:43:1 :POST /user/getGoods - 3ms
2020-2-24 16:12:6 :OPTIONS /user/delComment - 9ms
2020-2-24 16:12:6 :POST /user/delComment - 10ms
2020-2-24 16:12:6 :OPTIONS /user/getComment - 0ms
2020-2-24 16:12:6 :POST /user/getComment - 17ms
2020-2-24 16:12:6 :OPTIONS /user/getGoods - 0ms
2020-2-24 16:12:6 :POST /user/getGoods - 5ms
2020-2-24 16:12:6 :GET /file/getImg?imagePath=15822998085404.jpg - 404
2020-2-24 16:12:5 :GET /file/getImg?imagePath=15822994790301.jpg - 404
2020-2-24 16:12:5 :GET /file/getImg?imagePath=15824013891353.jpg - 404
2020-2-24 16:12:6 :POST /user/getComment - 10ms
2020-2-24 16:12:6 :POST /user/getGoods - 5ms
2020-2-24 16:12:5 :OPTIONS /user/getShare - 1ms
2020-2-24 16:12:5 :POST /user/getShare - 28ms
2020-2-24 16:12:5 :GET /file/getImg?imagePath=15822998085404.jpg - 404
2020-2-24 16:12:6 :GET /file/getImg?imagePath=15822992922012.jpg - 404
2020-2-24 16:12:6 :OPTIONS /user/getShare - 1ms
2020-2-24 16:12:6 :POST /user/getShare - 11ms
2020-2-24 16:12:6 :OPTIONS /user/getShare - 0ms
2020-2-24 16:12:6 :POST /user/getShare - 5ms
2020-2-24 16:12:6 :POST /user/getShare - 5ms
2020-2-24 16:12:6 :OPTIONS /user/getShare - 0ms
2020-2-24 16:12:6 :POST /user/getShare - 28ms
2020-2-24 16:12:5 :GET /file/getImg?imagePath=15822992922012.jpg - 404
2020-2-24 16:12:6 :GET /file/getImg?imagePath=15824013891353.jpg - 404
2020-2-24 16:12:6 :GET /file/getImg?imagePath=15822998085404.jpg - 404
2020-2-24 17:36:56 :OPTIONS /user/getShare - 8ms
2020-2-24 17:36:56 :POST /user/getShare - 32ms
2020-2-24 17:36:56 :OPTIONS /user/addShare - 0ms
2020-2-24 17:36:56 :POST /user/addShare - 8ms
2020-2-24 17:36:56 :OPTIONS /user/getShare - 1ms
2020-2-24 17:36:56 :POST /user/getShare - 6ms
2020-2-24 17:36:56 :OPTIONS /user/getGoods - 1ms
2020-2-24 17:36:56 :POST /user/getGoods - 40ms
2020-2-24 17:36:56 :GET /file/getImg?imagePath=15824013891353.jpg - 404
2020-2-24 17:36:56 :GET /file/getImg?imagePath=15822998085404.jpg - 404
2020-2-24 17:36:56 :POST /user/getGoods - 4ms
2020-2-24 17:36:56 :OPTIONS /user/getShare - 1ms
2020-2-24 17:36:56 :POST /user/getShare - 5ms
2020-2-24 17:36:56 :OPTIONS /user/addShare - 1ms
2020-2-24 17:36:56 :POST /user/addShare - 2ms
2020-2-24 17:36:56 :OPTIONS /user/getShare - 0ms
2020-2-24 17:36:56 :POST /user/getShare - 4ms
2020-2-24 17:36:56 :OPTIONS /user/getShare - 1ms
2020-2-24 17:36:56 :POST /user/getShare - 7ms
2020-2-24 17:36:56 :OPTIONS /user/getShare - 1ms
2020-2-24 17:36:56 :POST /user/getShare - 4ms
2020-2-24 17:36:56 :GET /file/getImg?imagePath=15824013891353.jpg - 404
2020-2-24 17:36:56 :OPTIONS /user/delShare - 0ms
2020-2-24 17:36:56 :POST /user/delShare - 3ms
2020-2-24 17:36:56 :OPTIONS /file/upFile - 0ms
2020-2-24 17:36:56 :POST /file/upFile - 41ms
2020-2-24 17:36:56 :OPTIONS /user/addShare - 0ms
2020-2-24 17:36:56 :POST /user/addShare - 2ms
2020-2-24 17:36:56 :OPTIONS /user/getShare - 0ms
2020-2-24 17:36:56 :POST /user/getShare - 8ms
2020-2-24 17:36:56 :GET /file/getImg?imagePath=15825388568673.jpg - 404
2020-2-24 17:36:56 :OPTIONS /user/addShare - 0ms
2020-2-24 17:36:56 :POST /user/addShare - 2ms
2020-2-24 17:36:56 :OPTIONS /user/getShare - 0ms
2020-2-24 17:36:56 :POST /user/getShare - 5ms
2020-2-24 17:36:56 :OPTIONS /user/getGoods - 0ms
2020-2-24 17:36:56 :POST /user/getGoods - 5ms
2020-2-24 17:36:56 :OPTIONS /user/getShare - 0ms
2020-2-24 17:36:56 :POST /user/getShare - 4ms
2020-2-24 17:36:56 :OPTIONS /file/upFile - 0ms
2020-2-24 17:36:56 :POST /file/upFile - 42ms
2020-2-24 17:36:56 :OPTIONS /user/addShare - 1ms
2020-2-24 17:36:56 :POST /user/addShare - 2ms
2020-2-24 17:36:56 :OPTIONS /user/getShare - 0ms
2020-2-24 17:36:56 :POST /user/getShare - 5ms
2020-2-24 17:36:56 :GET /file/getImg?imagePath=1582539139929notFound.jpg - 404
2020-2-24 17:36:56 :OPTIONS /user/getGoods - 0ms
2020-2-24 17:36:56 :POST /user/getGoods - 6ms
2020-2-24 17:36:56 :OPTIONS /user/getShare - 0ms
2020-2-24 17:36:56 :POST /user/getShare - 5ms
2020-2-24 17:36:56 :OPTIONS /user/getShare - 0ms
2020-2-24 17:36:56 :POST /user/getShare - 7ms
2020-2-24 17:36:56 :OPTIONS /user/getShare - 0ms
2020-2-24 17:36:56 :POST /user/getShare - 3ms
2020-2-24 17:36:56 :OPTIONS /user/getShareComment - 0ms
2020-2-24 17:36:56 :POST /user/getShareComment - 8ms
2020-2-24 17:36:56 :OPTIONS /user/getShareComment - 0ms
2020-2-24 17:36:56 :POST /user/getShareComment - 4ms
2020-2-24 17:36:56 :GET /file/getImg?imagePath=15825388568673.jpg - 404
2020-2-24 17:36:56 :GET /file/getImg?imagePath=15824013891353.jpg - 404
2020-2-24 17:36:56 :OPTIONS /user/getShareComment - 0ms
2020-2-24 17:36:56 :POST /user/getShareComment - 4ms
2020-2-24 17:36:56 :OPTIONS /user/getShare - 0ms
2020-2-24 17:36:56 :POST /user/getShare - 19ms
2020-2-24 17:36:56 :GET /file/getImg?imagePath=1582539139929notFound.jpg - 404
2020-2-24 17:36:56 :GET /user/getShare - 0ms
2020-2-24 17:36:56 :GET /favicon.ico - 0ms
2020-2-24 17:36:56 :OPTIONS /user/getShareComment - 0ms
2020-2-24 17:36:56 :POST /user/getShareComment - 4ms
2020-2-24 17:36:56 :OPTIONS /user/getShareComment - 0ms
2020-2-24 17:36:56 :POST /user/getShareComment - 3ms
2020-2-24 17:36:56 :OPTIONS /user/addShareComment - 1ms
2020-2-24 17:36:56 :POST /user/addShareComment - 2ms
2020-2-24 17:36:56 :OPTIONS /user/getShare - 0ms
2020-2-24 17:36:56 :POST /user/getShare - 4ms
2020-2-24 17:36:56 :OPTIONS /user/getShareComment - 1ms
2020-2-24 17:36:56 :POST /user/getShareComment - 5ms
2020-2-24 17:36:56 :OPTIONS /user/getGoods - 0ms
2020-2-24 17:36:56 :POST /user/getGoods - 4ms
2020-2-24 17:36:56 :OPTIONS /user/addUser - 1ms
2020-2-24 17:36:56 :POST /user/addUser - 6ms
2020-2-24 17:36:56 :OPTIONS /user/addUser - 0ms
2020-2-24 17:36:56 :POST /user/addUser - 5ms
2020-2-24 17:36:56 :OPTIONS /user/addUser - 0ms
2020-2-24 17:36:56 :POST /user/addUser - 5ms
2020-2-24 17:36:56 :OPTIONS /user/addUser - 0ms
2020-2-24 17:36:56 :POST /user/addUser - 10ms
2020-2-24 17:36:56 :OPTIONS /user/login - 0ms
2020-2-24 17:36:56 :POST /user/login - 2ms
2020-2-24 17:36:56 :OPTIONS /file/upFile - 0ms
2020-2-24 17:36:56 :POST /file/upFile - 29ms
2020-2-24 17:36:56 :OPTIONS /user/upUser - 1ms
2020-2-24 17:36:56 :POST /user/upUser - 6ms
2020-2-24 17:36:56 :OPTIONS /file/upFile - 1ms
2020-2-24 17:36:56 :POST /file/upFile - 51ms
2020-2-24 17:36:56 :OPTIONS /user/upUser - 0ms
2020-2-24 17:36:56 :POST /user/upUser - 1ms
2020-2-24 17:36:56 :GET /file/getImg?imagePath=1582540299536home.jpg - 404
2020-2-24 17:36:56 :OPTIONS /user/getShare - 1ms
2020-2-24 17:36:56 :POST /user/getShare - 7ms
2020-2-24 17:36:56 :GET /file/getImg?imagePath=15825388568673.jpg - 404
2020-2-24 17:36:56 :GET /file/getImg?imagePath=15824013891353.jpg - 404
2020-2-24 17:36:56 :GET /file/getImg?imagePath=1582539139929notFound.jpg - 404
2020-2-24 17:36:56 :OPTIONS /user/getShareComment - 0ms
2020-2-24 17:36:56 :POST /user/getShareComment - 5ms
2020-2-24 17:36:56 :OPTIONS /user/addShareComment - 0ms
2020-2-24 17:36:56 :POST /user/addShareComment - 1ms
2020-2-24 17:36:56 :GET /file/getImg?imagePath=15825388568673.jpg - 404
2020-2-24 17:36:56 :GET /file/getImg?imagePath=15824013891353.jpg - 404
2020-2-24 17:36:56 :OPTIONS /user/getShareComment - 0ms
2020-2-24 17:36:56 :POST /user/getShareComment - 4ms
2020-2-24 17:36:56 :GET /file/getImg?imagePath=1582540299536home.jpg - 404
2020-2-24 17:36:56 :GET /file/getImg?imagePath=15825388568673.jpg - 404
2020-2-24 17:36:56 :OPTIONS /user/getShareComment - 0ms
2020-2-24 17:36:56 :POST /user/getShareComment - 4ms
2020-2-24 17:36:56 :GET /file/getImg?imagePath=15824013891353.jpg - 404
2020-2-24 17:36:56 :GET /file/getImg?imagePath=1582540299536home.jpg - 404
2020-2-24 17:36:56 :OPTIONS /user/addShareComment - 1ms
2020-2-24 17:36:56 :POST /user/addShareComment - 1ms
2020-2-24 17:36:56 :POST /user/addShareComment - 1ms
2020-2-24 17:36:56 :OPTIONS /user/getShareComment - 0ms
2020-2-24 17:36:56 :POST /user/getShareComment - 4ms
2020-2-24 17:36:56 :OPTIONS /user/getShare - 0ms
2020-2-24 17:36:56 :POST /user/getShare - 3ms
2020-2-24 17:36:56 :GET /file/getImg?imagePath=1582539139929notFound.jpg - 404
2020-2-24 17:36:56 :OPTIONS /user/getShareComment - 0ms
2020-2-24 17:36:56 :POST /user/getShareComment - 5ms
2020-2-24 17:36:56 :POST /user/getShare - 5ms
2020-2-24 17:36:56 :OPTIONS /user/getShareComment - 0ms
2020-2-24 17:36:56 :POST /user/getShareComment - 4ms
2020-2-24 17:36:56 :OPTIONS /user/getShare - 0ms
2020-2-24 17:36:56 :POST /user/getShare - 4ms
2020-2-24 17:36:56 :OPTIONS /user/getShareComment - 1ms
2020-2-24 17:36:56 :POST /user/getShareComment - 4ms
2020-2-24 17:36:56 :POST /user/getShare - 5ms
2020-2-24 17:36:56 :POST /user/getShareComment - 4ms
2020-2-24 17:36:56 :OPTIONS /user/getShareComment - 1ms
2020-2-24 17:36:56 :POST /user/getShareComment - 5ms
2020-2-24 17:36:56 :OPTIONS /user/getShare - 1ms
2020-2-24 17:36:56 :POST /user/getShare - 6ms
2020-2-24 17:36:56 :POST /user/getShareComment - 3ms
2020-2-24 17:36:56 :POST /user/getShare - 3ms
2020-2-24 17:36:56 :OPTIONS /user/getShareComment - 0ms
2020-2-24 17:36:56 :POST /user/getShareComment - 5ms
2020-2-24 17:36:56 :OPTIONS /user/getShare - 0ms
2020-2-24 17:36:56 :POST /user/getShare - 4ms
2020-2-24 17:36:56 :OPTIONS /user/getShareComment - 1ms
2020-2-24 17:36:56 :POST /user/getShareComment - 4ms
2020-2-24 17:36:56 :OPTIONS /user/getShare - 0ms
2020-2-24 17:36:56 :POST /user/getShare - 7ms
2020-2-24 17:36:56 :POST /user/getShare - 5ms
2020-2-24 17:36:56 :GET /file/getImg?imagePath=15825388568673.jpg - 404
2020-2-24 17:36:56 :GET /file/getImg?imagePath=15824013891353.jpg - 404
2020-2-24 17:36:56 :GET /file/getImg?imagePath=1582539139929notFound.jpg - 404
2020-2-24 17:36:56 :OPTIONS /user/getShareComment - 0ms
2020-2-24 17:36:56 :POST /user/getShareComment - 5ms
2020-2-24 17:36:56 :GET /file/getImg?imagePath=1582540299536home.jpg - 404
2020-2-24 17:36:56 :OPTIONS /user/getShare - 0ms
2020-2-24 17:36:56 :POST /user/getShare - 13ms
2020-2-24 17:36:56 :OPTIONS /user/getShareComment - 1ms
2020-2-24 17:36:56 :POST /user/getShareComment - 5ms
2020-2-24 17:36:56 :OPTIONS /user/getShareComment - 0ms
2020-2-24 17:36:56 :POST /user/getShareComment - 5ms
2020-2-24 17:36:56 :OPTIONS /user/getShare - 0ms
2020-2-24 17:36:56 :POST /user/getShare - 4ms
2020-2-24 17:36:56 :OPTIONS /user/getShare - 1ms
2020-2-24 17:36:56 :POST /user/getShare - 8ms
2020-2-24 17:36:56 :OPTIONS /user/getShareComment - 1ms
2020-2-24 17:36:56 :POST /user/getShareComment - 4ms
2020-2-24 17:36:56 :OPTIONS /user/getShareComment - 0ms
2020-2-24 17:36:56 :POST /user/getShareComment - 4ms
2020-2-24 17:36:56 :OPTIONS /user/getShare - 0ms
2020-2-24 17:36:56 :POST /user/getShare - 6ms
2020-2-24 17:36:56 :OPTIONS /user/getShareComment - 0ms
2020-2-24 17:36:56 :POST /user/getShareComment - 5ms
2020-2-24 17:36:56 :OPTIONS /user/getShareComment - 0ms
2020-2-24 17:36:56 :POST /user/getShareComment - 5ms
2020-2-24 17:36:56 :OPTIONS /user/getShare - 0ms
2020-2-24 17:36:56 :POST /user/getShare - 5ms
2020-2-24 17:36:56 :POST /user/getShareComment - 4ms
2020-2-24 17:36:56 :POST /user/getShare - 4ms
2020-2-24 17:36:56 :OPTIONS /user/getShareComment - 0ms
2020-2-24 17:36:56 :POST /user/getShareComment - 4ms
2020-2-24 17:36:56 :OPTIONS /user/getShareComment - 0ms
2020-2-24 17:36:56 :POST /user/getShareComment - 3ms
2020-2-24 17:36:56 :OPTIONS /user/getShare - 0ms
2020-2-24 17:36:56 :POST /user/getShare - 5ms
2020-2-24 17:36:56 :POST /user/getShareComment - 4ms
2020-2-24 17:36:56 :OPTIONS /user/getShare - 0ms
2020-2-24 17:36:56 :POST /user/getShare - 3ms
2020-2-24 17:36:56 :OPTIONS /user/getShareComment - 1ms
2020-2-24 17:36:56 :POST /user/getShareComment - 5ms
2020-2-24 17:36:56 :OPTIONS /user/getShareComment - 1ms
2020-2-24 17:36:56 :POST /user/getShareComment - 4ms
2020-2-24 17:36:56 :OPTIONS /user/getShareComment - 1ms
2020-2-24 17:36:56 :POST /user/getShareComment - 5ms
2020-2-24 17:36:56 :OPTIONS /user/getShareComment - 1ms
2020-2-24 17:36:56 :POST /user/getShareComment - 4ms
2020-2-24 17:36:56 :OPTIONS /user/getShareComment - 0ms
2020-2-24 17:36:56 :POST /user/getShareComment - 4ms
2020-2-24 17:36:56 :OPTIONS /user/getShare - 0ms
2020-2-24 17:36:56 :POST /user/getShare - 4ms
2020-2-24 17:36:56 :POST /user/getShareComment - 5ms
2020-2-24 17:36:56 :POST /user/getShare - 4ms
2020-2-24 17:36:56 :OPTIONS /user/getShareComment - 0ms
2020-2-24 17:36:56 :POST /user/getShareComment - 5ms
2020-2-24 17:36:56 :OPTIONS /user/getShareComment - 0ms
2020-2-24 17:36:56 :POST /user/getShareComment - 4ms
2020-2-24 17:36:56 :OPTIONS /user/getShare - 0ms
2020-2-24 17:36:56 :POST /user/getShare - 4ms
2020-2-24 17:36:56 :OPTIONS /user/getShareComment - 0ms
2020-2-24 17:36:56 :POST /user/getShareComment - 5ms
2020-2-24 17:36:56 :POST /user/getShare - 3ms
2020-2-24 17:36:56 :POST /user/getShareComment - 4ms
2020-2-24 17:36:56 :OPTIONS /user/getShare - 0ms
2020-2-24 17:36:56 :POST /user/getShare - 6ms
2020-2-24 17:36:56 :OPTIONS /user/getShareComment - 2ms
2020-2-24 17:36:56 :POST /user/getShareComment - 4ms
2020-2-24 17:36:56 :POST /user/getShare - 3ms
2020-2-24 17:36:56 :OPTIONS /user/getShareComment - 0ms
2020-2-24 17:36:56 :POST /user/getShareComment - 6ms
2020-2-24 17:36:56 :OPTIONS /user/getShare - 1ms
2020-2-24 17:36:56 :POST /user/getShare - 20ms
2020-2-24 17:36:56 :OPTIONS /user/getGoods - 0ms
2020-2-24 17:36:56 :POST /user/getGoods - 3ms
2020-2-24 17:36:56 :OPTIONS /user/login - 0ms
2020-2-24 17:36:56 :POST /user/login - 3ms
2020-2-24 17:36:56 :GET /file/getImg?imagePath=1582540299536home.jpg - 404
2020-2-24 17:36:56 :OPTIONS /user/login - 0ms
2020-2-24 17:36:56 :POST /user/login - 3ms
2020-2-24 17:36:56 :OPTIONS /user/getGoods - 0ms
2020-2-24 17:36:56 :POST /user/getGoods - 2ms
2020-2-24 17:36:56 :OPTIONS /user/getPay - 0ms
2020-2-24 17:36:56 :POST /user/getPay - 4ms
2020-2-24 17:36:56 :OPTIONS /user/getSort - 0ms
2020-2-24 17:36:56 :POST /user/getSort - 3ms
2020-2-24 17:36:56 :POST /user/getPay - 3ms
2020-2-24 17:36:56 :POST /user/getGoods - 2ms
2020-2-24 17:36:56 :OPTIONS /user/getGoods - 0ms
2020-2-24 17:36:56 :POST /user/getGoods - 2ms
2020-2-24 17:36:56 :OPTIONS /user/getGoods - 0ms
2020-2-24 17:36:56 :OPTIONS /user/getSort - 1ms
2020-2-24 17:36:56 :POST /user/getGoods - 3ms
2020-2-24 17:36:56 :POST /user/getSort - 25ms
2020-2-24 17:36:56 :POST /user/getGoods - 10ms
2020-2-24 17:36:56 :POST /user/getSort - 4ms
2020-2-24 17:36:56 :OPTIONS /user/addSort - 1ms
2020-2-24 17:36:56 :POST /user/addSort - 7ms
2020-2-24 17:36:56 :OPTIONS /user/addSort - 0ms
2020-2-24 17:36:56 :POST /user/addSort - 2ms
2020-2-24 17:36:56 :OPTIONS /user/addSort - 0ms
2020-2-24 17:36:56 :POST /user/addSort - 1ms
2020-2-24 17:36:56 :OPTIONS /user/getGoods - 0ms
2020-2-24 17:36:56 :POST /user/getGoods - 4ms
2020-2-24 17:36:56 :OPTIONS /user/getGoods - 1ms
2020-2-24 17:36:56 :OPTIONS /user/getGoods - 0ms
2020-2-24 17:36:56 :OPTIONS /user/getSort - 0ms
2020-2-24 17:36:56 :POST /user/getGoods - 8ms
2020-2-24 17:36:56 :POST /user/getSort - 21ms
2020-2-24 17:36:56 :POST /user/getGoods - 11ms
2020-2-24 17:36:56 :POST /user/getGoods - 5ms
2020-2-24 17:36:56 :POST /user/getGoods - 4ms
2020-2-24 17:36:56 :POST /user/getGoods - 6ms
2020-2-24 17:36:56 :OPTIONS /user/getGoods - 0ms
2020-2-24 17:36:56 :POST /user/getGoods - 3ms
2020-2-24 17:36:56 :OPTIONS /user/getSort - 0ms
2020-2-24 17:36:56 :POST /user/getSort - 3ms
2020-2-24 17:36:56 :OPTIONS /file/upFile - 0ms
2020-2-24 17:36:56 :POST /file/upFile - 12ms
2020-2-24 17:36:56 :OPTIONS /user/addGoods - 0ms
2020-2-24 17:36:56 :POST /user/addGoods - 1ms
2020-2-24 17:36:56 :OPTIONS /user/getGoods - 0ms
2020-2-24 17:36:56 :POST /user/getGoods - 3ms
2020-2-24 17:36:56 :OPTIONS /user/getSort - 0ms
2020-2-24 17:36:56 :POST /user/getSort - 3ms
2020-2-24 17:36:56 :OPTIONS /file/upFile - 0ms
2020-2-24 17:36:56 :OPTIONS /file/upFile - 0ms
2020-2-24 17:36:56 :POST /file/upFile - 10ms
2020-2-24 17:36:56 :POST /file/upFile - 12ms
2020-2-24 17:36:56 :POST /file/upFile - 10ms
2020-2-24 17:36:56 :POST /file/upFile - 19ms
2020-2-24 17:36:56 :OPTIONS /user/addGoods - 1ms
2020-2-24 17:36:56 :POST /user/addGoods - 2ms
2020-2-24 17:36:56 :POST /user/addGoods - 2ms
2020-2-24 17:36:56 :OPTIONS /user/getGoods - 0ms
2020-2-24 17:36:56 :POST /user/getGoods - 3ms
2020-2-24 17:36:56 :GET /file/getImg?imagePath=15825416473974.jpg - 404
2020-2-24 17:36:56 :POST /user/getGoods - 3ms
2020-2-24 17:36:56 :POST /user/getGoods - 5ms
2020-2-24 17:36:56 :GET /file/getImg?imagePath=15825416474435.jpg - 404
2020-2-24 17:36:56 :OPTIONS /user/getGoods - 0ms
2020-2-24 17:36:56 :POST /user/getGoods - 5ms
2020-2-24 17:36:56 :GET /file/getImg?imagePath=15825415919441.jpg - 404
2020-2-24 17:36:56 :OPTIONS /user/getPay - 0ms
2020-2-24 17:36:56 :POST /user/getPay - 3ms
2020-2-24 17:36:56 :POST /user/getGoods - 3ms
2020-2-24 17:36:56 :OPTIONS /user/delGoods - 0ms
2020-2-24 17:36:56 :POST /user/delGoods - 2ms
2020-2-24 17:36:56 :OPTIONS /user/getSort - 0ms
2020-2-24 17:36:56 :POST /user/getSort - 3ms
2020-2-24 17:36:56 :OPTIONS /file/upFile - 0ms
2020-2-24 17:36:56 :POST /file/upFile - 8ms
2020-2-24 17:36:56 :OPTIONS /user/addGoods - 0ms
2020-2-24 17:36:56 :POST /user/addGoods - 1ms
2020-2-24 17:36:56 :OPTIONS /user/getGoods - 0ms
2020-2-24 17:36:56 :POST /user/getGoods - 4ms
2020-2-24 17:36:56 :GET /file/getImg?imagePath=15825415919441.jpg - 404
2020-2-24 17:36:56 :OPTIONS /user/getPay - 0ms
2020-2-24 17:36:56 :POST /user/getPay - 5ms
2020-2-24 17:36:56 :OPTIONS /user/getGoods - 0ms
2020-2-24 17:36:56 :POST /user/getGoods - 3ms
2020-2-24 17:36:56 :OPTIONS /user/delGoods - 0ms
2020-2-24 17:36:56 :POST /user/delGoods - 1ms
2020-2-24 17:36:56 :OPTIONS /user/getGoods - 0ms
2020-2-24 17:36:56 :POST /user/getGoods - 3ms
2020-2-24 17:36:56 :OPTIONS /user/getSort - 1ms
2020-2-24 17:36:56 :POST /user/getSort - 7ms
2020-2-24 17:36:56 :OPTIONS /file/upFile - 0ms
2020-2-24 17:36:56 :POST /file/upFile - 8ms
2020-2-24 17:36:56 :OPTIONS /user/addGoods - 0ms
2020-2-24 17:36:56 :POST /user/addGoods - 2ms
2020-2-24 17:36:56 :OPTIONS /user/getPay - 0ms
2020-2-24 17:36:56 :POST /user/getPay - 3ms
2020-2-24 17:36:56 :OPTIONS /user/getGoods - 0ms
2020-2-24 17:36:56 :POST /user/getGoods - 3ms
2020-2-24 17:36:56 :OPTIONS /user/getSort - 0ms
2020-2-24 17:36:56 :POST /user/getSort - 3ms
2020-2-24 17:36:56 :OPTIONS /file/upFile - 0ms
2020-2-24 17:36:56 :POST /file/upFile - 7ms
2020-2-24 17:36:56 :POST /file/upFile - 9ms
2020-2-24 17:36:56 :OPTIONS /user/addGoods - 0ms
2020-2-24 17:36:56 :POST /user/addGoods - 2ms
2020-2-24 17:36:56 :OPTIONS /user/getGoods - 0ms
2020-2-24 17:36:56 :POST /user/getGoods - 7ms
2020-2-24 17:36:56 :GET /file/getImg?imagePath=15825417623914.jpg - 404
2020-2-24 17:36:56 :OPTIONS /user/getGoods - 0ms
2020-2-24 17:36:56 :POST /user/getGoods - 4ms
2020-2-24 17:36:56 :GET /file/getImg?imagePath=15825417624105.jpg - 404
2020-2-24 17:36:56 :POST /user/getGoods - 5ms
2020-2-24 17:36:56 :OPTIONS /user/getGoods - 0ms
2020-2-24 17:36:56 :POST /user/getGoods - 3ms
2020-2-24 17:36:56 :OPTIONS /user/delGoods - 0ms
2020-2-24 17:36:56 :POST /user/delGoods - 1ms
2020-2-24 17:36:56 :OPTIONS /user/getPay - 0ms
2020-2-24 17:36:56 :POST /user/getPay - 3ms
2020-2-24 17:36:56 :OPTIONS /user/getGoods - 0ms
2020-2-24 17:36:56 :POST /user/getGoods - 3ms
2020-2-24 17:36:56 :OPTIONS /user/getSort - 0ms
2020-2-24 17:36:56 :POST /user/getSort - 3ms
2020-2-24 17:36:56 :OPTIONS /file/upFile - 0ms
2020-2-24 17:36:56 :POST /file/upFile - 7ms
2020-2-24 17:36:56 :OPTIONS /user/addGoods - 0ms
2020-2-24 17:36:56 :POST /user/addGoods - 1ms
2020-2-24 17:36:56 :OPTIONS /user/getGoods - 1ms
2020-2-24 17:36:56 :POST /user/getGoods - 4ms
2020-2-24 17:36:56 :OPTIONS /user/getGoods - 0ms
2020-2-24 17:36:56 :POST /user/getGoods - 4ms
2020-2-24 17:36:56 :OPTIONS /user/getPay - 0ms
2020-2-24 17:36:56 :POST /user/getPay - 3ms
2020-2-24 17:36:56 :OPTIONS /user/getGoods - 0ms
2020-2-24 17:36:56 :POST /user/getGoods - 3ms
2020-2-24 17:36:56 :OPTIONS /user/getGoods - 0ms
2020-2-24 17:36:56 :POST /user/getGoods - 5ms
2020-2-24 17:36:56 :OPTIONS /user/delGoods - 0ms
2020-2-24 17:36:56 :POST /user/delGoods - 1ms
2020-2-24 17:36:56 :OPTIONS /user/getSort - 1ms
2020-2-24 17:36:56 :POST /user/getSort - 2ms
2020-2-24 17:36:56 :OPTIONS /file/upFile - 1ms
2020-2-24 17:36:56 :POST /file/upFile - 25ms
2020-2-24 17:36:56 :OPTIONS /user/addGoods - 0ms
2020-2-24 17:36:56 :POST /user/addGoods - 2ms
2020-2-24 17:36:56 :OPTIONS /user/getGoods - 0ms
2020-2-24 17:36:56 :POST /user/getGoods - 6ms
2020-2-24 17:36:56 :GET /file/getImg?imagePath=15825418657533.jpg - 404
2020-2-24 17:36:56 :OPTIONS /user/getGoods - 0ms
2020-2-24 17:36:56 :OPTIONS /user/getSort - 0ms
2020-2-24 17:36:56 :POST /user/getGoods - 4ms
2020-2-24 17:36:56 :POST /user/getSort - 32ms
2020-2-24 17:36:56 :OPTIONS /user/getGoods - 0ms
2020-2-24 17:36:56 :POST /user/getGoods - 3ms
2020-2-24 17:36:56 :POST /user/getGoods - 3ms
2020-2-24 17:36:56 :POST /user/getGoods - 2ms
2020-2-24 17:36:56 :OPTIONS /user/getGoods - 0ms
2020-2-24 17:36:56 :POST /user/getGoods - 4ms
2020-2-24 17:36:56 :POST /user/getGoods - 3ms
2020-2-24 17:36:56 :POST /user/getGoods - 4ms
2020-2-24 17:36:56 :POST /user/getGoods - 3ms
2020-2-24 17:36:56 :POST /user/getGoods - 2ms
2020-2-24 17:36:56 :POST /user/getGoods - 12ms
2020-2-24 17:36:56 :POST /user/getGoods - 4ms
2020-2-24 17:36:56 :POST /user/getGoods - 3ms
2020-2-24 17:36:56 :GET /file/getImg?imagePath=1582540299536home.jpg - 404
2020-2-24 17:36:56 :OPTIONS /user/getGoods - 0ms
2020-2-24 17:36:56 :POST /user/getGoods - 7ms
2020-2-24 17:36:56 :OPTIONS /user/getGoods - 0ms
2020-2-24 17:36:56 :POST /user/getGoods - 5ms
2020-2-24 17:36:56 :OPTIONS /user/getGoods - 0ms
2020-2-24 17:36:56 :POST /user/getGoods - 3ms
2020-2-24 17:36:56 :OPTIONS /user/getGoods - 0ms
2020-2-24 17:36:56 :POST /user/getGoods - 3ms
2020-2-24 17:36:56 :OPTIONS /user/login - 0ms
2020-2-24 17:36:56 :POST /user/login - 3ms
2020-2-24 17:36:56 :GET /file/getImg?imagePath=1582540299536home.jpg - 404
2020-2-24 17:36:56 :OPTIONS /user/getGoods - 0ms
2020-2-24 17:36:56 :POST /user/getGoods - 4ms
2020-2-24 17:36:56 :OPTIONS /user/addPay - 0ms
2020-2-24 17:36:56 :POST /user/addPay - 2ms
2020-2-24 17:36:56 :OPTIONS /user/getAddress - 0ms
2020-2-24 17:36:56 :POST /user/getAddress - 5ms
2020-2-24 17:36:56 :OPTIONS /user/getGoods - 1ms
2020-2-24 17:36:56 :POST /user/getGoods - 3ms
2020-2-24 17:36:56 :OPTIONS /user/getAddress - 0ms
2020-2-24 17:36:56 :POST /user/getAddress - 3ms
2020-2-24 17:36:56 :OPTIONS /user/addAddress - 0ms
2020-2-24 17:36:56 :POST /user/addAddress - 2ms
2020-2-24 17:36:56 :OPTIONS /user/getAddress - 0ms
2020-2-24 17:36:56 :POST /user/getAddress - 14ms
2020-2-24 17:36:56 :OPTIONS /user/getGoods - 0ms
2020-2-24 17:36:56 :POST /user/getGoods - 3ms
2020-2-24 17:36:56 :OPTIONS /user/addPay - 0ms
2020-2-24 17:36:56 :POST /user/addPay - 2ms
2020-2-24 17:36:56 :OPTIONS /user/getAddress - 0ms
2020-2-24 17:36:56 :POST /user/getAddress - 2ms
2020-2-24 17:36:56 :GET /file/getImg?imagePath=15825415919441.jpg - 404
2020-2-24 17:36:56 :OPTIONS /user/getAddress - 0ms
2020-2-24 17:36:56 :POST /user/getAddress - 2ms
2020-2-24 17:36:56 :OPTIONS /user/getGoods - 0ms
2020-2-24 17:36:56 :POST /user/getGoods - 3ms
2020-2-24 17:36:56 :GET /file/getImg?imagePath=15825418657533.jpg - 404
2020-2-24 17:36:56 :GET /file/getImg?imagePath=15825417623914.jpg - 404
2020-2-24 17:36:56 :GET /file/getImg?imagePath=1582540299536home.jpg - 404
2020-2-24 17:36:56 :GET /file/getImg?imagePath=15822998085404.jpg - 404
2020-2-24 17:36:56 :OPTIONS /user/getAddress - 0ms
2020-2-24 17:36:56 :POST /user/getAddress - 5ms
2020-2-24 17:36:56 :OPTIONS /user/getAddress - 0ms
2020-2-24 17:36:56 :POST /user/getAddress - 3ms
2020-2-24 17:36:56 :OPTIONS /user/addAddress - 1ms
2020-2-24 17:36:56 :POST /user/addAddress - 2ms
2020-2-24 17:36:56 :OPTIONS /user/getAddress - 0ms
2020-2-24 17:36:56 :POST /user/getAddress - 3ms
2020-2-24 17:36:56 :OPTIONS /user/addAddress - 0ms
2020-2-24 17:36:56 :POST /user/addAddress - 1ms
2020-2-24 17:36:56 :OPTIONS /user/getAddress - 0ms
2020-2-24 17:36:56 :POST /user/getAddress - 3ms
2020-2-24 17:36:56 :OPTIONS /user/getGoods - 0ms
2020-2-24 17:36:56 :POST /user/getGoods - 3ms
2020-2-24 17:36:56 :OPTIONS /user/addPay - 0ms
2020-2-24 17:36:56 :POST /user/addPay - 1ms
2020-2-24 17:36:56 :OPTIONS /user/getAddress - 0ms
2020-2-24 17:36:56 :POST /user/getAddress - 3ms
2020-2-24 17:36:56 :OPTIONS /user/getGoods - 0ms
2020-2-24 17:36:56 :POST /user/getGoods - 3ms
2020-2-24 17:36:56 :OPTIONS /user/getAddress - 0ms
2020-2-24 17:36:56 :POST /user/getAddress - 6ms
2020-2-24 17:36:56 :OPTIONS /user/delAddress - 1ms
2020-2-24 17:36:56 :POST /user/delAddress - 1ms
2020-2-24 17:36:56 :POST /user/getAddress - 4ms
2020-2-24 17:36:56 :OPTIONS /user/getGoods - 0ms
2020-2-24 17:36:56 :POST /user/getGoods - 4ms
2020-2-24 17:36:56 :GET /file/getImg?imagePath=1582540299536home.jpg - 404
2020-2-24 17:36:56 :OPTIONS /user/getShare - 1ms
2020-2-24 17:36:56 :POST /user/getShare - 3ms
2020-2-24 17:36:56 :GET /file/getImg?imagePath=15825388568673.jpg - 404
2020-2-24 17:36:56 :GET /file/getImg?imagePath=15824013891353.jpg - 404
2020-2-24 17:36:56 :GET /file/getImg?imagePath=1582539139929notFound.jpg - 404
2020-2-24 17:36:56 :OPTIONS /user/getShare - 0ms
2020-2-24 17:36:56 :POST /user/getShare - 17ms
2020-2-24 17:36:56 :GET /file/getImg?imagePath=15825388568673.jpg - 404
2020-2-24 17:36:56 :GET /file/getImg?imagePath=15824013891353.jpg - 404
2020-2-24 17:36:56 :GET /file/getImg?imagePath=1582540299536home.jpg - 404
2020-2-24 17:36:56 :OPTIONS /user/getGoods - 0ms
2020-2-24 17:36:56 :POST /user/getGoods - 3ms
2020-2-24 17:36:56 :GET /file/getImg?imagePath=15825415919441.jpg - 404
2020-2-24 17:36:56 :GET /file/getImg?imagePath=15825417623914.jpg - 404
2020-2-24 17:36:56 :GET /file/getImg?imagePath=15825418657533.jpg - 404
2020-2-24 17:36:56 :GET /file/getImg?imagePath=15825417624105.jpg - 404
2020-2-24 17:36:56 :GET /file/getImg?imagePath=1582540299536home.jpg - 404
2020-2-24 17:36:56 :OPTIONS /user/getGoods - 0ms
2020-2-24 17:36:56 :POST /user/getGoods - 37ms
2020-2-24 17:36:56 :OPTIONS /user/getGoods - 0ms
2020-2-24 17:36:56 :POST /user/getGoods - 4ms
2020-2-24 17:36:56 :OPTIONS /user/login - 1ms
2020-2-24 17:36:56 :POST /user/login - 4ms
2020-2-24 17:36:56 :OPTIONS /user/getShare - 0ms
2020-2-24 17:36:56 :POST /user/getShare - 13ms
2020-2-24 17:36:56 :GET /file/getImg?imagePath=15825388568673.jpg - 404
2020-2-24 17:36:56 :OPTIONS /user/getGoods - 1ms
2020-2-24 17:36:56 :POST /user/getGoods - 8ms
2020-2-24 17:36:56 :OPTIONS /user/getGoods - 1ms
2020-2-24 17:36:56 :POST /user/getGoods - 3ms
2020-2-24 17:36:56 :OPTIONS /user/getGoods - 1ms
2020-2-24 17:36:56 :POST /user/getGoods - 3ms
2020-2-24 17:36:56 :OPTIONS /user/addPay - 0ms
2020-2-24 17:36:56 :POST /user/addPay - 1ms
2020-2-24 17:36:56 :OPTIONS /user/getAddress - 0ms
2020-2-24 17:36:56 :POST /user/getAddress - 3ms
2020-2-24 17:36:56 :OPTIONS /user/getGoods - 0ms
2020-2-24 17:36:56 :POST /user/getGoods - 4ms
2020-2-24 17:36:56 :OPTIONS /user/getAddress - 0ms
2020-2-24 17:36:56 :POST /user/getAddress - 5ms
2020-2-24 17:36:56 :OPTIONS /user/addAddress - 0ms
2020-2-24 17:36:56 :POST /user/addAddress - 2ms
2020-2-24 17:36:56 :OPTIONS /user/getAddress - 1ms
2020-2-24 17:36:56 :POST /user/getAddress - 3ms
2020-2-24 17:36:56 :OPTIONS /user/upAddress - 1ms
2020-2-24 17:36:56 :POST /user/upAddress - 2ms
2020-2-24 17:36:56 :POST /user/getAddress - 5ms
2020-2-24 17:36:56 :OPTIONS /user/getGoods - 0ms
2020-2-24 17:36:56 :POST /user/getGoods - 7ms
2020-2-24 17:36:56 :OPTIONS /user/addPay - 0ms
2020-2-24 17:36:56 :POST /user/addPay - 2ms
2020-2-24 17:36:56 :OPTIONS /user/getAddress - 0ms
2020-2-24 17:36:56 :POST /user/getAddress - 4ms
2020-2-24 17:36:56 :OPTIONS /user/upPay - 0ms
2020-2-24 17:36:56 :POST /user/upPay - 1ms
2020-2-24 17:36:56 :OPTIONS /user/getPay - 0ms
2020-2-24 17:36:56 :POST /user/getPay - 4ms
2020-2-24 17:36:56 :OPTIONS /user/getGoods - 0ms
2020-2-24 17:36:56 :POST /user/getGoods - 3ms
2020-2-24 17:36:56 :OPTIONS /user/getShare - 0ms
2020-2-24 17:36:56 :POST /user/getShare - 10ms
2020-2-24 17:36:56 :GET /file/getImg?imagePath=15825388568673.jpg - 404
2020-2-24 17:36:56 :GET /file/getImg?imagePath=15824013891353.jpg - 404
2020-2-24 17:36:56 :OPTIONS /user/getShareComment - 0ms
2020-2-24 17:36:56 :POST /user/getShareComment - 4ms
2020-2-24 17:36:56 :GET /file/getImg?imagePath=1582540299536home.jpg - 404
2020-2-24 17:36:56 :OPTIONS /user/addShareComment - 0ms
2020-2-24 17:36:56 :POST /user/addShareComment - 1ms
2020-2-24 17:36:56 :OPTIONS /user/getShare - 0ms
2020-2-24 17:36:56 :POST /user/getShare - 4ms
2020-2-24 17:36:56 :OPTIONS /user/getShareComment - 0ms
2020-2-24 17:36:56 :POST /user/getShareComment - 4ms
2020-2-24 17:36:56 :OPTIONS /user/getShare - 0ms
2020-2-24 17:36:56 :POST /user/getShare - 4ms
2020-2-24 17:36:56 :OPTIONS /user/addPay - 1ms
2020-2-24 17:36:56 :OPTIONS /user/getAddress - 0ms
2020-2-24 17:36:56 :POST /user/addPay - 1ms
2020-2-24 17:36:56 :POST /user/getAddress - 5ms
2020-2-24 17:36:56 :OPTIONS /user/upPay - 0ms
2020-2-24 17:36:56 :POST /user/upPay - 4ms
2020-2-24 17:36:56 :OPTIONS /user/getPay - 1ms
2020-2-24 17:36:56 :POST /user/getPay - 3ms
2020-2-24 17:36:56 :OPTIONS /user/getGoods - 0ms
2020-2-24 17:36:56 :POST /user/getGoods - 3ms
2020-2-24 17:36:56 :OPTIONS /user/getShare - 1ms
2020-2-24 17:36:56 :POST /user/getShare - 18ms
2020-2-24 17:36:56 :GET /file/getImg?imagePath=1582540299536home.jpg - 404
2020-2-24 17:36:56 :GET /file/getImg?imagePath=15825388568673.jpg - 404
2020-2-24 17:36:56 :OPTIONS /user/delShare - 0ms
2020-2-24 17:36:56 :POST /user/delShare - 2ms
2020-2-24 17:36:56 :OPTIONS /user/getGoods - 0ms
2020-2-24 17:36:56 :POST /user/getGoods - 3ms
2020-2-24 17:36:56 :GET /file/getImg?imagePath=15825415919441.jpg - 404
2020-2-24 17:36:56 :GET /file/getImg?imagePath=15825417623914.jpg - 404
2020-2-24 17:36:56 :GET /file/getImg?imagePath=15825418657533.jpg - 404
2020-2-24 17:36:56 :OPTIONS /user/getShare - 0ms
2020-2-24 17:36:56 :POST /user/getShare - 4ms
2020-2-24 17:36:56 :GET /file/getImg?imagePath=15824013891353.jpg - 404
2020-2-24 17:36:56 :POST /user/getShare - 23ms
2020-2-24 17:36:56 :OPTIONS /file/upFile - 0ms
2020-2-24 17:36:56 :POST /file/upFile - 54ms
2020-2-24 17:36:56 :OPTIONS /user/addShare - 0ms
2020-2-24 17:36:56 :POST /user/addShare - 1ms
2020-2-24 17:36:56 :OPTIONS /user/getShare - 0ms
2020-2-24 17:36:56 :POST /user/getShare - 7ms
2020-2-24 17:36:56 :OPTIONS /user/getShare - 0ms
2020-2-24 17:36:56 :POST /user/getShare - 7ms
2020-2-24 17:36:56 :GET /file/getImg?imagePath=1582540299536home.jpg - 404
2020-2-24 17:36:56 :GET /file/getImg?imagePath=15825388568673.jpg - 404
2020-2-24 17:36:56 :OPTIONS /user/getGoods - 0ms
2020-2-24 17:36:56 :POST /user/getGoods - 8ms
2020-2-24 17:36:56 :GET /file/getImg?imagePath=15825417623914.jpg - 404
2020-2-24 17:36:56 :GET /file/getImg?imagePath=15825418657533.jpg - 404
2020-2-24 17:36:55 :GET /file/getImg?imagePath=15825415919441.jpg - 404
2020-2-24 17:36:55 :OPTIONS /user/getGoods - 1ms
2020-2-24 17:36:55 :POST /user/getGoods - 79ms
2020-2-24 17:36:55 :OPTIONS /user/getPay - 0ms
2020-2-24 17:36:55 :POST /user/getPay - 5ms
2020-2-24 17:36:55 :POST /user/getGoods - 9ms
2020-2-24 17:36:55 :OPTIONS /user/getAddress - 0ms
2020-2-24 17:36:55 :POST /user/getAddress - 7ms
2020-2-24 17:36:55 :OPTIONS /user/getGoods - 0ms
2020-2-24 17:36:55 :POST /user/getGoods - 6ms
2020-2-24 17:36:55 :OPTIONS /user/getComment - 0ms
2020-2-24 17:36:55 :POST /user/getComment - 6ms
2020-2-24 17:36:55 :POST /user/getGoods - 5ms
2020-2-24 17:36:55 :OPTIONS /user/getGoods - 0ms
2020-2-24 17:36:55 :POST /user/getGoods - 5ms
2020-2-24 17:36:55 :OPTIONS /user/getAddress - 1ms
2020-2-24 17:36:55 :POST /user/getAddress - 5ms
2020-2-24 17:36:55 :OPTIONS /user/getGoods - 0ms
2020-2-24 17:36:55 :POST /user/getGoods - 8ms
2020-2-24 17:36:55 :OPTIONS /user/getPay - 0ms
2020-2-24 17:36:55 :POST /user/getPay - 5ms
2020-2-24 17:36:55 :OPTIONS /user/getComment - 0ms
2020-2-24 17:36:55 :POST /user/getComment - 6ms
2020-2-24 17:36:55 :OPTIONS /user/addComment - 0ms
2020-2-24 17:36:55 :POST /user/addComment - 8ms
2020-2-24 17:36:55 :OPTIONS /user/getGoods - 0ms
2020-2-24 17:36:55 :POST /user/getGoods - 6ms
2020-2-24 17:36:55 :OPTIONS /user/getComment - 1ms
2020-2-24 17:36:55 :POST /user/getComment - 5ms
2020-2-24 17:36:55 :POST /user/getGoods - 6ms
2020-2-24 17:36:55 :OPTIONS /user/getGoods - 0ms
2020-2-24 17:36:55 :POST /user/getGoods - 5ms
2020-2-24 17:36:55 :OPTIONS /user/getShare - 1ms
2020-2-24 17:36:55 :POST /user/getShare - 6ms
2020-2-24 17:36:55 :GET /file/getImg?imagePath=15824013891353.jpg - 404
2020-2-24 17:36:55 :OPTIONS /user/getGoods - 0ms
2020-2-24 17:36:55 :POST /user/getGoods - 5ms
2020-2-24 17:36:55 :OPTIONS /user/login - 0ms
2020-2-24 17:36:55 :POST /user/login - 4ms
2020-2-24 17:36:55 :POST /user/login - 6ms
2020-2-24 17:36:55 :OPTIONS /user/upUser - 0ms
2020-2-24 17:36:55 :POST /user/upUser - 4ms
2020-2-24 17:36:55 :OPTIONS /user/login - 1ms
2020-2-24 17:36:55 :POST /user/login - 40ms
2020-2-24 17:36:55 :POST /user/login - 3ms
2020-2-24 17:36:55 :OPTIONS /user/getGoods - 0ms
2020-2-24 17:36:55 :POST /user/getGoods - 4ms
2020-2-24 17:36:55 :GET /file/getImg?imagePath=15825415919441.jpg - 404
2020-2-24 17:36:55 :OPTIONS /user/getSort - 0ms
2020-2-24 17:36:55 :POST /user/getSort - 7ms
2020-2-24 17:36:55 :OPTIONS /user/delGoods - 1ms
2020-2-24 17:36:55 :POST /user/delGoods - 4ms
2020-2-24 17:36:55 :OPTIONS /user/addGoods - 0ms
2020-2-24 17:36:55 :POST /user/addGoods - 2ms
2020-2-24 17:36:56 :OPTIONS /user/getSort - 0ms
2020-2-24 17:36:55 :OPTIONS /user/getGoods - 1ms
2020-2-24 17:36:55 :POST /user/getGoods - 5ms
2020-2-24 17:36:56 :POST /user/getSort - 5ms
2020-2-24 17:36:56 :POST /user/getGoods - 3ms
2020-2-24 17:36:56 :OPTIONS /user/getGoods - 1ms
2020-2-24 17:36:56 :POST /user/getGoods - 4ms
2020-2-24 17:36:56 :POST /user/getGoods - 20ms
2020-2-24 17:36:56 :POST /user/getGoods - 11ms
2020-2-24 17:36:56 :POST /user/getGoods - 3ms
2020-2-24 17:36:56 :POST /user/getGoods - 11ms
2020-2-24 17:36:56 :POST /user/getGoods - 6ms
2020-2-24 17:36:56 :POST /user/getGoods - 9ms
2020-2-24 17:36:56 :OPTIONS /user/getPay - 0ms
2020-2-24 17:36:56 :POST /user/getPay - 4ms
2020-2-24 17:36:56 :OPTIONS /user/upPay - 0ms
2020-2-24 17:36:56 :POST /user/upPay - 1ms
2020-2-24 17:36:56 :OPTIONS /user/getGoods - 0ms
2020-2-24 17:36:56 :POST /user/getGoods - 4ms
2020-2-24 17:36:56 :OPTIONS /user/upGoods - 0ms
2020-2-24 17:36:56 :POST /user/upGoods - 2ms
2020-2-24 17:36:56 :POST /user/getGoods - 7ms
2020-2-24 17:36:56 :OPTIONS /user/getPay - 0ms
2020-2-24 17:36:56 :POST /user/getPay - 3ms
2020-2-24 17:36:56 :POST /user/getPay - 3ms
2020-2-24 17:36:56 :POST /user/getPay - 3ms
2020-2-24 17:36:56 :OPTIONS /user/upPay - 0ms
2020-2-24 17:36:56 :POST /user/upPay - 1ms
2020-2-24 17:36:56 :OPTIONS /user/getGoods - 0ms
2020-2-24 17:36:56 :POST /user/getGoods - 4ms
2020-2-24 17:36:56 :OPTIONS /user/getSort - 0ms
2020-2-24 17:36:56 :POST /user/getSort - 3ms
2020-2-24 17:36:56 :OPTIONS /user/upSort - 0ms
2020-2-24 17:36:56 :POST /user/upSort - 1ms
2020-2-24 17:36:56 :OPTIONS /user/getPay - 0ms
2020-2-24 17:36:56 :POST /user/getPay - 3ms
2020-2-24 17:36:56 :OPTIONS /user/getSort - 0ms
2020-2-24 17:36:56 :POST /user/getSort - 3ms
2020-2-24 17:36:56 :OPTIONS /user/addSort - 0ms
2020-2-24 17:36:56 :POST /user/addSort - 1ms
2020-2-24 17:36:56 :OPTIONS /user/getGoods - 0ms
2020-2-24 17:36:56 :POST /user/getGoods - 7ms
2020-2-24 17:36:56 :OPTIONS /user/getSort - 0ms
2020-2-24 17:36:56 :POST /user/getGoods - 22ms
2020-2-24 17:36:56 :POST /user/getSort - 4ms
2020-2-24 17:36:55 :POST /user/getGoods - 12ms
2020-2-24 17:36:55 :OPTIONS /user/getGoods - 0ms
2020-2-24 17:36:55 :POST /user/getGoods - 5ms
2020-2-24 17:36:56 :OPTIONS /user/getGoods - 0ms
2020-2-24 17:36:56 :POST /user/getGoods - 4ms
2020-2-24 17:36:56 :POST /user/getGoods - 3ms
2020-2-24 17:36:56 :POST /user/getGoods - 3ms
2020-2-24 17:36:56 :POST /user/getGoods - 5ms
2020-2-24 17:36:56 :POST /user/getGoods - 8ms
2020-2-24 17:36:56 :POST /user/getGoods - 8ms
2020-2-24 17:36:56 :POST /user/getGoods - 3ms
2020-2-24 17:36:56 :POST /user/getGoods - 9ms
2020-2-24 17:36:56 :POST /user/getGoods - 5ms
2020-2-24 17:36:55 :OPTIONS /user/getGoods - 1ms
2020-2-24 17:36:55 :POST /user/getGoods - 3ms
2020-2-24 17:36:55 :POST /user/getGoods - 7ms
2020-2-24 17:36:55 :POST /user/getGoods - 5ms
2020-2-24 17:36:55 :POST /user/getGoods - 7ms
2020-2-24 17:36:55 :POST /user/getGoods - 3ms
2020-2-24 17:36:55 :POST /user/getGoods - 3ms
2020-2-24 17:36:55 :POST /user/getGoods - 6ms
2020-2-24 17:36:55 :POST /user/getGoods - 3ms
2020-2-24 17:36:55 :POST /user/getGoods - 4ms
2020-2-24 17:36:55 :POST /user/getGoods - 6ms
2020-2-24 17:36:55 :OPTIONS /user/getGoods - 1ms
2020-2-24 17:36:55 :POST /user/getGoods - 3ms
2020-2-24 17:36:55 :OPTIONS /user/getShare - 0ms
2020-2-24 17:36:55 :POST /user/getShare - 4ms
2020-2-24 17:36:55 :GET /file/getImg?imagePath=15825388568673.jpg - 404
2020-2-24 17:36:56 :GET /file/getImg?imagePath=15824013891353.jpg - 404
2020-2-24 17:36:56 :OPTIONS /user/getShare - 0ms
2020-2-24 17:36:56 :POST /user/getShare - 15ms
2020-2-24 17:36:55 :GET /file/getImg?imagePath=1582540299536home.jpg - 404
2020-2-24 17:36:56 :GET /file/getImg?imagePath=15824013891353.jpg - 404
2020-2-24 17:36:56 :GET /file/getImg?imagePath=15825388568673.jpg - 404