
2020-4-2 14:30:18 :OPTIONS /user/getSort - 1ms
2020-4-2 14:30:18 :OPTIONS /user/getGoods - 4ms
2020-4-2 14:30:18 :POST /user/getGoods - 207ms
2020-4-2 14:30:18 :POST /user/getSort - 818ms
2020-4-2 14:30:18 :OPTIONS /user/getGoods - 0ms
2020-4-2 14:30:18 :OPTIONS /user/getSort - 0ms
2020-4-2 14:30:18 :POST /user/getGoods - 2ms
2020-4-2 14:30:18 :POST /user/getSort - 23ms
2020-4-2 14:30:18 :OPTIONS /user/getGoods - 0ms
2020-4-2 14:30:18 :OPTIONS /user/getSort - 0ms
2020-4-2 14:30:18 :POST /user/getGoods - 6ms
2020-4-2 14:30:18 :POST /user/getSort - 49ms
2020-4-2 14:30:18 :POST /user/getGoods - 3ms
2020-4-2 14:30:18 :POST /user/getGoods - 15ms
2020-4-2 14:30:18 :POST /user/getSort - 3ms
2020-4-2 14:30:18 :POST /user/getGoods - 6ms
2020-4-2 14:30:18 :OPTIONS /user/getShare - 0ms
2020-4-2 14:30:18 :POST /user/getShare - 58ms
2020-4-2 14:30:18 :POST /user/getShare - 4ms
2020-4-2 14:30:18 :OPTIONS /user/getGoods - 0ms
2020-4-2 14:30:18 :POST /user/getGoods - 10ms
2020-4-2 14:30:18 :OPTIONS /user/getSort - 12ms
2020-4-2 14:30:18 :POST /user/getSort - 30ms
2020-4-2 14:30:18 :OPTIONS /user/login - 0ms
2020-4-2 14:30:18 :POST /user/login - 171ms
2020-4-2 14:30:18 :OPTIONS /user/login - 0ms
2020-4-2 14:30:18 :POST /user/login - 3ms
2020-4-2 14:30:18 :OPTIONS /user/getSort - 0ms
2020-4-2 14:30:18 :POST /user/getSort - 14ms
2020-4-2 14:30:18 :OPTIONS /user/login - 0ms
2020-4-2 14:30:18 :POST /user/login - 4ms
2020-4-2 14:30:18 :POST /user/getSort - 3ms
2020-4-2 14:30:18 :OPTIONS /user/login - 0ms
2020-4-2 14:30:18 :POST /user/login - 7ms
2020-4-2 14:30:18 :OPTIONS /user/login - 0ms
2020-4-2 14:30:18 :POST /user/login - 38ms
2020-4-2 14:30:18 :OPTIONS /user/login - 0ms
2020-4-2 14:30:18 :POST /user/login - 6ms
2020-4-2 14:30:18 :OPTIONS /user/getSort - 0ms
2020-4-2 14:30:18 :POST /user/getSort - 3ms
2020-4-2 14:30:18 :OPTIONS /user/login - 0ms
2020-4-2 14:30:18 :POST /user/login - 3ms
2020-4-2 14:30:18 :POST /user/login - 3ms
2020-4-2 14:30:18 :OPTIONS /user/getSort - 0ms
2020-4-2 14:30:18 :POST /user/getSort - 2ms
2020-4-2 14:30:18 :OPTIONS /user/getGoods - 0ms
2020-4-2 14:30:18 :POST /user/getGoods - 77ms
2020-4-2 14:30:18 :POST /user/getSort - 4ms
2020-4-2 14:30:18 :OPTIONS /user/login - 0ms
2020-4-2 14:30:18 :POST /user/login - 3ms
2020-4-2 14:30:18 :OPTIONS /user/getSort - 0ms
2020-4-2 14:30:18 :POST /user/getSort - 2ms
2020-4-2 14:30:18 :OPTIONS /user/getSort - 1ms
2020-4-2 14:30:18 :OPTIONS /user/login - 0ms
2020-4-2 14:30:18 :POST /user/getSort - 3ms
2020-4-2 14:30:18 :POST /user/login - 2ms
2020-4-2 14:30:18 :OPTIONS /user/getSort - 0ms
2020-4-2 14:30:18 :POST /user/getSort - 22ms
2020-4-2 14:30:18 :OPTIONS /user/login - 0ms
2020-4-2 14:30:18 :POST /user/login - 55ms
2020-4-2 14:30:18 :OPTIONS /user/login - 0ms
2020-4-2 14:30:18 :POST /user/login - 12ms
2020-4-2 14:30:18 :OPTIONS /user/login - 0ms
2020-4-2 14:30:18 :POST /user/login - 18ms
2020-4-2 14:30:18 :OPTIONS /user/getGoods - 0ms
2020-4-2 14:30:18 :POST /user/getGoods - 33ms
2020-4-2 14:30:18 :OPTIONS /user/getGoods - 0ms
2020-4-2 14:30:18 :POST /user/getGoods - 2ms
2020-4-2 14:30:18 :OPTIONS /user/login - 0ms
2020-4-2 14:30:18 :POST /user/login - 2ms
2020-4-2 14:30:18 :OPTIONS /user/login - 0ms
2020-4-2 14:30:18 :POST /user/login - 99ms
2020-4-2 14:30:18 :OPTIONS /user/login - 0ms
2020-4-2 14:30:18 :POST /user/login - 4ms
2020-4-2 14:30:18 :OPTIONS /user/login - 0ms
2020-4-2 14:30:18 :POST /user/login - 46ms
2020-4-2 14:30:18 :POST /user/login - 4ms
2020-4-2 14:30:18 :OPTIONS /user/getSort - 1ms
2020-4-2 14:30:18 :POST /user/getSort - 2ms
2020-4-2 14:30:18 :OPTIONS /user/login - 0ms
2020-4-2 14:30:18 :POST /user/login - 2ms
2020-4-2 14:30:18 :POST /user/getSort - 2ms
2020-4-2 14:30:18 :OPTIONS /user/login - 0ms
2020-4-2 14:30:18 :POST /user/login - 3ms
2020-4-2 14:30:18 :OPTIONS /user/getSort - 0ms
2020-4-2 14:30:18 :POST /user/getSort - 2ms
2020-4-2 14:30:18 :OPTIONS /user/getGoods - 0ms
2020-4-2 14:30:18 :POST /user/getGoods - 36ms
2020-4-2 14:30:18 :OPTIONS /user/getSort - 0ms
2020-4-2 14:30:18 :POST /user/getSort - 21ms
2020-4-2 14:30:18 :OPTIONS /user/getSort - 1ms
2020-4-2 14:30:18 :POST /user/getSort - 137ms