
2020-4-9 13:43:19 :OPTIONS /user/getGoods - 9ms
2020-4-9 13:43:19 :OPTIONS /user/getSort - 1ms
2020-4-9 13:43:19 :OPTIONS /user/getShare - 0ms
2020-4-9 13:43:19 :OPTIONS /user/getGoods - 0ms
2020-4-9 13:43:19 :OPTIONS /user/getSort - 0ms
2020-4-9 13:43:19 :OPTIONS /user/getAdmin - 1ms
2020-4-9 13:43:19 :OPTIONS /user/getGoods - 0ms
2020-4-9 13:43:19 :OPTIONS /user/login - 0ms
2020-4-9 13:43:19 :OPTIONS /user/getSort - 2ms
2020-4-9 13:43:19 :OPTIONS /user/getGoods - 0ms
2020-4-9 13:43:19 :OPTIONS /user/getPay - 0ms
2020-4-9 13:43:19 :OPTIONS /user/getAdmin - 0ms
2020-4-9 13:43:19 :POST /user/getShare - 623703ms
2020-4-9 13:43:19 :POST /user/getGoods - 627411ms
2020-4-9 13:43:19 :POST /user/getSort - 627413ms
2020-4-9 13:43:19 :POST /user/getGoods - 613422ms
2020-4-9 13:43:19 :POST /user/getSort - 613425ms
2020-4-9 13:43:19 :POST /user/getGoods - 168734ms
2020-4-9 13:43:19 :POST /user/getAdmin - 173723ms
2020-4-9 13:43:19 :POST /user/login - 157119ms
2020-4-9 13:43:19 :POST /user/getPay - 130081ms
2020-4-9 13:43:19 :POST /user/getAdmin - 221ms
2020-4-9 13:43:19 :POST /user/getGoods - 130494ms
2020-4-9 13:43:19 :POST /user/getSort - 130813ms
2020-4-9 13:43:19 :OPTIONS /user/login - 0ms
2020-4-9 13:43:19 :POST /user/login - 4ms
2020-4-9 13:43:19 :OPTIONS /user/getAdmin - 0ms
2020-4-9 13:43:19 :POST /user/getAdmin - 6ms
2020-4-9 13:43:19 :POST /user/login - 4ms
2020-4-9 13:43:19 :OPTIONS /user/getAdmin - 1ms
2020-4-9 13:43:19 :POST /user/getAdmin - 3ms
2020-4-9 13:43:19 :OPTIONS /user/addAdmin - 0ms
2020-4-9 13:43:19 :POST /user/addAdmin - 36ms
2020-4-9 13:43:19 :OPTIONS /user/login - 0ms
2020-4-9 13:43:19 :POST /user/login - 19ms
2020-4-9 13:43:19 :OPTIONS /user/getAdmin - 0ms
2020-4-9 13:43:19 :POST /user/getAdmin - 6ms
2020-4-9 13:43:19 :OPTIONS /user/login - 0ms
2020-4-9 13:43:19 :POST /user/login - 4ms
2020-4-9 13:43:19 :OPTIONS /user/getAdmin - 0ms
2020-4-9 13:43:19 :POST /user/getAdmin - 4ms
2020-4-9 13:43:19 :OPTIONS /user/login - 0ms
2020-4-9 13:43:19 :POST /user/login - 8ms
2020-4-9 13:43:19 :OPTIONS /user/getAdmin - 0ms
2020-4-9 13:43:19 :POST /user/getAdmin - 3ms
2020-4-9 13:43:19 :OPTIONS /user/upAdmin - 1ms
2020-4-9 13:43:19 :POST /user/upAdmin - 5ms
2020-4-9 13:43:19 :POST /user/login - 56ms
2020-4-9 13:43:19 :POST /user/getAdmin - 7ms
2020-4-9 13:43:19 :OPTIONS /user/upAdmin - 0ms
2020-4-9 13:43:19 :POST /user/upAdmin - 1ms
2020-4-9 13:43:19 :OPTIONS /user/login - 1ms
2020-4-9 13:43:19 :POST /user/login - 19ms
2020-4-9 13:43:19 :OPTIONS /user/getAdmin - 1ms
2020-4-9 13:43:19 :POST /user/getAdmin - 3ms
2020-4-9 13:43:19 :OPTIONS /user/login - 0ms
2020-4-9 13:43:19 :POST /user/login - 3ms
2020-4-9 13:43:19 :OPTIONS /user/getAdmin - 0ms
2020-4-9 13:43:19 :POST /user/getAdmin - 4ms
2020-4-9 13:43:19 :OPTIONS /user/getAdmin - 0ms
2020-4-9 13:43:19 :POST /user/getAdmin - 3ms
2020-4-9 13:43:19 :OPTIONS /user/addAdmin - 0ms
2020-4-9 13:43:19 :POST /user/addAdmin - 2ms
2020-4-9 13:43:19 :OPTIONS /user/getAdmin - 0ms
2020-4-9 13:43:19 :POST /user/getAdmin - 8ms
2020-4-9 13:43:19 :OPTIONS /user/getAdmin - 0ms
2020-4-9 13:43:19 :POST /user/getAdmin - 5ms
2020-4-9 13:43:19 :OPTIONS /user/getAdmin - 0ms
2020-4-9 13:43:19 :POST /user/getAdmin - 6ms
2020-4-9 13:43:19 :OPTIONS /user/getAdmin - 1ms
2020-4-9 13:43:19 :POST /user/getAdmin - 4ms
2020-4-9 13:43:19 :OPTIONS /user/getGoods - 0ms
2020-4-9 13:43:19 :POST /user/getGoods - 5ms
2020-4-9 13:43:19 :OPTIONS /user/getSort - 0ms
2020-4-9 13:43:19 :OPTIONS /user/getGoods - 0ms
2020-4-9 13:43:19 :POST /user/getSort - 5ms
2020-4-9 13:43:19 :POST /user/getGoods - 8ms
2020-4-9 13:43:19 :POST /user/getGoods - 7ms
2020-4-9 13:43:19 :POST /user/getSort - 6ms
2020-4-9 13:43:19 :OPTIONS /user/getGoods - 0ms
2020-4-9 13:43:19 :OPTIONS /user/getSort - 0ms
2020-4-9 13:43:19 :POST /user/getGoods - 9ms
2020-4-9 13:43:19 :POST /user/getSort - 11ms
2020-4-9 13:43:19 :POST /user/getSort - 9ms
2020-4-9 13:43:19 :POST /user/getGoods - 10ms
2020-4-9 13:43:19 :POST /user/getGoods - 7ms
2020-4-9 13:43:19 :OPTIONS /user/addPay - 0ms
2020-4-9 13:43:19 :POST /user/addPay - 2ms
2020-4-9 13:43:19 :OPTIONS /user/getAddress - 0ms
2020-4-9 13:43:19 :POST /user/getAddress - 6ms
2020-4-9 13:43:19 :OPTIONS /user/getSort - 1ms
2020-4-9 13:43:19 :POST /user/getSort - 3ms
2020-4-9 13:43:18 :OPTIONS /user/getGoods - 9ms
2020-4-9 13:43:19 :POST /user/getGoods - 4ms
2020-4-9 13:43:18 :POST /user/getGoods - 56ms
2020-4-9 13:43:18 :POST /user/getGoods - 5ms
2020-4-9 13:43:19 :POST /user/getSort - 3ms
2020-4-9 13:43:18 :OPTIONS /user/getGoods - 0ms
2020-4-9 13:43:18 :POST /user/getGoods - 11ms
2020-4-9 13:43:18 :OPTIONS /user/getSort - 0ms
2020-4-9 13:43:18 :POST /user/getSort - 6ms
2020-4-9 13:43:19 :OPTIONS /user/login - 1ms
2020-4-9 13:43:19 :POST /user/login - 4ms
2020-4-9 13:43:19 :OPTIONS /user/login - 0ms
2020-4-9 13:43:19 :POST /user/login - 19ms
2020-4-9 13:43:19 :OPTIONS /user/login - 0ms
2020-4-9 13:43:19 :POST /user/login - 13ms
2020-4-9 13:43:19 :OPTIONS /user/addUser - 0ms
2020-4-9 13:43:19 :POST /user/addUser - 6ms
2020-4-9 13:43:19 :OPTIONS /user/login - 0ms
2020-4-9 13:43:19 :POST /user/login - 3ms
2020-4-9 13:43:19 :OPTIONS /user/getAddress - 0ms
2020-4-9 13:43:19 :POST /user/getAddress - 14ms
2020-4-9 13:43:19 :GET /file/getImg?imagePath=1582094906325item-detail-2.jpg - 404
2020-4-9 13:43:19 :OPTIONS /user/addPay - 1ms
2020-4-9 13:43:19 :POST /user/addPay - 1ms
2020-4-9 13:43:18 :OPTIONS /user/getAddress - 1ms
2020-4-9 13:43:18 :POST /user/getAddress - 5ms
2020-4-9 13:43:18 :OPTIONS /user/getAddress - 1ms
2020-4-9 13:43:18 :POST /user/getAddress - 9ms
2020-4-9 13:43:18 :GET /file/getImg?imagePath=1582094906325item-detail-2.jpg - 404
2020-4-9 13:43:18 :OPTIONS /user/addPay - 1ms
2020-4-9 13:43:18 :OPTIONS /user/getAddress - 0ms
2020-4-9 13:43:18 :POST /user/addPay - 10ms
2020-4-9 13:43:18 :POST /user/getAddress - 9ms
2020-4-9 13:43:18 :OPTIONS /user/getGoods - 0ms
2020-4-9 13:43:18 :OPTIONS /user/getSort - 0ms
2020-4-9 13:43:18 :POST /user/getGoods - 12ms
2020-4-9 13:43:18 :POST /user/getSort - 9ms
2020-4-9 13:43:18 :OPTIONS /user/addPay - 0ms
2020-4-9 13:43:18 :POST /user/addPay - 2ms
2020-4-9 13:43:18 :OPTIONS /user/getAddress - 1ms
2020-4-9 13:43:18 :POST /user/getAddress - 3ms
2020-4-9 13:43:18 :OPTIONS /user/getAddress - 0ms
2020-4-9 13:43:18 :POST /user/getAddress - 28ms
2020-4-9 13:43:18 :OPTIONS /user/getAddress - 0ms
2020-4-9 13:43:18 :POST /user/getAddress - 3ms
2020-4-9 13:43:18 :POST /user/getAddress - 5ms
2020-4-9 13:43:18 :POST /user/getAddress - 8ms
2020-4-9 13:43:18 :OPTIONS /user/getAddress - 0ms
2020-4-9 13:43:18 :POST /user/getAddress - 4ms
2020-4-9 13:43:18 :OPTIONS /user/getGoods - 0ms
2020-4-9 13:43:18 :OPTIONS /user/getSort - 0ms
2020-4-9 13:43:18 :POST /user/getGoods - 5ms
2020-4-9 13:43:18 :POST /user/getSort - 5ms
2020-4-9 13:43:18 :OPTIONS /user/getPay - 0ms
2020-4-9 13:43:18 :POST /user/getPay - 8ms
2020-4-9 13:43:18 :OPTIONS /user/getPay - 1ms
2020-4-9 13:43:18 :POST /user/getPay - 13ms
2020-4-9 13:43:18 :OPTIONS /user/getShare - 0ms
2020-4-9 13:43:18 :POST /user/getShare - 4ms
2020-4-9 13:43:18 :GET /file/getImg?imagePath=1582094906325item-detail-2.jpg - 404
2020-4-9 13:43:18 :POST /user/getShare - 22ms
2020-4-9 13:43:18 :OPTIONS /user/getGoods - 1ms
2020-4-9 13:43:18 :OPTIONS /user/getSort - 0ms
2020-4-9 13:43:18 :POST /user/getGoods - 12ms
2020-4-9 13:43:18 :POST /user/getSort - 6ms
2020-4-9 13:43:18 :POST /user/getGoods - 35ms
2020-4-9 13:43:18 :POST /user/getSort - 6ms
2020-4-9 13:43:18 :POST /user/getGoods - 33ms
2020-4-9 13:43:18 :POST /user/getSort - 5ms
2020-4-9 13:43:18 :POST /user/getGoods - 9ms
2020-4-9 13:43:18 :OPTIONS /user/getShare - 0ms
2020-4-9 13:43:18 :POST /user/getShare - 10ms
2020-4-9 13:43:18 :GET /file/getImg?imagePath=1582095435158item-detail-1.jpg - 404
2020-4-9 13:43:18 :OPTIONS /user/getPay - 0ms
2020-4-9 13:43:18 :POST /user/getPay - 5ms
2020-4-9 13:43:18 :OPTIONS /user/getSort - 0ms
2020-4-9 13:43:18 :OPTIONS /user/getGoods - 0ms
2020-4-9 13:43:18 :POST /user/getSort - 3ms
2020-4-9 13:43:18 :POST /user/getGoods - 4ms
2020-4-9 13:43:18 :OPTIONS /user/getAddress - 0ms
2020-4-9 13:43:18 :POST /user/getAddress - 4ms
2020-4-9 13:43:18 :OPTIONS /user/addAddress - 0ms
2020-4-9 13:43:18 :POST /user/addAddress - 1ms
2020-4-9 13:43:18 :OPTIONS /user/getAddress - 0ms
2020-4-9 13:43:18 :POST /user/getAddress - 4ms
2020-4-9 13:43:18 :OPTIONS /user/getGoods - 0ms
2020-4-9 13:43:18 :OPTIONS /user/getSort - 0ms
2020-4-9 13:43:18 :POST /user/getGoods - 5ms
2020-4-9 13:43:18 :POST /user/getSort - 6ms
2020-4-9 13:43:18 :POST /user/getGoods - 14ms
2020-4-9 13:43:18 :POST /user/getSort - 6ms
2020-4-9 13:43:18 :OPTIONS /user/getGoods - 1ms
2020-4-9 13:43:19 :OPTIONS /user/getSort - 0ms
2020-4-9 13:43:18 :POST /user/getGoods - 4ms
2020-4-9 13:43:19 :POST /user/getSort - 53ms
2020-4-9 13:43:19 :OPTIONS /user/getSort - 0ms
2020-4-9 13:43:18 :OPTIONS /user/getGoods - 1ms
2020-4-9 13:43:18 :POST /user/getSort - 5ms
2020-4-9 13:43:19 :POST /user/getGoods - 4ms
2020-4-9 13:43:18 :POST /user/getSort - 14ms
2020-4-9 13:43:19 :POST /user/getGoods - 18ms
2020-4-9 13:43:19 :POST /user/getGoods - 5ms
2020-4-9 13:43:19 :OPTIONS /user/getGoods - 0ms
2020-4-9 13:43:19 :POST /user/getGoods - 4ms
2020-4-9 13:43:19 :OPTIONS /user/getGoods - 1ms
2020-4-9 13:43:19 :OPTIONS /user/getSort - 0ms
2020-4-9 13:43:19 :POST /user/getGoods - 4ms
2020-4-9 13:43:19 :POST /user/getSort - 4ms
2020-4-9 13:43:19 :OPTIONS /user/getComment - 0ms
2020-4-9 13:43:19 :POST /user/getComment - 34ms
2020-4-9 13:43:19 :OPTIONS /user/getPay - 1ms
2020-4-9 13:43:19 :POST /user/getPay - 4ms
2020-4-9 13:43:18 :GET /file/getImg?imagePath=1582094906325item-detail-2.jpg - 404
2020-4-9 13:43:19 :POST /user/getPay - 4ms
2020-4-9 13:43:19 :OPTIONS /user/getPay - 0ms
2020-4-9 13:43:19 :POST /user/getPay - 4ms
2020-4-9 13:43:19 :POST /user/getPay - 20ms
2020-4-9 13:43:19 :POST /user/getPay - 4ms
2020-4-9 13:43:19 :POST /user/getPay - 3ms
2020-4-9 13:43:19 :OPTIONS /user/getPay - 0ms
2020-4-9 13:43:19 :POST /user/getPay - 3ms
2020-4-9 13:43:19 :POST /user/getPay - 4ms
2020-4-9 13:43:19 :POST /user/getPay - 3ms
2020-4-9 13:43:19 :POST /user/getPay - 4ms
2020-4-9 13:43:19 :OPTIONS /user/upPay - 0ms
2020-4-9 13:43:19 :POST /user/upPay - 2ms
2020-4-9 13:43:19 :OPTIONS /user/getPay - 0ms
2020-4-9 13:43:19 :POST /user/getPay - 4ms
2020-4-9 13:43:19 :OPTIONS /user/getPay - 0ms
2020-4-9 13:43:19 :POST /user/getPay - 9ms
2020-4-9 13:43:19 :OPTIONS /user/getComment - 0ms
2020-4-9 13:43:19 :POST /user/getComment - 8ms
2020-4-9 13:43:19 :OPTIONS /user/getComment - 2ms
2020-4-9 13:43:19 :POST /user/getComment - 7ms
2020-4-9 13:43:19 :OPTIONS /user/getPay - 0ms
2020-4-9 13:43:19 :POST /user/getPay - 9ms
2020-4-9 13:43:18 :GET /file/getImg?imagePath=1582094906325item-detail-2.jpg - 404
2020-4-9 13:43:19 :OPTIONS /user/getComment - 0ms
2020-4-9 13:43:19 :POST /user/getComment - 5ms
2020-4-9 13:43:18 :OPTIONS /user/getPay - 0ms
2020-4-9 13:43:18 :POST /user/getPay - 40ms
2020-4-9 13:43:18 :OPTIONS /user/getComment - 0ms
2020-4-9 13:43:18 :POST /user/getComment - 10ms
2020-4-9 13:43:18 :OPTIONS /user/getPay - 1ms
2020-4-9 13:43:18 :POST /user/getPay - 11ms
2020-4-9 13:43:18 :OPTIONS /user/getGoods - 1ms
2020-4-9 13:43:18 :POST /user/getGoods - 13ms
2020-4-9 13:43:18 :POST /user/getPay - 20ms
2020-4-9 13:43:18 :OPTIONS /user/upPay - 0ms
2020-4-9 13:43:18 :POST /user/upPay - 5ms
2020-4-9 13:43:18 :POST /user/getGoods - 22ms
2020-4-9 13:43:18 :OPTIONS /user/upGoods - 0ms
2020-4-9 13:43:18 :POST /user/upGoods - 1ms
2020-4-9 13:43:18 :OPTIONS /user/getPay - 0ms
2020-4-9 13:43:18 :POST /user/getPay - 4ms
2020-4-9 13:43:18 :POST /user/getPay - 5ms
2020-4-9 13:43:18 :OPTIONS /user/upPay - 1ms
2020-4-9 13:43:18 :POST /user/upPay - 1ms
2020-4-9 13:43:18 :OPTIONS /user/getPay - 0ms
2020-4-9 13:43:18 :POST /user/getPay - 7ms
2020-4-9 13:43:18 :POST /user/getPay - 2ms
2020-4-9 13:43:18 :OPTIONS /user/getComment - 1ms
2020-4-9 13:43:18 :POST /user/getComment - 15ms
2020-4-9 13:43:18 :OPTIONS /user/getPay - 0ms
2020-4-9 13:43:18 :POST /user/getPay - 8ms
2020-4-9 13:43:18 :OPTIONS /user/getComment - 1ms
2020-4-9 13:43:18 :POST /user/getComment - 7ms
2020-4-9 13:43:18 :POST /user/getPay - 10ms
2020-4-9 13:43:18 :POST /user/getComment - 8ms
2020-4-9 13:43:18 :OPTIONS /user/getPay - 0ms
2020-4-9 13:43:18 :POST /user/getPay - 7ms
2020-4-9 13:43:18 :OPTIONS /user/getAddress - 0ms
2020-4-9 13:43:18 :POST /user/getAddress - 6ms
2020-4-9 13:43:18 :OPTIONS /user/upPay - 1ms
2020-4-9 13:43:18 :POST /user/upPay - 1ms
2020-4-9 13:43:18 :OPTIONS /user/getGoods - 0ms
2020-4-9 13:43:18 :POST /user/getGoods - 17ms
2020-4-9 13:43:18 :OPTIONS /user/getSort - 1ms
2020-4-9 13:43:18 :POST /user/getSort - 78ms
2020-4-9 13:43:18 :POST /user/getAddress - 5ms
2020-4-9 13:43:18 :OPTIONS /user/getPay - 0ms
2020-4-9 13:43:18 :POST /user/getPay - 6ms
2020-4-9 13:43:18 :POST /user/getPay - 3ms
2020-4-9 13:43:18 :POST /user/getPay - 3ms
2020-4-9 13:43:18 :OPTIONS /user/getGoods - 0ms
2020-4-9 13:43:18 :POST /user/getGoods - 5ms
2020-4-9 13:43:18 :OPTIONS /user/getPay - 0ms
2020-4-9 13:43:18 :POST /user/getPay - 3ms
2020-4-9 13:43:18 :OPTIONS /user/upPay - 1ms
2020-4-9 13:43:18 :POST /user/upPay - 1ms
2020-4-9 13:43:18 :POST /user/getGoods - 3ms
2020-4-9 13:43:18 :POST /user/getPay - 3ms
2020-4-9 13:43:18 :POST /user/getPay - 3ms
2020-4-9 13:43:18 :OPTIONS /user/getPay - 0ms
2020-4-9 13:43:18 :POST /user/getPay - 21ms
2020-4-9 13:43:18 :OPTIONS /user/upPay - 0ms
2020-4-9 13:43:18 :POST /user/upPay - 3ms
2020-4-9 13:43:18 :POST /user/getPay - 2ms
2020-4-9 13:43:18 :OPTIONS /user/getComment - 0ms
2020-4-9 13:43:18 :POST /user/getComment - 4ms
2020-4-9 13:43:18 :OPTIONS /user/getPay - 0ms
2020-4-9 13:43:18 :POST /user/getPay - 6ms
2020-4-9 13:43:18 :OPTIONS /user/getPay - 0ms
2020-4-9 13:43:18 :POST /user/getPay - 4ms
2020-4-9 13:43:18 :POST /user/getPay - 45ms
2020-4-9 13:43:18 :POST /user/getPay - 17ms
2020-4-9 13:43:18 :POST /user/getPay - 2ms
2020-4-9 13:43:18 :POST /user/getPay - 3ms
2020-4-9 13:43:18 :POST /user/getPay - 10ms
2020-4-9 13:43:18 :POST /user/getPay - 3ms
2020-4-9 13:43:18 :GET /file/getImg?imagePath=1582095435158item-detail-1.jpg - 404
2020-4-9 13:43:18 :OPTIONS /file/upFile - 1ms
2020-4-9 13:43:18 :POST /file/upFile - 1ms
2020-4-9 13:43:18 :OPTIONS /user/upUser - 0ms
2020-4-9 13:43:18 :POST /user/upUser - 3ms
2020-4-9 13:43:18 :GET /file/getImg?imagePath=1586413706380 - 404
2020-4-9 13:43:18 :OPTIONS /file/upFile - 0ms
2020-4-9 13:43:18 :POST /file/upFile - 1ms
2020-4-9 13:43:18 :OPTIONS /user/getGoods - 0ms
2020-4-9 13:43:18 :POST /user/getGoods - 24ms
2020-4-9 13:43:18 :OPTIONS /user/getSort - 0ms
2020-4-9 13:43:18 :POST /user/getSort - 78ms
2020-4-9 13:43:18 :POST /user/getGoods - 28ms
2020-4-9 13:43:18 :POST /user/getGoods - 21ms
2020-4-9 13:43:18 :POST /user/getSort - 5ms
2020-4-9 13:43:18 :OPTIONS /user/getGoods - 0ms
2020-4-9 13:43:18 :OPTIONS /user/getSort - 0ms
2020-4-9 13:43:18 :POST /user/getSort - 5ms
2020-4-9 13:43:18 :POST /user/getGoods - 5ms
2020-4-9 13:43:18 :OPTIONS /user/getGoods - 1ms
2020-4-9 13:43:18 :OPTIONS /user/getSort - 0ms
2020-4-9 13:43:18 :OPTIONS /user/getGoods - 1ms
2020-4-9 13:43:19 :OPTIONS /user/getGoods - 0ms
2020-4-9 13:43:18 :POST /user/getGoods - 14ms
2020-4-9 13:43:18 :POST /user/getSort - 9ms
2020-4-9 13:43:18 :POST /user/getGoods - 17ms
2020-4-9 13:43:19 :POST /user/getGoods - 49ms
2020-4-9 13:43:19 :POST /user/getGoods - 4ms
2020-4-9 13:43:18 :POST /user/getSort - 3ms
2020-4-9 13:43:19 :OPTIONS /user/getSort - 1ms
2020-4-9 13:43:19 :POST /user/getSort - 15ms
2020-4-9 13:43:18 :OPTIONS /user/getGoods - 1ms
2020-4-9 13:43:18 :POST /user/getGoods - 6ms
2020-4-9 13:43:18 :OPTIONS /user/getPay - 0ms
2020-4-9 13:43:18 :POST /user/getPay - 6ms
2020-4-9 13:43:18 :GET /file/getImg?imagePath=1586413706380 - 404
2020-4-9 13:43:18 :OPTIONS /user/getGoods - 0ms
2020-4-9 13:43:19 :OPTIONS /user/getSort - 0ms
2020-4-9 13:43:18 :POST /user/getSort - 47ms
2020-4-9 13:43:19 :POST /user/getGoods - 49ms
2020-4-9 13:43:19 :POST /user/getGoods - 5ms
2020-4-9 13:43:18 :POST /user/getSort - 19ms
2020-4-9 13:43:19 :POST /user/getGoods - 5ms
2020-4-9 13:43:18 :OPTIONS /user/getSort - 0ms
2020-4-9 13:43:18 :POST /user/getSort - 22ms
2020-4-9 13:43:19 :OPTIONS /user/getGoods - 0ms
2020-4-9 13:43:19 :POST /user/getGoods - 9ms
2020-4-9 13:43:19 :OPTIONS /user/getGoods - 0ms
2020-4-9 13:43:18 :OPTIONS /user/getSort - 0ms
2020-4-9 13:43:19 :POST /user/getGoods - 21ms
2020-4-9 13:43:18 :POST /user/getSort - 16ms
2020-4-9 13:43:18 :POST /user/getGoods - 5ms
2020-4-9 13:43:19 :POST /user/getSort - 6ms
2020-4-9 13:43:19 :OPTIONS /user/getGoods - 0ms
2020-4-9 13:43:19 :OPTIONS /user/getSort - 1ms
2020-4-9 13:43:19 :POST /user/getGoods - 3ms
2020-4-9 13:43:19 :POST /user/getSort - 7ms
2020-4-9 13:43:18 :OPTIONS /user/getGoods - 0ms
2020-4-9 13:43:18 :OPTIONS /user/getSort - 0ms
2020-4-9 13:43:18 :POST /user/getGoods - 5ms
2020-4-9 13:43:18 :POST /user/getSort - 3ms
2020-4-9 13:43:18 :POST /user/getGoods - 3ms
2020-4-9 13:43:19 :GET /file/getImg?imagePath=1582094906325item-detail-2.jpg - 404
2020-4-9 13:43:19 :OPTIONS /user/getGoods - 3ms
2020-4-9 13:43:18 :OPTIONS /user/getSort - 0ms
2020-4-9 13:43:19 :POST /user/getGoods - 6ms
2020-4-9 13:43:18 :POST /user/getSort - 6ms
2020-4-9 13:43:19 :OPTIONS /user/getGoods - 0ms
2020-4-9 13:43:19 :OPTIONS /user/getSort - 0ms
2020-4-9 13:43:19 :POST /user/getGoods - 22ms
2020-4-9 13:43:19 :POST /user/getSort - 20ms
2020-4-9 13:43:19 :OPTIONS /user/addPay - 0ms
2020-4-9 13:43:19 :POST /user/addPay - 1ms
2020-4-9 13:43:19 :OPTIONS /user/getAddress - 0ms
2020-4-9 13:43:19 :POST /user/getAddress - 7ms
2020-4-9 13:43:19 :OPTIONS /user/getGoods - 0ms
2020-4-9 13:43:18 :OPTIONS /user/getSort - 0ms
2020-4-9 13:43:19 :POST /user/getGoods - 6ms
2020-4-9 13:43:18 :POST /user/getSort - 4ms
2020-4-9 13:43:18 :POST /user/getGoods - 2ms
2020-4-9 13:43:18 :OPTIONS /user/getGoods - 0ms
2020-4-9 13:43:18 :OPTIONS /user/getSort - 0ms
2020-4-9 13:43:18 :POST /user/getGoods - 8ms
2020-4-9 13:43:18 :POST /user/getSort - 11ms
2020-4-9 13:43:18 :OPTIONS /user/getGoods - 0ms
2020-4-9 13:43:18 :OPTIONS /user/getSort - 0ms
2020-4-9 13:43:18 :POST /user/getGoods - 29ms
2020-4-9 13:43:18 :POST /user/getSort - 24ms
2020-4-9 13:43:19 :OPTIONS /user/getSort - 0ms
2020-4-9 13:43:18 :OPTIONS /user/getGoods - 0ms
2020-4-9 13:43:19 :POST /user/getGoods - 4ms
2020-4-9 13:43:18 :POST /user/getSort - 4ms
2020-4-9 13:43:18 :OPTIONS /user/getShare - 0ms
2020-4-9 13:43:18 :POST /user/getShare - 5ms
2020-4-9 13:43:18 :OPTIONS /user/getPay - 0ms
2020-4-9 13:43:18 :POST /user/getPay - 4ms
2020-4-9 13:43:18 :OPTIONS /user/getPay - 0ms
2020-4-9 13:43:18 :POST /user/getPay - 4ms
2020-4-9 13:43:19 :OPTIONS /user/getSort - 0ms
2020-4-9 13:43:19 :POST /user/getSort - 7ms
2020-4-9 13:43:18 :OPTIONS /user/getGoods - 0ms
2020-4-9 13:43:18 :POST /user/getGoods - 47ms
2020-4-9 13:43:18 :GET /file/getImg?imagePath=1586413706380 - 404
2020-4-9 13:43:19 :OPTIONS /user/login - 0ms
2020-4-9 13:43:19 :POST /user/login - 5ms
2020-4-9 13:43:19 :OPTIONS /user/getAddress - 0ms
2020-4-9 13:43:19 :POST /user/getAddress - 3ms
2020-4-9 13:43:19 :OPTIONS /user/login - 0ms
2020-4-9 13:43:19 :POST /user/login - 3ms
2020-4-9 13:43:19 :GET /file/getImg?imagePath=1586413706380 - 404
2020-4-9 13:43:19 :GET /file/getImg?imagePath=1582094906325item-detail-2.jpg - 404
2020-4-9 13:43:18 :OPTIONS /user/getPay - 1ms
2020-4-9 13:43:18 :POST /user/getPay - 12ms
2020-4-9 13:43:18 :GET /file/getImg?imagePath=1586413706380 - 404
2020-4-9 13:43:18 :GET /file/getImg?imagePath=1586413706380 - 404
2020-4-9 13:43:18 :OPTIONS /user/login - 0ms
2020-4-9 13:43:18 :POST /user/login - 32ms
2020-4-9 13:43:18 :OPTIONS /user/login - 0ms
2020-4-9 13:43:18 :POST /user/login - 3ms
2020-4-9 13:43:18 :GET /file/getImg?imagePath=1586413706380 - 404
2020-4-9 13:43:18 :GET /file/getImg?imagePath=1586413706380 - 404
2020-4-9 13:43:18 :OPTIONS /user/getShare - 0ms
2020-4-9 13:43:18 :POST /user/getShare - 3ms
2020-4-9 13:43:18 :OPTIONS /user/getShare - 0ms
2020-4-9 13:43:18 :POST /user/getShare - 38ms
2020-4-9 13:43:18 :OPTIONS /user/getPay - 0ms
2020-4-9 13:43:18 :POST /user/getPay - 4ms
2020-4-9 13:43:18 :OPTIONS /user/getGoods - 1ms
2020-4-9 13:43:18 :OPTIONS /user/getSort - 1ms
2020-4-9 13:43:18 :POST /user/getSort - 23ms
2020-4-9 13:43:18 :POST /user/getGoods - 30ms
2020-4-9 13:43:18 :OPTIONS /user/getGoods - 0ms
2020-4-9 13:43:18 :OPTIONS /user/getSort - 1ms
2020-4-9 13:43:18 :POST /user/getGoods - 5ms
2020-4-9 13:43:18 :POST /user/getSort - 4ms
2020-4-9 13:43:18 :OPTIONS /user/getGoods - 0ms
2020-4-9 13:43:18 :OPTIONS /user/getSort - 1ms
2020-4-9 13:43:18 :POST /user/getGoods - 8ms
2020-4-9 13:43:18 :POST /user/getSort - 4ms
2020-4-9 16:22:41 :OPTIONS /user/getGoods - 5ms
2020-4-9 16:22:41 :OPTIONS /user/getSort - 0ms
2020-4-9 16:22:41 :POST /user/getGoods - 1143ms
2020-4-9 16:22:41 :POST /user/getSort - 1123ms
2020-4-9 16:22:41 :GET /file/getImg?imagePath=1586328927275 - 404
2020-4-9 16:22:41 :OPTIONS /user/getSort - 1ms
2020-4-9 16:22:41 :OPTIONS /user/getGoods - 6ms
2020-4-9 16:22:41 :POST /user/getGoods - 126ms
2020-4-9 16:22:41 :GET /file/getImg?imagePath=1586328927275 - 404
2020-4-9 16:22:41 :POST /user/getSort - 94ms
2020-4-9 16:22:41 :OPTIONS /user/getSort - 1ms
2020-4-9 16:22:41 :OPTIONS /user/getGoods - 1ms
2020-4-9 16:22:41 :POST /user/getGoods - 6ms
2020-4-9 16:22:41 :POST /user/getSort - 16ms
2020-4-9 16:22:41 :GET /file/getImg?imagePath=1586328927275 - 404
2020-4-9 16:22:41 :OPTIONS /user/getShare - 1ms
2020-4-9 16:22:41 :POST /user/getShare - 42ms
2020-4-9 16:22:41 :OPTIONS /user/getShare - 0ms
2020-4-9 16:22:41 :POST /user/getShare - 3ms
2020-4-9 16:22:41 :OPTIONS /user/getGoods - 0ms
2020-4-9 16:22:41 :OPTIONS /user/getSort - 0ms
2020-4-9 16:22:41 :POST /user/getGoods - 4ms
2020-4-9 16:22:41 :POST /user/getSort - 4ms
2020-4-9 16:22:41 :OPTIONS /user/getAdmin - 0ms
2020-4-9 16:22:41 :POST /user/getAdmin - 5ms
2020-4-9 16:22:41 :OPTIONS /user/login - 0ms
2020-4-9 16:22:41 :POST /user/login - 9ms
2020-4-9 16:22:41 :OPTIONS /user/getSort - 0ms
2020-4-9 16:22:41 :POST /user/getSort - 2ms
2020-4-9 16:22:41 :OPTIONS /user/getGoods - 0ms
2020-4-9 16:22:41 :POST /user/getGoods - 3ms
2020-4-9 16:22:41 :OPTIONS /user/getSort - 0ms
2020-4-9 16:22:41 :POST /user/getSort - 2ms
2020-4-9 16:22:41 :OPTIONS /file/upFile - 1ms
2020-4-9 16:22:41 :POST /file/upFile - 1ms
2020-4-9 16:22:41 :OPTIONS /user/addGoods - 0ms
2020-4-9 16:22:41 :POST /user/addGoods - 83ms
2020-4-9 16:22:41 :OPTIONS /user/getGoods - 0ms
2020-4-9 16:22:41 :POST /user/getGoods - 4ms
2020-4-9 16:22:41 :OPTIONS /user/getPay - 0ms
2020-4-9 16:22:41 :POST /user/getPay - 41ms
2020-4-9 16:22:41 :OPTIONS /user/getGoods - 0ms
2020-4-9 16:22:41 :POST /user/getGoods - 3ms
2020-4-9 16:22:41 :OPTIONS /user/getSort - 0ms
2020-4-9 16:22:41 :OPTIONS /user/getGoods - 0ms
2020-4-9 16:22:41 :POST /user/getSort - 33ms
2020-4-9 16:22:41 :POST /user/getGoods - 111ms
2020-4-9 16:22:41 :GET /file/getImg?imagePath=1586421238537 - 404
2020-4-9 16:22:41 :GET /file/getImg?imagePath=1586328927275 - 404
2020-4-9 16:22:41 :OPTIONS /user/delGoods - 0ms
2020-4-9 16:22:41 :POST /user/delGoods - 30ms
2020-4-9 16:22:41 :POST /user/delGoods - 1ms
2020-4-9 16:22:41 :OPTIONS /user/getSort - 0ms
2020-4-9 16:22:41 :POST /user/getSort - 22ms
2020-4-9 16:22:41 :OPTIONS /user/getGoods - 0ms
2020-4-9 16:22:41 :POST /user/getGoods - 3ms
2020-4-9 16:22:41 :OPTIONS /user/getSort - 1ms
2020-4-9 16:22:41 :OPTIONS /user/getGoods - 0ms
2020-4-9 16:22:41 :POST /user/getSort - 16ms
2020-4-9 16:22:41 :POST /user/getGoods - 13ms
2020-4-9 16:22:41 :GET /file/getImg?imagePath=1586421238537 - 404
2020-4-9 16:22:41 :OPTIONS /user/getSort - 0ms
2020-4-9 16:22:41 :POST /user/getSort - 7ms
2020-4-9 16:22:41 :OPTIONS /user/getGoods - 1ms
2020-4-9 16:22:41 :POST /user/getGoods - 7ms
2020-4-9 16:22:41 :GET /file/getImg?imagePath=1586421238537 - 404
2020-4-9 16:22:41 :POST /user/getGoods - 11ms
2020-4-9 16:22:41 :POST /user/getGoods - 4ms
2020-4-9 16:22:41 :POST /user/getGoods - 3ms
2020-4-9 16:22:41 :OPTIONS /user/getGoods - 0ms
2020-4-9 16:22:41 :POST /user/getGoods - 2ms
2020-4-9 16:22:41 :POST /user/getGoods - 3ms
2020-4-9 16:22:41 :OPTIONS /user/getGoods - 0ms
2020-4-9 16:22:41 :OPTIONS /user/getSort - 0ms
2020-4-9 16:22:41 :POST /user/getGoods - 70ms
2020-4-9 16:22:41 :POST /user/getSort - 6ms
2020-4-9 16:22:41 :OPTIONS /user/getSort - 0ms
2020-4-9 16:22:41 :OPTIONS /user/getGoods - 0ms
2020-4-9 16:22:41 :OPTIONS /user/getGoods - 0ms
2020-4-9 16:22:41 :OPTIONS /user/getGoods - 0ms
2020-4-9 16:22:41 :POST /user/getGoods - 3ms
2020-4-9 16:22:41 :POST /user/getSort - 4ms
2020-4-9 16:22:41 :POST /user/getGoods - 46ms
2020-4-9 16:22:41 :POST /user/getGoods - 45ms
2020-4-9 16:22:41 :OPTIONS /user/getGoods - 0ms
2020-4-9 16:22:41 :OPTIONS /user/getSort - 0ms
2020-4-9 16:22:41 :POST /user/getGoods - 13ms
2020-4-9 16:22:41 :POST /user/getSort - 9ms
2020-4-9 16:22:41 :OPTIONS /user/getShare - 0ms
2020-4-9 16:22:41 :POST /user/getShare - 5ms
2020-4-9 16:22:41 :OPTIONS /user/getShare - 0ms
2020-4-9 16:22:41 :POST /user/getShare - 4ms
2020-4-9 16:22:41 :POST /user/getShare - 6ms
2020-4-9 16:22:41 :OPTIONS /user/getGoods - 0ms
2020-4-9 16:22:41 :OPTIONS /user/getSort - 0ms
2020-4-9 16:22:41 :POST /user/getGoods - 3ms
2020-4-9 16:22:41 :POST /user/getSort - 4ms
2020-4-9 16:22:41 :OPTIONS /user/getGoods - 0ms
2020-4-9 16:22:41 :OPTIONS /user/getSort - 0ms
2020-4-9 16:22:41 :POST /user/getGoods - 5ms
2020-4-9 16:22:41 :POST /user/getSort - 3ms
2020-4-9 16:22:41 :POST /user/getGoods - 4ms
2020-4-9 16:22:41 :POST /user/getGoods - 6ms
2020-4-9 16:22:41 :POST /user/getSort - 4ms
2020-4-9 16:22:41 :OPTIONS /user/getGoods - 0ms
2020-4-9 16:22:41 :OPTIONS /user/getSort - 0ms
2020-4-9 16:22:41 :POST /user/getGoods - 4ms
2020-4-9 16:22:41 :POST /user/getSort - 3ms
2020-4-9 16:22:41 :OPTIONS /user/getGoods - 1ms
2020-4-9 16:22:41 :OPTIONS /user/getSort - 1ms
2020-4-9 16:22:41 :POST /user/getGoods - 6ms
2020-4-9 16:22:41 :POST /user/getSort - 5ms
2020-4-9 16:22:41 :OPTIONS /user/getGoods - 0ms
2020-4-9 16:22:41 :OPTIONS /user/getSort - 0ms
2020-4-9 16:22:41 :POST /user/getGoods - 7ms
2020-4-9 16:22:41 :POST /user/getSort - 3ms
2020-4-9 16:22:41 :POST /user/getGoods - 7ms
2020-4-9 16:22:41 :POST /user/getSort - 6ms
2020-4-9 16:22:41 :POST /user/getGoods - 3ms
2020-4-9 16:22:41 :POST /user/getGoods - 7ms
2020-4-9 16:22:41 :OPTIONS /user/getSort - 0ms
2020-4-9 16:22:41 :OPTIONS /user/getGoods - 0ms
2020-4-9 16:22:41 :POST /user/getGoods - 7ms
2020-4-9 16:22:41 :POST /user/getSort - 6ms
2020-4-9 16:22:41 :OPTIONS /user/getGoods - 1ms
2020-4-9 16:22:41 :OPTIONS /user/getSort - 0ms
2020-4-9 16:22:41 :POST /user/getGoods - 4ms
2020-4-9 16:22:41 :POST /user/getSort - 3ms
2020-4-9 16:22:41 :POST /user/getGoods - 7ms
2020-4-9 16:22:41 :POST /user/getSort - 10ms
2020-4-9 16:22:41 :POST /user/getGoods - 3ms
2020-4-9 16:22:41 :POST /user/getGoods - 16ms
2020-4-9 16:22:41 :POST /user/getSort - 30ms
2020-4-9 16:22:41 :OPTIONS /user/getGoods - 0ms
2020-4-9 16:22:41 :OPTIONS /user/getSort - 0ms
2020-4-9 16:22:41 :POST /user/getSort - 25ms
2020-4-9 16:22:41 :POST /user/getGoods - 31ms
2020-4-9 16:22:41 :GET /file/getImg?imagePath=1586421238537 - 404
2020-4-9 16:22:41 :OPTIONS /user/getAdmin - 12ms
2020-4-9 16:22:41 :POST /user/getAdmin - 107ms
2020-4-9 16:22:41 :OPTIONS /user/login - 0ms
2020-4-9 16:22:41 :POST /user/login - 27ms
2020-4-9 16:22:41 :OPTIONS /user/getAdmin - 0ms
2020-4-9 16:22:41 :POST /user/getAdmin - 4ms
2020-4-9 16:22:41 :OPTIONS /user/getGoods - 39ms
2020-4-9 16:22:41 :POST /user/getGoods - 1538ms
2020-4-9 16:22:41 :OPTIONS /user/getSort - 9ms
2020-4-9 16:22:41 :POST /user/getSort - 761ms
2020-4-9 16:22:41 :OPTIONS /user/getGoods - 1ms
2020-4-9 16:22:41 :OPTIONS /user/getSort - 0ms
2020-4-9 16:22:41 :POST /user/getGoods - 23ms
2020-4-9 16:22:41 :POST /user/getSort - 15ms
2020-4-9 16:22:41 :POST /user/getGoods - 7ms
2020-4-9 16:22:41 :POST /user/getSort - 17ms
2020-4-9 16:22:41 :POST /user/getGoods - 194ms
2020-4-9 16:22:41 :POST /user/getGoods - 217ms
2020-4-9 16:22:41 :OPTIONS /user/getGoods - 0ms
2020-4-9 16:22:41 :OPTIONS /user/getSort - 0ms
2020-4-9 16:22:41 :POST /user/getSort - 59ms
2020-4-9 16:22:41 :POST /user/getGoods - 60ms
2020-4-9 16:22:41 :POST /user/getSort - 16ms
2020-4-9 16:22:41 :POST /user/getGoods - 18ms
2020-4-9 16:22:41 :OPTIONS /user/getGoods - 0ms
2020-4-9 16:22:41 :OPTIONS /user/getSort - 0ms
2020-4-9 16:22:41 :POST /user/getGoods - 6ms
2020-4-9 16:22:41 :POST /user/getSort - 211ms
2020-4-9 16:22:41 :POST /user/getGoods - 168ms
2020-4-9 16:22:41 :POST /user/getSort - 44ms
2020-4-9 16:22:41 :OPTIONS /user/getGoods - 0ms
2020-4-9 16:22:41 :OPTIONS /user/getSort - 0ms
2020-4-9 16:22:41 :POST /user/getGoods - 4ms
2020-4-9 16:22:41 :POST /user/getSort - 3ms
2020-4-9 16:22:41 :POST /user/getGoods - 6ms
2020-4-9 16:22:41 :POST /user/getSort - 17ms
2020-4-9 16:22:41 :POST /user/getGoods - 3ms
2020-4-9 16:22:41 :POST /user/getGoods - 5ms
2020-4-9 16:22:41 :POST /user/getGoods - 6ms
2020-4-9 16:22:41 :POST /user/getGoods - 451ms
2020-4-9 16:22:41 :POST /user/getGoods - 343ms
2020-4-9 16:22:41 :OPTIONS /user/getGoods - 130ms
2020-4-9 16:22:41 :OPTIONS /user/getSort - 490ms
2020-4-9 16:22:41 :POST /user/getSort - 3888ms
2020-4-9 16:22:41 :POST /user/getGoods - 4079ms
2020-4-9 16:22:41 :OPTIONS /user/getGoods - 0ms
2020-4-9 16:22:41 :POST /user/getGoods - 70ms
2020-4-9 16:22:41 :OPTIONS /user/getSort - 0ms
2020-4-9 16:22:41 :OPTIONS /user/getGoods - 4ms
2020-4-9 16:22:41 :POST /user/getGoods - 13ms
2020-4-9 16:22:41 :POST /user/getSort - 47ms
2020-4-9 16:22:41 :GET /file/getImg?imagePath=1586421238537 - 404
2020-4-9 16:22:41 :OPTIONS /user/getGoods - 0ms
2020-4-9 16:22:41 :POST /user/getGoods - 3ms
2020-4-9 16:22:41 :OPTIONS /user/getSort - 0ms
2020-4-9 16:22:41 :POST /user/getSort - 22ms
2020-4-9 16:22:41 :OPTIONS /user/getGoods - 0ms
2020-4-9 16:22:41 :POST /user/getGoods - 5ms
2020-4-9 16:22:41 :OPTIONS /user/getGoods - 0ms
2020-4-9 16:22:41 :POST /user/getGoods - 164ms
2020-4-9 16:22:41 :OPTIONS /user/getSort - 1ms
2020-4-9 16:22:41 :OPTIONS /user/getGoods - 0ms
2020-4-9 16:22:41 :POST /user/getSort - 9ms
2020-4-9 16:22:41 :POST /user/getGoods - 30ms
2020-4-9 16:22:41 :GET /file/getImg?imagePath=1586421238537 - 404
2020-4-9 16:22:41 :OPTIONS /user/login - 100ms
2020-4-9 16:22:41 :POST /user/login - 969ms
2020-4-9 16:22:41 :OPTIONS /user/addUser - 0ms
2020-4-9 16:22:41 :POST /user/addUser - 632ms
2020-4-9 16:22:41 :OPTIONS /user/login - 1ms
2020-4-9 16:22:41 :POST /user/login - 23ms
2020-4-9 16:22:41 :OPTIONS /file/upFile - 0ms
2020-4-9 16:22:41 :POST /file/upFile - 26ms
2020-4-9 16:22:41 :OPTIONS /user/upUser - 1ms
2020-4-9 16:22:41 :POST /user/upUser - 1066ms
2020-4-9 16:22:41 :GET /file/getImg?imagePath=1586426549715 - 404
2020-4-9 16:22:41 :OPTIONS /user/getGoods - 0ms
2020-4-9 16:22:41 :OPTIONS /user/getSort - 0ms
2020-4-9 16:22:41 :POST /user/getGoods - 7ms
2020-4-9 16:22:41 :POST /user/getSort - 5ms
2020-4-9 16:22:41 :GET /file/getImg?imagePath=1586421238537 - 404
2020-4-9 16:22:41 :OPTIONS /user/getGoods - 0ms
2020-4-9 16:22:41 :OPTIONS /user/getSort - 1ms
2020-4-9 16:22:41 :POST /user/getGoods - 23ms
2020-4-9 16:22:41 :POST /user/getSort - 23ms
2020-4-9 16:22:41 :OPTIONS /user/getGoods - 0ms
2020-4-9 16:22:41 :OPTIONS /user/getSort - 0ms
2020-4-9 16:22:41 :POST /user/getGoods - 33ms
2020-4-9 16:22:41 :POST /user/getSort - 56ms
2020-4-9 16:22:41 :GET /file/getImg?imagePath=1586421238537 - 404
2020-4-9 16:22:41 :OPTIONS /user/getSort - 0ms
2020-4-9 16:22:41 :OPTIONS /user/getGoods - 1ms
2020-4-9 16:22:41 :POST /user/getSort - 21ms
2020-4-9 16:22:41 :POST /user/getGoods - 13ms
2020-4-9 16:22:41 :POST /user/getGoods - 16ms
2020-4-9 16:22:41 :POST /user/getGoods - 4ms
2020-4-9 16:22:41 :OPTIONS /user/getSort - 0ms
2020-4-9 16:22:41 :OPTIONS /user/getGoods - 0ms
2020-4-9 16:22:41 :POST /user/getGoods - 39ms
2020-4-9 16:22:41 :POST /user/getSort - 71ms
2020-4-9 16:22:41 :GET /file/getImg?imagePath=1586421238537 - 404
2020-4-9 16:22:41 :POST /user/getGoods - 5ms
2020-4-9 16:22:41 :POST /user/getSort - 4ms
2020-4-9 16:22:41 :OPTIONS /user/getGoods - 0ms
2020-4-9 16:22:41 :OPTIONS /user/getSort - 0ms
2020-4-9 16:22:41 :POST /user/getSort - 107ms
2020-4-9 16:22:41 :POST /user/getGoods - 109ms
2020-4-9 16:22:41 :OPTIONS /user/getSort - 0ms
2020-4-9 16:22:41 :OPTIONS /user/getGoods - 0ms
2020-4-9 16:22:41 :POST /user/getGoods - 51ms
2020-4-9 16:22:41 :POST /user/getSort - 86ms
2020-4-9 16:22:41 :GET /file/getImg?imagePath=1586421238537 - 404
2020-4-9 16:22:41 :GET /file/getImg?imagePath=1586426549715 - 404
2020-4-9 16:22:41 :OPTIONS /user/getGoods - 1ms
2020-4-9 16:22:41 :OPTIONS /user/getSort - 1ms
2020-4-9 16:22:41 :POST /user/getGoods - 8ms
2020-4-9 16:22:41 :POST /user/getSort - 6ms
2020-4-9 16:22:41 :GET /file/getImg?imagePath=1586421238537 - 404
2020-4-9 16:22:41 :OPTIONS /user/addPay - 0ms
2020-4-9 16:22:41 :OPTIONS /user/getAddress - 0ms
2020-4-9 16:22:41 :POST /user/getAddress - 156ms
2020-4-9 16:22:41 :POST /user/addPay - 648ms
2020-4-9 16:22:41 :OPTIONS /user/getAddress - 1ms
2020-4-9 16:22:41 :POST /user/getAddress - 8ms
2020-4-9 16:22:41 :GET /file/getImg?imagePath=1586421238537 - 404
2020-4-9 16:22:41 :OPTIONS /user/getGoods - 1ms
2020-4-9 16:22:41 :OPTIONS /user/getSort - 0ms
2020-4-9 16:22:41 :POST /user/getGoods - 7ms
2020-4-9 16:22:41 :POST /user/getSort - 4ms
2020-4-9 16:22:41 :GET /file/getImg?imagePath=1586426549715 - 404
2020-4-9 16:22:41 :OPTIONS /user/getAddress - 1ms
2020-4-9 16:22:41 :POST /user/getAddress - 6ms
2020-4-9 16:22:41 :OPTIONS /user/addAddress - 1ms
2020-4-9 16:22:41 :POST /user/addAddress - 1ms
2020-4-9 16:22:41 :OPTIONS /user/getAddress - 0ms
2020-4-9 16:22:41 :POST /user/getAddress - 345ms
2020-4-9 16:22:41 :OPTIONS /user/getAddress - 0ms
2020-4-9 16:22:41 :POST /user/getAddress - 4ms
2020-4-9 16:22:41 :OPTIONS /user/getSort - 0ms
2020-4-9 16:22:41 :OPTIONS /user/getGoods - 0ms
2020-4-9 16:22:41 :POST /user/getGoods - 7ms
2020-4-9 16:22:41 :POST /user/getSort - 7ms
2020-4-9 16:22:41 :GET /file/getImg?imagePath=1586421238537 - 404
2020-4-9 16:22:41 :OPTIONS /user/getShare - 9ms
2020-4-9 16:22:41 :POST /user/getShare - 21ms
2020-4-9 16:22:41 :OPTIONS /file/upFile - 0ms
2020-4-9 16:22:41 :POST /file/upFile - 1ms
2020-4-9 16:22:41 :OPTIONS /user/addShare - 0ms
2020-4-9 16:22:41 :POST /user/addShare - 15ms
2020-4-9 16:22:41 :OPTIONS /user/getShare - 0ms
2020-4-9 16:22:41 :POST /user/getShare - 38ms
2020-4-9 16:22:41 :POST /user/getShare - 117ms
2020-4-9 16:22:41 :GET /file/getImg?imagePath=1586426870161 - 404
2020-4-9 16:22:41 :POST /user/addPay - 2ms
2020-4-9 16:22:41 :OPTIONS /user/addPay - 0ms
2020-4-9 16:22:41 :OPTIONS /user/getAddress - 10ms
2020-4-9 16:22:41 :POST /user/getAddress - 9ms
2020-4-9 16:22:41 :OPTIONS /user/getAddress - 0ms
2020-4-9 16:22:41 :POST /user/getAddress - 11ms
2020-4-9 16:22:41 :OPTIONS /user/getAddress - 0ms
2020-4-9 16:22:41 :POST /user/getAddress - 22ms
2020-4-9 16:22:41 :GET /file/getImg?imagePath=1586421238537 - 404
2020-4-9 16:22:41 :GET /file/getImg?imagePath=1586426549715 - 404
2020-4-9 16:22:41 :OPTIONS /user/getPay - 0ms
2020-4-9 16:22:41 :POST /user/getPay - 49ms
2020-4-9 16:22:41 :OPTIONS /user/getAddress - 1ms
2020-4-9 16:22:41 :POST /user/getAddress - 5ms
2020-4-9 16:22:41 :OPTIONS /user/getShare - 0ms
2020-4-9 16:22:41 :POST /user/getShare - 4ms
2020-4-9 16:22:41 :GET /file/getImg?imagePath=1586426870161 - 404
2020-4-9 16:22:41 :POST /user/getShare - 12ms
2020-4-9 16:22:41 :OPTIONS /user/getShare - 0ms
2020-4-9 16:22:41 :POST /user/getShare - 7ms
2020-4-9 16:22:41 :OPTIONS /user/getShareComment - 0ms
2020-4-9 16:22:41 :POST /user/getShareComment - 1025ms
2020-4-9 16:22:41 :OPTIONS /user/addShareComment - 0ms
2020-4-9 16:22:41 :POST /user/addShareComment - 2ms
2020-4-9 16:22:41 :OPTIONS /user/getShare - 0ms
2020-4-9 16:22:41 :POST /user/getShare - 3ms
2020-4-9 16:22:41 :OPTIONS /user/getGoods - 0ms
2020-4-9 16:22:41 :OPTIONS /user/getSort - 0ms
2020-4-9 16:22:41 :POST /user/getGoods - 6ms
2020-4-9 16:22:41 :POST /user/getSort - 7ms
2020-4-9 16:22:41 :OPTIONS /user/getSort - 0ms
2020-4-9 16:22:41 :OPTIONS /user/getGoods - 1ms
2020-4-9 16:22:41 :POST /user/getGoods - 11ms
2020-4-9 16:22:41 :POST /user/getSort - 49ms
2020-4-9 16:22:41 :GET /file/getImg?imagePath=1586421238537 - 404
2020-4-9 16:22:41 :GET /file/getImg?imagePath=1586421238537 - 404
2020-4-9 16:22:41 :GET /file/getImg?imagePath=1586426549715 - 404
2020-4-9 16:22:41 :GET /file/getImg?imagePath=1586426549715 - 404
2020-4-9 16:22:41 :OPTIONS /user/getShare - 0ms
2020-4-9 16:22:41 :POST /user/getShare - 4ms
2020-4-9 16:22:41 :GET /file/getImg?imagePath=1586426870161 - 404
2020-4-9 16:22:41 :GET /file/getImg?imagePath=1586426549715 - 404
2020-4-9 16:22:41 :OPTIONS /user/getAddress - 0ms
2020-4-9 16:22:41 :POST /user/getAddress - 5ms
2020-4-9 16:22:41 :OPTIONS /user/getComment - 0ms
2020-4-9 16:22:41 :POST /user/getComment - 8ms
2020-4-9 16:22:41 :GET /file/getImg?imagePath=1586421238537 - 404
2020-4-9 16:22:41 :OPTIONS /user/getAddress - 0ms
2020-4-9 16:22:41 :POST /user/getAddress - 5ms
2020-4-9 16:22:41 :OPTIONS /user/getPay - 0ms
2020-4-9 16:22:41 :POST /user/getPay - 3ms
2020-4-9 16:22:41 :OPTIONS /user/getPay - 0ms
2020-4-9 16:22:41 :POST /user/getPay - 4ms
2020-4-9 16:22:41 :OPTIONS /user/getGoods - 0ms
2020-4-9 16:22:41 :POST /user/getGoods - 2ms
2020-4-9 16:22:41 :OPTIONS /user/getPay - 1ms
2020-4-9 16:22:41 :POST /user/getPay - 3ms
2020-4-9 16:22:41 :OPTIONS /user/getSort - 0ms
2020-4-9 16:22:41 :POST /user/getSort - 3ms
2020-4-9 16:22:41 :POST /user/getGoods - 3ms
2020-4-9 16:22:41 :POST /user/getPay - 3ms
2020-4-9 16:22:41 :OPTIONS /user/getGoods - 0ms
2020-4-9 16:22:41 :POST /user/getGoods - 6ms
2020-4-9 16:22:41 :OPTIONS /user/getPay - 0ms
2020-4-9 16:22:41 :POST /user/getPay - 5ms
2020-4-9 16:22:41 :OPTIONS /user/getSort - 0ms
2020-4-9 16:22:41 :POST /user/getSort - 4ms
2020-4-9 16:22:41 :OPTIONS /user/login - 0ms
2020-4-9 16:22:41 :POST /user/login - 5ms
2020-4-9 16:22:41 :OPTIONS /user/getAdmin - 0ms
2020-4-9 16:22:41 :POST /user/getAdmin - 13ms
2020-4-9 16:22:41 :OPTIONS /user/getSort - 0ms
2020-4-9 16:22:41 :POST /user/getSort - 5ms
2020-4-9 16:22:41 :OPTIONS /user/getGoods - 0ms
2020-4-9 16:22:41 :POST /user/getGoods - 5ms
2020-4-9 16:22:41 :OPTIONS /user/getSort - 0ms
2020-4-9 16:22:41 :POST /user/getSort - 2ms
2020-4-9 16:22:41 :OPTIONS /user/getPay - 0ms
2020-4-9 16:22:41 :POST /user/getPay - 7ms
2020-4-9 16:22:41 :OPTIONS /user/getSort - 0ms
2020-4-9 16:22:41 :POST /user/getSort - 4ms
2020-4-9 16:22:41 :OPTIONS /user/getAdmin - 0ms
2020-4-9 16:22:41 :POST /user/getAdmin - 5ms
2020-4-9 16:22:41 :OPTIONS /user/login - 0ms
2020-4-9 16:22:41 :POST /user/login - 3ms
2020-4-9 16:22:41 :OPTIONS /user/getAdmin - 0ms
2020-4-9 16:22:41 :POST /user/getAdmin - 4ms
2020-4-9 16:22:41 :OPTIONS /user/getAddress - 0ms
2020-4-9 16:22:41 :POST /user/getAddress - 3ms
2020-4-9 16:22:41 :OPTIONS /user/upPay - 0ms
2020-4-9 16:22:41 :POST /user/upPay - 2ms
2020-4-9 16:22:41 :OPTIONS /user/getGoods - 0ms
2020-4-9 16:22:41 :OPTIONS /user/getSort - 0ms
2020-4-9 16:22:41 :POST /user/getSort - 4ms
2020-4-9 16:22:41 :POST /user/getGoods - 5ms
2020-4-9 16:22:41 :OPTIONS /user/getAddress - 1ms
2020-4-9 16:22:41 :POST /user/getAddress - 4ms
2020-4-9 16:22:41 :OPTIONS /user/getPay - 1ms
2020-4-9 16:22:41 :POST /user/getPay - 3ms
2020-4-9 16:22:41 :OPTIONS /user/getPay - 0ms
2020-4-9 16:22:41 :POST /user/getPay - 3ms
2020-4-9 16:22:41 :OPTIONS /user/getPay - 0ms
2020-4-9 16:22:41 :POST /user/getPay - 4ms
2020-4-9 16:22:41 :POST /user/getPay - 3ms
2020-4-9 16:22:41 :POST /user/getPay - 4ms
2020-4-9 16:22:41 :POST /user/getPay - 3ms
2020-4-9 16:22:41 :OPTIONS /user/getPay - 97ms
2020-4-9 16:22:41 :POST /user/getPay - 5ms
2020-4-9 16:22:41 :POST /user/getPay - 2ms
2020-4-9 16:22:41 :POST /user/getPay - 3ms
2020-4-9 16:22:41 :GET /file/getImg?imagePath=1586426549715 - 404
2020-4-9 16:22:41 :OPTIONS /user/upPay - 0ms
2020-4-9 16:22:41 :POST /user/upPay - 1ms
2020-4-9 16:22:41 :OPTIONS /user/getGoods - 0ms
2020-4-9 16:22:41 :POST /user/getGoods - 17ms
2020-4-9 16:22:41 :OPTIONS /user/upGoods - 1ms
2020-4-9 16:22:41 :POST /user/upGoods - 1ms
2020-4-9 16:22:41 :OPTIONS /user/getPay - 0ms
2020-4-9 16:22:41 :POST /user/getPay - 7ms
2020-4-9 16:22:41 :POST /user/getPay - 2ms
2020-4-9 16:22:41 :POST /user/getPay - 4ms
2020-4-9 16:22:41 :OPTIONS /user/getPay - 0ms
2020-4-9 16:22:41 :POST /user/getPay - 3ms
2020-4-9 16:22:41 :OPTIONS /user/upPay - 0ms
2020-4-9 16:22:41 :POST /user/upPay - 0ms
2020-4-9 16:22:41 :POST /user/getPay - 3ms
2020-4-9 16:22:41 :OPTIONS /user/getPay - 0ms
2020-4-9 16:22:41 :POST /user/getPay - 47ms
2020-4-9 16:22:41 :POST /user/getPay - 2ms
2020-4-9 16:22:41 :OPTIONS /user/getPay - 1ms
2020-4-9 16:22:41 :POST /user/getPay - 6ms
2020-4-9 16:22:41 :OPTIONS /user/getComment - 0ms
2020-4-9 16:22:41 :POST /user/getComment - 3ms
2020-4-9 16:22:41 :OPTIONS /user/addComment - 0ms
2020-4-9 16:22:41 :POST /user/addComment - 1ms
2020-4-9 16:22:41 :OPTIONS /user/getPay - 0ms
2020-4-9 16:22:41 :POST /user/getPay - 5ms
2020-4-9 16:22:41 :POST /user/getPay - 3ms
2020-4-9 16:22:41 :OPTIONS /user/getComment - 0ms
2020-4-9 16:22:41 :POST /user/getComment - 5ms
2020-4-9 16:22:41 :OPTIONS /user/getGoods - 0ms
2020-4-9 16:22:41 :POST /user/getGoods - 3ms
2020-4-9 16:22:41 :OPTIONS /user/getPay - 0ms
2020-4-9 16:22:41 :POST /user/getPay - 10ms
2020-4-9 16:22:41 :OPTIONS /user/getGoods - 0ms
2020-4-9 16:22:41 :OPTIONS /user/getSort - 1ms
2020-4-9 16:22:41 :POST /user/getSort - 14ms
2020-4-9 16:22:41 :POST /user/getGoods - 10ms
2020-4-9 16:22:41 :OPTIONS /user/getSort - 0ms
2020-4-9 16:22:41 :OPTIONS /user/getGoods - 0ms
2020-4-9 16:22:41 :POST /user/getSort - 10ms
2020-4-9 16:22:41 :POST /user/getGoods - 81ms
2020-4-9 16:22:41 :OPTIONS /user/getSort - 1ms
2020-4-9 16:22:41 :POST /user/getSort - 4ms
2020-4-9 16:22:41 :OPTIONS /user/login - 1ms
2020-4-9 16:22:41 :POST /user/login - 104ms
2020-4-9 16:22:41 :POST /user/getSort - 4ms
2020-4-9 16:22:41 :OPTIONS /user/getGoods - 0ms
2020-4-9 16:22:41 :POST /user/getGoods - 3ms
2020-4-9 16:22:41 :OPTIONS /user/login - 0ms
2020-4-9 16:22:41 :POST /user/login - 2ms
2020-4-9 16:22:41 :OPTIONS /user/getAdmin - 0ms
2020-4-9 16:22:41 :POST /user/getAdmin - 61ms
2020-4-9 16:22:41 :OPTIONS /user/getSort - 0ms
2020-4-9 16:22:41 :POST /user/getSort - 3ms
2020-4-9 16:22:41 :OPTIONS /user/getAdmin - 0ms
2020-4-9 16:22:41 :POST /user/getAdmin - 4ms
2020-4-9 16:22:41 :OPTIONS /user/getSort - 0ms
2020-4-9 16:22:41 :POST /user/getSort - 3ms
2020-4-9 16:22:41 :OPTIONS /user/getGoods - 0ms
2020-4-9 16:22:41 :POST /user/getGoods - 45ms
2020-4-9 16:22:41 :POST /user/getSort - 15ms
2020-4-9 16:22:41 :OPTIONS /user/getShare - 0ms
2020-4-9 16:22:41 :POST /user/getShare - 5ms
2020-4-9 16:22:41 :GET /file/getImg?imagePath=1586426870161 - 404
2020-4-9 16:22:41 :OPTIONS /user/getGoods - 0ms
2020-4-9 16:22:41 :OPTIONS /user/getSort - 0ms
2020-4-9 16:22:41 :POST /user/getGoods - 6ms
2020-4-9 16:22:41 :POST /user/getSort - 6ms
2020-4-9 16:22:41 :OPTIONS /user/getGoods - 0ms
2020-4-9 16:22:41 :OPTIONS /user/getSort - 0ms
2020-4-9 16:22:41 :POST /user/getGoods - 23ms
2020-4-9 16:22:41 :POST /user/getSort - 90ms
2020-4-9 16:22:41 :GET /file/getImg?imagePath=1586421238537 - 404
2020-4-9 16:22:41 :OPTIONS /user/getShare - 0ms
2020-4-9 16:22:41 :POST /user/getShare - 4ms
2020-4-9 16:22:41 :GET /file/getImg?imagePath=1586426870161 - 404
2020-4-9 16:22:41 :GET /file/getImg?imagePath=1586426549715 - 404
2020-4-9 16:22:41 :GET /file/getImg?imagePath=1586421238537 - 404
2020-4-9 16:22:41 :OPTIONS /user/getShare - 0ms
2020-4-9 16:22:41 :POST /user/getShare - 4ms
2020-4-9 16:22:41 :OPTIONS /user/getGoods - 0ms
2020-4-9 16:22:41 :OPTIONS /user/getSort - 0ms
2020-4-9 16:22:41 :POST /user/getGoods - 3ms
2020-4-9 16:22:41 :POST /user/getSort - 3ms
2020-4-9 16:22:41 :POST /user/getGoods - 66ms
2020-4-9 16:22:41 :POST /user/getSort - 51ms
2020-4-9 16:22:41 :OPTIONS /user/getGoods - 1ms
2020-4-9 16:22:41 :OPTIONS /user/getSort - 1ms
2020-4-9 16:22:41 :POST /user/getGoods - 6ms
2020-4-9 16:22:41 :POST /user/getSort - 4ms
2020-4-9 16:22:41 :POST /user/getSort - 4ms
2020-4-9 16:22:41 :POST /user/getGoods - 38ms
2020-4-9 16:22:41 :GET /file/getImg?imagePath=1586421238537 - 404
2020-4-9 16:22:41 :OPTIONS /user/getShare - 74ms
2020-4-9 16:22:41 :POST /user/getShare - 5ms
2020-4-9 16:22:41 :GET /file/getImg?imagePath=1586426549715 - 404
2020-4-9 16:22:41 :GET /file/getImg?imagePath=1586426870161 - 404
2020-4-9 16:22:41 :OPTIONS /user/getSort - 0ms
2020-4-9 16:22:41 :OPTIONS /user/getGoods - 22ms
2020-4-9 16:22:41 :POST /user/getGoods - 6ms
2020-4-9 16:22:41 :GET /file/getImg?imagePath=1586421238537 - 404
2020-4-9 16:22:41 :POST /user/getSort - 634ms
2020-4-9 16:22:41 :GET /file/getImg?imagePath=1586426549715 - 404
2020-4-9 16:22:41 :OPTIONS /user/getSort - 0ms
2020-4-9 16:22:41 :POST /user/getSort - 24ms
2020-4-9 16:22:41 :OPTIONS /user/getGoods - 0ms
2020-4-9 16:22:41 :POST /user/getGoods - 6ms
2020-4-9 16:22:41 :OPTIONS /user/getAdmin - 0ms
2020-4-9 16:22:41 :POST /user/getAdmin - 23ms
2020-4-9 16:22:41 :OPTIONS /user/getAdmin - 0ms
2020-4-9 16:22:41 :POST /user/getAdmin - 16ms
2020-4-9 16:22:41 :OPTIONS /user/addAdmin - 0ms
2020-4-9 16:22:41 :POST /user/addAdmin - 90ms
2020-4-9 16:22:41 :OPTIONS /user/deAdmin - 0ms
2020-4-9 16:22:41 :POST /user/deAdmin - 2ms
2020-4-9 16:22:41 :OPTIONS /user/login - 0ms
2020-4-9 16:22:41 :POST /user/login - 3ms
2020-4-9 16:22:41 :OPTIONS /user/getSort - 0ms
2020-4-9 16:22:41 :POST /user/getSort - 10ms
2020-4-9 16:22:41 :OPTIONS /user/getGoods - 0ms
2020-4-9 16:22:41 :POST /user/getGoods - 4ms
2020-4-9 16:22:41 :OPTIONS /user/getSort - 0ms
2020-4-9 16:22:41 :POST /user/getSort - 3ms
2020-4-9 16:22:41 :OPTIONS /file/upFile - 1ms
2020-4-9 16:22:41 :POST /file/upFile - 15ms
2020-4-9 16:22:41 :OPTIONS /user/addGoods - 0ms
2020-4-9 16:22:41 :POST /user/addGoods - 2ms
2020-4-9 16:22:41 :OPTIONS /user/getGoods - 1ms
2020-4-9 16:22:41 :POST /user/getGoods - 5ms
2020-4-9 16:22:41 :OPTIONS /user/getGoods - 0ms
2020-4-9 16:22:41 :OPTIONS /user/getSort - 0ms
2020-4-9 16:22:41 :POST /user/getSort - 43ms
2020-4-9 16:22:41 :POST /user/getGoods - 90ms
2020-4-9 16:22:41 :GET /file/getImg?imagePath=1586421238537 - 404
2020-4-9 16:22:41 :GET /file/getImg?imagePath=1586429418469 - 404
2020-4-9 16:22:41 :OPTIONS /user/getGoods - 0ms
2020-4-9 16:22:41 :OPTIONS /user/getSort - 0ms
2020-4-9 16:22:41 :POST /user/getGoods - 17ms
2020-4-9 16:22:41 :POST /user/getSort - 4ms
2020-4-9 16:22:41 :POST /user/getGoods - 3ms
2020-4-9 16:22:41 :POST /user/getGoods - 5ms
2020-4-9 16:22:41 :OPTIONS /user/getGoods - 1ms
2020-4-9 16:22:41 :POST /user/getGoods - 10ms
2020-4-9 16:22:41 :OPTIONS /user/getPay - 0ms
2020-4-9 16:22:41 :POST /user/getPay - 3ms
2020-4-9 16:22:41 :OPTIONS /user/getSort - 0ms
2020-4-9 16:22:41 :POST /user/getSort - 6ms
2020-4-9 16:22:41 :OPTIONS /user/getGoods - 0ms
2020-4-9 16:22:41 :POST /user/getGoods - 9ms
2020-4-9 16:22:41 :GET /file/getImg?imagePath=1586421238537 - 404
2020-4-9 16:22:41 :GET /file/getImg?imagePath=1586429418469 - 404
2020-4-9 16:22:41 :POST /user/getGoods - 6ms
2020-4-9 16:22:41 :POST /user/getSort - 4ms
2020-4-9 16:22:41 :OPTIONS /user/getGoods - 0ms
2020-4-9 16:22:41 :OPTIONS /user/getSort - 0ms
2020-4-9 16:22:41 :POST /user/getGoods - 23ms
2020-4-9 16:22:41 :POST /user/getSort - 48ms
2020-4-9 16:22:41 :GET /file/getImg?imagePath=1586429418469 - 404
2020-4-9 16:22:41 :GET /file/getImg?imagePath=1586421238537 - 404
2020-4-9 16:22:41 :POST /user/getGoods - 3ms
2020-4-9 16:22:41 :POST /user/getSort - 8ms
2020-4-9 16:22:41 :POST /user/getGoods - 34ms
2020-4-9 16:22:41 :OPTIONS /user/getSort - 0ms
2020-4-9 16:22:41 :OPTIONS /user/getGoods - 0ms
2020-4-9 16:22:41 :POST /user/getSort - 82ms
2020-4-9 16:22:41 :POST /user/getGoods - 65ms
2020-4-9 16:22:41 :GET /file/getImg?imagePath=1586421238537 - 404
2020-4-9 16:22:41 :GET /file/getImg?imagePath=1586429418469 - 404
2020-4-9 16:22:41 :POST /user/getSort - 14ms
2020-4-9 16:22:41 :POST /user/getGoods - 27ms
2020-4-9 16:22:41 :OPTIONS /user/getShare - 0ms
2020-4-9 16:22:41 :POST /user/getShare - 8ms
2020-4-9 16:22:41 :GET /file/getImg?imagePath=1586426870161 - 404
2020-4-9 16:22:41 :GET /file/getImg?imagePath=1586426549715 - 404
2020-4-9 16:22:41 :OPTIONS /user/getShareComment - 0ms
2020-4-9 16:22:41 :POST /user/getShareComment - 175ms
2020-4-9 16:22:41 :GET /file/getImg?imagePath=1586426870161 - 404
2020-4-9 16:22:41 :GET /file/getImg?imagePath=1586426549715 - 404
2020-4-9 16:22:41 :OPTIONS /user/getShareComment - 0ms
2020-4-9 16:22:41 :POST /user/getShareComment - 6ms
2020-4-9 16:22:41 :OPTIONS /user/getShare - 0ms
2020-4-9 16:22:41 :POST /user/getShare - 3ms
2020-4-9 16:22:41 :OPTIONS /file/upFile - 1ms
2020-4-9 16:22:41 :POST /file/upFile - 3ms
2020-4-9 16:22:41 :OPTIONS /user/addShare - 0ms
2020-4-9 16:22:41 :POST /user/addShare - 2ms
2020-4-9 16:22:41 :OPTIONS /user/getShare - 0ms
2020-4-9 16:22:41 :POST /user/getShare - 10ms
2020-4-9 16:22:41 :GET /file/getImg?imagePath=1586429564815 - 404
2020-4-9 16:22:41 :OPTIONS /user/getShare - 0ms
2020-4-9 16:22:41 :POST /user/getShare - 7ms
2020-4-9 16:22:41 :GET /file/getImg?imagePath=1586421238537 - 404
2020-4-9 16:22:41 :OPTIONS /user/addPay - 0ms
2020-4-9 16:22:41 :OPTIONS /user/getAddress - 0ms
2020-4-9 16:22:41 :POST /user/addPay - 3ms
2020-4-9 16:22:41 :POST /user/getAddress - 6ms
2020-4-9 16:22:41 :OPTIONS /user/upPay - 1ms
2020-4-9 16:22:41 :OPTIONS /user/getPay - 0ms
2020-4-9 16:22:41 :POST /user/upPay - 29ms
2020-4-9 16:22:41 :POST /user/getPay - 11ms
2020-4-9 16:22:41 :OPTIONS /user/getPay - 1ms
2020-4-9 16:22:41 :POST /user/getPay - 9ms
2020-4-9 16:22:41 :OPTIONS /user/getPay - 0ms
2020-4-9 16:22:41 :POST /user/getPay - 6ms
2020-4-9 16:22:41 :OPTIONS /user/getAddress - 0ms
2020-4-9 16:22:41 :POST /user/getAddress - 3ms
2020-4-9 16:22:41 :GET /file/getImg?imagePath=1586421238537 - 404
2020-4-9 16:22:41 :OPTIONS /user/getAddress - 1ms
2020-4-9 16:22:41 :POST /user/getAddress - 7ms
2020-4-9 16:22:41 :OPTIONS /user/getPay - 0ms
2020-4-9 16:22:41 :POST /user/getPay - 4ms
2020-4-9 16:22:41 :OPTIONS /user/upPay - 0ms
2020-4-9 16:22:41 :POST /user/upPay - 1ms
2020-4-9 16:22:41 :OPTIONS /user/getGoods - 0ms
2020-4-9 16:22:41 :POST /user/getGoods - 2ms
2020-4-9 16:22:41 :OPTIONS /user/upGoods - 0ms
2020-4-9 16:22:41 :POST /user/upGoods - 2ms
2020-4-9 16:22:41 :OPTIONS /user/getPay - 1ms
2020-4-9 16:22:41 :POST /user/getPay - 9ms
2020-4-9 16:22:41 :GET /file/getImg?imagePath=1586421238537 - 404
2020-4-9 16:22:41 :POST /user/getPay - 3ms
2020-4-9 16:22:41 :OPTIONS /user/getPay - 0ms
2020-4-9 16:22:41 :POST /user/getPay - 3ms
2020-4-9 16:22:41 :POST /user/getPay - 3ms
2020-4-9 16:22:41 :POST /user/getPay - 36ms
2020-4-9 16:22:41 :GET /file/getImg?imagePath=1586421238537 - 404
2020-4-9 16:22:41 :OPTIONS /user/getComment - 0ms
2020-4-9 16:22:41 :POST /user/getComment - 4ms
2020-4-9 16:22:41 :GET /file/getImg?imagePath=1586426549715 - 404
2020-4-9 16:22:41 :OPTIONS /user/getPay - 0ms
2020-4-9 16:22:41 :POST /user/getPay - 7ms
2020-4-9 16:22:41 :OPTIONS /user/upPay - 1ms
2020-4-9 16:22:41 :POST /user/upPay - 2ms
2020-4-9 16:22:41 :OPTIONS /user/getPay - 1ms
2020-4-9 16:22:41 :POST /user/getPay - 11ms
2020-4-9 16:22:41 :GET /file/getImg?imagePath=1586421238537 - 404
2020-4-9 16:22:41 :OPTIONS /user/getComment - 1ms
2020-4-9 16:22:41 :POST /user/getComment - 10ms
2020-4-9 16:22:41 :GET /file/getImg?imagePath=1586426549715 - 404
2020-4-9 16:22:41 :OPTIONS /user/getPay - 0ms
2020-4-9 16:22:41 :POST /user/getPay - 9ms
2020-4-9 16:22:41 :POST /user/getComment - 5ms
2020-4-9 16:22:41 :POST /user/getPay - 6ms
2020-4-9 16:22:41 :OPTIONS /user/getAddress - 1ms
2020-4-9 16:22:41 :POST /user/getAddress - 5ms
2020-4-9 16:22:41 :OPTIONS /user/getShare - 0ms
2020-4-9 16:22:41 :POST /user/getShare - 4ms
2020-4-9 16:22:41 :GET /file/getImg?imagePath=1586426870161 - 404
2020-4-9 16:22:41 :GET /file/getImg?imagePath=1586429564815 - 404
2020-4-9 16:22:41 :OPTIONS /user/getGoods - 1ms
2020-4-9 16:22:41 :OPTIONS /user/getSort - 0ms
2020-4-9 16:22:41 :POST /user/getSort - 12ms
2020-4-9 16:22:41 :POST /user/getGoods - 6ms
2020-4-9 16:22:41 :GET /file/getImg?imagePath=1586429418469 - 404
2020-4-9 16:22:41 :GET /file/getImg?imagePath=1586426549715 - 404
2020-4-9 16:22:41 :OPTIONS /user/getPay - 0ms
2020-4-9 16:22:41 :POST /user/getPay - 4ms
2020-4-9 16:22:41 :OPTIONS /user/getAddress - 0ms
2020-4-9 16:22:41 :POST /user/getAddress - 7ms
2020-4-9 16:22:41 :OPTIONS /user/getComment - 0ms
2020-4-9 16:22:41 :POST /user/getComment - 4ms
2020-4-9 16:22:41 :OPTIONS /user/getGoods - 0ms
2020-4-9 16:22:41 :POST /user/getGoods - 4ms
2020-4-9 16:22:41 :OPTIONS /user/getSort - 0ms
2020-4-9 16:22:41 :OPTIONS /user/getGoods - 1ms
2020-4-9 16:22:41 :POST /user/getGoods - 13ms
2020-4-9 16:22:41 :POST /user/getSort - 50ms
2020-4-9 16:22:41 :OPTIONS /user/getGoods - 0ms
2020-4-9 16:22:41 :OPTIONS /user/getSort - 0ms
2020-4-9 16:22:41 :POST /user/getGoods - 5ms
2020-4-9 16:22:41 :POST /user/getSort - 3ms
2020-4-9 16:22:41 :OPTIONS /user/login - 0ms
2020-4-9 16:22:41 :POST /user/login - 3ms
2020-4-9 16:22:41 :OPTIONS /user/getSort - 1ms
2020-4-9 16:22:41 :OPTIONS /user/getGoods - 0ms
2020-4-9 16:22:41 :POST /user/getGoods - 31ms
2020-4-9 16:22:41 :POST /user/getSort - 68ms
2020-4-9 16:22:41 :GET /file/getImg?imagePath=1586421238537 - 404
2020-4-9 16:22:41 :GET /file/getImg?imagePath=1586429418469 - 404
2020-4-9 16:22:41 :OPTIONS /user/getSort - 0ms
2020-4-9 16:22:41 :POST /user/getSort - 3ms