
2020-4-6 14:17:31 :OPTIONS /user/getSort - 8ms
2020-4-6 14:17:31 :OPTIONS /user/getGoods - 9ms
2020-4-6 14:17:31 :POST /user/getGoods - 31ms
2020-4-6 14:17:31 :POST /user/getSort - 404ms
2020-4-6 14:17:31 :OPTIONS /user/getGoods - 0ms
2020-4-6 14:17:31 :OPTIONS /user/getSort - 0ms
2020-4-6 14:17:31 :POST /user/getGoods - 7ms
2020-4-6 14:17:31 :POST /user/getSort - 5ms
2020-4-6 14:17:31 :OPTIONS /user/login - 0ms
2020-4-6 14:17:31 :POST /user/login - 3ms
2020-4-6 14:17:31 :OPTIONS /user/login - 0ms
2020-4-6 14:17:31 :POST /user/login - 3ms
2020-4-6 14:17:31 :OPTIONS /user/getGoods - 0ms
2020-4-6 14:17:31 :OPTIONS /user/getSort - 1ms
2020-4-6 14:17:31 :POST /user/getSort - 56ms
2020-4-6 14:17:31 :POST /user/getGoods - 61ms
2020-4-6 14:17:31 :OPTIONS /user/getSort - 0ms
2020-4-6 14:17:31 :OPTIONS /user/getGoods - 0ms
2020-4-6 14:17:31 :POST /user/getGoods - 3ms
2020-4-6 14:17:31 :POST /user/getSort - 4ms
2020-4-6 14:17:31 :OPTIONS /user/login - 0ms
2020-4-6 14:17:31 :POST /user/login - 4ms
2020-4-6 15:13:10 :OPTIONS /user/getSort - 0ms
2020-4-6 15:13:10 :OPTIONS /user/getGoods - 4ms
2020-4-6 15:13:10 :POST /user/getGoods - 1040ms
2020-4-6 15:13:10 :POST /user/getSort - 1878ms
2020-4-6 15:13:10 :GET /file/getImg?imagePath=1585983907580 - 404
2020-4-6 15:13:10 :GET /file/getImg?imagePath=1585983907427 - 404
2020-4-6 15:13:10 :OPTIONS /user/getShare - 0ms
2020-4-6 15:13:10 :POST /user/getShare - 1917ms
2020-4-6 15:13:10 :OPTIONS /user/getGoods - 0ms
2020-4-6 15:13:10 :OPTIONS /user/getSort - 1ms
2020-4-6 15:13:10 :POST /user/getGoods - 7ms
2020-4-6 15:13:10 :POST /user/getSort - 41ms
2020-4-6 15:13:10 :GET /file/getImg?imagePath=1585983907427 - 404
2020-4-6 15:13:10 :GET /file/getImg?imagePath=1585983907580 - 404
2020-4-6 15:13:10 :OPTIONS /user/getGoods - 41ms
2020-4-6 15:13:10 :OPTIONS /user/getSort - 0ms
2020-4-6 15:13:10 :POST /user/getGoods - 73ms
2020-4-6 15:13:10 :POST /user/getSort - 71ms
2020-4-6 15:13:10 :OPTIONS /user/getShare - 1ms
2020-4-6 15:13:10 :POST /user/getShare - 3ms
2020-4-6 15:13:10 :OPTIONS /user/getShare - 0ms
2020-4-6 15:13:10 :POST /user/getShare - 5ms
2020-4-6 15:13:10 :OPTIONS /user/getGoods - 0ms
2020-4-6 15:13:10 :OPTIONS /user/getSort - 0ms
2020-4-6 15:13:10 :POST /user/getGoods - 3ms
2020-4-6 15:13:10 :POST /user/getSort - 2ms
2020-4-6 15:13:10 :OPTIONS /user/login - 11ms
2020-4-6 15:13:10 :POST /user/login - 390ms
2020-4-6 15:13:10 :OPTIONS /user/login - 1ms
2020-4-6 15:13:10 :POST /user/login - 81ms
2020-4-6 15:13:10 :OPTIONS /user/getAddress - 0ms
2020-4-6 15:13:10 :POST /user/getAddress - 11ms
2020-4-6 15:13:10 :OPTIONS /user/getAddress - 0ms
2020-4-6 15:13:10 :POST /user/getAddress - 2ms
2020-4-6 15:13:10 :OPTIONS /user/getGoods - 0ms
2020-4-6 15:13:10 :OPTIONS /user/getSort - 0ms
2020-4-6 15:13:10 :POST /user/getGoods - 178ms
2020-4-6 15:13:10 :POST /user/getSort - 234ms
2020-4-6 15:13:10 :OPTIONS /user/getShare - 0ms
2020-4-6 15:13:10 :POST /user/getShare - 2ms
2020-4-6 15:13:10 :GET /file/getImg?imagePath=1585983907427 - 404
2020-4-6 15:13:10 :GET /file/getImg?imagePath=1585983907580 - 404
2020-4-6 15:13:10 :OPTIONS /user/getAddress - 0ms
2020-4-6 15:13:10 :POST /user/getAddress - 2ms