
2020-4-10 16:12:39 :OPTIONS /user/getGoods - 6ms
2020-4-10 16:12:39 :OPTIONS /user/getSort - 0ms
2020-4-10 16:12:39 :POST /user/getGoods - 753ms
2020-4-10 16:12:39 :POST /user/getSort - 736ms
2020-4-10 16:12:39 :GET /file/getImg?imagePath=1586421238537 - 404
2020-4-10 16:12:38 :GET /file/getImg?imagePath=1586429418469 - 404
2020-4-10 16:12:38 :OPTIONS /user/getShare - 1ms
2020-4-10 16:12:38 :POST /user/getShare - 22ms
2020-4-10 16:12:37 :GET /file/getImg?imagePath=1586429564815 - 404
2020-4-10 16:12:39 :GET /file/getImg?imagePath=1586426549715 - 404
2020-4-10 16:12:38 :GET /file/getImg?imagePath=1586426870161 - 404
2020-4-10 16:12:38 :OPTIONS /user/getGoods - 1ms
2020-4-10 16:12:38 :OPTIONS /user/getSort - 0ms
2020-4-10 16:12:38 :POST /user/getGoods - 15ms
2020-4-10 16:12:38 :POST /user/getSort - 6ms
2020-4-10 16:12:38 :GET /file/getImg?imagePath=1586421238537 - 404
2020-4-10 16:12:37 :GET /file/getImg?imagePath=1586429418469 - 404
2020-4-10 16:12:38 :OPTIONS /user/getShare - 0ms
2020-4-10 16:12:38 :POST /user/getShare - 3ms
2020-4-10 16:12:38 :OPTIONS /user/getGoods - 0ms
2020-4-10 16:12:37 :OPTIONS /user/getSort - 1ms
2020-4-10 16:12:38 :POST /user/getSort - 3ms
2020-4-10 16:12:37 :POST /user/getGoods - 30ms
2020-4-10 16:12:37 :OPTIONS /user/getShare - 0ms
2020-4-10 16:12:37 :POST /user/getShare - 7ms
2020-4-10 16:12:37 :OPTIONS /file/upFile - 0ms
2020-4-10 16:12:37 :POST /file/upFile - 1ms
2020-4-10 16:12:37 :OPTIONS /user/addShare - 0ms
2020-4-10 16:12:37 :POST /user/addShare - 6ms
2020-4-10 16:12:37 :OPTIONS /user/getShare - 0ms
2020-4-10 16:12:37 :POST /user/getShare - 6ms
2020-4-10 16:12:37 :GET /file/getImg?imagePath=1586426549715 - 404
2020-4-10 16:12:39 :GET /file/getImg?imagePath=1586426870161 - 404
2020-4-10 16:12:38 :GET /file/getImg?imagePath=1586506973034 - 404
2020-4-10 16:12:37 :GET /file/getImg?imagePath=1586429564815 - 404
2020-4-10 16:12:37 :OPTIONS /user/getShare - 1ms
2020-4-10 16:12:37 :POST /user/getShare - 23ms
2020-4-10 16:12:37 :OPTIONS /user/getShareComment - 0ms
2020-4-10 16:12:37 :POST /user/getShareComment - 360ms
2020-4-10 16:12:37 :OPTIONS /user/getShare - 0ms
2020-4-10 16:12:37 :POST /user/getShare - 4ms