
2020-4-25 16:4:12 :OPTIONS /user/getGoods - 9ms
2020-4-25 16:4:12 :OPTIONS /user/getSort - 0ms
2020-4-25 16:4:12 :POST /user/getGoods - 40ms
2020-4-25 16:4:12 :POST /user/getSort - 27ms
2020-4-25 16:4:12 :OPTIONS /user/getComment - 0ms
2020-4-25 16:4:12 :POST /user/getComment - 7ms
2020-4-25 16:4:12 :OPTIONS /user/getGoods - 0ms
2020-4-25 16:4:12 :POST /user/getGoods - 8ms
2020-4-25 16:4:11 :OPTIONS /user/getSort - 10ms
2020-4-25 16:4:11 :POST /user/getSort - 78ms
2020-4-25 16:4:11 :OPTIONS /user/getShare - 0ms
2020-4-25 16:4:11 :POST /user/getShare - 6ms
2020-4-25 16:4:11 :POST /user/getGoods - 5ms
2020-4-25 16:4:12 :POST /user/getSort - 3ms
2020-4-25 16:4:12 :POST /user/getShare - 4ms
2020-4-25 16:4:12 :OPTIONS /user/getGoods - 1ms
2020-4-25 16:4:11 :OPTIONS /user/getSort - 1ms
2020-4-25 16:4:12 :POST /user/getGoods - 5ms
2020-4-25 16:4:11 :POST /user/getSort - 4ms
2020-4-25 16:4:11 :OPTIONS /user/getShare - 0ms
2020-4-25 16:4:11 :POST /user/getShare - 6ms
2020-4-25 16:4:11 :OPTIONS /user/getGoods - 1ms
2020-4-25 16:4:11 :OPTIONS /user/getSort - 0ms
2020-4-25 16:4:11 :POST /user/getGoods - 8ms
2020-4-25 16:4:11 :POST /user/getSort - 8ms
2020-4-25 16:4:11 :POST /user/getShare - 3ms
2020-4-25 16:4:12 :OPTIONS /user/login - 0ms
2020-4-25 16:4:12 :POST /user/login - 3ms
2020-4-25 16:4:12 :OPTIONS /user/getAdmin - 1ms
2020-4-25 16:4:12 :POST /user/getAdmin - 3ms
2020-4-25 16:4:12 :OPTIONS /user/getGoods - 0ms
2020-4-25 16:4:12 :OPTIONS /user/getSort - 0ms
2020-4-25 16:4:12 :POST /user/getGoods - 29ms
2020-4-25 16:4:12 :POST /user/getSort - 22ms
2020-4-25 16:4:12 :POST /user/getGoods - 9ms
2020-4-25 16:4:12 :POST /user/getSort - 7ms
2020-4-25 16:4:12 :POST /user/getGoods - 18ms
2020-4-25 16:4:12 :POST /user/getSort - 10ms
2020-4-25 16:4:12 :POST /user/getGoods - 4ms
2020-4-25 16:4:11 :OPTIONS /user/getSort - 0ms
2020-4-25 16:4:12 :OPTIONS /user/getGoods - 0ms
2020-4-25 16:4:12 :POST /user/getGoods - 3ms
2020-4-25 16:4:11 :POST /user/getSort - 22ms
2020-4-25 16:4:12 :OPTIONS /user/getShare - 0ms
2020-4-25 16:4:12 :POST /user/getShare - 3ms
2020-4-25 16:4:12 :OPTIONS /user/getGoods - 0ms
2020-4-25 16:4:12 :OPTIONS /user/getSort - 1ms
2020-4-25 16:4:12 :POST /user/getGoods - 9ms
2020-4-25 16:4:12 :POST /user/getSort - 14ms
2020-4-25 16:4:12 :POST /user/getShare - 3ms
2020-4-25 16:4:12 :POST /user/getGoods - 9ms
2020-4-25 16:4:12 :POST /user/getSort - 6ms
2020-4-25 16:4:11 :OPTIONS /user/getGoods - 0ms
2020-4-25 16:4:12 :OPTIONS /user/getSort - 0ms
2020-4-25 16:4:11 :POST /user/getGoods - 6ms
2020-4-25 16:4:12 :POST /user/getSort - 3ms
2020-4-25 16:4:12 :POST /user/getGoods - 3ms
2020-4-25 16:4:12 :POST /user/getGoods - 5ms
2020-4-25 16:4:11 :POST /user/getSort - 6ms
2020-4-25 16:4:11 :OPTIONS /user/getShare - 0ms
2020-4-25 16:4:11 :POST /user/getShare - 3ms
2020-4-25 16:4:11 :OPTIONS /user/getGoods - 0ms
2020-4-25 16:4:12 :OPTIONS /user/getSort - 0ms
2020-4-25 16:4:11 :POST /user/getGoods - 10ms
2020-4-25 16:4:12 :POST /user/getSort - 4ms
2020-4-25 16:4:11 :POST /user/getSort - 9ms
2020-4-25 16:4:12 :POST /user/getGoods - 11ms
2020-4-25 16:4:12 :POST /user/getGoods - 3ms
2020-4-25 16:4:11 :OPTIONS /user/getGoods - 0ms
2020-4-25 16:4:12 :OPTIONS /user/getSort - 0ms
2020-4-25 16:4:11 :POST /user/getGoods - 6ms
2020-4-25 16:4:12 :POST /user/getSort - 4ms
2020-4-25 16:4:12 :POST /user/getGoods - 6ms
2020-4-25 16:4:11 :POST /user/getSort - 8ms
2020-4-25 16:4:11 :POST /user/getGoods - 14ms
2020-4-25 16:4:12 :POST /user/getSort - 15ms
2020-4-25 16:4:11 :OPTIONS /user/getSort - 0ms
2020-4-25 16:4:12 :OPTIONS /user/getGoods - 0ms
2020-4-25 16:4:12 :POST /user/getGoods - 10ms
2020-4-25 16:4:11 :POST /user/getSort - 6ms
2020-4-25 16:4:11 :POST /user/getGoods - 3ms
2020-4-25 16:4:11 :OPTIONS /user/getGoods - 0ms
2020-4-25 16:4:11 :OPTIONS /user/getSort - 1ms
2020-4-25 16:4:11 :POST /user/getGoods - 7ms
2020-4-25 16:4:11 :POST /user/getSort - 7ms
2020-4-25 16:4:11 :POST /user/getGoods - 8ms
2020-4-25 16:4:11 :POST /user/getSort - 6ms
2020-4-25 16:4:11 :POST /user/getGoods - 20ms
2020-4-25 16:4:11 :POST /user/getSort - 6ms
2020-4-25 16:4:11 :POST /user/getGoods - 3ms
2020-4-25 16:4:11 :OPTIONS /user/getGoods - 0ms
2020-4-25 16:4:12 :OPTIONS /user/getSort - 1ms
2020-4-25 16:4:11 :POST /user/getGoods - 4ms
2020-4-25 16:4:12 :POST /user/getSort - 3ms
2020-4-25 16:4:12 :OPTIONS /user/getSort - 0ms
2020-4-25 16:4:11 :OPTIONS /user/getGoods - 1ms
2020-4-25 16:4:11 :POST /user/getGoods - 8ms
2020-4-25 16:4:12 :POST /user/getSort - 5ms
2020-4-25 16:4:12 :POST /user/getGoods - 11ms
2020-4-25 16:4:12 :POST /user/getGoods - 9ms
2020-4-25 16:4:11 :POST /user/getSort - 10ms
2020-4-25 16:4:11 :POST /user/getGoods - 3ms
2020-4-25 16:4:12 :OPTIONS /user/getGoods - 0ms
2020-4-25 16:4:11 :OPTIONS /user/getSort - 0ms
2020-4-25 16:4:12 :POST /user/getGoods - 6ms
2020-4-25 16:4:11 :POST /user/getSort - 5ms
2020-4-25 16:4:11 :OPTIONS /user/getSort - 0ms
2020-4-25 16:4:12 :OPTIONS /user/getGoods - 0ms
2020-4-25 16:4:11 :POST /user/getSort - 3ms
2020-4-25 16:4:12 :POST /user/getGoods - 7ms
2020-4-25 16:4:12 :OPTIONS /user/getSort - 0ms
2020-4-25 16:4:11 :OPTIONS /user/getGoods - 0ms
2020-4-25 16:4:12 :POST /user/getSort - 3ms
2020-4-25 16:4:11 :POST /user/getGoods - 4ms
2020-4-25 16:4:11 :POST /user/getGoods - 12ms
2020-4-25 16:4:12 :POST /user/getSort - 13ms
2020-4-25 16:4:12 :POST /user/getGoods - 3ms
2020-4-25 16:4:12 :POST /user/getGoods - 3ms
2020-4-25 16:4:11 :POST /user/getSort - 2ms
2020-4-25 16:4:12 :OPTIONS /user/getGoods - 0ms
2020-4-25 16:4:11 :OPTIONS /user/getSort - 0ms
2020-4-25 16:4:11 :OPTIONS /user/getGoods - 0ms
2020-4-25 16:4:12 :OPTIONS /user/getGoods - 0ms
2020-4-25 16:4:12 :OPTIONS /user/getGoods - 0ms
2020-4-25 16:4:11 :OPTIONS /user/getGoods - 0ms
2020-4-25 16:4:11 :POST /user/getGoods - 5ms
2020-4-25 16:4:11 :OPTIONS /user/getGoods - 0ms
2020-4-25 16:4:11 :POST /user/getGoods - 8ms
2020-4-25 16:4:11 :POST /user/getGoods - 8ms
2020-4-25 16:4:12 :OPTIONS /user/getGoods - 0ms
2020-4-25 16:4:11 :POST /user/getGoods - 6ms
2020-4-25 16:4:11 :POST /user/getGoods - 7ms
2020-4-25 16:4:12 :POST /user/getSort - 6ms
2020-4-25 16:4:12 :POST /user/getGoods - 16ms
2020-4-25 16:4:12 :POST /user/getGoods - 13ms
2020-4-25 16:4:12 :POST /user/getGoods - 3ms
2020-4-25 16:4:11 :OPTIONS /user/getGoods - 8ms
2020-4-25 16:4:11 :OPTIONS /user/getGoods - 8ms
2020-4-25 16:4:11 :POST /user/getGoods - 123ms
2020-4-25 16:4:11 :POST /user/getGoods - 135ms
2020-4-25 16:4:11 :POST /user/getGoods - 7ms
2020-4-25 16:4:11 :POST /user/getGoods - 4ms
2020-4-25 16:4:11 :POST /user/getGoods - 4ms
2020-4-25 16:4:12 :POST /user/getGoods - 4ms
2020-4-25 16:4:12 :POST /user/getGoods - 3ms
2020-4-25 16:4:11 :POST /user/getGoods - 5ms
2020-4-25 16:4:11 :POST /user/getGoods - 8ms
2020-4-25 16:4:11 :POST /user/getGoods - 9ms
2020-4-25 16:4:12 :POST /user/getGoods - 10ms
2020-4-25 16:4:12 :POST /user/getGoods - 14ms
2020-4-25 16:4:11 :POST /user/getGoods - 20ms
2020-4-25 16:4:11 :POST /user/getGoods - 18ms
2020-4-25 16:4:11 :POST /user/getGoods - 4ms
2020-4-25 16:4:11 :OPTIONS /user/getGoods - 0ms
2020-4-25 16:4:11 :OPTIONS /user/getSort - 0ms
2020-4-25 16:4:11 :POST /user/getGoods - 10ms
2020-4-25 16:4:11 :POST /user/getSort - 12ms
2020-4-25 16:4:11 :OPTIONS /user/getShare - 1ms
2020-4-25 16:4:11 :POST /user/getShare - 6ms
2020-4-25 16:4:11 :OPTIONS /user/getShare - 0ms
2020-4-25 16:4:11 :POST /user/getShare - 4ms
2020-4-25 16:4:11 :OPTIONS /user/getGoods - 0ms
2020-4-25 16:4:11 :OPTIONS /user/getSort - 1ms
2020-4-25 16:4:11 :POST /user/getGoods - 7ms
2020-4-25 16:4:11 :POST /user/getSort - 9ms
2020-4-25 16:4:11 :OPTIONS /user/login - 0ms
2020-4-25 16:4:11 :POST /user/login - 3ms
2020-4-25 16:4:11 :OPTIONS /user/login - 0ms
2020-4-25 16:4:11 :POST /user/login - 3ms
2020-4-25 16:4:11 :OPTIONS /user/addUser - 0ms
2020-4-25 16:4:11 :POST /user/addUser - 10ms
2020-4-25 16:4:11 :OPTIONS /user/login - 0ms
2020-4-25 16:4:11 :POST /user/login - 27ms
2020-4-25 16:4:11 :OPTIONS /user/getGoods - 0ms
2020-4-25 16:4:11 :OPTIONS /user/getSort - 1ms
2020-4-25 16:4:11 :POST /user/getGoods - 5ms
2020-4-25 16:4:11 :POST /user/getSort - 4ms
2020-4-25 16:4:11 :OPTIONS /user/getShare - 0ms
2020-4-25 16:4:11 :POST /user/getShare - 6ms
2020-4-25 16:4:11 :OPTIONS /file/upFile - 0ms
2020-4-25 16:4:11 :POST /file/upFile - 2ms
2020-4-25 16:4:11 :OPTIONS /user/addShare - 0ms
2020-4-25 16:4:11 :POST /user/addShare - 3ms
2020-4-25 16:4:11 :OPTIONS /user/getShare - 0ms
2020-4-25 16:4:11 :POST /user/getShare - 3ms
2020-4-25 16:4:11 :GET /file/getImg?imagePath=1587802855222 - 404
2020-4-25 16:4:11 :OPTIONS /user/getShare - 1ms
2020-4-25 16:4:11 :POST /user/getShare - 3ms
2020-4-25 16:4:11 :OPTIONS /user/getShare - 0ms
2020-4-25 16:4:11 :POST /user/getShare - 3ms
2020-4-25 16:4:11 :OPTIONS /user/getGoods - 0ms
2020-4-25 16:4:11 :POST /user/getGoods - 5ms
2020-4-25 16:4:11 :OPTIONS /user/getSort - 1ms
2020-4-25 16:4:11 :POST /user/getSort - 3ms
2020-4-25 16:4:11 :POST /user/getShare - 5ms
2020-4-25 16:4:11 :OPTIONS /user/getShare - 0ms
2020-4-25 16:4:11 :POST /user/getShare - 3ms
2020-4-25 16:4:11 :POST /user/getShare - 4ms
2020-4-25 16:4:11 :OPTIONS /user/getGoods - 1ms
2020-4-25 16:4:11 :OPTIONS /user/getSort - 0ms
2020-4-25 16:4:11 :POST /user/getGoods - 5ms
2020-4-25 16:4:11 :POST /user/getSort - 5ms
2020-4-25 16:4:11 :OPTIONS /user/getShare - 1ms
2020-4-25 16:4:11 :POST /user/getShare - 3ms
2020-4-25 16:4:11 :POST /user/getShare - 5ms
2020-4-25 16:4:11 :OPTIONS /user/getShare - 0ms
2020-4-25 16:4:11 :POST /user/getShare - 3ms
2020-4-25 16:4:11 :OPTIONS /user/getGoods - 0ms
2020-4-25 16:4:11 :OPTIONS /user/getSort - 0ms
2020-4-25 16:4:11 :POST /user/getGoods - 27ms
2020-4-25 16:4:11 :POST /user/getSort - 22ms
2020-4-25 16:4:11 :OPTIONS /user/getGoods - 0ms
2020-4-25 16:4:11 :OPTIONS /user/getSort - 1ms
2020-4-25 16:4:11 :POST /user/getGoods - 4ms
2020-4-25 16:4:11 :POST /user/getSort - 5ms
2020-4-25 16:4:11 :OPTIONS /user/login - 1ms
2020-4-25 16:4:11 :POST /user/login - 2ms
2020-4-25 16:4:11 :OPTIONS /user/getAddress - 0ms
2020-4-25 16:4:11 :POST /user/getAddress - 3ms
2020-4-25 16:4:11 :OPTIONS /user/addAddress - 1ms
2020-4-25 16:4:11 :POST /user/addAddress - 2ms
2020-4-25 16:4:11 :OPTIONS /user/getAddress - 0ms
2020-4-25 16:4:11 :POST /user/getAddress - 2ms
2020-4-25 16:4:11 :OPTIONS /user/getGoods - 1ms
2020-4-25 16:4:11 :OPTIONS /user/getSort - 0ms
2020-4-25 16:4:11 :POST /user/getGoods - 6ms
2020-4-25 16:4:11 :POST /user/getSort - 4ms
2020-4-25 16:4:11 :OPTIONS /user/getShare - 1ms
2020-4-25 16:4:11 :POST /user/getShare - 4ms
2020-4-25 16:4:11 :GET /file/getImg?imagePath=1587802855222 - 404
2020-4-25 16:4:11 :OPTIONS /user/getGoods - 0ms
2020-4-25 16:4:11 :OPTIONS /user/getSort - 0ms
2020-4-25 16:4:11 :POST /user/getGoods - 8ms
2020-4-25 16:4:11 :POST /user/getSort - 6ms
2020-4-25 16:4:11 :OPTIONS /user/addPay - 0ms
2020-4-25 16:4:11 :POST /user/addPay - 2ms
2020-4-25 16:4:11 :OPTIONS /user/getAddress - 1ms
2020-4-25 16:4:11 :POST /user/getAddress - 3ms
2020-4-25 16:4:11 :OPTIONS /user/getGoods - 1ms
2020-4-25 16:4:11 :OPTIONS /user/getSort - 0ms
2020-4-25 16:4:11 :POST /user/getGoods - 4ms
2020-4-25 16:4:11 :POST /user/getSort - 4ms
2020-4-25 16:4:11 :OPTIONS /user/getShare - 0ms
2020-4-25 16:4:11 :POST /user/getShare - 3ms
2020-4-25 16:4:11 :GET /file/getImg?imagePath=1587802855222 - 404
2020-4-25 16:4:11 :POST /user/getGoods - 9ms
2020-4-25 16:4:11 :POST /user/getSort - 7ms
2020-4-25 16:4:11 :OPTIONS /user/addPay - 1ms
2020-4-25 16:4:11 :POST /user/addPay - 2ms
2020-4-25 16:4:11 :OPTIONS /user/getAddress - 0ms
2020-4-25 16:4:11 :POST /user/getAddress - 3ms
2020-4-25 16:4:11 :OPTIONS /user/getAddress - 0ms
2020-4-25 16:4:11 :POST /user/getAddress - 44ms
2020-4-25 16:4:11 :OPTIONS /user/getAddress - 0ms
2020-4-25 16:4:11 :POST /user/getAddress - 41ms
2020-4-25 16:4:11 :OPTIONS /user/upPay - 0ms
2020-4-25 16:4:11 :POST /user/upPay - 2ms
2020-4-25 16:4:11 :OPTIONS /user/getGoods - 0ms
2020-4-25 16:4:11 :POST /user/getGoods - 12ms
2020-4-25 16:4:11 :OPTIONS /user/getSort - 0ms
2020-4-25 16:4:11 :POST /user/getSort - 6ms
2020-4-25 16:4:11 :OPTIONS /user/getAddress - 0ms
2020-4-25 16:4:11 :POST /user/getAddress - 4ms
2020-4-25 16:4:11 :OPTIONS /user/getGoods - 0ms
2020-4-25 16:4:11 :OPTIONS /user/getSort - 0ms
2020-4-25 16:4:11 :POST /user/getSort - 4ms
2020-4-25 16:4:11 :POST /user/getGoods - 15ms
2020-4-25 16:4:11 :OPTIONS /user/getPay - 0ms
2020-4-25 16:4:11 :POST /user/getPay - 4ms
2020-4-25 16:4:11 :GET /file/getImg?imagePath=1582094906325item-detail-2.jpg - 404
2020-4-25 16:4:11 :OPTIONS /user/addPay - 0ms
2020-4-25 16:4:11 :OPTIONS /user/getAddress - 1ms
2020-4-25 16:4:11 :POST /user/addPay - 11ms
2020-4-25 16:4:11 :POST /user/getAddress - 27ms
2020-4-25 16:4:11 :OPTIONS /user/getShare - 0ms
2020-4-25 16:4:11 :POST /user/getShare - 6ms
2020-4-25 16:4:11 :GET /file/getImg?imagePath=1587802855222 - 404
2020-4-25 16:4:11 :POST /user/getShare - 2ms
2020-4-25 16:4:11 :OPTIONS /user/getGoods - 0ms
2020-4-25 16:4:11 :OPTIONS /user/getSort - 1ms
2020-4-25 16:4:11 :POST /user/getGoods - 3ms
2020-4-25 16:4:11 :POST /user/getSort - 6ms
2020-4-25 16:4:11 :OPTIONS /user/addPay - 0ms
2020-4-25 16:4:11 :POST /user/addPay - 1ms
2020-4-25 16:4:11 :OPTIONS /user/getAddress - 0ms
2020-4-25 16:4:11 :POST /user/getAddress - 2ms
2020-4-25 16:4:11 :OPTIONS /user/upPay - 0ms
2020-4-25 16:4:11 :POST /user/upPay - 2ms
2020-4-25 16:4:11 :POST /user/getSort - 8ms
2020-4-25 16:4:11 :POST /user/getGoods - 17ms
2020-4-25 16:4:11 :POST /user/getAddress - 43ms
2020-4-25 16:4:11 :OPTIONS /user/getGoods - 0ms
2020-4-25 16:4:11 :OPTIONS /user/getSort - 0ms
2020-4-25 16:4:11 :POST /user/getSort - 13ms
2020-4-25 16:4:11 :POST /user/getGoods - 11ms
2020-4-25 16:4:11 :OPTIONS /user/addPay - 0ms
2020-4-25 16:4:11 :OPTIONS /user/addPay - 1ms
2020-4-25 16:4:11 :POST /user/addPay - 1ms
2020-4-25 16:4:11 :OPTIONS /user/addPay - 0ms
2020-4-25 16:4:11 :OPTIONS /user/getAddress - 0ms
2020-4-25 16:4:11 :POST /user/addPay - 1ms
2020-4-25 16:4:11 :POST /user/addPay - 12ms
2020-4-25 16:4:11 :POST /user/getAddress - 8ms
2020-4-25 16:4:11 :OPTIONS /user/getShare - 0ms
2020-4-25 16:4:11 :POST /user/getShare - 5ms
2020-4-25 16:4:11 :OPTIONS /user/getShare - 0ms
2020-4-25 16:4:11 :POST /user/getShare - 2ms
2020-4-25 16:4:11 :OPTIONS /user/getGoods - 0ms
2020-4-25 16:4:11 :OPTIONS /user/getSort - 1ms
2020-4-25 16:4:11 :POST /user/getGoods - 5ms
2020-4-25 16:4:11 :POST /user/getSort - 5ms
2020-4-25 16:4:11 :OPTIONS /user/addPay - 0ms
2020-4-25 16:4:11 :OPTIONS /user/addPay - 0ms
2020-4-25 16:4:11 :OPTIONS /user/getAddress - 0ms
2020-4-25 16:4:11 :POST /user/addPay - 1ms
2020-4-25 16:4:11 :POST /user/addPay - 2ms
2020-4-25 16:4:11 :POST /user/getAddress - 5ms
2020-4-25 16:4:11 :OPTIONS /user/getAddress - 0ms
2020-4-25 16:4:11 :POST /user/getAddress - 4ms
2020-4-25 16:4:11 :OPTIONS /user/getPay - 0ms
2020-4-25 16:4:11 :POST /user/getPay - 6ms
2020-4-25 16:4:11 :OPTIONS /user/getGoods - 0ms
2020-4-25 16:4:11 :OPTIONS /user/getSort - 0ms
2020-4-25 16:4:11 :POST /user/getGoods - 6ms
2020-4-25 16:4:11 :POST /user/getSort - 5ms
2020-4-25 16:4:11 :OPTIONS /user/addPay - 0ms
2020-4-25 16:4:11 :POST /user/addPay - 2ms
2020-4-25 16:4:11 :OPTIONS /user/getAddress - 0ms
2020-4-25 16:4:11 :POST /user/getAddress - 6ms
2020-4-25 16:4:11 :OPTIONS /user/getAddress - 0ms
2020-4-25 16:4:11 :POST /user/getAddress - 3ms
2020-4-25 16:4:11 :OPTIONS /user/getAddress - 0ms
2020-4-25 16:4:11 :POST /user/getAddress - 3ms
2020-4-25 16:4:11 :OPTIONS /user/getGoods - 0ms
2020-4-25 16:4:11 :OPTIONS /user/getSort - 0ms
2020-4-25 16:4:11 :POST /user/getGoods - 4ms
2020-4-25 16:4:11 :POST /user/getSort - 3ms
2020-4-25 16:4:11 :OPTIONS /user/addPay - 0ms
2020-4-25 16:4:11 :OPTIONS /user/getAddress - 0ms
2020-4-25 16:4:11 :POST /user/addPay - 1ms
2020-4-25 16:4:11 :POST /user/getAddress - 3ms
2020-4-25 16:4:11 :OPTIONS /user/getShare - 0ms
2020-4-25 16:4:11 :POST /user/getShare - 5ms
2020-4-25 16:4:11 :GET /file/getImg?imagePath=1587802855222 - 404
2020-4-25 16:4:11 :OPTIONS /user/getGoods - 0ms
2020-4-25 16:4:11 :OPTIONS /user/getSort - 0ms
2020-4-25 16:4:11 :POST /user/getGoods - 4ms
2020-4-25 16:4:11 :POST /user/getSort - 4ms
2020-4-25 16:4:11 :OPTIONS /user/addPay - 1ms
2020-4-25 16:4:11 :POST /user/addPay - 2ms
2020-4-25 16:4:11 :OPTIONS /user/getAddress - 0ms
2020-4-25 16:4:11 :POST /user/getAddress - 3ms
2020-4-25 16:4:11 :OPTIONS /user/getGoods - 1ms
2020-4-25 16:4:11 :OPTIONS /user/getSort - 0ms
2020-4-25 16:4:11 :POST /user/getGoods - 9ms
2020-4-25 16:4:11 :POST /user/getSort - 6ms
2020-4-25 16:4:11 :OPTIONS /user/getGoods - 0ms
2020-4-25 16:4:11 :OPTIONS /user/getSort - 0ms
2020-4-25 16:4:11 :POST /user/getGoods - 4ms
2020-4-25 16:4:11 :POST /user/getSort - 2ms
2020-4-25 16:4:11 :OPTIONS /user/addPay - 0ms
2020-4-25 16:4:11 :POST /user/addPay - 2ms
2020-4-25 16:4:11 :OPTIONS /user/getAddress - 1ms
2020-4-25 16:4:11 :POST /user/getAddress - 3ms
2020-4-25 16:4:11 :OPTIONS /user/getAddress - 0ms
2020-4-25 16:4:11 :POST /user/getAddress - 11ms
2020-4-25 16:4:11 :OPTIONS /user/getAddress - 0ms
2020-4-25 16:4:11 :POST /user/getAddress - 24ms
2020-4-25 16:4:11 :OPTIONS /user/getGoods - 0ms
2020-4-25 16:4:11 :OPTIONS /user/getSort - 0ms
2020-4-25 16:4:11 :POST /user/getGoods - 4ms
2020-4-25 16:4:11 :POST /user/getSort - 4ms
2020-4-25 16:4:11 :OPTIONS /user/addPay - 0ms
2020-4-25 16:4:11 :OPTIONS /user/addPay - 0ms
2020-4-25 16:4:11 :POST /user/addPay - 1ms
2020-4-25 16:4:11 :OPTIONS /user/addPay - 0ms
2020-4-25 16:4:11 :POST /user/addPay - 1ms
2020-4-25 16:4:11 :POST /user/addPay - 1ms
2020-4-25 16:4:11 :OPTIONS /user/getGoods - 1ms
2020-4-25 16:4:11 :OPTIONS /user/getSort - 0ms
2020-4-25 16:4:11 :POST /user/getGoods - 10ms
2020-4-25 16:4:11 :POST /user/getSort - 9ms
2020-4-25 16:4:11 :OPTIONS /user/getGoods - 0ms
2020-4-25 16:4:11 :OPTIONS /user/getSort - 0ms
2020-4-25 16:4:11 :POST /user/getGoods - 8ms
2020-4-25 16:4:11 :POST /user/getSort - 5ms
2020-4-25 16:4:11 :OPTIONS /user/addPay - 0ms
2020-4-25 16:4:11 :OPTIONS /user/addPay - 1ms
2020-4-25 16:4:11 :POST /user/addPay - 1ms
2020-4-25 16:4:11 :POST /user/addPay - 1ms
2020-4-25 16:4:11 :OPTIONS /user/getAdmin - 0ms
2020-4-25 16:4:11 :POST /user/getAdmin - 4ms
2020-4-25 16:4:11 :OPTIONS /user/getGoods - 0ms
2020-4-25 16:4:11 :POST /user/getGoods - 5ms
2020-4-25 16:4:11 :OPTIONS /user/getSort - 0ms
2020-4-25 16:4:11 :POST /user/getSort - 3ms
2020-4-25 16:4:11 :OPTIONS /user/getAddress - 0ms
2020-4-25 16:4:11 :OPTIONS /user/addPay - 1ms
2020-4-25 16:4:11 :POST /user/getAddress - 4ms
2020-4-25 16:4:11 :OPTIONS /user/addPay - 0ms
2020-4-25 16:4:11 :POST /user/addPay - 2ms
2020-4-25 16:4:11 :POST /user/addPay - 2ms
2020-4-25 16:4:11 :OPTIONS /user/getShare - 0ms
2020-4-25 16:4:11 :POST /user/getShare - 3ms
2020-4-25 16:4:11 :GET /file/getImg?imagePath=1587802855222 - 404
2020-4-25 16:4:11 :OPTIONS /user/getGoods - 0ms
2020-4-25 16:4:11 :OPTIONS /user/getSort - 0ms
2020-4-25 16:4:11 :POST /user/getGoods - 7ms
2020-4-25 16:4:11 :POST /user/getSort - 7ms
2020-4-25 16:4:11 :OPTIONS /user/addPay - 0ms
2020-4-25 16:4:11 :OPTIONS /user/getAddress - 0ms
2020-4-25 16:4:11 :POST /user/addPay - 1ms
2020-4-25 16:4:11 :POST /user/getAddress - 5ms
2020-4-25 16:4:11 :OPTIONS /user/getGoods - 0ms
2020-4-25 16:4:11 :OPTIONS /user/getSort - 0ms
2020-4-25 16:4:11 :POST /user/getGoods - 4ms
2020-4-25 16:4:11 :POST /user/getSort - 3ms
2020-4-25 16:4:11 :OPTIONS /user/addPay - 0ms
2020-4-25 16:4:11 :OPTIONS /user/getAddress - 1ms
2020-4-25 16:4:11 :POST /user/addPay - 1ms
2020-4-25 16:4:11 :POST /user/getAddress - 7ms
2020-4-25 16:4:11 :OPTIONS /user/getGoods - 0ms
2020-4-25 16:4:11 :OPTIONS /user/getSort - 0ms
2020-4-25 16:4:11 :POST /user/getGoods - 4ms
2020-4-25 16:4:11 :POST /user/getSort - 6ms
2020-4-25 16:4:11 :OPTIONS /user/addPay - 0ms
2020-4-25 16:4:11 :OPTIONS /user/getAddress - 0ms
2020-4-25 16:4:11 :POST /user/addPay - 2ms
2020-4-25 16:4:11 :POST /user/getAddress - 7ms
2020-4-25 16:4:11 :OPTIONS /user/getAddress - 0ms
2020-4-25 16:4:11 :POST /user/getAddress - 3ms
2020-4-25 16:4:11 :OPTIONS /user/getGoods - 0ms
2020-4-25 16:4:11 :POST /user/getGoods - 4ms
2020-4-25 16:4:11 :OPTIONS /user/getSort - 0ms
2020-4-25 16:4:11 :POST /user/getSort - 3ms
2020-4-25 16:4:11 :OPTIONS /user/addPay - 0ms
2020-4-25 16:4:11 :OPTIONS /user/getAddress - 0ms
2020-4-25 16:4:11 :POST /user/addPay - 1ms
2020-4-25 16:4:11 :POST /user/getAddress - 3ms
2020-4-25 16:4:11 :OPTIONS /user/getGoods - 0ms
2020-4-25 16:4:11 :OPTIONS /user/getSort - 0ms
2020-4-25 16:4:11 :POST /user/getGoods - 5ms
2020-4-25 16:4:11 :POST /user/getSort - 4ms
2020-4-25 16:4:11 :OPTIONS /user/getAddress - 0ms
2020-4-25 16:4:11 :POST /user/getAddress - 5ms
2020-4-25 16:4:11 :OPTIONS /user/getSort - 0ms
2020-4-25 16:4:11 :OPTIONS /user/getGoods - 0ms
2020-4-25 16:4:11 :POST /user/getSort - 5ms
2020-4-25 16:4:11 :POST /user/getGoods - 5ms
2020-4-25 16:4:11 :OPTIONS /user/getAddress - 0ms
2020-4-25 16:4:11 :POST /user/getAddress - 3ms
2020-4-25 16:4:11 :OPTIONS /user/getGoods - 0ms
2020-4-25 16:4:11 :OPTIONS /user/getSort - 0ms
2020-4-25 16:4:11 :POST /user/getGoods - 11ms
2020-4-25 16:4:11 :POST /user/getSort - 5ms
2020-4-25 16:4:11 :OPTIONS /user/getAddress - 0ms
2020-4-25 16:4:11 :POST /user/getAddress - 2ms
2020-4-25 16:4:11 :OPTIONS /user/getGoods - 0ms
2020-4-25 16:4:11 :OPTIONS /user/getSort - 0ms
2020-4-25 16:4:11 :POST /user/getSort - 2ms
2020-4-25 16:4:11 :POST /user/getGoods - 4ms
2020-4-25 16:4:11 :OPTIONS /user/addPay - 0ms
2020-4-25 16:4:11 :OPTIONS /user/addPay - 0ms
2020-4-25 16:4:11 :POST /user/addPay - 2ms
2020-4-25 16:4:11 :POST /user/addPay - 1ms
2020-4-25 16:4:11 :POST /user/addPay - 1ms
2020-4-25 16:4:11 :POST /user/addPay - 1ms
2020-4-25 16:4:11 :OPTIONS /user/addPay - 1ms
2020-4-25 16:4:11 :POST /user/addPay - 1ms
2020-4-25 16:4:11 :OPTIONS /user/getAddress - 0ms
2020-4-25 16:4:11 :POST /user/getAddress - 4ms
2020-4-25 16:4:11 :POST /user/addPay - 1ms
2020-4-25 16:4:11 :POST /user/addPay - 1ms
2020-4-25 16:4:11 :POST /user/getAddress - 46ms
2020-4-25 16:4:11 :OPTIONS /user/getAddress - 1ms
2020-4-25 16:4:11 :POST /user/getAddress - 2ms
2020-4-25 16:4:11 :OPTIONS /user/getAddress - 1ms
2020-4-25 16:4:11 :POST /user/getAddress - 2ms
2020-4-25 16:4:11 :OPTIONS /user/getGoods - 0ms
2020-4-25 16:4:11 :POST /user/getGoods - 43ms
2020-4-25 16:4:11 :OPTIONS /user/getSort - 0ms
2020-4-25 16:4:11 :POST /user/getSort - 4ms
2020-4-25 16:4:11 :OPTIONS /user/addPay - 0ms
2020-4-25 16:4:11 :OPTIONS /user/addPay - 0ms
2020-4-25 16:4:11 :POST /user/addPay - 2ms
2020-4-25 16:4:11 :POST /user/addPay - 1ms
2020-4-25 16:4:11 :OPTIONS /user/getAddress - 0ms
2020-4-25 16:4:11 :POST /user/getAddress - 5ms
2020-4-25 16:4:11 :OPTIONS /user/addPay - 0ms
2020-4-25 16:4:11 :OPTIONS /user/addPay - 0ms
2020-4-25 16:4:11 :POST /user/addPay - 1ms
2020-4-25 16:4:11 :POST /user/addPay - 1ms
2020-4-25 16:4:11 :OPTIONS /user/getAddress - 0ms
2020-4-25 16:4:11 :POST /user/getAddress - 39ms
2020-4-25 16:4:11 :OPTIONS /user/upPay - 1ms
2020-4-25 16:4:11 :POST /user/upPay - 1ms
2020-4-25 16:4:11 :OPTIONS /user/upPay - 0ms
2020-4-25 16:4:11 :POST /user/upPay - 2ms
2020-4-25 16:4:11 :OPTIONS /user/getPay - 0ms
2020-4-25 16:4:11 :POST /user/getPay - 4ms
2020-4-25 16:4:11 :GET /file/getImg?imagePath=1582094906325item-detail-2.jpg - 404
2020-4-25 16:4:11 :OPTIONS /user/getComment - 0ms
2020-4-25 16:4:11 :POST /user/getComment - 3ms
2020-4-25 16:4:11 :OPTIONS /user/getPay - 0ms
2020-4-25 16:4:11 :POST /user/getPay - 3ms
2020-4-25 16:4:11 :OPTIONS /user/getAddress - 0ms
2020-4-25 16:4:11 :POST /user/getAddress - 15ms
2020-4-25 16:4:11 :OPTIONS /user/getComment - 0ms
2020-4-25 16:4:11 :POST /user/getComment - 2ms
2020-4-25 16:4:11 :OPTIONS /user/getPay - 0ms
2020-4-25 16:4:11 :POST /user/getPay - 4ms
2020-4-25 16:4:11 :OPTIONS /user/getComment - 0ms
2020-4-25 16:4:11 :POST /user/getComment - 7ms
2020-4-25 16:4:11 :OPTIONS /user/addComment - 0ms
2020-4-25 16:4:11 :POST /user/addComment - 2ms
2020-4-25 16:4:11 :POST /user/addComment - 2ms
2020-4-25 16:4:11 :OPTIONS /user/getPay - 0ms
2020-4-25 16:4:11 :POST /user/getPay - 13ms
2020-4-25 16:4:11 :OPTIONS /user/getComment - 0ms
2020-4-25 16:4:11 :POST /user/getComment - 7ms
2020-4-25 16:4:11 :OPTIONS /user/getGoods - 0ms
2020-4-25 16:4:11 :OPTIONS /user/getGoods - 0ms
2020-4-25 16:4:11 :POST /user/getGoods - 7ms
2020-4-25 16:4:11 :POST /user/getGoods - 4ms
2020-4-25 16:4:11 :OPTIONS /user/getComment - 0ms
2020-4-25 16:4:11 :POST /user/getComment - 8ms
2020-4-25 16:4:11 :OPTIONS /user/getGoods - 0ms
2020-4-25 16:4:11 :OPTIONS /user/getGoods - 0ms
2020-4-25 16:4:11 :POST /user/getGoods - 6ms
2020-4-25 16:4:11 :POST /user/getGoods - 10ms
2020-4-25 16:4:11 :OPTIONS /user/getComment - 1ms
2020-4-25 16:4:11 :POST /user/getComment - 4ms
2020-4-25 16:4:11 :OPTIONS /user/getGoods - 0ms
2020-4-25 16:4:11 :OPTIONS /user/getGoods - 0ms
2020-4-25 16:4:11 :POST /user/getGoods - 48ms
2020-4-25 16:4:11 :POST /user/getGoods - 2ms
2020-4-25 16:4:11 :OPTIONS /user/getGoods - 0ms
2020-4-25 16:4:11 :OPTIONS /user/getSort - 1ms
2020-4-25 16:4:11 :POST /user/getGoods - 7ms
2020-4-25 16:4:11 :POST /user/getSort - 7ms
2020-4-25 16:4:11 :POST /user/getGoods - 8ms
2020-4-25 16:4:11 :POST /user/getSort - 4ms
2020-4-25 16:4:11 :POST /user/getGoods - 2ms
2020-4-25 16:4:11 :POST /user/getGoods - 2ms
2020-4-25 16:4:11 :OPTIONS /user/getGoods - 0ms
2020-4-25 16:4:11 :OPTIONS /user/getSort - 0ms
2020-4-25 16:4:11 :POST /user/getGoods - 40ms
2020-4-25 16:4:11 :POST /user/getSort - 4ms
2020-4-25 16:4:11 :OPTIONS /user/getGoods - 0ms
2020-4-25 16:4:11 :OPTIONS /user/getSort - 0ms
2020-4-25 16:4:11 :POST /user/getGoods - 3ms
2020-4-25 16:4:11 :POST /user/getSort - 19ms
2020-4-25 16:4:11 :OPTIONS /user/addPay - 0ms
2020-4-25 16:4:11 :OPTIONS /user/addPay - 0ms
2020-4-25 16:4:11 :POST /user/addPay - 1ms
2020-4-25 16:4:11 :POST /user/addPay - 1ms
2020-4-25 16:4:11 :OPTIONS /user/getAddress - 0ms
2020-4-25 16:4:11 :POST /user/getAddress - 7ms
2020-4-25 16:4:11 :OPTIONS /user/upPay - 1ms
2020-4-25 16:4:11 :POST /user/upPay - 1ms
2020-4-25 16:4:11 :POST /user/upPay - 1ms
2020-4-25 16:4:11 :OPTIONS /user/upPay - 0ms
2020-4-25 16:4:11 :OPTIONS /user/getPay - 0ms
2020-4-25 16:4:11 :POST /user/getPay - 3ms
2020-4-25 16:4:11 :GET /file/getImg?imagePath=1582094906325item-detail-2.jpg - 404
2020-4-25 16:4:11 :POST /user/getAddress - 4ms
2020-4-25 16:4:11 :OPTIONS /user/getShare - 0ms
2020-4-25 16:4:11 :POST /user/getShare - 10ms
2020-4-25 16:4:11 :GET /file/getImg?imagePath=1587802855222 - 404
2020-4-25 16:4:11 :OPTIONS /user/getGoods - 0ms
2020-4-25 16:4:11 :OPTIONS /user/getSort - 1ms
2020-4-25 16:4:11 :POST /user/getGoods - 5ms
2020-4-25 16:4:11 :POST /user/getSort - 5ms
2020-4-25 16:4:11 :OPTIONS /user/addPay - 0ms
2020-4-25 16:4:11 :POST /user/addPay - 1ms
2020-4-25 16:4:11 :OPTIONS /user/getAddress - 0ms
2020-4-25 16:4:11 :POST /user/getAddress - 3ms
2020-4-25 16:4:11 :OPTIONS /user/getGoods - 0ms
2020-4-25 16:4:11 :OPTIONS /user/getSort - 0ms
2020-4-25 16:4:11 :POST /user/getGoods - 3ms
2020-4-25 16:4:11 :POST /user/getSort - 3ms
2020-4-25 16:4:11 :OPTIONS /user/addPay - 0ms
2020-4-25 16:4:11 :POST /user/addPay - 1ms
2020-4-25 16:4:11 :OPTIONS /user/getAddress - 0ms
2020-4-25 16:4:11 :POST /user/getAddress - 3ms
2020-4-25 16:4:11 :POST /user/getGoods - 3ms
2020-4-25 16:4:11 :POST /user/getSort - 3ms