
2020-4-8 8:56:56 :OPTIONS /user/getAdmin - 5ms
2020-4-8 8:56:56 :POST /user/getAdmin - 138ms
2020-4-8 8:56:56 :OPTIONS /user/addAdmin - 1ms
2020-4-8 8:56:56 :POST /user/addAdmin - 37ms
2020-4-8 8:56:56 :OPTIONS /user/upAdmin - 0ms
2020-4-8 8:56:56 :POST /user/upAdmin - 32ms
2020-4-8 8:56:56 :OPTIONS /user/upAdmin - 0ms
2020-4-8 8:56:56 :POST /user/upAdmin - 1ms
2020-4-8 8:56:56 :OPTIONS /user/getAdmin - 1ms
2020-4-8 8:56:56 :POST /user/getAdmin - 390ms
2020-4-8 8:56:56 :OPTIONS /user/deSort - 0ms
2020-4-8 8:56:56 :POST /user/deSort - 64ms
2020-4-8 8:56:56 :OPTIONS /user/addAdmin - 1ms
2020-4-8 8:56:56 :POST /user/addAdmin - 2ms
2020-4-8 8:56:56 :OPTIONS /user/getAdmin - 0ms
2020-4-8 8:56:56 :POST /user/getAdmin - 1700ms
2020-4-8 8:56:56 :OPTIONS /user/login - 0ms
2020-4-8 8:56:56 :POST /user/login - 140ms
2020-4-8 8:56:56 :OPTIONS /user/getAdmin - 0ms
2020-4-8 8:56:56 :POST /user/getAdmin - 4ms
2020-4-8 8:56:56 :OPTIONS /user/deSort - 1ms
2020-4-8 8:56:56 :POST /user/deSort - 1ms
2020-4-8 8:56:56 :OPTIONS /user/getAdmin - 0ms
2020-4-8 8:56:56 :POST /user/getAdmin - 3ms
2020-4-8 8:56:56 :OPTIONS /user/deSort - 0ms
2020-4-8 8:56:56 :POST /user/deSort - 1ms
2020-4-8 8:56:56 :OPTIONS /user/getAdmin - 0ms
2020-4-8 8:56:56 :POST /user/getAdmin - 14ms
2020-4-8 8:56:56 :OPTIONS /user/deSort - 0ms
2020-4-8 8:56:56 :POST /user/deSort - 1ms
2020-4-8 8:56:56 :OPTIONS /user/getAdmin - 0ms
2020-4-8 8:56:56 :POST /user/getAdmin - 4ms
2020-4-8 8:56:56 :OPTIONS /user/upAdmin - 0ms
2020-4-8 8:56:56 :POST /user/upAdmin - 40ms
2020-4-8 8:56:56 :OPTIONS /user/getAdmin - 0ms
2020-4-8 8:56:56 :POST /user/getAdmin - 811ms
2020-4-8 8:56:56 :OPTIONS /user/deAdmin - 0ms
2020-4-8 8:56:56 :POST /user/deAdmin - 38ms
2020-4-8 8:56:56 :OPTIONS /user/getSort - 1ms
2020-4-8 8:56:56 :POST /user/getSort - 4ms
2020-4-8 8:56:56 :OPTIONS /user/login - 0ms
2020-4-8 8:56:56 :POST /user/login - 42ms
2020-4-8 8:56:56 :OPTIONS /user/login - 0ms
2020-4-8 8:56:56 :POST /user/login - 182ms
2020-4-8 8:56:56 :OPTIONS /user/getUser - 0ms
2020-4-8 8:56:56 :OPTIONS /user/getUser - 0ms
2020-4-8 8:56:56 :OPTIONS /user/getUser - 0ms
2020-4-8 8:56:56 :OPTIONS /user/login - 8ms
2020-4-8 8:56:56 :POST /user/login - 1430ms
2020-4-8 10:42:5 :OPTIONS /user/login - 7ms
2020-4-8 10:42:5 :POST /user/login - 217ms
2020-4-8 10:42:5 :OPTIONS /user/getUser - 1ms
2020-4-8 10:42:5 :POST /user/getUser - 14ms
2020-4-8 10:42:5 :OPTIONS /user/login - 0ms
2020-4-8 10:42:5 :POST /user/login - 2ms
2020-4-8 10:42:5 :OPTIONS /user/getUser - 0ms
2020-4-8 10:42:5 :POST /user/getUser - 7ms
2020-4-8 10:42:5 :OPTIONS /user/getAdmin - 0ms
2020-4-8 10:42:5 :POST /user/getAdmin - 4ms
2020-4-8 10:42:5 :OPTIONS /user/getUser - 1ms
2020-4-8 10:42:5 :POST /user/getUser - 3ms
2020-4-8 10:42:5 :OPTIONS /user/login - 0ms
2020-4-8 10:42:5 :OPTIONS /user/getUser - 0ms
2020-4-8 10:42:5 :POST /user/login - 4ms
2020-4-8 10:42:5 :POST /user/getUser - 3ms
2020-4-8 10:42:5 :OPTIONS /user/login - 0ms
2020-4-8 10:42:4 :OPTIONS /user/getUser - 6ms
2020-4-8 10:42:5 :POST /user/getUser - 30ms
2020-4-8 10:42:4 :POST /user/login - 43ms
2020-4-8 10:42:4 :OPTIONS /user/login - 0ms
2020-4-8 10:42:4 :POST /user/login - 3ms
2020-4-8 10:42:4 :OPTIONS /user/login - 0ms
2020-4-8 10:42:4 :POST /user/login - 85ms
2020-4-8 10:42:4 :POST /user/login - 582ms
2020-4-8 10:42:4 :OPTIONS /user/getAdmin - 61ms
2020-4-8 10:42:4 :OPTIONS /user/login - 0ms
2020-4-8 10:42:4 :OPTIONS /user/getSort - 0ms
2020-4-8 10:42:4 :POST /user/getSort - 645ms
2020-4-8 10:42:4 :POST /user/getAdmin - 1987ms
2020-4-8 10:42:4 :POST /user/login - 1113ms
2020-4-8 10:42:4 :POST /user/getAdmin - 18ms
2020-4-8 10:42:4 :OPTIONS /user/login - 0ms
2020-4-8 10:42:4 :POST /user/login - 6ms
2020-4-8 10:42:4 :OPTIONS /user/getAdmin - 0ms
2020-4-8 10:42:4 :POST /user/getAdmin - 7ms
2020-4-8 10:42:4 :OPTIONS /user/getAdmin - 1ms
2020-4-8 10:42:4 :POST /user/getAdmin - 5ms
2020-4-8 10:42:4 :OPTIONS /user/getAdmin - 3ms
2020-4-8 10:42:4 :POST /user/getAdmin - 611ms
2020-4-8 10:42:4 :OPTIONS /user/login - 0ms
2020-4-8 10:42:4 :POST /user/login - 12ms
2020-4-8 10:42:4 :OPTIONS /user/getGoods - 17ms
2020-4-8 10:42:4 :POST /user/getGoods - 201ms
2020-4-8 10:42:4 :POST /user/login - 13ms
2020-4-8 10:42:4 :OPTIONS /user/getSort - 0ms
2020-4-8 10:42:4 :POST /user/getSort - 8ms
2020-4-8 10:42:4 :OPTIONS /user/login - 0ms
2020-4-8 10:42:4 :POST /user/login - 4ms
2020-4-8 10:42:4 :OPTIONS /user/getAdmin - 0ms
2020-4-8 10:42:4 :POST /user/getAdmin - 5ms
2020-4-8 10:42:4 :POST /user/getAdmin - 2ms
2020-4-8 10:42:4 :OPTIONS /user/login - 0ms
2020-4-8 10:42:4 :POST /user/login - 20ms
2020-4-8 10:42:4 :OPTIONS /user/getAdmin - 0ms
2020-4-8 10:42:4 :POST /user/getAdmin - 3ms
2020-4-8 10:42:4 :OPTIONS /user/getSort - 1ms
2020-4-8 10:42:4 :POST /user/getSort - 10ms
2020-4-8 10:42:4 :POST /user/getAdmin - 2ms
2020-4-8 10:42:4 :OPTIONS /user/login - 1ms
2020-4-8 10:42:4 :POST /user/login - 4ms
2020-4-8 10:42:4 :POST /user/getSort - 15ms
2020-4-8 10:42:4 :OPTIONS /user/getGoods - 1ms
2020-4-8 10:42:4 :POST /user/getGoods - 9ms
2020-4-8 10:42:4 :OPTIONS /user/getSort - 0ms
2020-4-8 10:42:4 :POST /user/getSort - 3ms
2020-4-8 10:42:4 :OPTIONS /user/getSort - 0ms
2020-4-8 10:42:4 :POST /user/getSort - 3ms
2020-4-8 10:42:4 :OPTIONS /user/getGoods - 1ms
2020-4-8 10:42:4 :POST /user/getGoods - 2ms
2020-4-8 10:42:4 :POST /user/getSort - 2ms
2020-4-8 10:42:4 :OPTIONS /user/getGoods - 5ms
2020-4-8 10:42:4 :POST /user/getGoods - 1406ms
2020-4-8 10:42:4 :OPTIONS /user/getSort - 0ms
2020-4-8 10:42:4 :POST /user/getSort - 212ms
2020-4-8 10:42:4 :OPTIONS /user/getSort - 1ms
2020-4-8 10:42:4 :POST /user/getSort - 72ms
2020-4-8 10:42:4 :OPTIONS /user/getGoods - 0ms
2020-4-8 10:42:4 :POST /user/getGoods - 7ms
2020-4-8 10:42:4 :OPTIONS /user/getSort - 0ms
2020-4-8 10:42:4 :POST /user/getSort - 4ms
2020-4-8 10:42:4 :OPTIONS /user/getGoods - 0ms
2020-4-8 10:42:4 :POST /user/getGoods - 5ms
2020-4-8 10:42:4 :OPTIONS /user/getSort - 0ms
2020-4-8 10:42:4 :POST /user/getSort - 12ms
2020-4-8 10:42:4 :OPTIONS /user/getGoods - 0ms
2020-4-8 10:42:4 :POST /user/getGoods - 1ms
2020-4-8 10:42:4 :OPTIONS /user/getGoods - 0ms
2020-4-8 10:42:4 :POST /user/getGoods - 6ms
2020-4-8 10:42:4 :OPTIONS /user/getSort - 0ms
2020-4-8 10:42:4 :POST /user/getSort - 2ms
2020-4-8 10:42:4 :POST /user/getGoods - 3ms
2020-4-8 10:42:4 :POST /user/getSort - 2ms
2020-4-8 10:42:4 :OPTIONS /user/getSort - 0ms
2020-4-8 10:42:4 :POST /user/getSort - 2ms
2020-4-8 10:42:4 :OPTIONS /user/getGoods - 0ms
2020-4-8 10:42:4 :POST /user/getGoods - 51ms
2020-4-8 10:42:4 :OPTIONS /user/getSort - 1ms
2020-4-8 10:42:4 :POST /user/getSort - 2ms
2020-4-8 10:42:4 :OPTIONS /user/getSort - 0ms
2020-4-8 10:42:4 :POST /user/getSort - 2ms
2020-4-8 10:42:4 :OPTIONS /user/getGoods - 1ms
2020-4-8 10:42:4 :POST /user/getGoods - 2ms
2020-4-8 10:42:4 :OPTIONS /user/getSort - 0ms
2020-4-8 10:42:4 :POST /user/getSort - 3ms
2020-4-8 10:42:4 :OPTIONS /user/getGoods - 0ms
2020-4-8 10:42:4 :POST /user/getGoods - 55ms
2020-4-8 10:42:4 :OPTIONS /user/getSort - 0ms
2020-4-8 10:42:4 :POST /user/getSort - 2ms
2020-4-8 10:42:4 :OPTIONS /user/getGoods - 0ms
2020-4-8 10:42:4 :POST /user/getGoods - 3ms
2020-4-8 10:42:4 :OPTIONS /user/getSort - 0ms
2020-4-8 10:42:4 :POST /user/getSort - 2ms
2020-4-8 10:42:4 :OPTIONS /user/getGoods - 0ms
2020-4-8 10:42:4 :POST /user/getGoods - 5ms
2020-4-8 10:42:4 :OPTIONS /user/getSort - 0ms
2020-4-8 10:42:4 :POST /user/getSort - 119ms
2020-4-8 10:42:4 :OPTIONS /user/getGoods - 0ms
2020-4-8 10:42:4 :POST /user/getGoods - 2ms
2020-4-8 10:42:4 :OPTIONS /user/getSort - 0ms
2020-4-8 10:42:4 :POST /user/getSort - 2ms
2020-4-8 10:42:4 :OPTIONS /user/getSort - 0ms
2020-4-8 10:42:4 :POST /user/getSort - 10ms
2020-4-8 10:42:4 :OPTIONS /user/getGoods - 0ms
2020-4-8 10:42:4 :POST /user/getGoods - 212ms
2020-4-8 10:42:4 :OPTIONS /user/getSort - 0ms
2020-4-8 10:42:4 :POST /user/getSort - 147ms
2020-4-8 10:42:4 :OPTIONS /user/getGoods - 0ms
2020-4-8 10:42:4 :POST /user/getGoods - 222ms
2020-4-8 10:42:4 :OPTIONS /user/getSort - 0ms
2020-4-8 10:42:4 :POST /user/getSort - 19ms
2020-4-8 10:42:4 :OPTIONS /user/getSort - 0ms
2020-4-8 10:42:4 :POST /user/getSort - 2ms
2020-4-8 10:42:4 :OPTIONS /file/upFile - 0ms
2020-4-8 10:42:4 :POST /file/upFile - 47ms
2020-4-8 10:42:4 :POST /file/upFile - 1ms
2020-4-8 10:42:4 :OPTIONS /user/addGoods - 1ms
2020-4-8 10:42:4 :POST /user/addGoods - 803ms
2020-4-8 10:42:4 :OPTIONS /user/getSort - 0ms
2020-4-8 10:42:4 :POST /user/getSort - 3ms
2020-4-8 10:42:4 :OPTIONS /user/getGoods - 1ms
2020-4-8 10:42:4 :POST /user/getGoods - 2ms
2020-4-8 10:42:4 :OPTIONS /user/getGoods - 0ms
2020-4-8 10:42:4 :OPTIONS /user/getSort - 0ms
2020-4-8 10:42:4 :POST /user/getGoods - 15ms
2020-4-8 10:42:4 :POST /user/getSort - 26ms
2020-4-8 10:42:4 :GET /file/getImg?imagePath=1586328927275 - 404
2020-4-8 10:42:4 :OPTIONS /user/getGoods - 0ms
2020-4-8 10:42:4 :OPTIONS /user/getSort - 0ms
2020-4-8 10:42:4 :POST /user/getGoods - 27ms
2020-4-8 10:42:4 :POST /user/getSort - 21ms
2020-4-8 10:42:4 :GET /file/getImg?imagePath=1586328927275 - 404
2020-4-8 10:42:4 :GET /file/getImg?imagePath=1586328927422 - 404
2020-4-8 10:42:4 :GET /file/getImg?imagePath=1585983907427 - 404
2020-4-8 10:42:4 :GET /file/getImg?imagePath=1585983907580 - 404
2020-4-8 10:42:4 :OPTIONS /user/getGoods - 0ms
2020-4-8 10:42:4 :OPTIONS /user/getSort - 0ms
2020-4-8 10:42:4 :POST /user/getGoods - 20ms
2020-4-8 10:42:4 :POST /user/getSort - 16ms
2020-4-8 10:42:4 :GET /file/getImg?imagePath=1585983907427 - 404
2020-4-8 10:42:4 :GET /file/getImg?imagePath=1585983907580 - 404
2020-4-8 10:42:4 :OPTIONS /user/getGoods - 0ms
2020-4-8 10:42:4 :OPTIONS /user/getSort - 0ms
2020-4-8 10:42:4 :POST /user/getGoods - 20ms
2020-4-8 10:42:4 :POST /user/getSort - 4ms
2020-4-8 10:42:4 :GET /file/getImg?imagePath=1586328927275 - 404
2020-4-8 10:42:4 :GET /file/getImg?imagePath=1585983907427 - 404
2020-4-8 10:42:4 :GET /file/getImg?imagePath=1585983907580 - 404
2020-4-8 10:42:4 :GET /file/getImg?imagePath=1585983907580 - 404
2020-4-8 10:42:4 :GET /file/getImg?imagePath=1585983907427 - 404
2020-4-8 10:42:4 :OPTIONS /user/login - 0ms
2020-4-8 10:42:4 :POST /user/login - 351ms
2020-4-8 10:42:4 :OPTIONS /user/getPay - 0ms
2020-4-8 10:42:4 :POST /user/getPay - 86ms
2020-4-8 10:42:4 :POST /user/getPay - 2ms
2020-4-8 10:42:4 :POST /user/getPay - 2ms
2020-4-8 10:42:4 :POST /user/getPay - 2ms
2020-4-8 10:42:4 :OPTIONS /user/getGoods - 0ms
2020-4-8 10:42:4 :OPTIONS /user/getSort - 0ms
2020-4-8 10:42:4 :POST /user/getSort - 34ms
2020-4-8 10:42:4 :POST /user/getGoods - 51ms
2020-4-8 10:42:4 :GET /file/getImg?imagePath=1586328927275 - 404
2020-4-8 10:42:4 :OPTIONS /user/getSort - 0ms
2020-4-8 10:42:4 :POST /user/getSort - 2ms
2020-4-8 10:42:5 :OPTIONS /user/getGoods - 114ms
2020-4-8 10:42:5 :POST /user/getGoods - 876ms
2020-4-8 10:42:4 :OPTIONS /user/getGoods - 0ms
2020-4-8 10:42:4 :POST /user/getGoods - 4ms
2020-4-8 10:42:5 :OPTIONS /user/getSort - 0ms
2020-4-8 10:42:5 :POST /user/getSort - 25ms
2020-4-8 10:42:5 :OPTIONS /user/getShare - 1ms
2020-4-8 10:42:5 :POST /user/getShare - 17ms
2020-4-8 10:42:4 :OPTIONS /user/getSort - 0ms
2020-4-8 10:42:5 :OPTIONS /user/getGoods - 0ms
2020-4-8 10:42:5 :POST /user/getGoods - 267ms
2020-4-8 10:42:4 :POST /user/getSort - 289ms
2020-4-8 10:42:4 :GET /file/getImg?imagePath=1586328927275 - 404
2020-4-8 10:42:4 :OPTIONS /user/getGoods - 1ms
2020-4-8 10:42:5 :OPTIONS /user/getSort - 0ms
2020-4-8 10:42:4 :POST /user/getGoods - 13ms
2020-4-8 10:42:5 :POST /user/getSort - 98ms
2020-4-8 10:42:5 :POST /user/getGoods - 3ms
2020-4-8 10:42:4 :POST /user/getSort - 2ms
2020-4-8 10:42:5 :OPTIONS /user/getGoods - 0ms
2020-4-8 10:42:5 :OPTIONS /user/getSort - 1ms
2020-4-8 10:42:5 :POST /user/getSort - 61ms
2020-4-8 10:42:5 :POST /user/getGoods - 43ms
2020-4-8 10:42:5 :POST /user/getGoods - 157ms
2020-4-8 10:42:5 :POST /user/getSort - 50ms
2020-4-8 10:42:5 :OPTIONS /user/getSort - 0ms
2020-4-8 10:42:5 :POST /user/getSort - 28ms
2020-4-8 10:42:5 :OPTIONS /user/addSort - 0ms
2020-4-8 10:42:5 :POST /user/addSort - 1685ms
2020-4-8 10:42:5 :OPTIONS /user/getGoods - 0ms
2020-4-8 10:42:4 :OPTIONS /user/getSort - 0ms
2020-4-8 10:42:4 :POST /user/getGoods - 44ms
2020-4-8 10:42:5 :POST /user/getSort - 44ms
2020-4-8 10:42:5 :GET /file/getImg?imagePath=1586328927275 - 404