
2020-4-18 7:28:51 :OPTIONS /user/getGoods - 7ms
2020-4-18 7:28:51 :OPTIONS /user/getSort - 0ms
2020-4-18 7:28:51 :POST /user/getSort - 501ms
2020-4-18 7:28:51 :POST /user/getGoods - 578ms
2020-4-18 7:28:51 :GET /file/getImg?imagePath=1585983907427 - 404
2020-4-18 7:28:51 :OPTIONS /user/getGoods - 0ms
2020-4-18 7:28:51 :OPTIONS /user/getSort - 7ms
2020-4-18 7:28:51 :POST /user/getSort - 40ms
2020-4-18 7:28:51 :POST /user/getGoods - 36ms
2020-4-18 7:28:51 :GET /file/getImg?imagePath=1585983907427 - 404
2020-4-18 7:28:51 :OPTIONS /user/getSort - 0ms
2020-4-18 7:28:51 :OPTIONS /user/getGoods - 0ms
2020-4-18 7:28:51 :POST /user/getGoods - 5ms
2020-4-18 7:28:51 :POST /user/getSort - 32ms
2020-4-18 7:28:51 :GET /file/getImg?imagePath=1585983907427 - 404
2020-4-18 7:28:51 :OPTIONS /user/getGoods - 0ms
2020-4-18 7:28:51 :OPTIONS /user/getSort - 0ms
2020-4-18 7:28:51 :POST /user/getGoods - 6ms
2020-4-18 7:28:51 :POST /user/getSort - 4ms
2020-4-18 7:28:51 :GET /file/getImg?imagePath=1585983907427 - 404
2020-4-18 7:28:51 :OPTIONS /user/getShare - 0ms
2020-4-18 7:28:51 :POST /user/getShare - 28ms
2020-4-18 7:28:51 :GET /file/getImg?imagePath=1585976718633 - 404
2020-4-18 7:28:51 :GET /file/getImg?imagePath=1585984704413 - 404
2020-4-18 7:28:51 :OPTIONS /user/getGoods - 0ms
2020-4-18 7:28:51 :OPTIONS /user/getSort - 0ms
2020-4-18 7:28:51 :POST /user/getSort - 3ms
2020-4-18 7:28:51 :POST /user/getGoods - 6ms
2020-4-18 7:28:51 :GET /file/getImg?imagePath=1585983907427 - 404
2020-4-18 7:28:51 :POST /user/getShare - 5ms
2020-4-18 7:28:51 :GET /file/getImg?imagePath=1586429418469 - 404
2020-4-18 7:28:51 :OPTIONS /user/getShare - 0ms
2020-4-18 7:28:51 :POST /user/getShare - 5ms
2020-4-18 7:28:51 :OPTIONS /user/getSort - 0ms
2020-4-18 7:28:51 :OPTIONS /user/getGoods - 1ms
2020-4-18 7:28:51 :POST /user/getGoods - 3ms
2020-4-18 7:28:51 :OPTIONS /user/getGoods - 0ms
2020-4-18 7:28:51 :POST /user/getSort - 16ms
2020-4-18 7:28:51 :POST /user/getGoods - 308ms
2020-4-18 7:28:51 :POST /user/getGoods - 23ms
2020-4-18 7:28:51 :POST /user/getGoods - 2ms
2020-4-18 7:28:51 :POST /user/getGoods - 3ms
2020-4-18 7:28:51 :POST /user/getGoods - 5ms
2020-4-18 7:28:51 :OPTIONS /user/getGoods - 0ms
2020-4-18 7:28:51 :POST /user/getGoods - 2ms
2020-4-18 7:28:51 :OPTIONS /user/getShare - 0ms
2020-4-18 7:28:51 :POST /user/getShare - 3ms
2020-4-18 7:28:51 :OPTIONS /user/getSort - 0ms
2020-4-18 7:28:51 :POST /user/getGoods - 6ms
2020-4-18 7:28:51 :POST /user/getSort - 5ms
2020-4-18 7:28:51 :OPTIONS /user/getSort - 1ms
2020-4-18 7:28:51 :OPTIONS /user/getGoods - 0ms
2020-4-18 7:28:51 :OPTIONS /user/getGoods - 0ms
2020-4-18 7:28:51 :OPTIONS /user/getGoods - 0ms
2020-4-18 7:28:51 :POST /user/getGoods - 9ms
2020-4-18 7:28:51 :POST /user/getGoods - 7ms
2020-4-18 7:28:51 :POST /user/getGoods - 13ms
2020-4-18 7:28:51 :POST /user/getSort - 7ms
2020-4-18 7:28:51 :OPTIONS /user/getGoods - 1ms
2020-4-18 7:28:51 :OPTIONS /user/getSort - 0ms
2020-4-18 7:28:51 :POST /user/getSort - 21ms
2020-4-18 7:28:51 :POST /user/getGoods - 83ms
2020-4-18 7:28:51 :GET /file/getImg?imagePath=1585983907427 - 404
2020-4-18 7:28:51 :OPTIONS /user/getGoods - 0ms
2020-4-18 7:28:51 :OPTIONS /user/getSort - 0ms
2020-4-18 7:28:51 :POST /user/getGoods - 34ms
2020-4-18 7:28:51 :POST /user/getSort - 30ms
2020-4-18 7:28:51 :GET /file/getImg?imagePath=1585983907427 - 404
2020-4-18 7:28:51 :POST /user/getSort - 4ms
2020-4-18 7:28:51 :POST /user/getGoods - 8ms
2020-4-18 7:28:51 :GET /file/getImg?imagePath=1585983907580 - 404
2020-4-18 7:28:51 :OPTIONS /user/getSort - 0ms
2020-4-18 7:28:51 :OPTIONS /user/getGoods - 0ms
2020-4-18 7:28:51 :POST /user/getSort - 3ms
2020-4-18 7:28:51 :POST /user/getGoods - 3ms
2020-4-18 7:28:51 :POST /user/getGoods - 3ms
2020-4-18 7:28:51 :POST /user/getGoods - 11ms
2020-4-18 7:28:51 :POST /user/getSort - 8ms
2020-4-18 7:28:51 :GET /file/getImg?imagePath=1585983907427 - 404
2020-4-18 7:28:51 :POST /user/getGoods - 3ms
2020-4-18 7:28:51 :OPTIONS /user/getGoods - 0ms
2020-4-18 7:28:51 :OPTIONS /user/getSort - 0ms
2020-4-18 7:28:51 :POST /user/getGoods - 5ms
2020-4-18 7:28:51 :POST /user/getSort - 4ms
2020-4-18 7:28:51 :OPTIONS /user/getSort - 0ms
2020-4-18 7:28:51 :OPTIONS /user/getGoods - 0ms
2020-4-18 7:28:51 :POST /user/getSort - 52ms
2020-4-18 7:28:51 :POST /user/getGoods - 47ms
2020-4-18 7:28:51 :GET /file/getImg?imagePath=1585983907427 - 404