
2020-4-5 8:25:28 :OPTIONS /user/getSort - 0ms
2020-4-5 8:25:28 :OPTIONS /user/getGoods - 6ms
2020-4-5 8:25:28 :POST /user/getGoods - 826ms
2020-4-5 8:25:28 :POST /user/getSort - 710ms
2020-4-5 8:25:28 :GET /file/getImg?imagePath=1585983907427 - 404
2020-4-5 8:25:28 :GET /file/getImg?imagePath=1585983907580 - 404
2020-4-5 8:25:28 :OPTIONS /user/addPay - 0ms
2020-4-5 8:25:28 :POST /user/addPay - 7ms
2020-4-5 8:25:28 :OPTIONS /user/getAddress - 0ms
2020-4-5 8:25:28 :POST /user/getAddress - 207ms
2020-4-5 8:25:28 :OPTIONS /user/getGoods - 0ms
2020-4-5 8:25:28 :POST /user/getGoods - 3ms
2020-4-5 8:25:27 :OPTIONS /user/getSort - 47ms
2020-4-5 8:25:27 :POST /user/getSort - 47ms
2020-4-5 8:25:27 :OPTIONS /user/getGoods - 0ms
2020-4-5 8:25:27 :OPTIONS /user/getSort - 0ms
2020-4-5 8:25:27 :POST /user/getGoods - 7ms
2020-4-5 8:25:27 :POST /user/getSort - 5ms
2020-4-5 8:25:27 :GET /file/getImg?imagePath=1585983907427 - 404
2020-4-5 8:25:27 :GET /file/getImg?imagePath=1585983907580 - 404
2020-4-5 8:25:28 :OPTIONS /user/getSort - 0ms
2020-4-5 8:25:27 :OPTIONS /user/getGoods - 0ms
2020-4-5 8:25:28 :POST /user/getGoods - 372ms
2020-4-5 8:25:27 :POST /user/getSort - 367ms
2020-4-5 8:25:28 :GET /file/getImg?imagePath=1585983907427 - 404
2020-4-5 8:25:28 :GET /file/getImg?imagePath=1585983907580 - 404
2020-4-5 8:25:28 :OPTIONS /user/getSort - 0ms
2020-4-5 8:25:27 :OPTIONS /user/getGoods - 1ms
2020-4-5 8:25:28 :POST /user/getGoods - 16ms
2020-4-5 8:25:27 :POST /user/getSort - 34ms
2020-4-5 8:25:28 :GET /file/getImg?imagePath=1585983907427 - 404
2020-4-5 8:25:28 :GET /file/getImg?imagePath=1585983907580 - 404
2020-4-5 8:25:28 :OPTIONS /user/getSort - 1ms
2020-4-5 8:25:27 :OPTIONS /user/getGoods - 0ms
2020-4-5 8:25:27 :POST /user/getSort - 78ms
2020-4-5 8:25:28 :POST /user/getGoods - 51ms
2020-4-5 8:25:27 :GET /file/getImg?imagePath=1585983907427 - 404
2020-4-5 8:25:28 :GET /file/getImg?imagePath=1585983907580 - 404
2020-4-5 8:25:28 :OPTIONS /user/getGoods - 0ms
2020-4-5 8:25:28 :OPTIONS /user/getSort - 0ms
2020-4-5 8:25:28 :POST /user/getGoods - 16ms
2020-4-5 8:25:28 :POST /user/getSort - 6ms
2020-4-5 8:25:28 :GET /file/getImg?imagePath=1585983907427 - 404
2020-4-5 8:25:28 :GET /file/getImg?imagePath=1585983907580 - 404
2020-4-5 8:25:28 :OPTIONS /user/getGoods - 0ms
2020-4-5 8:25:28 :OPTIONS /user/getSort - 0ms
2020-4-5 8:25:28 :POST /user/getSort - 22ms
2020-4-5 8:25:28 :POST /user/getGoods - 24ms
2020-4-5 8:25:28 :GET /file/getImg?imagePath=1585983907427 - 404
2020-4-5 8:25:28 :GET /file/getImg?imagePath=1585983907580 - 404
2020-4-5 8:25:28 :OPTIONS /user/getGoods - 0ms
2020-4-5 8:25:27 :OPTIONS /user/getSort - 0ms
2020-4-5 8:25:28 :POST /user/getSort - 16ms
2020-4-5 8:25:27 :POST /user/getGoods - 21ms
2020-4-5 8:25:27 :GET /file/getImg?imagePath=1585983907427 - 404
2020-4-5 8:25:27 :OPTIONS /user/getSort - 0ms
2020-4-5 8:25:28 :OPTIONS /user/getGoods - 0ms
2020-4-5 8:25:28 :POST /user/getSort - 22ms
2020-4-5 8:25:27 :POST /user/getGoods - 53ms
2020-4-5 8:25:28 :GET /file/getImg?imagePath=1585983907427 - 404
2020-4-5 8:25:28 :GET /file/getImg?imagePath=1585983907580 - 404
2020-4-5 8:25:27 :OPTIONS /user/getSort - 0ms
2020-4-5 8:25:28 :OPTIONS /user/getGoods - 0ms
2020-4-5 8:25:28 :POST /user/getSort - 125ms
2020-4-5 8:25:27 :POST /user/getGoods - 988ms
2020-4-5 8:25:27 :GET /file/getImg?imagePath=1585983907427 - 404
2020-4-5 8:25:27 :GET /file/getImg?imagePath=1585983907580 - 404
2020-4-5 8:25:28 :OPTIONS /user/getSort - 1ms
2020-4-5 8:25:27 :OPTIONS /user/getGoods - 0ms
2020-4-5 8:25:28 :POST /user/getGoods - 5ms
2020-4-5 8:25:27 :POST /user/getSort - 23ms
2020-4-5 8:25:28 :GET /file/getImg?imagePath=1585983907427 - 404
2020-4-5 8:25:28 :GET /file/getImg?imagePath=1585983907580 - 404
2020-4-5 8:25:27 :OPTIONS /user/getSort - 1ms
2020-4-5 8:25:28 :OPTIONS /user/getGoods - 1ms
2020-4-5 8:25:27 :POST /user/getGoods - 147ms
2020-4-5 8:25:28 :POST /user/getSort - 151ms
2020-4-5 8:25:27 :GET /file/getImg?imagePath=1585983907427 - 404
2020-4-5 8:25:27 :GET /file/getImg?imagePath=1585983907580 - 404
2020-4-5 8:25:27 :OPTIONS /user/getGoods - 8ms
2020-4-5 8:25:28 :OPTIONS /user/getSort - 35ms
2020-4-5 8:25:27 :POST /user/getSort - 720ms
2020-4-5 8:25:28 :POST /user/getGoods - 853ms
2020-4-5 8:25:28 :OPTIONS /user/getGoods - 0ms
2020-4-5 8:25:28 :OPTIONS /user/getSort - 0ms
2020-4-5 8:25:28 :POST /user/getGoods - 711ms
2020-4-5 8:25:28 :POST /user/getSort - 724ms
2020-4-5 8:25:28 :GET /file/getImg?imagePath=1585983907427 - 404
2020-4-5 8:25:28 :GET /file/getImg?imagePath=1585983907580 - 404
2020-4-5 8:25:27 :OPTIONS /user/getSort - 1ms
2020-4-5 8:25:28 :OPTIONS /user/getGoods - 63ms
2020-4-5 8:25:28 :POST /user/getSort - 3ms
2020-4-5 8:25:27 :POST /user/getGoods - 51ms
2020-4-5 8:25:27 :GET /file/getImg?imagePath=1585983907427 - 404
2020-4-5 8:25:27 :GET /file/getImg?imagePath=1585983907580 - 404
2020-4-5 8:25:27 :OPTIONS /user/getSort - 1ms
2020-4-5 8:25:27 :OPTIONS /user/getGoods - 0ms
2020-4-5 8:25:27 :POST /user/getGoods - 82ms
2020-4-5 8:25:27 :POST /user/getSort - 80ms
2020-4-5 8:25:27 :GET /file/getImg?imagePath=1585983907427 - 404
2020-4-5 8:25:27 :GET /file/getImg?imagePath=1585983907580 - 404
2020-4-5 8:25:27 :OPTIONS /user/getGoods - 0ms
2020-4-5 8:25:27 :OPTIONS /user/getSort - 0ms
2020-4-5 8:25:27 :POST /user/getGoods - 7ms
2020-4-5 8:25:27 :POST /user/getSort - 4ms
2020-4-5 8:25:27 :OPTIONS /user/getGoods - 0ms
2020-4-5 8:25:27 :OPTIONS /user/getSort - 0ms
2020-4-5 8:25:27 :POST /user/getGoods - 45ms
2020-4-5 8:25:27 :POST /user/getSort - 44ms
2020-4-5 8:25:27 :GET /file/getImg?imagePath=1585983907427 - 404
2020-4-5 8:25:27 :POST /user/getGoods - 4ms
2020-4-5 8:25:27 :POST /user/getSort - 4ms
2020-4-5 8:25:27 :GET /file/getImg?imagePath=1585983907580 - 404
2020-4-5 8:25:28 :OPTIONS /user/getSort - 0ms
2020-4-5 8:25:27 :OPTIONS /user/getGoods - 0ms
2020-4-5 8:25:27 :POST /user/getSort - 10ms
2020-4-5 8:25:28 :POST /user/getGoods - 15ms
2020-4-5 8:25:27 :GET /file/getImg?imagePath=1585983907427 - 404
2020-4-5 8:25:27 :GET /file/getImg?imagePath=1585983907580 - 404
2020-4-5 8:25:27 :OPTIONS /user/getSort - 0ms
2020-4-5 8:25:27 :OPTIONS /user/getGoods - 0ms
2020-4-5 8:25:27 :POST /user/getGoods - 35ms
2020-4-5 8:25:27 :POST /user/getSort - 28ms
2020-4-5 8:25:27 :POST /user/getSort - 16ms
2020-4-5 8:25:28 :POST /user/getGoods - 50ms
2020-4-5 8:25:28 :POST /user/getGoods - 99ms
2020-4-5 8:25:27 :OPTIONS /user/getSort - 0ms
2020-4-5 8:25:28 :OPTIONS /user/getGoods - 0ms
2020-4-5 8:25:28 :POST /user/getSort - 7ms
2020-4-5 8:25:27 :POST /user/getGoods - 4ms
2020-4-5 8:25:28 :OPTIONS /user/getSort - 0ms
2020-4-5 8:25:27 :OPTIONS /user/getGoods - 0ms
2020-4-5 8:25:28 :POST /user/getSort - 6ms
2020-4-5 8:25:27 :POST /user/getGoods - 4ms
2020-4-5 8:25:28 :OPTIONS /user/getSort - 0ms
2020-4-5 8:25:27 :OPTIONS /user/getGoods - 1ms
2020-4-5 8:25:27 :POST /user/getGoods - 6ms
2020-4-5 8:25:28 :POST /user/getSort - 14ms
2020-4-5 8:25:27 :OPTIONS /user/getSort - 1ms
2020-4-5 8:25:28 :OPTIONS /user/getGoods - 0ms
2020-4-5 8:25:27 :POST /user/getSort - 6ms
2020-4-5 8:25:28 :POST /user/getGoods - 4ms
2020-4-5 8:25:28 :OPTIONS /user/getGoods - 0ms
2020-4-5 8:25:28 :OPTIONS /user/getSort - 0ms
2020-4-5 8:25:28 :POST /user/getGoods - 4ms
2020-4-5 8:25:28 :POST /user/getSort - 19ms
2020-4-5 8:25:28 :OPTIONS /user/getSort - 0ms
2020-4-5 8:25:27 :OPTIONS /user/getGoods - 0ms
2020-4-5 8:25:27 :POST /user/getSort - 5ms
2020-4-5 8:25:28 :POST /user/getGoods - 18ms
2020-4-5 8:25:28 :OPTIONS /user/getSort - 0ms
2020-4-5 8:25:27 :OPTIONS /user/getGoods - 0ms
2020-4-5 8:25:28 :POST /user/getGoods - 80ms
2020-4-5 8:25:27 :POST /user/getSort - 90ms
2020-4-5 8:25:28 :GET /file/getImg?imagePath=1585983907427 - 404
2020-4-5 8:25:28 :GET /file/getImg?imagePath=1585983907580 - 404
2020-4-5 8:25:28 :OPTIONS /user/getComment - 0ms
2020-4-5 8:25:28 :POST /user/getComment - 38ms
2020-4-5 8:25:27 :OPTIONS /user/getSort - 0ms
2020-4-5 8:25:27 :POST /user/getSort - 14ms
2020-4-5 8:25:28 :OPTIONS /user/getGoods - 0ms
2020-4-5 8:25:28 :POST /user/getGoods - 21ms
2020-4-5 8:25:27 :OPTIONS /user/getGoods - 0ms
2020-4-5 8:25:28 :OPTIONS /user/getSort - 0ms
2020-4-5 8:25:27 :POST /user/getSort - 13ms
2020-4-5 8:25:28 :POST /user/getGoods - 41ms
2020-4-5 8:25:28 :GET /file/getImg?imagePath=1585983907427 - 404
2020-4-5 8:25:28 :GET /file/getImg?imagePath=1585983907580 - 404
2020-4-5 8:25:27 :OPTIONS /user/getSort - 0ms
2020-4-5 8:25:28 :OPTIONS /user/getGoods - 0ms
2020-4-5 8:25:28 :POST /user/getSort - 24ms
2020-4-5 8:25:27 :POST /user/getGoods - 53ms
2020-4-5 8:25:27 :GET /file/getImg?imagePath=1585983907427 - 404
2020-4-5 8:25:27 :GET /file/getImg?imagePath=1585983907580 - 404
2020-4-5 8:25:27 :OPTIONS /user/getGoods - 0ms
2020-4-5 8:25:28 :OPTIONS /user/getSort - 0ms
2020-4-5 8:25:27 :POST /user/getSort - 17ms
2020-4-5 8:25:28 :POST /user/getGoods - 15ms
2020-4-5 8:25:28 :GET /file/getImg?imagePath=1585983907427 - 404
2020-4-5 8:25:28 :GET /file/getImg?imagePath=1585983907580 - 404
2020-4-5 8:25:27 :OPTIONS /user/getSort - 1ms
2020-4-5 8:25:28 :OPTIONS /user/getGoods - 1ms
2020-4-5 8:25:28 :POST /user/getSort - 4ms
2020-4-5 8:25:27 :POST /user/getGoods - 24ms
2020-4-5 8:25:27 :GET /file/getImg?imagePath=1585983907427 - 404
2020-4-5 8:25:28 :OPTIONS /user/getSort - 0ms
2020-4-5 8:25:27 :OPTIONS /user/getGoods - 0ms
2020-4-5 8:25:28 :POST /user/getGoods - 38ms
2020-4-5 8:25:27 :POST /user/getSort - 91ms
2020-4-5 8:25:28 :GET /file/getImg?imagePath=1585983907427 - 404
2020-4-5 8:25:28 :GET /file/getImg?imagePath=1585983907580 - 404
2020-4-5 8:25:28 :OPTIONS /user/getGoods - 0ms
2020-4-5 8:25:28 :OPTIONS /user/getSort - 0ms
2020-4-5 8:25:28 :POST /user/getGoods - 5ms
2020-4-5 8:25:28 :POST /user/getSort - 4ms
2020-4-5 8:25:28 :POST /user/getGoods - 40ms
2020-4-5 8:25:28 :OPTIONS /user/getGoods - 0ms
2020-4-5 8:25:28 :POST /user/getGoods - 3ms
2020-4-5 8:25:28 :POST /user/getGoods - 3ms
2020-4-5 8:25:28 :OPTIONS /user/getSort - 1ms
2020-4-5 8:25:28 :POST /user/getGoods - 10ms
2020-4-5 8:25:28 :POST /user/getSort - 4ms
2020-4-5 8:25:28 :OPTIONS /user/getGoods - 0ms
2020-4-5 8:25:27 :OPTIONS /user/getSort - 0ms
2020-4-5 8:25:27 :POST /user/getGoods - 22ms
2020-4-5 8:25:28 :POST /user/getSort - 20ms
2020-4-5 8:25:27 :GET /file/getImg?imagePath=1585983907427 - 404
2020-4-5 8:25:27 :GET /file/getImg?imagePath=1585983907580 - 404
2020-4-5 8:25:28 :OPTIONS /user/getSort - 0ms
2020-4-5 8:25:27 :OPTIONS /user/getGoods - 0ms
2020-4-5 8:25:27 :POST /user/getSort - 41ms
2020-4-5 8:25:28 :POST /user/getGoods - 26ms
2020-4-5 8:25:27 :GET /file/getImg?imagePath=1585983907427 - 404
2020-4-5 8:25:27 :GET /file/getImg?imagePath=1585983907580 - 404
2020-4-5 8:25:28 :OPTIONS /user/getSort - 0ms
2020-4-5 8:25:27 :OPTIONS /user/getGoods - 0ms
2020-4-5 8:25:28 :POST /user/getGoods - 7ms
2020-4-5 8:25:27 :POST /user/getSort - 21ms
2020-4-5 8:25:28 :GET /file/getImg?imagePath=1585983907427 - 404
2020-4-5 8:25:28 :GET /file/getImg?imagePath=1585983907580 - 404
2020-4-5 8:25:27 :OPTIONS /user/getSort - 0ms
2020-4-5 8:25:28 :OPTIONS /user/getGoods - 0ms
2020-4-5 8:25:27 :POST /user/getGoods - 6ms
2020-4-5 8:25:28 :POST /user/getSort - 13ms
2020-4-5 8:25:27 :GET /file/getImg?imagePath=1585983907427 - 404
2020-4-5 8:25:27 :GET /file/getImg?imagePath=1585983907580 - 404
2020-4-5 8:25:27 :GET /file/getImg?imagePath=1585983907427 - 404
2020-4-5 8:25:27 :GET /file/getImg?imagePath=1585983907580 - 404
2020-4-5 8:25:27 :GET /file/getImg?imagePath=1585983907427 - 404
2020-4-5 8:25:27 :GET /file/getImg?imagePath=1585983907580 - 404
2020-4-5 8:25:27 :GET /file/getImg?imagePath=1585983907427 - 404
2020-4-5 8:25:27 :GET /file/getImg?imagePath=1585983907580 - 404
2020-4-5 8:25:27 :OPTIONS /user/getGoods - 1ms
2020-4-5 8:25:27 :OPTIONS /user/getSort - 0ms
2020-4-5 8:25:27 :POST /user/getGoods - 341ms
2020-4-5 8:25:27 :POST /user/getSort - 264ms
2020-4-5 8:25:27 :OPTIONS /user/getShare - 43ms
2020-4-5 8:25:27 :POST /user/getShare - 258ms
2020-4-5 8:25:27 :GET /file/getImg?imagePath=1585984704413 - 404
2020-4-5 8:25:27 :GET /file/getImg?imagePath=1585976718633 - 404
2020-4-5 8:25:27 :GET /file/getImg?imagePath=1585983907427 - 404
2020-4-5 8:25:27 :GET /file/getImg?imagePath=1585983907580 - 404
2020-4-5 8:25:27 :GET /file/getImg?imagePath=1585983907427 - 404
2020-4-5 8:25:27 :GET /file/getImg?imagePath=1585983907580 - 404
2020-4-5 8:25:27 :GET /file/getImg?imagePath=1585983907427 - 404
2020-4-5 8:25:27 :GET /file/getImg?imagePath=1585983907580 - 404
2020-4-5 8:25:27 :GET /file/getImg?imagePath=1585983907427 - 404
2020-4-5 8:25:27 :GET /file/getImg?imagePath=1585983907580 - 404
2020-4-5 8:25:27 :GET /file/getImg?imagePath=1585983907427 - 404
2020-4-5 8:25:27 :GET /file/getImg?imagePath=1585983907580 - 404
2020-4-5 8:25:27 :OPTIONS /user/getGoods - 12ms
2020-4-5 8:25:27 :OPTIONS /user/getSort - 0ms
2020-4-5 8:25:27 :POST /user/getSort - 674ms
2020-4-5 8:25:27 :POST /user/getGoods - 1050ms
2020-4-5 8:25:27 :OPTIONS /user/getGoods - 0ms
2020-4-5 8:25:27 :POST /user/getGoods - 6ms
2020-4-5 8:25:28 :OPTIONS /user/getSort - 60ms
2020-4-5 8:25:28 :POST /user/getSort - 450ms
2020-4-5 8:25:28 :OPTIONS /user/getGoods - 1ms
2020-4-5 8:25:27 :OPTIONS /user/getSort - 1ms
2020-4-5 8:25:27 :POST /user/getGoods - 51ms
2020-4-5 8:25:28 :POST /user/getSort - 59ms
2020-4-5 8:25:28 :GET /file/getImg?imagePath=1585983907427 - 404
2020-4-5 8:25:27 :GET /admin - 0ms
2020-4-5 8:25:27 :GET /favicon.ico - 0ms
2020-4-5 8:25:27 :OPTIONS /user/getGoods - 0ms
2020-4-5 8:25:27 :OPTIONS /user/getSort - 0ms
2020-4-5 8:25:27 :POST /user/getGoods - 2ms
2020-4-5 8:25:27 :POST /user/getSort - 3ms
2020-4-5 8:25:27 :GET /file/getImg?imagePath=1585983907427 - 404
2020-4-5 8:25:27 :OPTIONS /user/login - 0ms
2020-4-5 8:25:27 :POST /user/login - 135ms
2020-4-5 8:25:27 :OPTIONS /user/login - 0ms
2020-4-5 8:25:27 :POST /user/login - 3ms
2020-4-5 8:25:27 :OPTIONS /user/login - 3ms
2020-4-5 8:25:27 :POST /user/login - 104ms
2020-4-5 8:25:27 :OPTIONS /user/getSort - 0ms
2020-4-5 8:25:27 :POST /user/getSort - 3ms
2020-4-5 8:25:27 :OPTIONS /user/login - 0ms
2020-4-5 8:25:27 :POST /user/login - 2ms
2020-4-5 8:25:27 :OPTIONS /user/login - 0ms
2020-4-5 8:25:27 :POST /user/login - 58ms
2020-4-5 8:25:27 :OPTIONS /user/getPay - 0ms
2020-4-5 8:25:27 :POST /user/getPay - 410ms
2020-4-5 8:25:27 :OPTIONS /user/getGoods - 0ms
2020-4-5 8:25:27 :POST /user/getGoods - 232ms
2020-4-5 8:25:27 :OPTIONS /user/getPay - 0ms
2020-4-5 8:25:27 :POST /user/getPay - 79ms
2020-4-5 8:25:27 :OPTIONS /user/upPay - 0ms
2020-4-5 8:25:27 :POST /user/upPay - 533ms
2020-4-5 8:25:27 :OPTIONS /user/getGoods - 1ms
2020-4-5 8:25:27 :POST /user/getGoods - 58ms
2020-4-5 8:25:27 :OPTIONS /user/upGoods - 0ms
2020-4-5 8:25:27 :POST /user/upGoods - 17ms
2020-4-5 8:25:27 :OPTIONS /user/getPay - 0ms
2020-4-5 8:25:27 :POST /user/getPay - 125ms
2020-4-5 8:25:27 :OPTIONS /user/getGoods - 0ms
2020-4-5 8:25:27 :POST /user/getGoods - 2ms
2020-4-5 8:25:27 :OPTIONS /user/getSort - 1ms
2020-4-5 8:25:27 :POST /user/getSort - 3ms
2020-4-5 8:25:27 :OPTIONS /user/login - 0ms
2020-4-5 8:25:27 :POST /user/login - 3ms
2020-4-5 8:25:27 :OPTIONS /user/getSort - 0ms
2020-4-5 8:25:27 :POST /user/getSort - 2ms
2020-4-5 8:25:27 :OPTIONS /user/login - 0ms
2020-4-5 8:25:27 :POST /user/login - 2ms
2020-4-5 8:25:27 :OPTIONS /user/getSort - 0ms
2020-4-5 8:25:27 :POST /user/getSort - 20ms
2020-4-5 8:25:27 :OPTIONS /user/getSort - 0ms
2020-4-5 8:25:27 :POST /user/getSort - 18ms
2020-4-5 8:25:27 :OPTIONS /user/getSort - 0ms
2020-4-5 8:25:27 :POST /user/getSort - 23ms
2020-4-5 8:25:27 :OPTIONS /user/getSort - 0ms
2020-4-5 8:25:27 :POST /user/getSort - 3ms
2020-4-5 8:25:27 :OPTIONS /user/getGoods - 0ms
2020-4-5 8:25:27 :OPTIONS /user/getSort - 0ms
2020-4-5 8:25:27 :POST /user/getGoods - 2ms
2020-4-5 8:25:27 :POST /user/getSort - 62ms
2020-4-5 8:25:27 :GET /file/getImg?imagePath=1585983907427 - 404
2020-4-5 8:25:27 :OPTIONS /user/getSort - 0ms
2020-4-5 8:25:27 :POST /user/getSort - 44ms
2020-4-5 8:25:27 :OPTIONS /user/login - 0ms
2020-4-5 8:25:27 :POST /user/login - 513ms
2020-4-5 8:25:27 :OPTIONS /user/getSort - 0ms
2020-4-5 8:25:27 :POST /user/getSort - 2ms
2020-4-5 8:25:27 :OPTIONS /user/getGoods - 0ms
2020-4-5 8:25:27 :POST /user/getGoods - 3ms
2020-4-5 8:25:27 :POST /user/getSort - 5ms
2020-4-5 8:25:27 :OPTIONS /user/getGoods - 0ms
2020-4-5 8:25:27 :POST /user/getGoods - 12ms
2020-4-5 8:25:27 :OPTIONS /user/getSort - 0ms
2020-4-5 8:25:27 :POST /user/getSort - 2ms
2020-4-5 8:25:27 :OPTIONS /user/getGoods - 0ms
2020-4-5 8:25:27 :POST /user/getGoods - 4ms
2020-4-5 8:25:27 :OPTIONS /user/getSort - 0ms
2020-4-5 8:25:27 :POST /user/getSort - 2ms
2020-4-5 8:25:27 :OPTIONS /user/getGoods - 0ms
2020-4-5 8:25:27 :POST /user/getGoods - 17ms
2020-4-5 8:25:27 :OPTIONS /user/getSort - 0ms
2020-4-5 8:25:27 :POST /user/getSort - 20ms
2020-4-5 8:25:27 :OPTIONS /user/getGoods - 1ms
2020-4-5 8:25:27 :POST /user/getGoods - 2ms
2020-4-5 8:25:27 :OPTIONS /user/getSort - 0ms
2020-4-5 8:25:27 :POST /user/getSort - 3ms
2020-4-5 8:25:27 :POST /user/getGoods - 3ms
2020-4-5 8:25:27 :GET /file/getImg?imagePath=1585983907580 - 404
2020-4-5 8:25:27 :OPTIONS /user/getShare - 0ms
2020-4-5 8:25:27 :POST /user/getShare - 124ms
2020-4-5 8:25:27 :GET /file/getImg?imagePath=1585984704413 - 404
2020-4-5 8:25:27 :GET /file/getImg?imagePath=1585976718633 - 404
2020-4-5 8:25:27 :GET /file/getImg?imagePath=1585983907427 - 404
2020-4-5 8:25:28 :GET /file/getImg?imagePath=1585983907580 - 404
2020-4-5 8:25:28 :OPTIONS /user/getShare - 0ms
2020-4-5 8:25:28 :POST /user/getShare - 274ms
2020-4-5 8:25:28 :GET /file/getImg?imagePath=1585976718633 - 404
2020-4-5 8:25:28 :GET /file/getImg?imagePath=1585984704413 - 404
2020-4-5 8:25:28 :POST /user/getShare - 9ms
2020-4-5 8:25:28 :OPTIONS /user/getSort - 0ms
2020-4-5 8:25:28 :POST /user/getSort - 42ms
2020-4-5 8:25:28 :OPTIONS /user/getGoods - 1ms
2020-4-5 8:25:28 :POST /user/getGoods - 208ms
2020-4-5 8:25:28 :OPTIONS /user/getSort - 0ms
2020-4-5 8:25:28 :POST /user/getSort - 2ms
2020-4-5 8:25:28 :OPTIONS /user/getGoods - 1ms
2020-4-5 8:25:28 :POST /user/getGoods - 3ms
2020-4-5 8:25:28 :OPTIONS /user/getSort - 0ms
2020-4-5 8:25:28 :POST /user/getSort - 21ms
2020-4-5 8:25:28 :OPTIONS /user/getGoods - 0ms
2020-4-5 8:25:28 :POST /user/getGoods - 5ms
2020-4-5 8:25:28 :OPTIONS /user/getSort - 0ms
2020-4-5 8:25:28 :POST /user/getSort - 4ms
2020-4-5 8:25:28 :OPTIONS /user/getGoods - 0ms
2020-4-5 8:25:28 :POST /user/getGoods - 3ms
2020-4-5 8:25:28 :OPTIONS /user/getSort - 0ms
2020-4-5 8:25:28 :POST /user/getSort - 6ms
2020-4-5 8:25:28 :OPTIONS /user/getGoods - 1ms
2020-4-5 8:25:28 :POST /user/getGoods - 3ms
2020-4-5 8:25:28 :OPTIONS /user/getSort - 0ms
2020-4-5 8:25:28 :POST /user/getSort - 3ms
2020-4-5 8:25:28 :OPTIONS /user/getGoods - 1ms
2020-4-5 8:25:28 :POST /user/getGoods - 3ms
2020-4-5 8:25:28 :OPTIONS /user/getSort - 0ms
2020-4-5 8:25:28 :POST /user/getSort - 6ms
2020-4-5 8:25:28 :OPTIONS /user/getGoods - 0ms
2020-4-5 8:25:28 :POST /user/getGoods - 393ms
2020-4-5 8:25:28 :OPTIONS /user/getSort - 0ms
2020-4-5 8:25:28 :POST /user/getSort - 4ms
2020-4-5 8:25:28 :OPTIONS /user/getPay - 0ms
2020-4-5 8:25:28 :POST /user/getPay - 400ms
2020-4-5 8:25:28 :OPTIONS /user/getGoods - 0ms
2020-4-5 8:25:28 :POST /user/getGoods - 4ms
2020-4-5 8:25:28 :OPTIONS /user/getSort - 0ms
2020-4-5 8:25:28 :POST /user/getSort - 20ms
2020-4-5 8:25:28 :OPTIONS /user/getGoods - 0ms
2020-4-5 8:25:28 :POST /user/getGoods - 209ms
2020-4-5 8:25:28 :OPTIONS /user/getSort - 1ms
2020-4-5 8:25:28 :POST /user/getSort - 4ms
2020-4-5 8:25:28 :OPTIONS /user/getGoods - 1ms
2020-4-5 8:25:28 :POST /user/getGoods - 5ms
2020-4-5 8:25:28 :OPTIONS /user/getSort - 0ms
2020-4-5 8:25:28 :POST /user/getSort - 6ms
2020-4-5 8:25:28 :OPTIONS /user/getGoods - 0ms
2020-4-5 8:25:28 :POST /user/getGoods - 2ms
2020-4-5 8:25:28 :OPTIONS /user/getSort - 0ms
2020-4-5 8:25:28 :POST /user/getSort - 2ms
2020-4-5 8:25:28 :OPTIONS /user/getGoods - 0ms
2020-4-5 8:25:28 :POST /user/getGoods - 3ms
2020-4-5 8:25:28 :OPTIONS /user/getSort - 0ms
2020-4-5 8:25:28 :POST /user/getSort - 29ms
2020-4-5 8:25:28 :OPTIONS /user/getGoods - 0ms
2020-4-5 8:25:28 :POST /user/getGoods - 6ms
2020-4-5 8:25:28 :OPTIONS /user/getSort - 0ms
2020-4-5 8:25:28 :POST /user/getSort - 101ms
2020-4-5 8:25:28 :OPTIONS /user/getGoods - 0ms
2020-4-5 8:25:28 :POST /user/getGoods - 3ms
2020-4-5 8:25:28 :OPTIONS /user/getSort - 0ms
2020-4-5 8:25:28 :POST /user/getSort - 3ms
2020-4-5 8:25:28 :OPTIONS /user/getPay - 1ms
2020-4-5 8:25:28 :POST /user/getPay - 3ms
2020-4-5 8:25:28 :OPTIONS /user/login - 0ms
2020-4-5 8:25:28 :POST /user/login - 202ms
2020-4-5 8:25:28 :OPTIONS /file/upFile - 20ms
2020-4-5 8:25:28 :POST /file/upFile - 30ms
2020-4-5 8:25:28 :OPTIONS /user/upUser - 0ms
2020-4-5 8:25:28 :POST /user/upUser - 346ms
2020-4-5 8:25:28 :GET /file/getImg?imagePath=1586095431427 - 404
2020-4-5 8:25:28 :GET /file/getImg?imagePath=1585983907427 - 404
2020-4-5 8:25:28 :GET /file/getImg?imagePath=1585983907580 - 404
2020-4-5 8:25:28 :OPTIONS /user/getShare - 1ms
2020-4-5 8:25:28 :POST /user/getShare - 5ms
2020-4-5 8:25:28 :GET /file/getImg?imagePath=1585984704413 - 404
2020-4-5 8:25:28 :GET /file/getImg?imagePath=1585976718633 - 404
2020-4-5 8:25:28 :OPTIONS /user/login - 0ms
2020-4-5 8:25:28 :POST /user/login - 21ms
2020-4-5 8:25:28 :GET /file/getImg?imagePath=1585976718633 - 404
2020-4-5 8:25:28 :OPTIONS /user/getShare - 0ms
2020-4-5 8:25:28 :POST /user/getShare - 3ms
2020-4-5 8:25:28 :GET /file/getImg?imagePath=1585984704413 - 404
2020-4-5 8:25:28 :OPTIONS /user/getShare - 0ms
2020-4-5 8:25:28 :POST /user/getShare - 2ms
2020-4-5 8:25:28 :POST /user/getShare - 19ms
2020-4-5 8:25:28 :OPTIONS /user/getShareComment - 0ms
2020-4-5 8:25:28 :POST /user/getShareComment - 1048ms
2020-4-5 8:25:28 :OPTIONS /user/getShare - 0ms
2020-4-5 8:25:28 :POST /user/getShare - 3ms
2020-4-5 8:25:28 :OPTIONS /user/getShare - 0ms
2020-4-5 8:25:28 :POST /user/getShare - 2ms
2020-4-5 8:25:28 :OPTIONS /user/getGoods - 0ms
2020-4-5 8:25:28 :OPTIONS /user/getSort - 0ms
2020-4-5 8:25:28 :POST /user/getSort - 7ms
2020-4-5 8:25:28 :POST /user/getGoods - 9ms
2020-4-5 8:25:28 :OPTIONS /user/getGoods - 1ms
2020-4-5 8:25:28 :OPTIONS /user/getSort - 0ms
2020-4-5 8:25:28 :POST /user/getGoods - 17ms
2020-4-5 8:25:28 :POST /user/getSort - 4ms
2020-4-5 8:25:28 :OPTIONS /user/getGoods - 0ms
2020-4-5 8:25:28 :OPTIONS /user/getSort - 0ms
2020-4-5 8:25:28 :OPTIONS /user/getGoods - 0ms
2020-4-5 8:25:27 :OPTIONS /user/getSort - 43ms
2020-4-5 8:25:27 :POST /user/getGoods - 233ms
2020-4-5 8:25:27 :POST /user/getSort - 108ms
2020-4-5 8:25:27 :GET /file/getImg?imagePath=1585983907427 - 404
2020-4-5 8:25:27 :OPTIONS /user/getGoods - 0ms
2020-4-5 8:25:27 :OPTIONS /user/getSort - 0ms
2020-4-5 8:25:27 :POST /user/getSort - 6ms
2020-4-5 8:25:27 :POST /user/getGoods - 7ms
2020-4-5 8:25:27 :OPTIONS /user/getGoods - 0ms
2020-4-5 8:25:27 :OPTIONS /user/getSort - 0ms
2020-4-5 8:25:27 :POST /user/getGoods - 21ms
2020-4-5 8:25:27 :POST /user/getSort - 4ms
2020-4-5 8:25:27 :GET /file/getImg?imagePath=1585983907427 - 404
2020-4-5 8:25:28 :OPTIONS /user/getGoods - 1ms
2020-4-5 8:25:27 :OPTIONS /user/getSort - 0ms
2020-4-5 8:25:27 :POST /user/getGoods - 6ms
2020-4-5 8:25:28 :POST /user/getSort - 18ms
2020-4-5 8:25:28 :OPTIONS /user/getGoods - 0ms
2020-4-5 8:25:28 :POST /user/getGoods - 12ms
2020-4-5 8:25:28 :OPTIONS /user/getSort - 0ms
2020-4-5 8:25:28 :POST /user/getSort - 9ms
2020-4-5 8:25:28 :OPTIONS /user/getGoods - 0ms
2020-4-5 8:25:28 :POST /user/getGoods - 46ms
2020-4-5 8:25:28 :POST /user/getGoods - 4ms
2020-4-5 8:25:28 :OPTIONS /user/getGoods - 1ms
2020-4-5 8:25:28 :POST /user/getGoods - 2ms
2020-4-5 8:25:28 :OPTIONS /user/getGoods - 0ms
2020-4-5 8:25:28 :OPTIONS /user/getSort - 0ms
2020-4-5 8:25:28 :OPTIONS /user/getGoods - 0ms
2020-4-5 8:25:27 :OPTIONS /user/getSort - 0ms
2020-4-5 8:25:28 :POST /user/getSort - 4ms
2020-4-5 8:25:27 :POST /user/getGoods - 91ms
2020-4-5 8:25:27 :GET /file/getImg?imagePath=1585983907427 - 404
2020-4-5 8:25:27 :OPTIONS /user/getSort - 0ms
2020-4-5 8:25:28 :OPTIONS /user/getGoods - 0ms
2020-4-5 8:25:27 :POST /user/getSort - 8ms
2020-4-5 8:25:28 :POST /user/getGoods - 11ms
2020-4-5 8:25:28 :POST /user/getGoods - 4ms
2020-4-5 8:25:28 :POST /user/getGoods - 5ms
2020-4-5 8:25:27 :POST /user/getSort - 14ms
2020-4-5 8:25:27 :OPTIONS /user/getSort - 0ms
2020-4-5 8:25:27 :POST /user/getSort - 4ms
2020-4-5 8:25:28 :OPTIONS /user/getGoods - 222ms
2020-4-5 8:25:28 :POST /user/getGoods - 4ms
2020-4-5 8:25:27 :GET /file/getImg?imagePath=1585983907427 - 404
2020-4-5 8:25:27 :OPTIONS /user/getGoods - 0ms
2020-4-5 8:25:27 :OPTIONS /user/getSort - 0ms
2020-4-5 8:25:27 :POST /user/getGoods - 5ms
2020-4-5 8:25:27 :POST /user/getSort - 5ms
2020-4-5 8:25:27 :OPTIONS /user/getGoods - 0ms
2020-4-5 8:25:27 :OPTIONS /user/getSort - 0ms
2020-4-5 8:25:27 :POST /user/getSort - 5ms
2020-4-5 8:25:27 :POST /user/getGoods - 8ms
2020-4-5 8:25:27 :GET /file/getImg?imagePath=1585983907427 - 404
2020-4-5 8:25:27 :POST /user/getGoods - 5ms
2020-4-5 8:25:27 :POST /user/getSort - 5ms
2020-4-5 8:25:27 :OPTIONS /user/getGoods - 0ms
2020-4-5 8:25:27 :OPTIONS /user/getSort - 0ms
2020-4-5 8:25:27 :POST /user/getGoods - 4ms
2020-4-5 8:25:27 :POST /user/getSort - 18ms
2020-4-5 8:25:28 :OPTIONS /user/getSort - 1ms
2020-4-5 8:25:27 :OPTIONS /user/getGoods - 0ms
2020-4-5 8:25:28 :POST /user/getGoods - 6ms
2020-4-5 8:25:27 :POST /user/getSort - 26ms
2020-4-5 8:25:28 :GET /file/getImg?imagePath=1585983907427 - 404
2020-4-5 8:25:27 :POST /user/getSort - 84ms
2020-4-5 8:25:28 :POST /user/getGoods - 98ms
2020-4-5 8:25:28 :POST /user/getGoods - 4ms
2020-4-5 8:25:28 :OPTIONS /user/getGoods - 0ms
2020-4-5 8:25:27 :OPTIONS /user/getSort - 0ms
2020-4-5 8:25:28 :POST /user/getGoods - 9ms
2020-4-5 8:25:27 :POST /user/getSort - 9ms
2020-4-5 8:25:27 :GET /file/getImg?imagePath=1585983907580 - 404
2020-4-5 8:25:27 :OPTIONS /user/getSort - 0ms
2020-4-5 8:25:28 :OPTIONS /user/getGoods - 0ms
2020-4-5 8:25:27 :POST /user/getGoods - 70ms
2020-4-5 8:25:28 :POST /user/getSort - 7ms
2020-4-5 8:25:27 :OPTIONS /user/getSort - 0ms
2020-4-5 8:25:28 :OPTIONS /user/getGoods - 0ms
2020-4-5 8:25:27 :POST /user/getGoods - 5ms
2020-4-5 8:25:28 :POST /user/getSort - 4ms
2020-4-5 8:25:28 :OPTIONS /user/getGoods - 0ms
2020-4-5 8:25:27 :OPTIONS /user/getSort - 0ms
2020-4-5 8:25:27 :POST /user/getSort - 8ms
2020-4-5 8:25:28 :POST /user/getGoods - 5ms
2020-4-5 8:25:28 :POST /user/getGoods - 5ms
2020-4-5 8:25:27 :POST /user/getSort - 5ms
2020-4-5 8:25:28 :POST /user/getGoods - 8ms
2020-4-5 8:25:28 :OPTIONS /user/getSort - 0ms
2020-4-5 8:25:28 :POST /user/getSort - 11ms
2020-4-5 8:25:27 :OPTIONS /user/getGoods - 0ms
2020-4-5 8:25:27 :POST /user/getGoods - 4ms
2020-4-5 8:25:27 :POST /user/getGoods - 36ms
2020-4-5 8:25:27 :POST /user/getGoods - 7ms
2020-4-5 8:25:28 :POST /user/getSort - 24ms
2020-4-5 8:25:28 :OPTIONS /user/getGoods - 0ms
2020-4-5 8:25:28 :OPTIONS /user/getSort - 0ms
2020-4-5 8:25:28 :POST /user/getGoods - 4ms
2020-4-5 8:25:28 :POST /user/getSort - 3ms
2020-4-5 8:25:28 :POST /user/getGoods - 3ms
2020-4-5 8:25:28 :POST /user/getGoods - 5ms
2020-4-5 8:25:28 :POST /user/getGoods - 4ms
2020-4-5 8:25:28 :POST /user/getSort - 5ms
2020-4-5 8:25:28 :POST /user/getGoods - 7ms
2020-4-5 8:25:28 :OPTIONS /user/getGoods - 1ms
2020-4-5 8:25:27 :OPTIONS /user/getSort - 0ms
2020-4-5 8:25:27 :POST /user/getSort - 48ms
2020-4-5 8:25:27 :POST /user/getGoods - 4ms
2020-4-5 8:25:28 :POST /user/getGoods - 87ms
2020-4-5 8:25:28 :POST /user/getGoods - 7ms
2020-4-5 8:25:27 :POST /user/getSort - 14ms
2020-4-5 8:25:27 :OPTIONS /user/getGoods - 1ms
2020-4-5 8:25:27 :OPTIONS /user/getGoods - 0ms
2020-4-5 8:25:27 :OPTIONS /user/getSort - 0ms
2020-4-5 8:25:27 :OPTIONS /user/getGoods - 0ms
2020-4-5 8:25:28 :OPTIONS /user/getGoods - 0ms
2020-4-5 8:25:27 :POST /user/getGoods - 37ms
2020-4-5 8:25:28 :OPTIONS /user/getGoods - 0ms
2020-4-5 8:25:28 :POST /user/getGoods - 287ms
2020-4-5 8:25:28 :POST /user/getSort - 12ms
2020-4-5 8:25:27 :POST /user/getGoods - 317ms
2020-4-5 8:25:28 :POST /user/getGoods - 448ms
2020-4-5 8:25:27 :POST /user/getGoods - 389ms
2020-4-5 8:25:27 :OPTIONS /user/getGoods - 490ms
2020-4-5 8:25:27 :OPTIONS /user/getGoods - 699ms
2020-4-5 8:25:27 :POST /user/getGoods - 1529ms
2020-4-5 8:25:27 :POST /user/getGoods - 1579ms
2020-4-5 8:25:27 :OPTIONS /user/getSort - 0ms
2020-4-5 8:25:27 :POST /user/getSort - 40ms
2020-4-5 8:25:27 :OPTIONS /user/getGoods - 0ms
2020-4-5 8:25:27 :POST /user/getGoods - 4ms
2020-4-5 8:25:27 :OPTIONS /user/getGoods - 0ms
2020-4-5 8:25:27 :OPTIONS /user/getSort - 0ms
2020-4-5 8:25:27 :POST /user/getGoods - 20ms
2020-4-5 8:25:27 :POST /user/getSort - 35ms
2020-4-5 8:25:27 :POST /user/getSort - 4ms
2020-4-5 8:25:27 :POST /user/getGoods - 112ms
2020-4-5 8:25:27 :OPTIONS /user/getGoods - 0ms
2020-4-5 8:25:27 :OPTIONS /user/getSort - 2ms
2020-4-5 8:25:27 :POST /user/getGoods - 4ms
2020-4-5 8:25:27 :POST /user/getSort - 8ms
2020-4-5 8:25:27 :POST /user/getSort - 6ms
2020-4-5 8:25:27 :POST /user/getGoods - 15ms
2020-4-5 8:25:27 :POST /user/getGoods - 3ms
2020-4-5 8:25:27 :OPTIONS /user/getSort - 0ms
2020-4-5 8:25:27 :OPTIONS /user/getGoods - 0ms
2020-4-5 8:25:27 :POST /user/getGoods - 8ms
2020-4-5 8:25:27 :POST /user/getSort - 64ms
2020-4-5 8:25:27 :OPTIONS /user/getSort - 1ms
2020-4-5 8:25:27 :OPTIONS /user/getGoods - 0ms
2020-4-5 8:25:27 :POST /user/getSort - 9ms
2020-4-5 8:25:27 :POST /user/getGoods - 7ms
2020-4-5 8:25:27 :POST /user/getGoods - 3ms
2020-4-5 8:25:27 :OPTIONS /user/getGoods - 0ms
2020-4-5 8:25:27 :POST /user/getGoods - 2ms
2020-4-5 8:25:27 :OPTIONS /user/getSort - 0ms
2020-4-5 8:25:27 :POST /user/getSort - 3ms
2020-4-5 8:25:27 :OPTIONS /user/getPay - 1ms
2020-4-5 8:25:27 :POST /user/getPay - 20ms
2020-4-5 8:25:27 :OPTIONS /user/login - 0ms
2020-4-5 8:25:27 :POST /user/login - 35ms
2020-4-5 8:25:27 :OPTIONS /user/login - 0ms
2020-4-5 8:25:27 :POST /user/login - 4ms
2020-4-5 8:25:27 :OPTIONS /user/getSort - 0ms
2020-4-5 8:25:27 :POST /user/getSort - 4ms
2020-4-5 8:25:27 :OPTIONS /user/getGoods - 0ms
2020-4-5 8:25:27 :POST /user/getGoods - 5ms
2020-4-5 8:25:27 :OPTIONS /user/getSort - 0ms
2020-4-5 8:25:27 :POST /user/getSort - 3ms
2020-4-5 8:25:27 :OPTIONS /user/getPay - 0ms
2020-4-5 8:25:27 :POST /user/getPay - 3ms
2020-4-5 8:25:27 :OPTIONS /user/getGoods - 0ms
2020-4-5 8:25:27 :POST /user/getGoods - 18ms
2020-4-5 8:25:27 :OPTIONS /user/getSort - 0ms
2020-4-5 8:25:27 :POST /user/getSort - 4ms
2020-4-5 8:25:27 :OPTIONS /user/getGoods - 0ms
2020-4-5 8:25:27 :POST /user/getGoods - 3ms
2020-4-5 8:25:27 :POST /user/getGoods - 4ms
2020-4-5 8:25:27 :OPTIONS /user/getSort - 0ms
2020-4-5 8:25:27 :OPTIONS /user/getGoods - 0ms
2020-4-5 8:25:27 :POST /user/getSort - 9ms
2020-4-5 8:25:27 :POST /user/getGoods - 22ms
2020-4-5 8:25:27 :OPTIONS /user/getSort - 0ms
2020-4-5 8:25:27 :OPTIONS /user/getGoods - 1ms
2020-4-5 8:25:27 :POST /user/getGoods - 12ms
2020-4-5 8:25:27 :POST /user/getSort - 6ms
2020-4-5 8:25:27 :POST /user/getGoods - 4ms
2020-4-5 8:25:27 :OPTIONS /user/getGoods - 0ms
2020-4-5 8:25:27 :OPTIONS /user/getSort - 1ms
2020-4-5 8:25:27 :POST /user/getGoods - 9ms
2020-4-5 8:25:27 :POST /user/getSort - 6ms
2020-4-5 8:25:27 :POST /user/getSort - 8ms
2020-4-5 8:25:27 :POST /user/getGoods - 24ms
2020-4-5 8:25:27 :POST /user/getGoods - 2ms
2020-4-5 8:25:27 :OPTIONS /user/getGoods - 0ms
2020-4-5 8:25:27 :OPTIONS /user/getSort - 0ms
2020-4-5 8:25:27 :POST /user/getGoods - 7ms
2020-4-5 8:25:27 :POST /user/getSort - 5ms
2020-4-5 8:25:27 :OPTIONS /user/getShare - 0ms
2020-4-5 8:25:27 :POST /user/getShare - 5ms
2020-4-5 8:25:27 :GET /file/getImg?imagePath=1585976718633 - 404
2020-4-5 8:25:27 :GET /file/getImg?imagePath=1585984704413 - 404
2020-4-5 8:25:27 :OPTIONS /user/getShareComment - 0ms
2020-4-5 8:25:27 :POST /user/getShareComment - 312ms
2020-4-5 8:25:27 :OPTIONS /user/getShare - 0ms
2020-4-5 8:25:27 :POST /user/getShare - 6ms
2020-4-5 8:25:27 :OPTIONS /user/getGoods - 0ms
2020-4-5 8:25:27 :OPTIONS /user/getSort - 0ms
2020-4-5 8:25:27 :POST /user/getGoods - 3ms
2020-4-5 8:25:27 :POST /user/getSort - 4ms
2020-4-5 8:25:27 :OPTIONS /user/getSort - 1ms
2020-4-5 8:25:27 :OPTIONS /user/getGoods - 0ms
2020-4-5 8:25:27 :POST /user/getSort - 9ms
2020-4-5 8:25:27 :POST /user/getGoods - 9ms
2020-4-5 8:25:27 :OPTIONS /user/getSort - 0ms
2020-4-5 8:25:27 :OPTIONS /user/getGoods - 1ms
2020-4-5 8:25:27 :POST /user/getSort - 9ms
2020-4-5 8:25:27 :POST /user/getGoods - 6ms
2020-4-5 8:25:27 :OPTIONS /user/getShare - 0ms
2020-4-5 8:25:27 :POST /user/getShare - 17ms
2020-4-5 8:25:27 :GET /file/getImg?imagePath=1585976718633 - 404
2020-4-5 8:25:27 :GET /file/getImg?imagePath=1585984704413 - 404
2020-4-5 8:25:27 :OPTIONS /user/getComment - 0ms
2020-4-5 8:25:27 :POST /user/getComment - 21ms
2020-4-5 8:25:27 :OPTIONS /user/getPay - 0ms
2020-4-5 8:25:27 :POST /user/getPay - 35ms
2020-4-5 8:25:27 :OPTIONS /user/getComment - 0ms
2020-4-5 8:25:27 :POST /user/getComment - 29ms
2020-4-5 8:25:27 :OPTIONS /user/addComment - 0ms
2020-4-5 8:25:27 :POST /user/addComment - 69ms
2020-4-5 8:25:27 :OPTIONS /user/getPay - 0ms
2020-4-5 8:25:27 :POST /user/getPay - 3ms
2020-4-5 8:25:27 :OPTIONS /user/getComment - 1ms
2020-4-5 8:25:27 :POST /user/getComment - 4ms
2020-4-5 8:25:27 :OPTIONS /user/getGoods - 1ms
2020-4-5 8:25:27 :POST /user/getGoods - 4ms
2020-4-5 8:25:27 :OPTIONS /user/getComment - 0ms
2020-4-5 8:25:27 :POST /user/getComment - 4ms
2020-4-5 8:25:27 :OPTIONS /user/getGoods - 1ms
2020-4-5 8:25:27 :POST /user/getGoods - 3ms
2020-4-5 8:25:27 :OPTIONS /user/getPay - 0ms
2020-4-5 8:25:27 :POST /user/getPay - 4ms
2020-4-5 8:25:27 :POST /user/getPay - 3ms
2020-4-5 8:25:27 :OPTIONS /user/getPay - 0ms
2020-4-5 8:25:27 :POST /user/getPay - 2ms
2020-4-5 8:25:27 :POST /user/getPay - 3ms
2020-4-5 8:25:27 :POST /user/getPay - 3ms
2020-4-5 8:25:27 :POST /user/getPay - 5ms
2020-4-5 8:25:27 :OPTIONS /user/getComment - 0ms
2020-4-5 8:25:27 :POST /user/getComment - 4ms
2020-4-5 8:25:27 :OPTIONS /user/getGoods - 0ms
2020-4-5 8:25:27 :POST /user/getGoods - 3ms
2020-4-5 8:25:27 :OPTIONS /user/getGoods - 0ms
2020-4-5 8:25:27 :OPTIONS /user/getSort - 0ms
2020-4-5 8:25:27 :POST /user/getGoods - 3ms
2020-4-5 8:25:27 :POST /user/getSort - 6ms
2020-4-5 8:25:27 :OPTIONS /user/getGoods - 0ms
2020-4-5 8:25:28 :OPTIONS /user/getGoods - 1ms
2020-4-5 8:25:27 :OPTIONS /user/getGoods - 2ms
2020-4-5 8:25:27 :OPTIONS /user/getGoods - 0ms
2020-4-5 8:25:27 :OPTIONS /user/getGoods - 0ms
2020-4-5 8:25:28 :OPTIONS /user/getGoods - 0ms
2020-4-5 8:25:28 :OPTIONS /user/getGoods - 0ms
2020-4-5 8:25:27 :OPTIONS /user/getGoods - 2ms
2020-4-5 8:25:27 :OPTIONS /user/getGoods - 0ms
2020-4-5 8:25:27 :OPTIONS /user/getGoods - 4ms
2020-4-5 8:25:27 :OPTIONS /user/getGoods - 0ms
2020-4-5 8:25:27 :POST /user/getGoods - 7ms
2020-4-5 8:25:28 :OPTIONS /user/getSort - 0ms
2020-4-5 8:25:27 :POST /user/getGoods - 6ms
2020-4-5 8:25:28 :POST /user/getGoods - 34ms
2020-4-5 8:25:27 :OPTIONS /user/getGoods - 0ms
2020-4-5 8:25:27 :POST /user/getGoods - 14ms
2020-4-5 8:25:27 :POST /user/getGoods - 43ms
2020-4-5 8:25:27 :POST /user/getGoods - 17ms
2020-4-5 8:25:27 :POST /user/getGoods - 6ms
2020-4-5 8:25:28 :POST /user/getSort - 9ms
2020-4-5 8:25:28 :POST /user/getGoods - 18ms
2020-4-5 8:25:27 :POST /user/getGoods - 5ms
2020-4-5 8:25:27 :POST /user/getGoods - 14ms
2020-4-5 8:25:27 :POST /user/getGoods - 22ms
2020-4-5 8:25:27 :POST /user/getGoods - 59ms
2020-4-5 8:25:27 :POST /user/getSort - 7ms
2020-4-5 8:25:27 :OPTIONS /user/getGoods - 244ms
2020-4-5 8:25:27 :POST /user/getGoods - 5ms
2020-4-5 8:25:27 :POST /user/getGoods - 921ms
2020-4-5 8:25:27 :POST /user/getGoods - 418ms
2020-4-5 8:25:27 :POST /user/getSort - 112ms
2020-4-5 8:25:27 :POST /user/getGoods - 7ms
2020-4-5 8:25:27 :OPTIONS /user/getSort - 1ms
2020-4-5 8:25:27 :POST /user/getSort - 4ms
2020-4-5 8:25:27 :OPTIONS /user/getGoods - 0ms
2020-4-5 8:25:27 :POST /user/getSort - 4ms
2020-4-5 8:25:27 :POST /user/getGoods - 4ms
2020-4-5 8:25:27 :POST /user/getGoods - 28ms
2020-4-5 8:25:27 :POST /user/getGoods - 7ms
2020-4-5 8:25:27 :POST /user/getSort - 4ms
2020-4-5 8:25:27 :OPTIONS /user/getComment - 0ms
2020-4-5 8:25:27 :POST /user/getComment - 4ms
2020-4-5 8:25:27 :OPTIONS /user/getGoods - 0ms
2020-4-5 8:25:27 :POST /user/getGoods - 4ms
2020-4-5 8:25:27 :OPTIONS /user/getPay - 0ms
2020-4-5 8:25:27 :POST /user/getPay - 3ms
2020-4-5 8:25:27 :OPTIONS /user/getComment - 0ms
2020-4-5 8:25:27 :POST /user/getComment - 7ms
2020-4-5 8:25:27 :OPTIONS /user/getPay - 0ms
2020-4-5 8:25:27 :POST /user/getPay - 6ms
2020-4-5 8:25:27 :OPTIONS /user/getComment - 0ms
2020-4-5 8:25:27 :POST /user/getComment - 3ms
2020-4-5 8:25:27 :OPTIONS /user/getPay - 0ms
2020-4-5 8:25:27 :POST /user/getPay - 4ms
2020-4-5 8:25:27 :POST /user/getComment - 5ms
2020-4-5 8:25:27 :POST /user/getPay - 10ms
2020-4-5 8:25:27 :OPTIONS /user/getComment - 0ms
2020-4-5 8:25:27 :POST /user/getComment - 3ms
2020-4-5 8:25:27 :OPTIONS /user/getPay - 0ms
2020-4-5 8:25:27 :POST /user/getPay - 5ms
2020-4-5 8:25:27 :POST /user/getPay - 3ms
2020-4-5 8:25:27 :OPTIONS /user/getPay - 0ms
2020-4-5 8:25:27 :POST /user/getPay - 3ms
2020-4-5 8:25:27 :POST /user/getPay - 4ms
2020-4-5 8:25:27 :POST /user/getPay - 4ms
2020-4-5 8:25:27 :OPTIONS /user/getPay - 1ms
2020-4-5 8:25:27 :POST /user/getPay - 2ms
2020-4-5 8:25:27 :OPTIONS /user/getComment - 0ms
2020-4-5 8:25:27 :POST /user/getComment - 4ms
2020-4-5 8:25:27 :POST /user/getPay - 10ms
2020-4-5 8:25:27 :OPTIONS /user/getPay - 0ms
2020-4-5 8:25:27 :POST /user/getPay - 2ms
2020-4-5 8:25:27 :POST /user/getPay - 5ms
2020-4-5 8:25:27 :POST /user/getPay - 5ms
2020-4-5 8:25:27 :OPTIONS /user/getPay - 1ms
2020-4-5 8:25:27 :POST /user/getPay - 3ms
2020-4-5 8:25:27 :POST /user/getPay - 4ms
2020-4-5 8:25:27 :POST /user/getPay - 4ms
2020-4-5 8:25:27 :OPTIONS /user/getPay - 1ms
2020-4-5 8:25:27 :POST /user/getPay - 3ms
2020-4-5 8:25:27 :POST /user/getPay - 3ms
2020-4-5 8:25:27 :OPTIONS /user/getPay - 0ms
2020-4-5 8:25:27 :POST /user/getPay - 3ms
2020-4-5 8:25:27 :POST /user/getPay - 4ms
2020-4-5 8:25:27 :OPTIONS /user/getPay - 0ms
2020-4-5 8:25:27 :POST /user/getPay - 4ms
2020-4-5 8:25:27 :POST /user/getPay - 5ms
2020-4-5 8:25:27 :OPTIONS /user/getPay - 0ms
2020-4-5 8:25:27 :POST /user/getPay - 3ms
2020-4-5 8:25:27 :OPTIONS /user/getComment - 0ms
2020-4-5 8:25:27 :POST /user/getComment - 8ms
2020-4-5 8:25:27 :OPTIONS /user/getGoods - 0ms
2020-4-5 8:25:27 :POST /user/getGoods - 3ms
2020-4-5 8:25:27 :OPTIONS /user/getComment - 0ms
2020-4-5 8:25:27 :POST /user/getComment - 3ms
2020-4-5 8:25:27 :OPTIONS /user/getGoods - 0ms
2020-4-5 8:25:27 :POST /user/getGoods - 3ms
2020-4-5 8:25:27 :OPTIONS /user/getGoods - 0ms
2020-4-5 8:25:27 :OPTIONS /user/getSort - 1ms
2020-4-5 8:25:27 :POST /user/getSort - 5ms
2020-4-5 8:25:27 :POST /user/getGoods - 14ms
2020-4-5 8:25:27 :OPTIONS /user/getShare - 0ms
2020-4-5 8:25:27 :POST /user/getShare - 3ms
2020-4-5 8:25:27 :GET /file/getImg?imagePath=1585984704413 - 404
2020-4-5 8:25:27 :OPTIONS /user/getSort - 0ms
2020-4-5 8:25:27 :OPTIONS /user/getGoods - 0ms
2020-4-5 8:25:27 :POST /user/getGoods - 4ms
2020-4-5 8:25:27 :POST /user/getSort - 3ms
2020-4-5 8:25:27 :OPTIONS /user/getGoods - 0ms
2020-4-5 8:25:27 :OPTIONS /user/getSort - 0ms
2020-4-5 8:25:27 :POST /user/getGoods - 29ms
2020-4-5 8:25:27 :POST /user/getSort - 5ms
2020-4-5 8:25:27 :OPTIONS /user/getSort - 0ms
2020-4-5 8:25:27 :OPTIONS /user/getGoods - 0ms
2020-4-5 8:25:27 :POST /user/getGoods - 4ms
2020-4-5 8:25:27 :POST /user/getSort - 4ms
2020-4-5 8:25:27 :POST /user/getGoods - 16ms
2020-4-5 8:25:27 :POST /user/getSort - 7ms
2020-4-5 8:25:27 :OPTIONS /user/getSort - 0ms
2020-4-5 8:25:27 :OPTIONS /user/getGoods - 0ms
2020-4-5 8:25:27 :POST /user/getSort - 13ms
2020-4-5 8:25:27 :POST /user/getGoods - 6ms
2020-4-5 8:25:27 :POST /user/getGoods - 4ms
2020-4-5 8:25:27 :POST /user/getGoods - 4ms
2020-4-5 8:25:27 :POST /user/getSort - 116ms
2020-4-5 8:25:27 :OPTIONS /user/getShare - 0ms
2020-4-5 8:25:27 :POST /user/getShare - 4ms
2020-4-5 8:25:27 :OPTIONS /user/getShareComment - 0ms
2020-4-5 8:25:27 :POST /user/getShareComment - 98ms
2020-4-5 8:25:27 :OPTIONS /user/getShare - 1ms
2020-4-5 8:25:27 :POST /user/getShare - 5ms
2020-4-5 8:25:27 :OPTIONS /user/getSort - 0ms
2020-4-5 8:25:27 :OPTIONS /user/getGoods - 0ms
2020-4-5 8:25:27 :POST /user/getGoods - 2ms
2020-4-5 8:25:27 :POST /user/getSort - 12ms
2020-4-5 8:25:27 :OPTIONS /user/getShare - 0ms
2020-4-5 8:25:27 :POST /user/getShare - 4ms
2020-4-5 8:25:27 :GET /file/getImg?imagePath=1585984704413 - 404
2020-4-5 8:25:27 :OPTIONS /user/login - 0ms
2020-4-5 8:25:27 :POST /user/login - 141ms
2020-4-5 8:25:27 :OPTIONS /user/getSort - 0ms
2020-4-5 8:25:27 :OPTIONS /user/getGoods - 0ms
2020-4-5 8:25:27 :POST /user/getSort - 6ms
2020-4-5 8:25:27 :POST /user/getGoods - 12ms
2020-4-5 8:25:27 :OPTIONS /user/getShare - 1ms
2020-4-5 8:25:27 :POST /user/getShare - 4ms
2020-4-5 8:25:27 :OPTIONS /user/getShareComment - 0ms
2020-4-5 8:25:27 :POST /user/getShareComment - 4053ms
2020-4-5 8:25:27 :OPTIONS /user/getShare - 0ms
2020-4-5 8:25:27 :POST /user/getShare - 4ms
2020-4-5 8:25:27 :OPTIONS /user/getGoods - 0ms
2020-4-5 8:25:27 :OPTIONS /user/getSort - 0ms
2020-4-5 8:25:27 :POST /user/getSort - 4ms
2020-4-5 8:25:27 :POST /user/getGoods - 32ms
2020-4-5 8:25:27 :OPTIONS /user/getGoods - 1ms
2020-4-5 8:25:27 :OPTIONS /user/getSort - 1ms
2020-4-5 8:25:27 :POST /user/getSort - 19ms
2020-4-5 8:25:27 :POST /user/getGoods - 92ms
2020-4-5 8:25:27 :GET /file/getImg?imagePath=1585983907427 - 404
2020-4-5 8:25:27 :POST /user/getGoods - 12ms
2020-4-5 8:25:27 :POST /user/getSort - 6ms
2020-4-5 8:25:27 :OPTIONS /user/getShare - 0ms
2020-4-5 8:25:27 :POST /user/getShare - 3ms
2020-4-5 8:25:27 :GET /file/getImg?imagePath=1585976718633 - 404
2020-4-5 8:25:27 :GET /file/getImg?imagePath=1585984704413 - 404
2020-4-5 8:25:27 :OPTIONS /user/getShare - 0ms
2020-4-5 8:25:27 :POST /user/getShare - 11ms
2020-4-5 8:25:27 :GET /file/getImg?imagePath=1585976718633 - 404
2020-4-5 8:25:27 :GET /file/getImg?imagePath=1585984704413 - 404
2020-4-5 8:25:27 :OPTIONS /user/getGoods - 0ms
2020-4-5 8:25:27 :OPTIONS /user/getSort - 0ms
2020-4-5 8:25:27 :POST /user/getGoods - 6ms
2020-4-5 8:25:27 :POST /user/getSort - 6ms
2020-4-5 8:25:27 :GET /file/getImg?imagePath=1585983907427 - 404
2020-4-5 8:25:27 :OPTIONS /user/getShare - 1ms
2020-4-5 8:25:27 :POST /user/getShare - 3ms
2020-4-5 8:25:27 :OPTIONS /user/getShare - 0ms
2020-4-5 8:25:27 :POST /user/getShare - 3ms
2020-4-5 8:25:27 :OPTIONS /user/login - 0ms
2020-4-5 8:25:27 :POST /user/login - 3ms
2020-4-5 8:25:27 :OPTIONS /user/getShare - 0ms
2020-4-5 8:25:27 :POST /user/getShare - 4ms
2020-4-5 8:25:27 :GET /file/getImg?imagePath=1585983907580 - 404
2020-4-5 8:25:27 :OPTIONS /user/getGoods - 0ms
2020-4-5 8:25:27 :OPTIONS /user/getSort - 0ms
2020-4-5 8:25:27 :POST /user/getGoods - 3ms
2020-4-5 8:25:27 :POST /user/getSort - 58ms
2020-4-5 8:25:27 :POST /user/getGoods - 6ms
2020-4-5 8:25:27 :POST /user/getSort - 5ms
2020-4-5 8:25:27 :OPTIONS /user/getShare - 0ms
2020-4-5 8:25:27 :POST /user/getShare - 3ms
2020-4-5 8:25:27 :OPTIONS /user/login - 0ms
2020-4-5 8:25:27 :POST /user/login - 114ms
2020-4-5 8:25:27 :OPTIONS /user/getGoods - 0ms
2020-4-5 8:25:27 :OPTIONS /user/getSort - 1ms
2020-4-5 8:25:27 :POST /user/getGoods - 9ms
2020-4-5 8:25:27 :GET /file/getImg?imagePath=1585983907427 - 404
2020-4-5 8:25:27 :POST /user/getSort - 249ms
2020-4-5 8:25:27 :OPTIONS /user/getGoods - 0ms
2020-4-5 8:25:27 :OPTIONS /user/getSort - 1ms
2020-4-5 8:25:27 :POST /user/getSort - 27ms
2020-4-5 8:25:27 :POST /user/getGoods - 134ms
2020-4-5 8:25:27 :POST /user/getGoods - 11ms
2020-4-5 8:25:27 :POST /user/getGoods - 34ms
2020-4-5 8:25:27 :POST /user/getSort - 32ms
2020-4-5 8:25:27 :GET /file/getImg?imagePath=1585983907580 - 404
2020-4-5 8:25:27 :OPTIONS /user/getShare - 0ms
2020-4-5 8:25:27 :POST /user/getShare - 2ms
2020-4-5 8:25:27 :GET /file/getImg?imagePath=1585984704413 - 404
2020-4-5 8:25:27 :OPTIONS /user/getShareComment - 1ms
2020-4-5 8:25:27 :POST /user/getShareComment - 162ms
2020-4-5 8:25:27 :POST /user/getShare - 6ms
2020-4-5 8:25:27 :OPTIONS /user/getShare - 0ms
2020-4-5 8:25:27 :POST /user/getShare - 3ms
2020-4-5 8:25:27 :OPTIONS /user/getShare - 0ms
2020-4-5 8:25:27 :POST /user/getShare - 3ms
2020-4-5 8:25:27 :OPTIONS /user/getPay - 0ms
2020-4-5 8:25:27 :POST /user/getPay - 123ms
2020-4-5 8:25:27 :POST /user/getPay - 3ms
2020-4-5 8:25:27 :POST /user/getPay - 3ms
2020-4-5 8:25:27 :OPTIONS /user/getAddress - 0ms
2020-4-5 8:25:27 :POST /user/getAddress - 88ms
2020-4-5 8:25:27 :OPTIONS /user/getComment - 0ms
2020-4-5 8:25:27 :POST /user/getComment - 5ms
2020-4-5 8:25:27 :OPTIONS /user/getGoods - 0ms
2020-4-5 8:25:27 :POST /user/getGoods - 3ms
2020-4-5 8:25:27 :OPTIONS /user/login - 0ms
2020-4-5 8:25:27 :POST /user/login - 4ms
2020-4-5 8:25:27 :OPTIONS /user/getSort - 0ms
2020-4-5 8:25:27 :POST /user/getSort - 7ms
2020-4-5 8:25:27 :OPTIONS /user/login - 0ms
2020-4-5 8:25:27 :POST /user/login - 6ms
2020-4-5 8:25:27 :OPTIONS /user/getSort - 0ms
2020-4-5 8:25:27 :POST /user/getSort - 2ms
2020-4-5 8:25:27 :OPTIONS /user/getGoods - 1ms
2020-4-5 8:25:27 :POST /user/getGoods - 9ms
2020-4-5 8:25:27 :OPTIONS /user/getSort - 0ms
2020-4-5 8:25:27 :POST /user/getSort - 5ms
2020-4-5 8:25:27 :OPTIONS /user/getPay - 0ms
2020-4-5 8:25:27 :POST /user/getPay - 3ms