
2020-4-7 11:58:20 :OPTIONS /user/login - 4ms
2020-4-7 11:58:20 :POST /user/login - 635ms
2020-4-7 11:58:20 :OPTIONS /user/getSort - 1ms
2020-4-7 11:58:20 :POST /user/getSort - 31ms
2020-4-7 11:58:20 :OPTIONS /user/login - 0ms
2020-4-7 11:58:20 :POST /user/login - 2ms
2020-4-7 11:58:20 :OPTIONS /user/getSort - 0ms
2020-4-7 11:58:20 :POST /user/getSort - 3ms
2020-4-7 11:58:20 :OPTIONS /user/getSort - 0ms
2020-4-7 11:58:20 :POST /user/getSort - 3ms
2020-4-7 11:58:20 :OPTIONS /user/getSort - 0ms
2020-4-7 11:58:20 :POST /user/getSort - 4ms
2020-4-7 11:58:20 :OPTIONS /user/getGoods - 0ms
2020-4-7 11:58:20 :POST /user/getGoods - 4ms
2020-4-7 11:58:20 :OPTIONS /user/login - 0ms
2020-4-7 11:58:20 :POST /user/login - 1ms
2020-4-7 11:58:20 :OPTIONS /user/getGoods - 1ms
2020-4-7 11:58:20 :POST /user/getGoods - 3ms
2020-4-7 11:58:20 :OPTIONS /user/getPay - 0ms
2020-4-7 11:58:20 :POST /user/getPay - 20ms
2020-4-7 11:58:20 :POST /user/getGoods - 4ms
2020-4-7 11:58:20 :OPTIONS /user/login - 0ms
2020-4-7 11:58:20 :POST /user/login - 2ms
2020-4-7 11:58:20 :OPTIONS /user/getSort - 0ms
2020-4-7 11:58:20 :POST /user/getSort - 4ms
2020-4-7 11:58:20 :POST /user/login - 2ms
2020-4-7 11:58:20 :OPTIONS /user/getGoods - 0ms
2020-4-7 11:58:20 :OPTIONS /user/getSort - 1ms
2020-4-7 11:58:20 :POST /user/getGoods - 5ms
2020-4-7 11:58:20 :POST /user/getSort - 5ms
2020-4-7 11:58:20 :OPTIONS /user/getGoods - 0ms
2020-4-7 11:58:20 :OPTIONS /user/getSort - 0ms
2020-4-7 11:58:20 :POST /user/getSort - 4ms
2020-4-7 11:58:20 :POST /user/getGoods - 6ms
2020-4-7 11:58:20 :OPTIONS /user/getGoods - 1ms
2020-4-7 11:58:20 :OPTIONS /user/getSort - 0ms
2020-4-7 11:58:20 :POST /user/getGoods - 6ms
2020-4-7 11:58:20 :POST /user/getSort - 3ms
2020-4-7 11:58:20 :OPTIONS /user/getGoods - 0ms
2020-4-7 11:58:20 :POST /user/getGoods - 38ms
2020-4-7 11:58:19 :OPTIONS /user/getSort - 11ms
2020-4-7 11:58:19 :POST /user/getSort - 65ms
2020-4-7 11:58:19 :OPTIONS /user/getGoods - 1ms
2020-4-7 11:58:19 :OPTIONS /user/getSort - 0ms
2020-4-7 11:58:19 :POST /user/getGoods - 10ms
2020-4-7 11:58:19 :POST /user/getSort - 6ms
2020-4-7 11:58:19 :OPTIONS /user/getGoods - 0ms
2020-4-7 11:58:19 :OPTIONS /user/getSort - 0ms
2020-4-7 11:58:19 :POST /user/getSort - 6ms
2020-4-7 11:58:19 :POST /user/getGoods - 8ms
2020-4-7 11:58:19 :OPTIONS /user/getSort - 0ms
2020-4-7 11:58:19 :POST /user/getSort - 4ms
2020-4-7 11:58:19 :OPTIONS /user/deSort - 0ms
2020-4-7 11:58:19 :POST /user/deSort - 5ms
2020-4-7 11:58:19 :OPTIONS /user/addSort - 0ms
2020-4-7 11:58:19 :POST /user/addSort - 5ms
2020-4-7 11:58:19 :OPTIONS /user/addSort - 1ms
2020-4-7 11:58:19 :POST /user/addSort - 1ms
2020-4-7 11:58:19 :OPTIONS /user/addSort - 0ms
2020-4-7 11:58:19 :POST /user/addSort - 0ms
2020-4-7 11:58:19 :OPTIONS /user/addSort - 0ms
2020-4-7 11:58:19 :POST /user/addSort - 1ms
2020-4-7 11:58:19 :OPTIONS /user/getGoods - 0ms
2020-4-7 11:58:19 :POST /user/getGoods - 2ms
2020-4-7 11:58:19 :OPTIONS /user/getSort - 0ms
2020-4-7 11:58:19 :POST /user/getSort - 4ms
2020-4-7 11:58:19 :OPTIONS /user/getGoods - 1ms
2020-4-7 11:58:19 :POST /user/getGoods - 275ms
2020-4-7 11:58:19 :OPTIONS /user/login - 5ms
2020-4-7 11:58:19 :POST /user/login - 1008ms
2020-4-7 11:58:19 :OPTIONS /user/login - 0ms
2020-4-7 11:58:19 :POST /user/login - 3ms
2020-4-7 11:58:19 :OPTIONS /user/login - 1ms
2020-4-7 11:58:19 :POST /user/login - 2ms
2020-4-7 11:58:19 :OPTIONS /user/login - 1ms
2020-4-7 11:58:19 :POST /user/login - 2ms
2020-4-7 11:58:19 :OPTIONS /user/getSort - 1ms
2020-4-7 11:58:19 :POST /user/getSort - 34ms
2020-4-7 11:58:19 :OPTIONS /user/login - 1ms
2020-4-7 11:58:19 :POST /user/login - 2ms
2020-4-7 11:58:19 :POST /user/getSort - 3ms
2020-4-7 11:58:19 :POST /user/login - 2ms
2020-4-7 11:58:19 :OPTIONS /user/getSort - 0ms
2020-4-7 11:58:20 :OPTIONS /user/getGoods - 11ms
2020-4-7 11:58:19 :POST /user/getGoods - 53ms
2020-4-7 11:58:20 :POST /user/getSort - 1080ms
2020-4-7 11:58:19 :OPTIONS /user/getGoods - 1ms
2020-4-7 11:58:19 :OPTIONS /user/getSort - 0ms
2020-4-7 11:58:19 :POST /user/getGoods - 3ms
2020-4-7 11:58:19 :POST /user/getSort - 3ms
2020-4-7 11:58:19 :OPTIONS /user/getSort - 0ms
2020-4-7 11:58:19 :POST /user/getSort - 2ms
2020-4-7 11:58:19 :POST /user/getSort - 3ms
2020-4-7 11:58:19 :OPTIONS /user/addSort - 0ms
2020-4-7 11:58:19 :POST /user/addSort - 18ms
2020-4-7 11:58:19 :OPTIONS /user/deSort - 0ms
2020-4-7 11:58:19 :POST /user/deSort - 91ms
2020-4-7 11:58:19 :OPTIONS /user/login - 1ms
2020-4-7 11:58:19 :POST /user/login - 465ms
2020-4-7 11:58:19 :OPTIONS /user/getSort - 0ms
2020-4-7 11:58:19 :POST /user/getSort - 3ms
2020-4-7 11:58:19 :OPTIONS /user/login - 0ms
2020-4-7 11:58:19 :POST /user/login - 2ms
2020-4-7 11:58:19 :POST /user/getSort - 4ms
2020-4-7 11:58:19 :OPTIONS /user/getGoods - 0ms
2020-4-7 11:58:19 :POST /user/getGoods - 2ms
2020-4-7 11:58:19 :OPTIONS /user/getSort - 0ms
2020-4-7 11:58:19 :POST /user/getSort - 2ms
2020-4-7 11:58:19 :POST /user/getGoods - 6ms
2020-4-7 11:58:19 :OPTIONS /user/getPay - 0ms
2020-4-7 11:58:19 :POST /user/getPay - 93ms
2020-4-7 11:58:19 :OPTIONS /user/getGoods - 0ms
2020-4-7 11:58:19 :POST /user/getGoods - 7ms
2020-4-7 11:58:19 :OPTIONS /user/login - 0ms
2020-4-7 11:58:19 :POST /user/login - 2ms
2020-4-7 11:58:19 :OPTIONS /user/login - 0ms
2020-4-7 11:58:19 :POST /user/login - 2ms
2020-4-7 11:58:19 :POST /user/login - 2ms
2020-4-7 11:58:19 :OPTIONS /user/getSort - 0ms
2020-4-7 11:58:19 :POST /user/getSort - 20ms
2020-4-7 11:58:19 :OPTIONS /user/getGoods - 0ms
2020-4-7 11:58:19 :POST /user/getGoods - 12ms
2020-4-7 11:58:19 :OPTIONS /user/getSort - 0ms
2020-4-7 11:58:19 :POST /user/getSort - 2ms
2020-4-7 11:58:19 :OPTIONS /user/getGoods - 1ms
2020-4-7 11:58:19 :POST /user/getGoods - 30ms
2020-4-7 11:58:19 :OPTIONS /user/getSort - 0ms
2020-4-7 11:58:19 :POST /user/getSort - 3ms
2020-4-7 11:58:19 :OPTIONS /user/getSort - 89ms
2020-4-7 11:58:19 :POST /user/getSort - 467ms
2020-4-7 11:58:19 :OPTIONS /user/getSort - 1ms
2020-4-7 11:58:19 :POST /user/getSort - 2ms
2020-4-7 11:58:19 :OPTIONS /user/getGoods - 0ms
2020-4-7 11:58:19 :OPTIONS /user/getSort - 0ms
2020-4-7 11:58:19 :POST /user/getGoods - 80ms
2020-4-7 11:58:19 :POST /user/getSort - 60ms
2020-4-7 11:58:19 :OPTIONS /user/getGoods - 0ms
2020-4-7 11:58:19 :OPTIONS /user/getSort - 1ms
2020-4-7 11:58:19 :POST /user/getGoods - 138ms
2020-4-7 11:58:19 :POST /user/getSort - 145ms
2020-4-7 11:58:19 :OPTIONS /user/getSort - 1ms
2020-4-7 11:58:19 :POST /user/getSort - 4ms
2020-4-7 11:58:19 :OPTIONS /user/getSort - 0ms
2020-4-7 11:58:19 :POST /user/getSort - 2ms
2020-4-7 11:58:19 :OPTIONS /user/login - 0ms
2020-4-7 11:58:19 :POST /user/login - 62ms
2020-4-7 11:58:19 :OPTIONS /user/login - 0ms
2020-4-7 11:58:19 :POST /user/login - 278ms
2020-4-7 11:58:19 :OPTIONS /user/getGoods - 0ms
2020-4-7 11:58:19 :OPTIONS /user/getSort - 0ms
2020-4-7 11:58:19 :POST /user/getGoods - 2ms
2020-4-7 11:58:19 :POST /user/getSort - 3ms
2020-4-7 11:58:19 :OPTIONS /user/login - 49ms
2020-4-7 11:58:19 :POST /user/login - 473ms
2020-4-7 11:58:19 :OPTIONS /user/getSort - 0ms
2020-4-7 11:58:19 :POST /user/getSort - 151ms
2020-4-7 11:58:19 :OPTIONS /user/getAdmin - 11ms
2020-4-7 11:58:19 :OPTIONS /user/getAdmin - 0ms
2020-4-7 11:58:19 :OPTIONS /user/getSort - 66ms
2020-4-7 11:58:19 :POST /user/getSort - 3060ms
2020-4-7 11:58:19 :OPTIONS /user/addSort - 0ms
2020-4-7 11:58:19 :POST /user/addSort - 168ms
2020-4-7 11:58:19 :OPTIONS /user/deSort - 1ms
2020-4-7 11:58:19 :POST /user/deSort - 72ms
2020-4-7 11:58:19 :OPTIONS /user/getAdmin - 1ms
2020-4-7 11:58:19 :GET /user/getAdmin - 1ms
2020-4-7 11:58:19 :GET /favicon.ico - 0ms
2020-4-7 11:58:19 :OPTIONS /user/getAdmin - 0ms
2020-4-7 11:58:19 :OPTIONS /user/getGoods - 58ms
2020-4-7 11:58:19 :OPTIONS /user/getSort - 0ms
2020-4-7 11:58:19 :POST /user/getSort - 356ms
2020-4-7 11:58:19 :POST /user/getGoods - 594ms
2020-4-7 11:58:19 :GET /file/getImg?imagePath=1585983907580 - 404
2020-4-7 11:58:19 :GET /file/getImg?imagePath=1585983907427 - 404
2020-4-7 11:58:19 :OPTIONS /user/getGoods - 0ms
2020-4-7 11:58:19 :OPTIONS /user/getSort - 0ms
2020-4-7 11:58:19 :POST /user/getSort - 4ms
2020-4-7 11:58:19 :POST /user/getGoods - 7ms
2020-4-7 11:58:19 :OPTIONS /user/getGoods - 0ms
2020-4-7 11:58:19 :OPTIONS /user/getSort - 0ms
2020-4-7 11:58:19 :POST /user/getGoods - 51ms
2020-4-7 11:58:19 :POST /user/getSort - 17ms
2020-4-7 11:58:19 :OPTIONS /user/getGoods - 0ms
2020-4-7 11:58:19 :OPTIONS /user/getSort - 0ms
2020-4-7 11:58:19 :POST /user/getGoods - 12ms
2020-4-7 11:58:19 :POST /user/getSort - 4ms
2020-4-7 11:58:19 :POST /user/getGoods - 9ms
2020-4-7 11:58:19 :POST /user/getSort - 5ms
2020-4-7 11:58:19 :OPTIONS /user/getGoods - 0ms
2020-4-7 11:58:19 :POST /user/getGoods - 3ms
2020-4-7 11:58:20 :OPTIONS /user/getSort - 96ms
2020-4-7 11:58:20 :POST /user/getSort - 879ms