
2020-4-11 7:34:51 :OPTIONS /user/getGoods - 6ms
2020-4-11 7:34:51 :OPTIONS /user/getSort - 0ms
2020-4-11 7:34:51 :POST /user/getGoods - 1093ms
2020-4-11 7:34:51 :POST /user/getSort - 1080ms
2020-4-11 7:34:51 :GET /file/getImg?imagePath=1586421238537 - 404
2020-4-11 7:34:51 :GET /file/getImg?imagePath=1586429418469 - 404
2020-4-11 7:34:51 :OPTIONS /user/getGoods - 1ms
2020-4-11 7:34:51 :OPTIONS /user/getSort - 0ms
2020-4-11 7:34:51 :POST /user/getGoods - 6ms
2020-4-11 7:34:51 :POST /user/getSort - 3ms
2020-4-11 7:34:51 :GET /file/getImg?imagePath=1586421238537 - 404
2020-4-11 7:34:51 :GET /file/getImg?imagePath=1586429418469 - 404
2020-4-11 7:34:51 :OPTIONS /user/getShare - 1ms
2020-4-11 7:34:51 :POST /user/getShare - 4ms
2020-4-11 7:34:51 :GET /file/getImg?imagePath=1586426549715 - 404
2020-4-11 7:34:51 :GET /file/getImg?imagePath=1586429564815 - 404
2020-4-11 7:34:51 :GET /file/getImg?imagePath=1586506973034 - 404
2020-4-11 7:34:51 :GET /file/getImg?imagePath=1586426870161 - 404
2020-4-11 7:34:51 :OPTIONS /user/getGoods - 0ms
2020-4-11 7:34:51 :OPTIONS /user/getSort - 0ms
2020-4-11 7:34:51 :POST /user/getGoods - 3ms
2020-4-11 7:34:51 :POST /user/getSort - 3ms
2020-4-11 7:34:51 :OPTIONS /user/login - 0ms
2020-4-11 7:34:51 :POST /user/login - 73ms
2020-4-11 7:34:51 :OPTIONS /user/login - 0ms
2020-4-11 7:34:51 :POST /user/login - 2ms
2020-4-11 7:34:51 :GET /file/getImg?imagePath=1586426549715 - 404
2020-4-11 7:34:51 :GET /file/getImg?imagePath=1586426549715 - 404
2020-4-11 7:34:51 :GET /file/getImg?imagePath=1586421238537 - 404
2020-4-11 7:34:51 :GET /file/getImg?imagePath=1586426549715 - 404
2020-4-11 7:34:51 :OPTIONS /user/login - 0ms
2020-4-11 7:34:51 :POST /user/login - 3ms
2020-4-11 7:34:51 :OPTIONS /user/login - 1ms
2020-4-11 7:34:51 :POST /user/login - 2ms
2020-4-11 7:34:51 :OPTIONS /user/addUser - 0ms
2020-4-11 7:34:51 :POST /user/addUser - 7ms
2020-4-11 7:34:51 :OPTIONS /user/login - 0ms
2020-4-11 7:34:51 :POST /user/login - 3ms
2020-4-11 7:34:51 :OPTIONS /user/getShare - 1ms
2020-4-11 7:34:51 :POST /user/getShare - 5ms
2020-4-11 7:34:51 :GET /file/getImg?imagePath=1586426549715 - 404
2020-4-11 7:34:51 :GET /file/getImg?imagePath=1586426870161 - 404
2020-4-11 7:34:51 :GET /file/getImg?imagePath=1586429564815 - 404
2020-4-11 7:34:51 :GET /file/getImg?imagePath=1586506973034 - 404
2020-4-11 7:34:51 :OPTIONS /user/getGoods - 0ms
2020-4-11 7:34:51 :OPTIONS /user/getSort - 0ms
2020-4-11 7:34:51 :POST /user/getGoods - 6ms
2020-4-11 7:34:51 :POST /user/getSort - 4ms
2020-4-11 7:34:51 :GET /file/getImg?imagePath=1586429418469 - 404
2020-4-11 7:34:51 :GET /file/getImg?imagePath=1586421238537 - 404
2020-4-11 7:34:51 :OPTIONS /user/getGoods - 1ms
2020-4-11 7:34:51 :OPTIONS /user/getSort - 0ms
2020-4-11 7:34:51 :POST /user/getSort - 4ms
2020-4-11 7:34:51 :POST /user/getGoods - 6ms
2020-4-11 7:34:51 :POST /user/getSort - 8ms
2020-4-11 7:34:51 :POST /user/getGoods - 18ms
2020-4-11 7:34:51 :GET /file/getImg?imagePath=1586421238537 - 404
2020-4-11 7:34:51 :GET /file/getImg?imagePath=1586429418469 - 404
2020-4-11 7:34:51 :OPTIONS /user/getGoods - 1ms
2020-4-11 7:34:51 :OPTIONS /user/getSort - 0ms
2020-4-11 7:34:51 :POST /user/getGoods - 6ms
2020-4-11 7:34:51 :POST /user/getSort - 5ms
2020-4-11 7:34:51 :GET /file/getImg?imagePath=1586421238537 - 404
2020-4-11 7:34:51 :GET /file/getImg?imagePath=1586429418469 - 404
2020-4-11 7:34:51 :OPTIONS /user/getShare - 0ms
2020-4-11 7:34:51 :POST /user/getShare - 3ms
2020-4-11 7:34:51 :GET /file/getImg?imagePath=1586426870161 - 404
2020-4-11 7:34:51 :GET /file/getImg?imagePath=1586429564815 - 404
2020-4-11 7:34:51 :GET /file/getImg?imagePath=1586426549715 - 404
2020-4-11 7:34:51 :GET /file/getImg?imagePath=1586506973034 - 404
2020-4-11 7:34:51 :OPTIONS /user/getGoods - 1ms
2020-4-11 7:34:51 :OPTIONS /user/getSort - 1ms
2020-4-11 7:34:51 :POST /user/getGoods - 4ms
2020-4-11 7:34:51 :POST /user/getSort - 29ms
2020-4-11 7:34:51 :POST /user/getShare - 6ms
2020-4-11 7:34:51 :OPTIONS /user/getGoods - 0ms
2020-4-11 7:34:51 :OPTIONS /user/getSort - 0ms
2020-4-11 7:34:51 :POST /user/getGoods - 4ms
2020-4-11 7:34:51 :POST /user/getSort - 4ms
2020-4-11 7:34:51 :OPTIONS /user/addPay - 0ms
2020-4-11 7:34:51 :POST /user/addPay - 9ms
2020-4-11 7:34:51 :OPTIONS /user/getAddress - 0ms
2020-4-11 7:34:51 :POST /user/getAddress - 5ms
2020-4-11 7:34:51 :OPTIONS /user/getAddress - 1ms
2020-4-11 7:34:51 :POST /user/getAddress - 4ms
2020-4-11 7:34:51 :OPTIONS /user/addAddress - 0ms
2020-4-11 7:34:51 :POST /user/addAddress - 1ms
2020-4-11 7:34:51 :OPTIONS /user/getAddress - 1ms
2020-4-11 7:34:51 :POST /user/getAddress - 4ms
2020-4-11 7:34:51 :OPTIONS /user/getAddress - 0ms
2020-4-11 7:34:51 :POST /user/getAddress - 14ms
2020-4-11 7:34:51 :GET /file/getImg?imagePath=1586429418469 - 404
2020-4-11 7:34:51 :POST /user/getAddress - 8ms
2020-4-11 7:34:51 :OPTIONS /user/upPay - 1ms
2020-4-11 7:34:51 :POST /user/upPay - 3ms
2020-4-11 7:34:51 :OPTIONS /user/getGoods - 0ms
2020-4-11 7:34:51 :OPTIONS /user/getSort - 0ms
2020-4-11 7:34:51 :POST /user/getGoods - 10ms
2020-4-11 7:34:51 :POST /user/getSort - 11ms
2020-4-11 7:34:51 :GET /file/getImg?imagePath=1586421238537 - 404
2020-4-11 7:34:51 :OPTIONS /user/getGoods - 0ms
2020-4-11 7:34:51 :POST /user/getGoods - 3ms
2020-4-11 7:34:51 :POST /user/getGoods - 2ms
2020-4-11 7:34:51 :POST /user/getGoods - 2ms
2020-4-11 7:34:51 :OPTIONS /user/getAddress - 0ms
2020-4-11 7:34:51 :POST /user/getAddress - 4ms
2020-4-11 7:34:51 :OPTIONS /user/upPay - 0ms
2020-4-11 7:34:51 :POST /user/upPay - 1ms
2020-4-11 7:34:51 :OPTIONS /user/getGoods - 1ms
2020-4-11 7:34:51 :OPTIONS /user/getSort - 0ms
2020-4-11 7:34:51 :POST /user/getGoods - 16ms
2020-4-11 7:34:51 :POST /user/getSort - 15ms
2020-4-11 7:34:51 :OPTIONS /user/getAddress - 0ms
2020-4-11 7:34:51 :POST /user/getAddress - 5ms
2020-4-11 7:34:51 :OPTIONS /user/getGoods - 0ms
2020-4-11 7:34:51 :OPTIONS /user/getSort - 0ms
2020-4-11 7:34:51 :POST /user/getSort - 4ms
2020-4-11 7:34:51 :POST /user/getGoods - 7ms
2020-4-11 7:34:51 :OPTIONS /user/getGoods - 0ms
2020-4-11 7:34:51 :OPTIONS /user/getSort - 1ms
2020-4-11 7:34:51 :POST /user/getGoods - 7ms
2020-4-11 7:34:51 :POST /user/getSort - 4ms
2020-4-11 7:34:51 :OPTIONS /user/getShare - 0ms
2020-4-11 7:34:51 :POST /user/getShare - 3ms
2020-4-11 7:34:51 :OPTIONS /file/upFile - 0ms
2020-4-11 7:34:51 :POST /file/upFile - 1ms
2020-4-11 7:34:51 :OPTIONS /user/addShare - 0ms
2020-4-11 7:34:51 :POST /user/addShare - 2ms
2020-4-11 7:34:51 :OPTIONS /user/getShare - 0ms
2020-4-11 7:34:51 :POST /user/getShare - 4ms
2020-4-11 7:34:51 :GET /file/getImg?imagePath=1586426549715 - 404
2020-4-11 7:34:51 :GET /file/getImg?imagePath=1586506973034 - 404
2020-4-11 7:34:51 :GET /file/getImg?imagePath=1586426870161 - 404
2020-4-11 7:34:51 :GET /file/getImg?imagePath=1586429564815 - 404
2020-4-11 7:34:51 :OPTIONS /user/getShare - 1ms
2020-4-11 7:34:51 :POST /user/getShare - 24ms
2020-4-11 7:34:51 :GET /file/getImg?imagePath=1586563799764 - 404
2020-4-11 7:34:51 :OPTIONS /user/getShare - 0ms
2020-4-11 7:34:51 :POST /user/getShare - 8ms
2020-4-11 7:34:51 :OPTIONS /user/getGoods - 0ms
2020-4-11 7:34:51 :OPTIONS /user/getSort - 0ms
2020-4-11 7:34:51 :POST /user/getGoods - 3ms
2020-4-11 7:34:51 :POST /user/getSort - 4ms
2020-4-11 7:34:51 :OPTIONS /user/getAddress - 0ms
2020-4-11 7:34:51 :POST /user/getAddress - 7ms
2020-4-11 7:34:51 :POST /user/getAddress - 3ms
2020-4-11 7:34:51 :OPTIONS /user/getAddress - 1ms
2020-4-11 7:34:51 :POST /user/getAddress - 3ms
2020-4-11 7:34:51 :OPTIONS /user/getComment - 0ms
2020-4-11 7:34:51 :POST /user/getComment - 5ms
2020-4-11 7:34:51 :OPTIONS /user/getAddress - 0ms
2020-4-11 7:34:51 :POST /user/getAddress - 3ms
2020-4-11 7:34:51 :OPTIONS /user/getAddress - 0ms
2020-4-11 7:34:51 :POST /user/getAddress - 4ms
2020-4-11 7:34:51 :OPTIONS /user/addAddress - 0ms
2020-4-11 7:34:51 :POST /user/addAddress - 18ms
2020-4-11 7:34:51 :OPTIONS /user/getAddress - 0ms
2020-4-11 7:34:51 :POST /user/getAddress - 3ms
2020-4-11 7:34:51 :OPTIONS /user/getComment - 0ms
2020-4-11 7:34:51 :POST /user/getComment - 3ms
2020-4-11 7:34:51 :OPTIONS /user/getComment - 1ms
2020-4-11 7:34:51 :POST /user/getComment - 211ms
2020-4-11 7:34:51 :OPTIONS /user/getComment - 0ms
2020-4-11 7:34:51 :POST /user/getComment - 132ms
2020-4-11 7:34:51 :OPTIONS /user/getComment - 0ms
2020-4-11 7:34:51 :POST /user/getComment - 7ms
2020-4-11 7:34:51 :OPTIONS /user/getComment - 0ms
2020-4-11 7:34:51 :POST /user/getComment - 8ms
2020-4-11 7:34:51 :OPTIONS /user/getShare - 0ms
2020-4-11 7:34:51 :POST /user/getShare - 16ms
2020-4-11 7:34:51 :GET /file/getImg?imagePath=1586429564815 - 404
2020-4-11 7:34:51 :GET /file/getImg?imagePath=1586506973034 - 404
2020-4-11 7:34:51 :GET /file/getImg?imagePath=1586426870161 - 404
2020-4-11 7:34:51 :GET /file/getImg?imagePath=1586563799764 - 404
2020-4-11 7:34:51 :GET /file/getImg?imagePath=1586426549715 - 404
2020-4-11 7:34:51 :OPTIONS /user/getGoods - 1ms
2020-4-11 7:34:51 :OPTIONS /user/getSort - 224ms
2020-4-11 7:34:51 :POST /user/getGoods - 325ms
2020-4-11 7:34:51 :GET /file/getImg?imagePath=1586429418469 - 404
2020-4-11 7:34:51 :GET /file/getImg?imagePath=1586421238537 - 404
2020-4-11 7:34:51 :POST /user/getSort - 427ms
2020-4-11 7:34:51 :OPTIONS /user/getGoods - 1ms
2020-4-11 7:34:51 :OPTIONS /user/getSort - 0ms
2020-4-11 7:34:51 :POST /user/getSort - 8ms
2020-4-11 7:34:51 :POST /user/getGoods - 6ms
2020-4-11 7:34:51 :OPTIONS /user/getGoods - 0ms
2020-4-11 7:34:51 :OPTIONS /user/getSort - 0ms
2020-4-11 7:34:51 :POST /user/getGoods - 7ms
2020-4-11 7:34:51 :POST /user/getSort - 6ms
2020-4-11 7:34:51 :POST /user/getGoods - 4ms
2020-4-11 7:34:51 :POST /user/getSort - 3ms
2020-4-11 7:34:51 :POST /user/getGoods - 3ms
2020-4-11 7:34:51 :OPTIONS /user/getGoods - 0ms
2020-4-11 7:34:51 :POST /user/getGoods - 3ms
2020-4-11 7:34:51 :OPTIONS /user/getSort - 0ms
2020-4-11 7:34:51 :POST /user/getGoods - 5ms
2020-4-11 7:34:51 :POST /user/getSort - 13ms
2020-4-11 7:34:51 :OPTIONS /user/getComment - 0ms
2020-4-11 7:34:51 :POST /user/getComment - 2ms
2020-4-11 7:34:51 :OPTIONS /user/getGoods - 0ms
2020-4-11 7:34:51 :OPTIONS /user/getSort - 0ms
2020-4-11 7:34:51 :POST /user/getGoods - 6ms
2020-4-11 7:34:51 :POST /user/getSort - 4ms
2020-4-11 7:34:51 :OPTIONS /user/addPay - 0ms
2020-4-11 7:34:51 :POST /user/addPay - 70ms
2020-4-11 7:34:51 :OPTIONS /user/getAddress - 1ms
2020-4-11 7:34:51 :POST /user/getAddress - 4ms
2020-4-11 7:34:51 :OPTIONS /user/upPay - 1ms
2020-4-11 7:34:51 :POST /user/upPay - 3ms
2020-4-11 7:34:51 :OPTIONS /user/getGoods - 0ms
2020-4-11 7:34:51 :OPTIONS /user/getSort - 1ms
2020-4-11 7:34:51 :POST /user/getGoods - 6ms
2020-4-11 7:34:51 :POST /user/getSort - 5ms
2020-4-11 7:34:51 :OPTIONS /user/getAddress - 0ms
2020-4-11 7:34:51 :POST /user/getAddress - 4ms
2020-4-11 7:34:51 :OPTIONS /user/getGoods - 0ms
2020-4-11 7:34:51 :OPTIONS /user/getSort - 0ms
2020-4-11 7:34:51 :POST /user/getGoods - 6ms
2020-4-11 7:34:51 :POST /user/getSort - 5ms
2020-4-11 7:34:51 :OPTIONS /user/getPay - 1ms
2020-4-11 7:34:51 :POST /user/getPay - 4ms
2020-4-11 7:34:51 :OPTIONS /user/upPay - 0ms
2020-4-11 7:34:51 :POST /user/upPay - 1ms
2020-4-11 7:34:51 :OPTIONS /user/getGoods - 0ms
2020-4-11 7:34:51 :POST /user/getGoods - 29ms
2020-4-11 7:34:51 :OPTIONS /user/upGoods - 0ms
2020-4-11 7:34:51 :POST /user/upGoods - 1ms
2020-4-11 7:34:51 :OPTIONS /user/getPay - 0ms
2020-4-11 7:34:51 :POST /user/getPay - 3ms
2020-4-11 7:34:51 :OPTIONS /user/getPay - 0ms
2020-4-11 7:34:51 :POST /user/getPay - 2ms
2020-4-11 7:34:51 :OPTIONS /user/upPay - 0ms
2020-4-11 7:34:51 :POST /user/upPay - 1ms
2020-4-11 7:34:51 :POST /user/getPay - 3ms
2020-4-11 7:34:51 :OPTIONS /user/getPay - 0ms
2020-4-11 7:34:51 :POST /user/getPay - 3ms
2020-4-11 7:34:51 :OPTIONS /user/getGoods - 0ms
2020-4-11 7:34:51 :OPTIONS /user/getSort - 0ms
2020-4-11 7:34:51 :POST /user/getSort - 2ms
2020-4-11 7:34:51 :POST /user/getGoods - 4ms
2020-4-11 7:34:51 :OPTIONS /user/addPay - 0ms
2020-4-11 7:34:51 :POST /user/addPay - 128ms
2020-4-11 7:34:51 :OPTIONS /user/getAddress - 1ms
2020-4-11 7:34:51 :POST /user/getAddress - 5ms
2020-4-11 7:34:51 :OPTIONS /user/upPay - 0ms
2020-4-11 7:34:51 :POST /user/upPay - 5ms
2020-4-11 7:34:51 :OPTIONS /user/getGoods - 0ms
2020-4-11 7:34:51 :OPTIONS /user/getSort - 0ms
2020-4-11 7:34:51 :POST /user/getGoods - 10ms
2020-4-11 7:34:51 :POST /user/getSort - 9ms
2020-4-11 7:34:51 :POST /user/getAddress - 5ms
2020-4-11 7:34:51 :OPTIONS /user/getSort - 0ms
2020-4-11 7:34:51 :OPTIONS /user/getGoods - 0ms
2020-4-11 7:34:51 :POST /user/getSort - 9ms
2020-4-11 7:34:51 :POST /user/getGoods - 9ms
2020-4-11 7:34:51 :OPTIONS /user/addPay - 0ms
2020-4-11 7:34:51 :POST /user/addPay - 3ms
2020-4-11 7:34:51 :OPTIONS /user/getAddress - 0ms
2020-4-11 7:34:51 :POST /user/getAddress - 35ms
2020-4-11 7:34:51 :OPTIONS /user/upPay - 0ms
2020-4-11 7:34:51 :POST /user/upPay - 1ms
2020-4-11 7:34:51 :OPTIONS /user/getGoods - 0ms
2020-4-11 7:34:51 :OPTIONS /user/getSort - 1ms
2020-4-11 7:34:51 :POST /user/getGoods - 8ms
2020-4-11 7:34:51 :POST /user/getSort - 4ms
2020-4-11 7:34:51 :OPTIONS /user/getAddress - 0ms
2020-4-11 7:34:51 :POST /user/getAddress - 3ms
2020-4-11 7:34:51 :OPTIONS /user/getGoods - 0ms
2020-4-11 7:34:51 :OPTIONS /user/getSort - 0ms
2020-4-11 7:34:51 :POST /user/getGoods - 8ms
2020-4-11 7:34:51 :POST /user/getSort - 6ms
2020-4-11 7:34:51 :OPTIONS /user/getPay - 0ms
2020-4-11 7:34:51 :POST /user/getPay - 5ms
2020-4-11 7:34:51 :OPTIONS /user/addPay - 0ms
2020-4-11 7:34:51 :POST /user/addPay - 1ms
2020-4-11 7:34:51 :OPTIONS /user/getAddress - 0ms
2020-4-11 7:34:51 :POST /user/getAddress - 6ms
2020-4-11 7:34:51 :OPTIONS /user/upPay - 0ms
2020-4-11 7:34:51 :POST /user/upPay - 1ms
2020-4-11 7:34:51 :OPTIONS /user/getGoods - 0ms
2020-4-11 7:34:51 :OPTIONS /user/getSort - 0ms
2020-4-11 7:34:51 :POST /user/getGoods - 5ms
2020-4-11 7:34:51 :POST /user/getSort - 4ms
2020-4-11 7:34:51 :POST /user/getAddress - 6ms
2020-4-11 7:34:51 :POST /user/getGoods - 4ms
2020-4-11 7:34:51 :POST /user/getSort - 4ms
2020-4-11 7:34:51 :OPTIONS /user/getPay - 1ms
2020-4-11 7:34:51 :POST /user/getPay - 3ms
2020-4-11 7:34:51 :OPTIONS /user/getPay - 1ms
2020-4-11 7:34:51 :POST /user/getPay - 3ms
2020-4-11 7:34:51 :OPTIONS /user/getPay - 0ms
2020-4-11 7:34:51 :POST /user/getPay - 3ms
2020-4-11 7:34:51 :OPTIONS /user/getAddress - 0ms
2020-4-11 7:34:51 :OPTIONS /user/addPay - 0ms
2020-4-11 7:34:51 :POST /user/getAddress - 10ms
2020-4-11 7:34:51 :POST /user/addPay - 10ms
2020-4-11 7:34:51 :OPTIONS /user/getPay - 1ms
2020-4-11 7:34:51 :POST /user/getPay - 3ms
2020-4-11 7:34:51 :POST /user/getPay - 2ms
2020-4-11 7:34:51 :OPTIONS /user/getPay - 0ms
2020-4-11 7:34:51 :POST /user/getPay - 3ms
2020-4-11 7:34:51 :OPTIONS /user/getPay - 0ms
2020-4-11 7:34:51 :POST /user/getPay - 4ms
2020-4-11 7:34:51 :OPTIONS /user/getPay - 0ms
2020-4-11 7:34:51 :POST /user/getPay - 7ms
2020-4-11 7:34:51 :OPTIONS /user/getPay - 0ms
2020-4-11 7:34:51 :POST /user/getPay - 217ms
2020-4-11 7:34:51 :OPTIONS /user/getGoods - 0ms
2020-4-11 7:34:51 :OPTIONS /user/getSort - 1ms
2020-4-11 7:34:51 :POST /user/getSort - 10ms
2020-4-11 7:34:51 :POST /user/getGoods - 10ms
2020-4-11 7:34:51 :OPTIONS /user/getShare - 0ms
2020-4-11 7:34:51 :POST /user/getShare - 6ms
2020-4-11 7:34:51 :GET /file/getImg?imagePath=1586426870161 - 404
2020-4-11 7:34:51 :GET /file/getImg?imagePath=1586429564815 - 404
2020-4-11 7:34:51 :GET /file/getImg?imagePath=1586426549715 - 404
2020-4-11 7:34:51 :GET /file/getImg?imagePath=1586563799764 - 404
2020-4-11 7:34:51 :GET /file/getImg?imagePath=1586506973034 - 404
2020-4-11 7:34:51 :OPTIONS /user/getSort - 0ms
2020-4-11 7:34:51 :OPTIONS /user/getGoods - 0ms
2020-4-11 7:34:51 :POST /user/getGoods - 129ms
2020-4-11 7:34:51 :POST /user/getSort - 57ms
2020-4-11 7:34:51 :OPTIONS /user/getGoods - 0ms
2020-4-11 7:34:51 :OPTIONS /user/getSort - 0ms
2020-4-11 7:34:51 :POST /user/getSort - 3ms
2020-4-11 7:34:51 :POST /user/getGoods - 4ms
2020-4-11 7:34:51 :OPTIONS /user/addPay - 0ms
2020-4-11 7:34:51 :POST /user/addPay - 3ms
2020-4-11 7:34:51 :OPTIONS /user/getAddress - 0ms
2020-4-11 7:34:51 :POST /user/getAddress - 45ms
2020-4-11 7:34:51 :OPTIONS /user/getGoods - 0ms
2020-4-11 7:34:51 :OPTIONS /user/getSort - 0ms
2020-4-11 7:34:51 :POST /user/getGoods - 3ms
2020-4-11 7:34:51 :POST /user/getSort - 3ms
2020-4-11 7:34:51 :OPTIONS /user/addPay - 0ms
2020-4-11 7:34:51 :POST /user/addPay - 1ms
2020-4-11 7:34:51 :OPTIONS /user/getAddress - 1ms
2020-4-11 7:34:51 :POST /user/getAddress - 44ms
2020-4-11 7:34:51 :OPTIONS /user/getGoods - 0ms
2020-4-11 7:34:51 :OPTIONS /user/getSort - 0ms
2020-4-11 7:34:51 :POST /user/getGoods - 3ms
2020-4-11 7:34:51 :POST /user/getSort - 3ms
2020-4-11 7:34:51 :OPTIONS /user/getGoods - 0ms
2020-4-11 7:34:51 :OPTIONS /user/getSort - 0ms
2020-4-11 7:34:51 :POST /user/getGoods - 3ms
2020-4-11 7:34:51 :POST /user/getSort - 3ms
2020-4-11 7:34:51 :POST /user/getGoods - 25ms
2020-4-11 7:34:51 :OPTIONS /user/getGoods - 0ms
2020-4-11 7:34:51 :OPTIONS /user/getSort - 0ms
2020-4-11 7:34:51 :POST /user/getGoods - 3ms
2020-4-11 7:34:51 :POST /user/getSort - 2ms
2020-4-11 7:34:51 :OPTIONS /user/getGoods - 0ms
2020-4-11 7:34:51 :OPTIONS /user/getSort - 0ms
2020-4-11 7:34:51 :POST /user/getGoods - 5ms
2020-4-11 7:34:51 :POST /user/getSort - 4ms
2020-4-11 7:34:51 :OPTIONS /user/getGoods - 0ms
2020-4-11 7:34:51 :OPTIONS /user/getSort - 0ms
2020-4-11 7:34:51 :POST /user/getGoods - 6ms
2020-4-11 7:34:51 :POST /user/getSort - 4ms
2020-4-11 7:34:51 :OPTIONS /user/addPay - 0ms
2020-4-11 7:34:51 :OPTIONS /user/getAddress - 0ms
2020-4-11 7:34:51 :POST /user/addPay - 1ms
2020-4-11 7:34:51 :POST /user/getAddress - 3ms
2020-4-11 7:34:51 :OPTIONS /user/upPay - 0ms
2020-4-11 7:34:51 :OPTIONS /user/getPay - 0ms
2020-4-11 7:34:51 :POST /user/upPay - 1ms
2020-4-11 7:34:51 :POST /user/getPay - 3ms
2020-4-11 7:34:51 :OPTIONS /user/getPay - 0ms
2020-4-11 7:34:51 :POST /user/getPay - 6ms
2020-4-11 7:34:51 :OPTIONS /user/getPay - 0ms
2020-4-11 7:34:51 :POST /user/getPay - 2ms
2020-4-11 7:34:51 :POST /user/getPay - 3ms
2020-4-11 7:34:51 :OPTIONS /user/getPay - 0ms
2020-4-11 7:34:51 :POST /user/getPay - 3ms
2020-4-11 7:34:51 :OPTIONS /user/getAddress - 0ms
2020-4-11 7:34:51 :POST /user/getAddress - 5ms
2020-4-11 7:34:51 :OPTIONS /user/getGoods - 0ms
2020-4-11 7:34:51 :OPTIONS /user/getSort - 0ms
2020-4-11 7:34:51 :POST /user/getGoods - 5ms
2020-4-11 7:34:51 :POST /user/getSort - 2ms
2020-4-11 7:34:51 :OPTIONS /user/addPay - 1ms
2020-4-11 7:34:51 :OPTIONS /user/getAddress - 0ms
2020-4-11 7:34:51 :POST /user/addPay - 1ms
2020-4-11 7:34:51 :POST /user/getAddress - 2ms
2020-4-11 7:34:51 :OPTIONS /user/getAddress - 0ms
2020-4-11 7:34:51 :POST /user/getAddress - 2ms
2020-4-11 7:34:51 :OPTIONS /user/getAddress - 1ms
2020-4-11 7:34:51 :POST /user/getAddress - 15ms
2020-4-11 7:34:51 :GET /file/getImg?imagePath=1586421238537 - 404
2020-4-11 7:34:51 :GET /file/getImg?imagePath=1586429418469 - 404
2020-4-11 7:34:51 :OPTIONS /file/upFile - 1ms
2020-4-11 7:34:51 :POST /file/upFile - 2ms
2020-4-11 7:34:51 :OPTIONS /user/upUser - 0ms
2020-4-11 7:34:51 :POST /user/upUser - 80ms
2020-4-11 7:34:51 :GET /file/getImg?imagePath=1586583965036 - 404
2020-4-11 7:34:51 :OPTIONS /user/getGoods - 0ms
2020-4-11 7:34:51 :OPTIONS /user/getSort - 0ms
2020-4-11 7:34:51 :POST /user/getGoods - 17ms
2020-4-11 7:34:51 :POST /user/getSort - 13ms
2020-4-11 7:34:51 :OPTIONS /user/addPay - 0ms
2020-4-11 7:34:51 :OPTIONS /user/getAddress - 1ms
2020-4-11 7:34:51 :POST /user/addPay - 2ms
2020-4-11 7:34:51 :POST /user/getAddress - 80ms
2020-4-11 7:34:51 :OPTIONS /user/getGoods - 0ms
2020-4-11 7:34:51 :POST /user/getGoods - 53ms
2020-4-11 7:34:51 :OPTIONS /user/getSort - 52ms
2020-4-11 7:34:51 :POST /user/getSort - 205ms
2020-4-11 7:34:51 :OPTIONS /user/addPay - 0ms
2020-4-11 7:34:51 :POST /user/addPay - 335ms
2020-4-11 7:34:51 :OPTIONS /user/getAddress - 0ms
2020-4-11 7:34:51 :POST /user/getAddress - 3ms
2020-4-11 7:34:51 :OPTIONS /user/getGoods - 0ms
2020-4-11 7:34:51 :OPTIONS /user/getSort - 0ms
2020-4-11 7:34:51 :POST /user/getGoods - 32ms
2020-4-11 7:34:51 :POST /user/getSort - 3ms
2020-4-11 7:34:51 :OPTIONS /user/addPay - 0ms
2020-4-11 7:34:51 :POST /user/addPay - 1ms
2020-4-11 7:34:51 :OPTIONS /user/getAddress - 0ms
2020-4-11 7:34:51 :POST /user/getAddress - 3ms
2020-4-11 7:34:51 :OPTIONS /user/getGoods - 0ms
2020-4-11 7:34:51 :OPTIONS /user/getSort - 1ms
2020-4-11 7:34:51 :POST /user/getGoods - 4ms
2020-4-11 7:34:51 :POST /user/getSort - 3ms
2020-4-11 7:34:51 :OPTIONS /user/addPay - 0ms
2020-4-11 7:34:51 :POST /user/addPay - 1ms
2020-4-11 7:34:51 :OPTIONS /user/getAddress - 0ms
2020-4-11 7:34:51 :POST /user/getAddress - 2ms
2020-4-11 7:34:51 :OPTIONS /user/getGoods - 1ms
2020-4-11 7:34:51 :OPTIONS /user/getSort - 0ms
2020-4-11 7:34:51 :POST /user/getGoods - 6ms
2020-4-11 7:34:51 :POST /user/getSort - 4ms
2020-4-11 7:34:51 :OPTIONS /user/addPay - 0ms
2020-4-11 7:34:51 :POST /user/addPay - 2ms
2020-4-11 7:34:51 :OPTIONS /user/getAddress - 0ms
2020-4-11 7:34:51 :POST /user/getAddress - 3ms
2020-4-11 7:34:51 :OPTIONS /user/upPay - 0ms
2020-4-11 7:34:51 :OPTIONS /user/getPay - 0ms
2020-4-11 7:34:51 :POST /user/upPay - 41ms
2020-4-11 7:34:51 :POST /user/getPay - 26ms
2020-4-11 7:34:51 :OPTIONS /user/getPay - 0ms
2020-4-11 7:34:51 :POST /user/getPay - 4ms
2020-4-11 7:34:51 :POST /user/getPay - 2ms
2020-4-11 7:34:51 :OPTIONS /user/getAddress - 0ms
2020-4-11 7:34:51 :POST /user/getAddress - 5ms
2020-4-11 7:34:51 :OPTIONS /user/getGoods - 0ms
2020-4-11 7:34:51 :OPTIONS /user/getSort - 0ms
2020-4-11 7:34:51 :POST /user/getGoods - 3ms
2020-4-11 7:34:51 :POST /user/getSort - 5ms
2020-4-11 7:34:51 :OPTIONS /user/addPay - 0ms
2020-4-11 7:34:51 :POST /user/addPay - 1ms
2020-4-11 7:34:51 :OPTIONS /user/getAddress - 0ms
2020-4-11 7:34:51 :POST /user/getAddress - 4ms
2020-4-11 7:34:51 :OPTIONS /user/upPay - 0ms
2020-4-11 7:34:51 :OPTIONS /user/getPay - 0ms
2020-4-11 7:34:51 :POST /user/upPay - 2ms
2020-4-11 7:34:51 :POST /user/getPay - 3ms
2020-4-11 7:34:51 :OPTIONS /user/getAddress - 0ms
2020-4-11 7:34:51 :POST /user/getAddress - 3ms
2020-4-11 7:34:51 :OPTIONS /user/getGoods - 0ms
2020-4-11 7:34:51 :OPTIONS /user/getSort - 0ms
2020-4-11 7:34:51 :POST /user/getGoods - 4ms
2020-4-11 7:34:51 :POST /user/getSort - 4ms
2020-4-11 7:34:51 :GET /file/getImg?imagePath=1586583965036 - 404
2020-4-11 7:34:51 :OPTIONS /user/getShare - 0ms
2020-4-11 7:34:51 :POST /user/getShare - 81ms
2020-4-11 7:34:51 :GET /file/getImg?imagePath=1586563799764 - 404
2020-4-11 7:34:51 :POST /user/getShare - 24ms
2020-4-11 7:34:51 :OPTIONS /user/getShare - 0ms
2020-4-11 7:34:51 :POST /user/getShare - 5ms
2020-4-11 7:34:51 :OPTIONS /user/getShare - 1ms
2020-4-11 7:34:51 :POST /user/getShare - 4ms
2020-4-11 7:34:51 :OPTIONS /user/getGoods - 0ms
2020-4-11 7:34:51 :OPTIONS /user/getSort - 0ms
2020-4-11 7:34:51 :POST /user/getSort - 2ms
2020-4-11 7:34:51 :POST /user/getGoods - 64ms
2020-4-11 7:34:51 :OPTIONS /user/getComment - 32ms
2020-4-11 7:34:51 :POST /user/getComment - 24ms
2020-4-11 7:34:51 :OPTIONS /user/getPay - 0ms
2020-4-11 7:34:51 :POST /user/getPay - 2ms
2020-4-11 7:34:51 :POST /user/getComment - 35ms
2020-4-11 7:34:51 :GET /file/getImg?imagePath=1586426549715 - 404
2020-4-11 7:34:51 :OPTIONS /user/getPay - 0ms
2020-4-11 7:34:51 :POST /user/getPay - 3ms
2020-4-11 7:34:51 :OPTIONS /user/getComment - 0ms
2020-4-11 7:34:51 :POST /user/getComment - 5ms
2020-4-11 7:34:51 :OPTIONS /user/getPay - 1ms
2020-4-11 7:34:51 :POST /user/getPay - 3ms
2020-4-11 7:34:51 :OPTIONS /user/getComment - 0ms
2020-4-11 7:34:51 :POST /user/getComment - 10ms
2020-4-11 7:34:51 :OPTIONS /user/getComment - 0ms
2020-4-11 7:34:51 :POST /user/getComment - 3ms
2020-4-11 7:34:51 :OPTIONS /user/getPay - 0ms
2020-4-11 7:34:51 :POST /user/getPay - 2ms
2020-4-11 7:34:51 :GET /file/getImg?imagePath=1586429418469 - 404
2020-4-11 7:34:51 :OPTIONS /user/getComment - 0ms
2020-4-11 7:34:51 :POST /user/getComment - 3ms
2020-4-11 7:34:51 :GET /file/getImg?imagePath=1586426549715 - 404
2020-4-11 7:34:51 :OPTIONS /user/addComment - 1ms
2020-4-11 7:34:51 :POST /user/addComment - 20ms
2020-4-11 7:34:51 :OPTIONS /user/getPay - 1ms
2020-4-11 7:34:51 :POST /user/getPay - 2ms
2020-4-11 7:34:51 :OPTIONS /user/getComment - 1ms
2020-4-11 7:34:51 :POST /user/getComment - 4ms
2020-4-11 7:34:51 :OPTIONS /user/getGoods - 0ms
2020-4-11 7:34:51 :POST /user/getGoods - 17ms
2020-4-11 7:34:51 :OPTIONS /user/getComment - 0ms
2020-4-11 7:34:51 :POST /user/getComment - 6ms
2020-4-11 7:34:51 :OPTIONS /user/getGoods - 0ms
2020-4-11 7:34:51 :POST /user/getGoods - 3ms
2020-4-11 7:34:51 :OPTIONS /user/getComment - 0ms
2020-4-11 7:34:51 :POST /user/getComment - 3ms
2020-4-11 7:34:51 :OPTIONS /user/getGoods - 0ms
2020-4-11 7:34:51 :POST /user/getGoods - 3ms
2020-4-11 7:34:51 :OPTIONS /user/getGoods - 1ms
2020-4-11 7:34:51 :OPTIONS /user/getSort - 0ms
2020-4-11 7:34:51 :POST /user/getGoods - 5ms
2020-4-11 7:34:51 :POST /user/getSort - 38ms
2020-4-11 7:34:51 :OPTIONS /user/getGoods - 1ms
2020-4-11 7:34:51 :OPTIONS /user/getSort - 0ms
2020-4-11 7:34:51 :POST /user/getGoods - 100ms
2020-4-11 7:34:51 :POST /user/getSort - 97ms
2020-4-11 7:34:51 :OPTIONS /user/getPay - 0ms
2020-4-11 7:34:51 :POST /user/getPay - 5ms
2020-4-11 7:34:51 :OPTIONS /user/getGoods - 0ms
2020-4-11 7:34:51 :POST /user/getGoods - 4ms
2020-4-11 7:34:51 :OPTIONS /user/addPay - 1ms
2020-4-11 7:34:51 :OPTIONS /user/getAddress - 1ms
2020-4-11 7:34:51 :POST /user/addPay - 1ms
2020-4-11 7:34:51 :POST /user/getAddress - 4ms
2020-4-11 7:34:51 :OPTIONS /user/upPay - 0ms
2020-4-11 7:34:51 :OPTIONS /user/getPay - 0ms
2020-4-11 7:34:51 :POST /user/upPay - 1ms
2020-4-11 7:34:51 :POST /user/getPay - 3ms
2020-4-11 7:34:51 :OPTIONS /user/getAddress - 0ms
2020-4-11 7:34:51 :POST /user/getAddress - 3ms
2020-4-11 7:34:51 :GET /file/getImg?imagePath=1586583965036 - 404
2020-4-11 7:34:51 :GET /file/getImg?imagePath=1586429418469 - 404
2020-4-11 7:34:51 :OPTIONS /user/getGoods - 0ms
2020-4-11 7:34:51 :OPTIONS /user/getSort - 0ms
2020-4-11 7:34:51 :POST /user/getGoods - 10ms
2020-4-11 7:34:51 :POST /user/getSort - 45ms
2020-4-11 7:34:51 :GET /file/getImg?imagePath=1586421238537 - 404
2020-4-11 7:34:51 :OPTIONS /user/getShare - 0ms
2020-4-11 7:34:51 :POST /user/getShare - 2ms
2020-4-11 7:34:51 :GET /file/getImg?imagePath=1586426870161 - 404
2020-4-11 7:34:51 :GET /file/getImg?imagePath=1586563799764 - 404
2020-4-11 7:34:51 :GET /file/getImg?imagePath=1586506973034 - 404
2020-4-11 7:34:51 :GET /file/getImg?imagePath=1586426549715 - 404
2020-4-11 7:34:51 :GET /file/getImg?imagePath=1586429564815 - 404
2020-4-11 7:34:51 :OPTIONS /user/getSort - 0ms
2020-4-11 7:34:51 :OPTIONS /user/getGoods - 0ms
2020-4-11 7:34:51 :POST /user/getGoods - 11ms
2020-4-11 7:34:51 :POST /user/getSort - 10ms
2020-4-11 7:34:51 :GET /file/getImg?imagePath=1586421238537 - 404
2020-4-11 7:34:51 :OPTIONS /user/addPay - 0ms
2020-4-11 7:34:51 :POST /user/addPay - 1ms
2020-4-11 7:34:51 :OPTIONS /user/getAddress - 0ms
2020-4-11 7:34:51 :POST /user/getAddress - 3ms
2020-4-11 7:34:51 :OPTIONS /user/getAddress - 0ms
2020-4-11 7:34:51 :POST /user/getAddress - 3ms
2020-4-11 7:34:51 :OPTIONS /user/getGoods - 0ms
2020-4-11 7:34:51 :OPTIONS /user/getSort - 0ms
2020-4-11 7:34:51 :POST /user/getGoods - 69ms
2020-4-11 7:34:51 :POST /user/getSort - 21ms
2020-4-11 7:34:51 :OPTIONS /user/addPay - 0ms
2020-4-11 7:34:51 :OPTIONS /user/getAddress - 0ms
2020-4-11 7:34:51 :POST /user/addPay - 2ms
2020-4-11 7:34:51 :POST /user/getAddress - 2ms
2020-4-11 7:34:51 :OPTIONS /user/getGoods - 0ms
2020-4-11 7:34:51 :OPTIONS /user/getSort - 0ms
2020-4-11 7:34:51 :POST /user/getGoods - 3ms
2020-4-11 7:34:51 :POST /user/getSort - 3ms
2020-4-11 7:34:51 :OPTIONS /user/getShare - 0ms
2020-4-11 7:34:51 :POST /user/getShare - 12ms
2020-4-11 7:34:51 :GET /file/getImg?imagePath=1586426870161 - 404
2020-4-11 7:34:51 :GET /file/getImg?imagePath=1586506973034 - 404
2020-4-11 7:34:51 :GET /file/getImg?imagePath=1586426549715 - 404
2020-4-11 7:34:51 :GET /file/getImg?imagePath=1586563799764 - 404
2020-4-11 7:34:51 :GET /file/getImg?imagePath=1586429564815 - 404
2020-4-11 7:34:51 :OPTIONS /user/getGoods - 0ms
2020-4-11 7:34:51 :OPTIONS /user/getSort - 1ms
2020-4-11 7:34:51 :POST /user/getGoods - 2ms
2020-4-11 7:34:51 :POST /user/getSort - 3ms
2020-4-11 7:34:51 :OPTIONS /user/addPay - 0ms
2020-4-11 7:34:51 :POST /user/addPay - 1ms
2020-4-11 7:34:51 :OPTIONS /user/getAddress - 0ms
2020-4-11 7:34:51 :POST /user/getAddress - 81ms
2020-4-11 7:34:51 :OPTIONS /user/getGoods - 0ms
2020-4-11 7:34:51 :OPTIONS /user/getSort - 0ms
2020-4-11 7:34:51 :POST /user/getGoods - 3ms
2020-4-11 7:34:51 :POST /user/getSort - 3ms
2020-4-11 7:34:51 :OPTIONS /user/getShare - 0ms
2020-4-11 7:34:51 :POST /user/getShare - 72ms
2020-4-11 7:34:51 :GET /file/getImg?imagePath=1586429564815 - 404
2020-4-11 7:34:51 :GET /file/getImg?imagePath=1586426549715 - 404
2020-4-11 7:34:51 :GET /file/getImg?imagePath=1586426870161 - 404
2020-4-11 7:34:51 :GET /file/getImg?imagePath=1586506973034 - 404
2020-4-11 7:34:51 :GET /file/getImg?imagePath=1586563799764 - 404
2020-4-11 7:34:51 :OPTIONS /user/getGoods - 45ms
2020-4-11 7:34:51 :OPTIONS /user/getSort - 1ms
2020-4-11 7:34:51 :POST /user/getGoods - 548ms
2020-4-11 7:34:51 :POST /user/getSort - 269ms
2020-4-11 7:34:51 :OPTIONS /user/getGoods - 0ms
2020-4-11 7:34:51 :POST /user/getGoods - 3ms
2020-4-11 7:34:51 :OPTIONS /user/getSort - 18ms
2020-4-11 7:34:51 :POST /user/getSort - 254ms
2020-4-11 7:34:51 :POST /user/getGoods - 7ms
2020-4-11 7:34:51 :POST /user/getSort - 8ms
2020-4-11 7:34:51 :POST /user/getGoods - 17ms
2020-4-11 7:34:51 :OPTIONS /user/addPay - 0ms
2020-4-11 7:34:51 :POST /user/addPay - 252ms
2020-4-11 7:34:51 :OPTIONS /user/getAddress - 0ms
2020-4-11 7:34:51 :POST /user/getAddress - 30ms
2020-4-11 7:34:51 :OPTIONS /user/getSort - 0ms
2020-4-11 7:34:51 :OPTIONS /user/getGoods - 0ms
2020-4-11 7:34:51 :POST /user/getGoods - 3ms
2020-4-11 7:34:51 :POST /user/getSort - 10ms
2020-4-11 7:34:51 :POST /user/getGoods - 2ms
2020-4-11 7:34:51 :OPTIONS /user/addPay - 0ms
2020-4-11 7:34:51 :POST /user/addPay - 1ms
2020-4-11 7:34:51 :OPTIONS /user/getAddress - 0ms
2020-4-11 7:34:51 :POST /user/getAddress - 4ms
2020-4-11 7:34:51 :OPTIONS /user/getGoods - 1ms
2020-4-11 7:34:51 :OPTIONS /user/getSort - 0ms
2020-4-11 7:34:51 :POST /user/getGoods - 3ms
2020-4-11 7:34:51 :POST /user/getSort - 3ms
2020-4-11 7:34:51 :POST /user/getGoods - 2ms
2020-4-11 7:34:51 :POST /user/getGoods - 32ms
2020-4-11 7:34:51 :POST /user/getSort - 30ms
2020-4-11 7:34:51 :OPTIONS /user/login - 1ms
2020-4-11 7:34:51 :POST /user/login - 2ms
2020-4-11 7:34:51 :GET /file/getImg?imagePath=1586583965036 - 404
2020-4-11 7:34:51 :GET /file/getImg?imagePath=1586583965036 - 404
2020-4-11 7:34:51 :GET /file/getImg?imagePath=1586429418469 - 404
2020-4-11 7:34:51 :OPTIONS /user/getShare - 0ms
2020-4-11 7:34:51 :POST /user/getShare - 20ms
2020-4-11 7:34:51 :GET /file/getImg?imagePath=1586429564815 - 404
2020-4-11 7:34:51 :GET /file/getImg?imagePath=1586506973034 - 404
2020-4-11 7:34:51 :GET /file/getImg?imagePath=1586426870161 - 404
2020-4-11 7:34:51 :GET /file/getImg?imagePath=1586563799764 - 404
2020-4-11 7:34:51 :GET /file/getImg?imagePath=1586426549715 - 404
2020-4-11 7:34:51 :GET /file/getImg?imagePath=1586583965036 - 404
2020-4-11 7:34:51 :OPTIONS /user/getGoods - 0ms
2020-4-11 7:34:51 :OPTIONS /user/getSort - 0ms
2020-4-11 7:34:51 :POST /user/getGoods - 2ms
2020-4-11 7:34:51 :POST /user/getSort - 3ms
2020-4-11 7:34:51 :GET /file/getImg?imagePath=1586421238537 - 404
2020-4-11 7:34:51 :POST /user/getGoods - 7ms
2020-4-11 7:34:51 :POST /user/getSort - 8ms
2020-4-11 7:34:51 :POST /user/getGoods - 3ms
2020-4-11 7:34:51 :POST /user/getGoods - 4ms
2020-4-11 7:34:51 :OPTIONS /user/addPay - 0ms
2020-4-11 7:34:51 :POST /user/addPay - 1ms
2020-4-11 7:34:51 :OPTIONS /user/getAddress - 0ms
2020-4-11 7:34:51 :POST /user/getAddress - 23ms
2020-4-11 7:34:51 :OPTIONS /user/upPay - 1ms
2020-4-11 7:34:51 :POST /user/upPay - 444ms
2020-4-11 7:34:51 :OPTIONS /user/getGoods - 21ms
2020-4-11 7:34:51 :OPTIONS /user/getSort - 1ms
2020-4-11 7:34:51 :POST /user/getGoods - 5ms
2020-4-11 7:34:51 :POST /user/getSort - 4ms
2020-4-11 7:34:51 :POST /user/getGoods - 2ms
2020-4-11 7:34:51 :OPTIONS /user/getGoods - 0ms
2020-4-11 7:34:51 :POST /user/getGoods - 21ms
2020-4-11 7:34:51 :OPTIONS /user/getGoods - 0ms
2020-4-11 7:34:51 :OPTIONS /user/getSort - 0ms
2020-4-11 7:34:51 :POST /user/getGoods - 5ms
2020-4-11 7:34:51 :POST /user/getSort - 3ms
2020-4-11 7:34:51 :OPTIONS /user/getSort - 0ms
2020-4-11 7:34:51 :OPTIONS /user/getGoods - 0ms
2020-4-11 7:34:51 :POST /user/getGoods - 5ms
2020-4-11 7:34:51 :POST /user/getSort - 7ms
2020-4-11 7:34:51 :OPTIONS /user/addPay - 29ms
2020-4-11 7:34:51 :POST /user/addPay - 204ms
2020-4-11 7:34:51 :OPTIONS /user/getAddress - 0ms
2020-4-11 7:34:51 :POST /user/getAddress - 17ms
2020-4-11 7:34:51 :GET /file/getImg?imagePath=1586421238537 - 404
2020-4-11 7:34:51 :OPTIONS /user/getAddress - 0ms
2020-4-11 7:34:51 :POST /user/getAddress - 5ms
2020-4-11 7:34:51 :OPTIONS /user/getGoods - 0ms
2020-4-11 7:34:51 :OPTIONS /user/getSort - 1ms
2020-4-11 7:34:51 :POST /user/getSort - 78ms
2020-4-11 7:34:51 :POST /user/getGoods - 81ms
2020-4-11 7:34:51 :GET /file/getImg?imagePath=1586429418469 - 404
2020-4-11 7:34:51 :OPTIONS /user/getGoods - 0ms
2020-4-11 7:34:51 :OPTIONS /user/getSort - 0ms
2020-4-11 7:34:51 :POST /user/getSort - 3ms
2020-4-11 7:34:51 :POST /user/getGoods - 15ms
2020-4-11 7:34:51 :GET /file/getImg?imagePath=1586429418469 - 404
2020-4-11 7:34:51 :GET /file/getImg?imagePath=1586421238537 - 404
2020-4-11 7:34:51 :OPTIONS /user/getGoods - 0ms
2020-4-11 7:34:51 :OPTIONS /user/getSort - 0ms
2020-4-11 7:34:51 :POST /user/getGoods - 6ms
2020-4-11 7:34:51 :POST /user/getSort - 4ms
2020-4-11 7:34:51 :OPTIONS /user/addPay - 1ms
2020-4-11 7:34:51 :OPTIONS /user/getAddress - 0ms
2020-4-11 7:34:51 :POST /user/addPay - 2ms
2020-4-11 7:34:51 :POST /user/getAddress - 4ms
2020-4-11 7:34:51 :OPTIONS /user/upPay - 0ms
2020-4-11 7:34:51 :OPTIONS /user/getPay - 1ms
2020-4-11 7:34:51 :POST /user/upPay - 607ms
2020-4-11 7:34:51 :POST /user/getPay - 20ms
2020-4-11 7:34:51 :OPTIONS /user/getPay - 0ms
2020-4-11 7:34:51 :POST /user/getPay - 28ms
2020-4-11 7:34:51 :GET /file/getImg?imagePath=1586421238537 - 404
2020-4-11 7:34:51 :GET /file/getImg?imagePath=1586429418469 - 404
2020-4-11 7:34:51 :OPTIONS /user/getAddress - 1ms
2020-4-11 7:34:51 :POST /user/getAddress - 14ms
2020-4-11 7:34:51 :OPTIONS /user/getGoods - 0ms
2020-4-11 7:34:51 :OPTIONS /user/getSort - 0ms
2020-4-11 7:34:51 :POST /user/getGoods - 7ms
2020-4-11 7:34:51 :POST /user/getSort - 5ms
2020-4-11 7:34:51 :OPTIONS /user/getShare - 1ms
2020-4-11 7:34:51 :POST /user/getShare - 24ms
2020-4-11 7:34:51 :GET /file/getImg?imagePath=1586429564815 - 404
2020-4-11 7:34:51 :GET /file/getImg?imagePath=1586426870161 - 404
2020-4-11 7:34:51 :GET /file/getImg?imagePath=1586506973034 - 404
2020-4-11 7:34:51 :GET /file/getImg?imagePath=1586563799764 - 404
2020-4-11 7:34:51 :GET /file/getImg?imagePath=1586426549715 - 404
2020-4-11 7:34:51 :OPTIONS /user/getGoods - 1ms
2020-4-11 7:34:51 :OPTIONS /user/getSort - 0ms
2020-4-11 7:34:51 :POST /user/getGoods - 5ms
2020-4-11 7:34:51 :POST /user/getSort - 4ms
2020-4-11 7:34:51 :OPTIONS /user/getShare - 0ms
2020-4-11 7:34:51 :POST /user/getShare - 48ms
2020-4-11 7:34:51 :GET /file/getImg?imagePath=1586563799764 - 404
2020-4-11 7:34:51 :GET /file/getImg?imagePath=1586429564815 - 404
2020-4-11 7:34:51 :GET /file/getImg?imagePath=1586506973034 - 404
2020-4-11 7:34:51 :GET /file/getImg?imagePath=1586426870161 - 404
2020-4-11 7:34:51 :GET /file/getImg?imagePath=1586426549715 - 404
2020-4-11 7:34:51 :OPTIONS /user/getShareComment - 0ms
2020-4-11 7:34:51 :POST /user/getShareComment - 888ms
2020-4-11 7:34:51 :OPTIONS /user/addShareComment - 0ms
2020-4-11 7:34:51 :POST /user/addShareComment - 1ms
2020-4-11 7:34:51 :GET /file/getImg?imagePath=1586583965036 - 404
2020-4-11 7:34:51 :OPTIONS /user/getShare - 0ms
2020-4-11 7:34:51 :POST /user/getShare - 5ms
2020-4-11 7:34:51 :OPTIONS /user/addShare - 0ms
2020-4-11 7:34:51 :POST /user/addShare - 24ms
2020-4-11 7:34:51 :OPTIONS /user/getShare - 0ms
2020-4-11 7:34:51 :POST /user/getShare - 3ms
2020-4-11 7:34:51 :OPTIONS /user/getGoods - 0ms
2020-4-11 7:34:51 :OPTIONS /user/getSort - 0ms
2020-4-11 7:34:51 :POST /user/getGoods - 4ms
2020-4-11 7:34:51 :POST /user/getSort - 4ms
2020-4-11 7:34:51 :POST /user/getGoods - 5ms
2020-4-11 7:34:51 :POST /user/getSort - 5ms
2020-4-11 7:34:51 :OPTIONS /user/getShare - 0ms
2020-4-11 7:34:51 :POST /user/getShare - 2ms
2020-4-11 7:34:51 :OPTIONS /user/getGoods - 0ms
2020-4-11 7:34:51 :OPTIONS /user/getSort - 0ms
2020-4-11 7:34:51 :POST /user/getSort - 20ms
2020-4-11 7:34:51 :POST /user/getGoods - 95ms
2020-4-11 7:34:51 :OPTIONS /user/getGoods - 1ms
2020-4-11 7:34:51 :OPTIONS /user/getSort - 0ms
2020-4-11 7:34:51 :POST /user/getGoods - 8ms
2020-4-11 7:34:51 :POST /user/getSort - 10ms
2020-4-11 7:34:51 :GET /file/getImg?imagePath=1586421238537 - 404
2020-4-11 7:34:51 :GET /file/getImg?imagePath=1586429418469 - 404
2020-4-11 7:34:51 :OPTIONS /user/getShare - 0ms
2020-4-11 7:34:51 :POST /user/getShare - 4ms
2020-4-11 7:34:51 :GET /file/getImg?imagePath=1586506973034 - 404
2020-4-11 7:34:51 :GET /file/getImg?imagePath=1586426549715 - 404
2020-4-11 7:34:51 :GET /file/getImg?imagePath=1586426870161 - 404
2020-4-11 7:34:51 :GET /file/getImg?imagePath=1586583965036 - 404
2020-4-11 7:34:51 :GET /file/getImg?imagePath=1586429564815 - 404
2020-4-11 7:34:51 :GET /file/getImg?imagePath=1586563799764 - 404
2020-4-11 7:34:51 :OPTIONS /user/getGoods - 0ms
2020-4-11 7:34:51 :OPTIONS /user/getSort - 0ms
2020-4-11 7:34:51 :POST /user/getSort - 3ms
2020-4-11 7:34:51 :POST /user/getGoods - 70ms
2020-4-11 7:34:51 :GET /file/getImg?imagePath=1586421238537 - 404
2020-4-11 7:34:51 :GET /file/getImg?imagePath=1586429418469 - 404
2020-4-11 7:34:51 :OPTIONS /user/getSort - 1279ms
2020-4-11 7:34:51 :OPTIONS /user/getGoods - 0ms
2020-4-11 7:34:51 :POST /user/getGoods - 3301ms
2020-4-11 7:34:51 :OPTIONS /user/login - 0ms
2020-4-11 7:34:51 :POST /user/login - 181ms
2020-4-11 7:34:51 :OPTIONS /user/getSort - 0ms
2020-4-11 7:34:51 :POST /user/getSort - 25ms