
2020-4-4 8:44:50 :OPTIONS /user/getGoods - 286ms
2020-4-4 8:44:50 :OPTIONS /user/getSort - 298ms
2020-4-4 8:44:50 :POST /user/getGoods - 2866ms
2020-4-4 8:44:50 :POST /user/getSort - 3719ms
2020-4-4 8:44:50 :OPTIONS /user/login - 1ms
2020-4-4 8:44:50 :POST /user/login - 251ms
2020-4-4 8:44:50 :GET /file/getImg?imagePath=1585319924191 - 404
2020-4-4 8:44:50 :OPTIONS /file/upFile - 0ms
2020-4-4 8:44:50 :POST /file/upFile - 2ms
2020-4-4 8:44:50 :OPTIONS /user/upUser - 0ms
2020-4-4 8:44:50 :POST /user/upUser - 113ms
2020-4-4 8:44:50 :GET /file/getImg?imagePath=1585976718633 - 404
2020-4-4 8:44:50 :OPTIONS /file/upFile - 0ms
2020-4-4 8:44:50 :POST /file/upFile - 0ms
2020-4-4 8:44:50 :OPTIONS /user/upUser - 0ms
2020-4-4 8:44:50 :POST /user/upUser - 1ms
2020-4-4 8:44:50 :POST /user/upUser - 12ms
2020-4-4 8:44:50 :OPTIONS /user/getGoods - 0ms
2020-4-4 8:44:50 :OPTIONS /user/getSort - 0ms
2020-4-4 8:44:50 :POST /user/getGoods - 24ms
2020-4-4 8:44:50 :POST /user/getSort - 21ms
2020-4-4 8:44:50 :POST /user/getGoods - 19ms
2020-4-4 8:44:50 :POST /user/getSort - 5ms
2020-4-4 8:44:50 :POST /user/getGoods - 9ms
2020-4-4 8:44:50 :POST /user/getGoods - 2ms
2020-4-4 8:44:50 :POST /user/getGoods - 2ms
2020-4-4 8:44:50 :POST /user/getGoods - 6ms
2020-4-4 8:44:50 :POST /user/getSort - 5ms
2020-4-4 8:44:50 :OPTIONS /user/getShare - 0ms
2020-4-4 8:44:50 :POST /user/getShare - 10ms
2020-4-4 8:44:50 :OPTIONS /user/getGoods - 0ms
2020-4-4 8:44:50 :OPTIONS /user/getSort - 1ms
2020-4-4 8:44:50 :POST /user/getSort - 3ms
2020-4-4 8:44:50 :POST /user/getGoods - 24ms
2020-4-4 8:44:50 :OPTIONS /user/getSort - 0ms
2020-4-4 8:44:50 :OPTIONS /user/getGoods - 0ms
2020-4-4 8:44:50 :POST /user/getGoods - 4ms
2020-4-4 8:44:50 :POST /user/getSort - 5ms
2020-4-4 8:44:50 :OPTIONS /user/getSort - 0ms
2020-4-4 8:44:50 :OPTIONS /user/getGoods - 0ms
2020-4-4 8:44:50 :POST /user/getGoods - 3ms
2020-4-4 8:44:50 :POST /user/getSort - 9ms
2020-4-4 8:44:50 :GET /file/getImg?imagePath=1585976718633 - 404
2020-4-4 8:44:50 :OPTIONS /user/getShare - 0ms
2020-4-4 8:44:50 :POST /user/getShare - 79ms
2020-4-4 8:44:50 :OPTIONS /user/getGoods - 0ms
2020-4-4 8:44:50 :OPTIONS /user/getSort - 0ms
2020-4-4 8:44:50 :POST /user/getSort - 6ms
2020-4-4 8:44:50 :POST /user/getGoods - 8ms
2020-4-4 8:44:50 :OPTIONS /user/getShare - 1ms
2020-4-4 8:44:50 :POST /user/getShare - 22ms
2020-4-4 8:44:50 :OPTIONS /user/getGoods - 0ms
2020-4-4 8:44:50 :OPTIONS /user/getSort - 0ms
2020-4-4 8:44:50 :POST /user/getGoods - 6ms
2020-4-4 8:44:50 :POST /user/getSort - 5ms
2020-4-4 8:44:50 :POST /user/getShare - 5ms
2020-4-4 8:44:50 :OPTIONS /user/getGoods - 0ms
2020-4-4 8:44:50 :OPTIONS /user/getSort - 1ms
2020-4-4 8:44:50 :POST /user/getSort - 4ms
2020-4-4 8:44:50 :POST /user/getGoods - 18ms
2020-4-4 8:44:50 :OPTIONS /user/getSort - 1ms
2020-4-4 8:44:50 :OPTIONS /user/getGoods - 0ms
2020-4-4 8:44:50 :POST /user/getSort - 7ms
2020-4-4 8:44:50 :POST /user/getGoods - 5ms
2020-4-4 8:44:50 :OPTIONS /user/getShare - 0ms
2020-4-4 8:44:50 :POST /user/getShare - 3ms
2020-4-4 8:44:50 :OPTIONS /user/getSort - 1ms
2020-4-4 8:44:50 :OPTIONS /user/getGoods - 0ms
2020-4-4 8:44:50 :POST /user/getSort - 87ms
2020-4-4 8:44:50 :POST /user/getGoods - 5ms
2020-4-4 8:44:50 :POST /user/getShare - 4ms
2020-4-4 8:44:50 :OPTIONS /user/getSort - 0ms
2020-4-4 8:44:50 :OPTIONS /user/getGoods - 0ms
2020-4-4 8:44:50 :POST /user/getSort - 5ms
2020-4-4 8:44:50 :POST /user/getGoods - 7ms
2020-4-4 8:44:50 :POST /user/getSort - 10ms
2020-4-4 8:44:50 :POST /user/getGoods - 13ms
2020-4-4 8:44:50 :OPTIONS /user/login - 0ms
2020-4-4 8:44:50 :POST /user/login - 24ms
2020-4-4 8:44:50 :OPTIONS /user/getSort - 0ms
2020-4-4 8:44:50 :POST /user/getSort - 6ms
2020-4-4 8:44:50 :OPTIONS /user/deSort - 0ms
2020-4-4 8:44:50 :POST /user/deSort - 229ms
2020-4-4 8:44:50 :OPTIONS /user/login - 0ms
2020-4-4 8:44:50 :POST /user/login - 7ms
2020-4-4 8:44:50 :OPTIONS /user/getSort - 0ms
2020-4-4 8:44:50 :POST /user/getSort - 2ms
2020-4-4 8:44:50 :OPTIONS /user/getGoods - 0ms
2020-4-4 8:44:50 :POST /user/getGoods - 3ms
2020-4-4 8:44:50 :OPTIONS /user/getPay - 0ms
2020-4-4 8:44:50 :POST /user/getPay - 27ms
2020-4-4 8:44:50 :OPTIONS /user/getSort - 0ms
2020-4-4 8:44:50 :POST /user/getSort - 2ms
2020-4-4 8:44:50 :OPTIONS /user/login - 0ms
2020-4-4 8:44:50 :POST /user/login - 3ms
2020-4-4 8:44:50 :OPTIONS /user/getSort - 0ms
2020-4-4 8:44:50 :POST /user/getSort - 3ms
2020-4-4 8:44:50 :OPTIONS /user/getGoods - 0ms
2020-4-4 8:44:50 :POST /user/getGoods - 4ms
2020-4-4 8:44:50 :POST /user/getSort - 4ms
2020-4-4 8:44:50 :OPTIONS /user/login - 1ms
2020-4-4 8:44:50 :POST /user/login - 2ms
2020-4-4 8:44:50 :OPTIONS /user/getSort - 1ms
2020-4-4 8:44:50 :POST /user/getSort - 4ms
2020-4-4 8:44:50 :OPTIONS /user/login - 0ms
2020-4-4 8:44:50 :POST /user/login - 2ms
2020-4-4 8:44:50 :POST /user/getSort - 7ms
2020-4-4 8:44:50 :OPTIONS /user/addSort - 1ms
2020-4-4 8:44:50 :POST /user/addSort - 629ms
2020-4-4 8:44:50 :OPTIONS /user/upSort - 1ms
2020-4-4 8:44:50 :POST /user/upSort - 103ms
2020-4-4 8:44:50 :OPTIONS /user/upSort - 1ms
2020-4-4 8:44:50 :POST /user/upSort - 1ms
2020-4-4 8:44:50 :OPTIONS /user/upSort - 0ms
2020-4-4 8:44:50 :POST /user/upSort - 2ms
2020-4-4 8:44:50 :OPTIONS /user/getSort - 0ms
2020-4-4 8:44:50 :POST /user/getSort - 6ms
2020-4-4 8:44:50 :OPTIONS /user/addSort - 0ms
2020-4-4 8:44:50 :POST /user/addSort - 40ms
2020-4-4 8:44:50 :OPTIONS /user/getSort - 0ms
2020-4-4 8:44:50 :POST /user/getSort - 20ms
2020-4-4 8:44:50 :OPTIONS /user/addSort - 0ms
2020-4-4 8:44:50 :POST /user/addSort - 1ms
2020-4-4 8:44:50 :OPTIONS /user/getSort - 0ms
2020-4-4 8:44:50 :POST /user/getSort - 11ms
2020-4-4 8:44:50 :OPTIONS /user/addSort - 0ms
2020-4-4 8:44:50 :POST /user/addSort - 0ms
2020-4-4 8:44:50 :OPTIONS /user/addSort - 0ms
2020-4-4 8:44:50 :POST /user/addSort - 2ms
2020-4-4 8:44:50 :OPTIONS /user/getSort - 1ms
2020-4-4 8:44:50 :POST /user/getSort - 3ms
2020-4-4 8:44:50 :OPTIONS /user/addSort - 0ms
2020-4-4 8:44:50 :POST /user/addSort - 1ms
2020-4-4 8:44:50 :OPTIONS /user/getGoods - 0ms
2020-4-4 8:44:50 :POST /user/getGoods - 4ms
2020-4-4 8:44:50 :OPTIONS /user/getSort - 0ms
2020-4-4 8:44:50 :POST /user/getSort - 2ms
2020-4-4 8:44:50 :OPTIONS /file/upFile - 0ms
2020-4-4 8:44:50 :OPTIONS /file/upFile - 0ms
2020-4-4 8:44:50 :OPTIONS /file/upFile - 3ms
2020-4-4 8:44:50 :POST /file/upFile - 2ms
2020-4-4 8:44:50 :POST /file/upFile - 0ms
2020-4-4 8:44:50 :OPTIONS /user/addGoods - 1ms
2020-4-4 8:44:50 :POST /user/addGoods - 312ms
2020-4-4 8:44:50 :POST /file/upFile - 2ms
2020-4-4 8:44:50 :POST /file/upFile - 22ms
2020-4-4 8:44:50 :OPTIONS /user/getGoods - 1ms
2020-4-4 8:44:50 :POST /user/getGoods - 3ms
2020-4-4 8:44:50 :OPTIONS /user/getGoods - 1ms
2020-4-4 8:44:50 :OPTIONS /user/getSort - 1ms
2020-4-4 8:44:50 :POST /user/getGoods - 38ms
2020-4-4 8:44:50 :POST /user/getSort - 42ms
2020-4-4 8:44:50 :GET /file/getImg?imagePath=1585979345246 - 404
2020-4-4 8:44:50 :OPTIONS /user/getGoods - 0ms
2020-4-4 8:44:50 :OPTIONS /user/getSort - 0ms
2020-4-4 8:44:50 :POST /user/getGoods - 3ms
2020-4-4 8:44:50 :POST /user/getSort - 4ms
2020-4-4 8:44:50 :POST /user/getGoods - 44ms
2020-4-4 8:44:50 :GET /file/getImg?imagePath=1585979345273 - 404
2020-4-4 8:44:50 :GET /file/getImg?imagePath=1585979345246 - 404
2020-4-4 8:44:50 :GET /file/getImg?imagePath=1585979345273 - 404
2020-4-4 8:44:50 :OPTIONS /user/getSort - 0ms
2020-4-4 8:44:50 :POST /user/getSort - 3ms
2020-4-4 8:44:50 :OPTIONS /user/delGoods - 1ms
2020-4-4 8:44:50 :POST /user/delGoods - 2ms
2020-4-4 8:44:50 :OPTIONS /user/addGoods - 0ms
2020-4-4 8:44:50 :POST /user/addGoods - 2ms
2020-4-4 8:44:50 :OPTIONS /user/getGoods - 0ms
2020-4-4 8:44:50 :OPTIONS /user/getSort - 0ms
2020-4-4 8:44:50 :POST /user/getGoods - 9ms
2020-4-4 8:44:50 :POST /user/getSort - 16ms
2020-4-4 8:44:50 :OPTIONS /user/getGoods - 0ms
2020-4-4 8:44:50 :POST /user/getGoods - 2ms
2020-4-4 8:44:50 :POST /user/getGoods - 50ms
2020-4-4 8:44:50 :OPTIONS /user/getSort - 0ms
2020-4-4 8:44:50 :POST /user/getSort - 4ms
2020-4-4 8:44:50 :OPTIONS /user/getGoods - 0ms
2020-4-4 8:44:50 :POST /user/getGoods - 2ms
2020-4-4 8:44:50 :POST /user/getGoods - 3ms
2020-4-4 8:44:50 :POST /user/getGoods - 3ms
2020-4-4 8:44:50 :OPTIONS /user/getGoods - 0ms
2020-4-4 8:44:50 :POST /user/getGoods - 2ms
2020-4-4 8:44:50 :OPTIONS /user/getSort - 0ms
2020-4-4 8:44:50 :POST /user/getSort - 3ms
2020-4-4 8:44:50 :OPTIONS /file/upFile - 0ms
2020-4-4 8:44:50 :OPTIONS /file/upFile - 0ms
2020-4-4 8:44:50 :OPTIONS /file/upFile - 0ms
2020-4-4 8:44:50 :POST /file/upFile - 1ms
2020-4-4 8:44:50 :POST /file/upFile - 1ms
2020-4-4 8:44:50 :POST /file/upFile - 0ms
2020-4-4 8:44:50 :POST /file/upFile - 0ms
2020-4-4 8:44:50 :OPTIONS /user/addGoods - 0ms
2020-4-4 8:44:50 :POST /file/upFile - 1ms
2020-4-4 8:44:50 :POST /user/addGoods - 2ms
2020-4-4 8:44:50 :POST /user/addGoods - 2ms
2020-4-4 8:44:50 :OPTIONS /user/getGoods - 1ms
2020-4-4 8:44:50 :POST /user/getGoods - 3ms
2020-4-4 8:44:50 :OPTIONS /user/getGoods - 0ms
2020-4-4 8:44:50 :POST /user/getGoods - 3ms
2020-4-4 8:44:50 :OPTIONS /user/getGoods - 0ms
2020-4-4 8:44:50 :POST /user/getGoods - 4ms
2020-4-4 8:44:50 :GET /file/getImg?imagePath=1585979950401 - 404
2020-4-4 8:44:50 :GET /file/getImg?imagePath=1585979950423 - 404
2020-4-4 8:44:50 :GET /file/getImg?imagePath=1585979950420 - 404
2020-4-4 8:44:50 :OPTIONS /user/delGoods - 0ms
2020-4-4 8:44:50 :POST /user/delGoods - 5ms
2020-4-4 8:44:50 :OPTIONS /user/getGoods - 0ms
2020-4-4 8:44:50 :OPTIONS /user/getSort - 0ms
2020-4-4 8:44:50 :POST /user/getSort - 4ms
2020-4-4 8:44:50 :POST /user/getGoods - 77ms
2020-4-4 8:44:50 :OPTIONS /user/getGoods - 1ms
2020-4-4 8:44:50 :OPTIONS /user/getSort - 0ms
2020-4-4 8:44:50 :POST /user/getSort - 5ms
2020-4-4 8:44:50 :POST /user/getGoods - 181ms
2020-4-4 8:44:50 :OPTIONS /user/getGoods - 0ms
2020-4-4 8:44:50 :POST /user/getGoods - 2ms
2020-4-4 8:44:50 :POST /user/getGoods - 3ms
2020-4-4 8:44:50 :POST /user/getGoods - 3ms
2020-4-4 8:44:50 :POST /user/getGoods - 2ms
2020-4-4 8:44:50 :POST /user/getGoods - 4ms
2020-4-4 8:44:50 :OPTIONS /user/getSort - 0ms
2020-4-4 8:44:50 :POST /user/getSort - 5ms
2020-4-4 8:44:50 :OPTIONS /user/getGoods - 0ms
2020-4-4 8:44:50 :POST /user/getSort - 12ms
2020-4-4 8:44:50 :POST /user/getGoods - 12ms
2020-4-4 8:44:50 :POST /user/getGoods - 3ms
2020-4-4 8:44:50 :POST /user/getGoods - 14ms
2020-4-4 8:44:50 :POST /user/getGoods - 3ms
2020-4-4 8:44:50 :OPTIONS /user/getGoods - 0ms
2020-4-4 8:44:50 :POST /user/getGoods - 4ms
2020-4-4 8:44:50 :OPTIONS /user/getSort - 0ms
2020-4-4 8:44:50 :POST /user/getSort - 2ms
2020-4-4 8:44:50 :OPTIONS /user/getGoods - 1ms
2020-4-4 8:44:50 :POST /user/getGoods - 4ms
2020-4-4 8:44:50 :OPTIONS /user/getGoods - 0ms
2020-4-4 8:44:50 :POST /user/getGoods - 37ms
2020-4-4 8:44:50 :OPTIONS /user/getSort - 1ms
2020-4-4 8:44:50 :POST /user/getSort - 827ms
2020-4-4 8:44:50 :OPTIONS /user/getGoods - 0ms
2020-4-4 8:44:50 :POST /user/getGoods - 21ms
2020-4-4 8:44:50 :OPTIONS /user/getSort - 0ms
2020-4-4 8:44:50 :POST /user/getSort - 2ms
2020-4-4 8:44:50 :POST /user/getGoods - 2ms
2020-4-4 8:44:50 :OPTIONS /user/getGoods - 0ms
2020-4-4 8:44:50 :POST /user/getGoods - 2ms
2020-4-4 8:44:50 :OPTIONS /user/getGoods - 73ms
2020-4-4 8:44:50 :POST /user/getGoods - 842ms
2020-4-4 8:44:50 :OPTIONS /user/getSort - 0ms
2020-4-4 8:44:50 :POST /user/getSort - 312ms
2020-4-4 8:44:50 :OPTIONS /file/upFile - 0ms
2020-4-4 8:44:50 :POST /file/upFile - 1ms
2020-4-4 8:44:50 :POST /file/upFile - 1ms
2020-4-4 8:44:50 :OPTIONS /user/addGoods - 0ms
2020-4-4 8:44:50 :POST /user/addGoods - 13ms
2020-4-4 8:44:50 :OPTIONS /user/getGoods - 1ms
2020-4-4 8:44:50 :POST /user/getGoods - 4ms
2020-4-4 8:44:50 :OPTIONS /user/getSort - 0ms
2020-4-4 8:44:50 :OPTIONS /user/getGoods - 0ms
2020-4-4 8:44:50 :POST /user/getGoods - 3ms
2020-4-4 8:44:50 :POST /user/getSort - 2ms
2020-4-4 8:44:50 :GET /file/getImg?imagePath=1585983907427 - 404
2020-4-4 8:44:50 :GET /file/getImg?imagePath=1585983907580 - 404
2020-4-4 8:44:50 :OPTIONS /user/getShare - 0ms
2020-4-4 8:44:50 :POST /user/getShare - 83ms
2020-4-4 8:44:50 :POST /user/getShare - 64ms
2020-4-4 8:44:50 :OPTIONS /file/upFile - 0ms
2020-4-4 8:44:50 :POST /file/upFile - 0ms
2020-4-4 8:44:50 :OPTIONS /user/addShare - 0ms
2020-4-4 8:44:50 :POST /user/addShare - 62ms
2020-4-4 8:44:50 :OPTIONS /user/getShare - 0ms
2020-4-4 8:44:50 :POST /user/getShare - 705ms
2020-4-4 8:44:50 :GET /file/getImg?imagePath=1585976718633 - 404
2020-4-4 8:44:50 :GET /file/getImg?imagePath=1585984308573 - 404
2020-4-4 8:44:50 :OPTIONS /user/getShare - 0ms
2020-4-4 8:44:50 :POST /user/getShare - 4ms
2020-4-4 8:44:50 :GET /file/getImg?imagePath=1585976718633 - 404
2020-4-4 8:44:50 :GET /file/getImg?imagePath=1585984308573 - 404
2020-4-4 8:44:50 :OPTIONS /user/getSort - 0ms
2020-4-4 8:44:50 :POST /user/getSort - 2ms
2020-4-4 8:44:50 :OPTIONS /user/getGoods - 17ms
2020-4-4 8:44:50 :POST /user/getGoods - 131ms
2020-4-4 8:44:50 :GET /file/getImg?imagePath=1585983907427 - 404
2020-4-4 8:44:50 :GET /file/getImg?imagePath=1585983907580 - 404
2020-4-4 8:44:50 :OPTIONS /user/getShare - 0ms
2020-4-4 8:44:50 :POST /user/getShare - 105ms
2020-4-4 8:44:50 :GET /file/getImg?imagePath=1585976718633 - 404
2020-4-4 8:44:50 :GET /file/getImg?imagePath=1585984308573 - 404
2020-4-4 8:44:50 :POST /user/getShare - 52ms
2020-4-4 8:44:50 :OPTIONS /user/getShareComment - 0ms
2020-4-4 8:44:50 :POST /user/getShareComment - 773ms
2020-4-4 8:44:50 :OPTIONS /user/getShare - 1ms
2020-4-4 8:44:50 :POST /user/getShare - 2ms
2020-4-4 8:44:50 :OPTIONS /user/getShareComment - 0ms
2020-4-4 8:44:50 :POST /user/getShareComment - 40ms
2020-4-4 8:44:50 :POST /user/getShare - 3ms
2020-4-4 8:44:50 :OPTIONS /user/getShareComment - 0ms
2020-4-4 8:44:50 :POST /user/getShareComment - 3ms
2020-4-4 8:44:50 :OPTIONS /user/getShare - 0ms
2020-4-4 8:44:50 :POST /user/getShare - 4ms
2020-4-4 8:44:50 :OPTIONS /user/getSort - 0ms
2020-4-4 8:44:50 :OPTIONS /user/getGoods - 0ms
2020-4-4 8:44:50 :POST /user/getGoods - 7ms
2020-4-4 8:44:50 :POST /user/getSort - 7ms
2020-4-4 8:44:50 :OPTIONS /user/getShare - 0ms
2020-4-4 8:44:50 :POST /user/getShare - 3ms
2020-4-4 8:44:50 :OPTIONS /user/getShare - 0ms
2020-4-4 8:44:50 :POST /user/getShare - 2ms
2020-4-4 8:44:50 :OPTIONS /user/getShareComment - 1ms
2020-4-4 8:44:50 :POST /user/getShareComment - 282ms
2020-4-4 8:44:50 :OPTIONS /user/getShare - 0ms
2020-4-4 8:44:50 :POST /user/getShare - 12ms
2020-4-4 8:44:50 :POST /user/getShareComment - 62ms
2020-4-4 8:44:50 :OPTIONS /user/getShare - 0ms
2020-4-4 8:44:50 :POST /user/getShare - 4ms
2020-4-4 8:44:50 :POST /user/getShare - 4ms
2020-4-4 8:44:50 :OPTIONS /user/delShare - 0ms
2020-4-4 8:44:50 :POST /user/delShare - 26ms
2020-4-4 8:44:50 :OPTIONS /user/getShare - 1ms
2020-4-4 8:44:50 :POST /user/getShare - 4ms
2020-4-4 8:44:50 :OPTIONS /file/upFile - 0ms
2020-4-4 8:44:50 :POST /file/upFile - 3ms
2020-4-4 8:44:50 :OPTIONS /user/addShare - 0ms
2020-4-4 8:44:50 :POST /user/addShare - 1ms
2020-4-4 8:44:50 :OPTIONS /user/getShare - 1ms
2020-4-4 8:44:50 :POST /user/getShare - 4ms
2020-4-4 8:44:50 :GET /file/getImg?imagePath=1585984704413 - 404
2020-4-4 8:44:50 :OPTIONS /user/getShare - 0ms
2020-4-4 8:44:50 :POST /user/getShare - 2ms
2020-4-4 8:44:50 :OPTIONS /user/getShareComment - 1ms
2020-4-4 8:44:50 :POST /user/getShareComment - 2ms
2020-4-4 8:44:50 :OPTIONS /user/addShareComment - 0ms
2020-4-4 8:44:50 :POST /user/addShareComment - 0ms
2020-4-4 8:44:50 :OPTIONS /user/getShare - 0ms
2020-4-4 8:44:50 :POST /user/getShare - 3ms
2020-4-4 8:44:50 :OPTIONS /user/getGoods - 0ms
2020-4-4 8:44:50 :OPTIONS /user/getSort - 0ms
2020-4-4 8:44:50 :POST /user/getSort - 10ms
2020-4-4 8:44:50 :POST /user/getGoods - 12ms
2020-4-4 8:44:50 :POST /user/getSort - 14ms
2020-4-4 8:44:50 :POST /user/getGoods - 14ms
2020-4-4 8:44:50 :POST /user/getGoods - 4ms
2020-4-4 8:44:50 :OPTIONS /user/getComment - 0ms
2020-4-4 8:44:50 :POST /user/getComment - 9ms
2020-4-4 8:44:50 :OPTIONS /user/getGoods - 1ms
2020-4-4 8:44:50 :OPTIONS /user/getSort - 1ms
2020-4-4 8:44:50 :POST /user/getSort - 7ms
2020-4-4 8:44:50 :POST /user/getGoods - 11ms
2020-4-4 8:44:50 :POST /user/getGoods - 2ms
2020-4-4 8:44:50 :POST /user/getSort - 34ms
2020-4-4 8:44:50 :POST /user/getGoods - 29ms
2020-4-4 8:44:50 :OPTIONS /user/addPay - 0ms
2020-4-4 8:44:50 :OPTIONS /user/getAddress - 0ms
2020-4-4 8:44:50 :POST /user/addPay - 44ms
2020-4-4 8:44:50 :POST /user/getAddress - 47ms
2020-4-4 8:44:50 :OPTIONS /user/addPay - 1ms
2020-4-4 8:44:50 :OPTIONS /user/getAddress - 0ms
2020-4-4 8:44:50 :POST /user/addPay - 1ms
2020-4-4 8:44:50 :POST /user/getAddress - 13ms
2020-4-4 8:44:50 :OPTIONS /user/getAddress - 0ms
2020-4-4 8:44:50 :POST /user/getAddress - 2ms
2020-4-4 8:44:50 :OPTIONS /user/addAddress - 0ms
2020-4-4 8:44:50 :POST /user/addAddress - 1ms
2020-4-4 8:44:50 :OPTIONS /user/getAddress - 0ms
2020-4-4 8:44:50 :POST /user/getAddress - 211ms
2020-4-4 8:44:50 :OPTIONS /user/getAddress - 0ms
2020-4-4 8:44:50 :POST /user/getAddress - 4ms
2020-4-4 8:44:50 :OPTIONS /user/addPay - 0ms
2020-4-4 8:44:50 :OPTIONS /user/getAddress - 0ms
2020-4-4 8:44:50 :POST /user/addPay - 1ms
2020-4-4 8:44:50 :POST /user/getAddress - 39ms
2020-4-4 8:44:50 :OPTIONS /user/addPay - 0ms
2020-4-4 8:44:50 :OPTIONS /user/getAddress - 0ms
2020-4-4 8:44:50 :POST /user/addPay - 1ms
2020-4-4 8:44:50 :POST /user/getAddress - 3ms
2020-4-4 8:44:50 :OPTIONS /user/upPay - 0ms
2020-4-4 8:44:50 :OPTIONS /user/getPay - 0ms
2020-4-4 8:44:50 :POST /user/upPay - 77ms
2020-4-4 8:44:50 :POST /user/getPay - 2ms
2020-4-4 8:44:50 :OPTIONS /user/getPay - 1ms
2020-4-4 8:44:50 :POST /user/getPay - 2ms
2020-4-4 8:44:50 :POST /user/getPay - 3ms
2020-4-4 8:44:50 :OPTIONS /user/getPay - 0ms
2020-4-4 8:44:50 :POST /user/getPay - 4ms
2020-4-4 8:44:50 :POST /user/getPay - 24ms
2020-4-4 8:44:50 :POST /user/getPay - 4ms
2020-4-4 8:44:50 :OPTIONS /user/getPay - 0ms
2020-4-4 8:44:50 :POST /user/getPay - 12ms
2020-4-4 8:44:50 :OPTIONS /user/upPay - 0ms
2020-4-4 8:44:50 :POST /user/upPay - 2ms
2020-4-4 8:44:50 :POST /user/upGoods - 1ms
2020-4-4 8:44:50 :OPTIONS /user/getGoods - 0ms
2020-4-4 8:44:50 :OPTIONS /user/upGoods - 0ms
2020-4-4 8:44:50 :POST /user/getGoods - 2ms
2020-4-4 8:44:50 :OPTIONS /user/getPay - 0ms
2020-4-4 8:44:50 :POST /user/getPay - 23ms
2020-4-4 8:44:50 :GET /file/getImg?imagePath=1585983907427 - 404
2020-4-4 8:44:50 :OPTIONS /user/getAddress - 0ms
2020-4-4 8:44:50 :POST /user/getAddress - 4ms
2020-4-4 8:44:50 :OPTIONS /user/upPay - 0ms
2020-4-4 8:44:50 :POST /user/upPay - 1ms
2020-4-4 8:44:50 :OPTIONS /user/getPay - 0ms
2020-4-4 8:44:50 :POST /user/getPay - 97ms
2020-4-4 8:44:50 :OPTIONS /user/getPay - 0ms
2020-4-4 8:44:50 :POST /user/getPay - 123ms
2020-4-4 8:44:50 :OPTIONS /user/getAddress - 0ms
2020-4-4 8:44:50 :POST /user/getAddress - 4ms
2020-4-4 8:44:50 :OPTIONS /user/getPay - 0ms
2020-4-4 8:44:50 :POST /user/getPay - 3ms
2020-4-4 8:44:50 :OPTIONS /user/getAddress - 0ms
2020-4-4 8:44:50 :POST /user/getAddress - 5ms
2020-4-4 8:44:50 :GET /file/getImg?imagePath=1585976718633 - 404
2020-4-4 8:44:50 :OPTIONS /user/getPay - 0ms
2020-4-4 8:44:50 :POST /user/getPay - 26ms
2020-4-4 8:44:50 :OPTIONS /user/getShare - 0ms
2020-4-4 8:44:50 :POST /user/getShare - 58ms
2020-4-4 8:44:50 :GET /file/getImg?imagePath=1585984704413 - 404
2020-4-4 8:44:50 :GET /file/getImg?imagePath=1585983907427 - 404
2020-4-4 8:44:50 :OPTIONS /user/getGoods - 0ms
2020-4-4 8:44:50 :POST /user/getGoods - 9ms
2020-4-4 8:44:50 :OPTIONS /user/getSort - 0ms
2020-4-4 8:44:50 :POST /user/getSort - 3ms
2020-4-4 8:44:50 :POST /user/getGoods - 12ms
2020-4-4 8:44:50 :POST /user/getSort - 11ms
2020-4-4 8:44:50 :GET /file/getImg?imagePath=1585983907580 - 404
2020-4-4 8:44:50 :OPTIONS /user/getSort - 0ms
2020-4-4 8:44:50 :OPTIONS /user/getGoods - 0ms
2020-4-4 8:44:50 :POST /user/getGoods - 53ms
2020-4-4 8:44:50 :POST /user/getSort - 60ms
2020-4-4 8:44:50 :GET /file/getImg?imagePath=1585983907427 - 404
2020-4-4 8:44:50 :POST /user/getGoods - 60ms
2020-4-4 8:44:50 :POST /user/getSort - 60ms
2020-4-4 8:44:50 :OPTIONS /user/getGoods - 0ms
2020-4-4 8:44:50 :OPTIONS /user/getSort - 0ms
2020-4-4 8:44:50 :POST /user/getGoods - 13ms
2020-4-4 8:44:50 :POST /user/getSort - 5ms
2020-4-4 8:44:50 :OPTIONS /user/getShare - 0ms
2020-4-4 8:44:50 :POST /user/getShare - 2ms
2020-4-4 8:44:50 :GET /file/getImg?imagePath=1585976718633 - 404
2020-4-4 8:44:50 :GET /file/getImg?imagePath=1585984704413 - 404
2020-4-4 8:44:50 :OPTIONS /user/getGoods - 0ms
2020-4-4 8:44:50 :OPTIONS /user/getSort - 0ms
2020-4-4 8:44:50 :POST /user/getGoods - 37ms
2020-4-4 8:44:50 :POST /user/getSort - 32ms
2020-4-4 8:44:50 :GET /file/getImg?imagePath=1585983907580 - 404
2020-4-4 16:31:2 :OPTIONS /user/getGoods - 11ms
2020-4-4 16:31:2 :OPTIONS /user/getSort - 1ms
2020-4-4 16:31:2 :POST /user/getSort - 58ms
2020-4-4 16:31:2 :POST /user/getGoods - 156ms
2020-4-4 16:31:2 :GET /file/getImg?imagePath=1585983907427 - 404
2020-4-4 16:31:2 :OPTIONS /user/login - 0ms
2020-4-4 16:31:2 :POST /user/login - 151ms
2020-4-4 16:31:2 :GET /file/getImg?imagePath=1585976718633 - 404
2020-4-4 16:31:2 :OPTIONS /user/getGoods - 1ms
2020-4-4 16:31:2 :OPTIONS /user/getSort - 0ms
2020-4-4 16:31:2 :POST /user/getGoods - 3ms
2020-4-4 16:31:2 :POST /user/getSort - 4ms
2020-4-4 16:31:2 :GET /file/getImg?imagePath=1585983907427 - 404
2020-4-4 16:31:2 :GET /file/getImg?imagePath=1585983907580 - 404
2020-4-4 16:31:2 :OPTIONS /user/getGoods - 0ms
2020-4-4 16:31:2 :OPTIONS /user/getSort - 0ms
2020-4-4 16:31:2 :POST /user/getSort - 112ms
2020-4-4 16:31:2 :POST /user/getGoods - 153ms
2020-4-4 16:31:2 :GET /file/getImg?imagePath=1585983907427 - 404
2020-4-4 16:31:2 :GET /file/getImg?imagePath=1585983907580 - 404
2020-4-4 16:31:2 :OPTIONS /user/getGoods - 0ms
2020-4-4 16:31:2 :POST /user/getGoods - 44ms
2020-4-4 16:31:2 :OPTIONS /user/getSort - 14ms
2020-4-4 16:31:2 :GET /file/getImg?imagePath=1585983907427 - 404
2020-4-4 16:31:2 :POST /user/getSort - 170ms
2020-4-4 16:31:2 :GET /file/getImg?imagePath=1585983907580 - 404
2020-4-4 16:31:2 :OPTIONS /user/getGoods - 0ms
2020-4-4 16:31:2 :OPTIONS /user/getSort - 0ms
2020-4-4 16:31:2 :POST /user/getGoods - 3ms
2020-4-4 16:31:2 :POST /user/getSort - 4ms
2020-4-4 16:31:2 :OPTIONS /user/getGoods - 0ms
2020-4-4 16:31:2 :OPTIONS /user/getSort - 0ms
2020-4-4 16:31:2 :POST /user/getGoods - 6ms
2020-4-4 16:31:2 :POST /user/getSort - 5ms
2020-4-4 16:31:2 :OPTIONS /user/getSort - 0ms
2020-4-4 16:31:2 :OPTIONS /user/getGoods - 0ms
2020-4-4 16:31:2 :POST /user/getSort - 9ms
2020-4-4 16:31:2 :POST /user/getGoods - 9ms
2020-4-4 16:31:2 :POST /user/getGoods - 29ms
2020-4-4 16:31:2 :POST /user/getSort - 7ms
2020-4-4 16:31:2 :POST /user/getGoods - 7ms
2020-4-4 16:31:2 :OPTIONS /user/getGoods - 0ms
2020-4-4 16:31:2 :OPTIONS /user/getSort - 0ms
2020-4-4 16:31:2 :POST /user/getSort - 51ms
2020-4-4 16:31:2 :POST /user/getGoods - 51ms
2020-4-4 16:31:2 :POST /user/getGoods - 4ms
2020-4-4 16:31:2 :OPTIONS /user/getGoods - 0ms
2020-4-4 16:31:2 :OPTIONS /user/getSort - 0ms
2020-4-4 16:31:2 :POST /user/getGoods - 3ms
2020-4-4 16:31:2 :POST /user/getSort - 4ms
2020-4-4 16:31:2 :POST /user/getGoods - 4ms
2020-4-4 16:31:2 :OPTIONS /user/getGoods - 0ms
2020-4-4 16:31:2 :OPTIONS /user/getSort - 0ms
2020-4-4 16:31:2 :POST /user/getSort - 5ms
2020-4-4 16:31:2 :POST /user/getGoods - 9ms
2020-4-4 16:31:2 :OPTIONS /user/getGoods - 0ms
2020-4-4 16:31:2 :OPTIONS /user/getSort - 1ms
2020-4-4 16:31:2 :POST /user/getGoods - 9ms
2020-4-4 16:31:2 :POST /user/getSort - 72ms
2020-4-4 16:31:2 :OPTIONS /user/getGoods - 0ms
2020-4-4 16:31:2 :OPTIONS /user/getSort - 1ms
2020-4-4 16:31:2 :POST /user/getGoods - 3ms
2020-4-4 16:31:2 :POST /user/getSort - 3ms
2020-4-4 16:31:2 :OPTIONS /user/getGoods - 0ms
2020-4-4 16:31:2 :OPTIONS /user/getSort - 0ms
2020-4-4 16:31:2 :POST /user/getGoods - 22ms
2020-4-4 16:31:2 :POST /user/getSort - 5ms
2020-4-4 16:31:2 :OPTIONS /user/getSort - 0ms
2020-4-4 16:31:2 :OPTIONS /user/getGoods - 1ms
2020-4-4 16:31:2 :POST /user/getSort - 9ms
2020-4-4 16:31:2 :POST /user/getGoods - 6ms
2020-4-4 16:31:2 :OPTIONS /user/getGoods - 0ms
2020-4-4 16:31:2 :OPTIONS /user/getSort - 0ms
2020-4-4 16:31:2 :POST /user/getGoods - 6ms
2020-4-4 16:31:2 :POST /user/getSort - 5ms
2020-4-4 16:31:2 :GET /file/getImg?imagePath=1585983907427 - 404
2020-4-4 16:31:2 :GET /file/getImg?imagePath=1585983907580 - 404
2020-4-4 16:31:2 :OPTIONS /user/getSort - 0ms
2020-4-4 16:31:2 :OPTIONS /user/getGoods - 0ms
2020-4-4 16:31:2 :POST /user/getSort - 3ms
2020-4-4 16:31:2 :POST /user/getGoods - 8ms
2020-4-4 16:31:2 :GET /file/getImg?imagePath=1585983907427 - 404
2020-4-4 16:31:2 :GET /file/getImg?imagePath=1585983907580 - 404
2020-4-4 16:31:2 :OPTIONS /user/getSort - 0ms
2020-4-4 16:31:2 :OPTIONS /user/getGoods - 0ms
2020-4-4 16:31:2 :POST /user/getGoods - 19ms
2020-4-4 16:31:2 :POST /user/getSort - 31ms
2020-4-4 16:31:2 :GET /file/getImg?imagePath=1585983907427 - 404
2020-4-4 16:31:2 :OPTIONS /user/getSort - 0ms
2020-4-4 16:31:2 :OPTIONS /user/getGoods - 1ms
2020-4-4 16:31:2 :POST /user/getGoods - 3ms
2020-4-4 16:31:2 :POST /user/getSort - 4ms
2020-4-4 16:31:2 :GET /file/getImg?imagePath=1585983907580 - 404
2020-4-4 16:31:2 :OPTIONS /user/getSort - 0ms
2020-4-4 16:31:2 :OPTIONS /user/getGoods - 0ms
2020-4-4 16:31:2 :POST /user/getGoods - 20ms
2020-4-4 16:31:2 :POST /user/getSort - 17ms
2020-4-4 16:31:2 :GET /file/getImg?imagePath=1585983907427 - 404
2020-4-4 16:31:2 :POST /user/getGoods - 8ms
2020-4-4 16:31:2 :POST /user/getSort - 7ms
2020-4-4 16:31:2 :GET /file/getImg?imagePath=1585983907580 - 404
2020-4-4 16:31:2 :OPTIONS /user/getSort - 0ms
2020-4-4 16:31:2 :OPTIONS /user/getGoods - 0ms
2020-4-4 16:31:2 :POST /user/getGoods - 6ms
2020-4-4 16:31:2 :POST /user/getSort - 13ms
2020-4-4 16:31:2 :GET /file/getImg?imagePath=1585983907427 - 404
2020-4-4 16:31:2 :OPTIONS /user/getGoods - 0ms
2020-4-4 16:31:2 :OPTIONS /user/getSort - 0ms
2020-4-4 16:31:2 :POST /user/getGoods - 4ms
2020-4-4 16:31:2 :POST /user/getSort - 4ms
2020-4-4 16:31:2 :GET /file/getImg?imagePath=1585983907580 - 404
2020-4-4 16:31:2 :OPTIONS /user/getGoods - 0ms
2020-4-4 16:31:2 :OPTIONS /user/getSort - 0ms
2020-4-4 16:31:2 :POST /user/getGoods - 11ms
2020-4-4 16:31:2 :POST /user/getSort - 11ms
2020-4-4 16:31:2 :GET /file/getImg?imagePath=1585983907427 - 404
2020-4-4 16:31:2 :GET /file/getImg?imagePath=1585983907580 - 404
2020-4-4 16:31:2 :OPTIONS /user/getSort - 0ms
2020-4-4 16:31:2 :OPTIONS /user/getGoods - 0ms
2020-4-4 16:31:2 :POST /user/getSort - 5ms
2020-4-4 16:31:2 :POST /user/getGoods - 25ms
2020-4-4 16:31:2 :GET /file/getImg?imagePath=1585983907427 - 404
2020-4-4 16:31:2 :GET /file/getImg?imagePath=1585983907580 - 404
2020-4-4 16:31:2 :OPTIONS /user/getGoods - 1ms
2020-4-4 16:31:2 :OPTIONS /user/getSort - 0ms
2020-4-4 16:31:2 :POST /user/getSort - 8ms
2020-4-4 16:31:2 :POST /user/getGoods - 4ms
2020-4-4 16:31:2 :GET /file/getImg?imagePath=1585983907427 - 404
2020-4-4 16:31:2 :GET /file/getImg?imagePath=1585983907580 - 404
2020-4-4 16:31:2 :OPTIONS /user/getSort - 0ms
2020-4-4 16:31:2 :OPTIONS /user/getGoods - 0ms
2020-4-4 16:31:2 :POST /user/getGoods - 7ms
2020-4-4 16:31:2 :POST /user/getSort - 14ms
2020-4-4 16:31:2 :GET /file/getImg?imagePath=1585983907427 - 404
2020-4-4 16:31:2 :GET /file/getImg?imagePath=1585983907580 - 404
2020-4-4 16:31:2 :OPTIONS /user/getGoods - 0ms
2020-4-4 16:31:2 :OPTIONS /user/getSort - 0ms
2020-4-4 16:31:2 :POST /user/getGoods - 4ms
2020-4-4 16:31:2 :POST /user/getSort - 9ms
2020-4-4 16:31:2 :GET /file/getImg?imagePath=1585983907427 - 404
2020-4-4 16:31:2 :GET /file/getImg?imagePath=1585983907580 - 404
2020-4-4 16:31:2 :OPTIONS /user/getGoods - 0ms
2020-4-4 16:31:2 :OPTIONS /user/getSort - 0ms
2020-4-4 16:31:2 :POST /user/getGoods - 5ms
2020-4-4 16:31:2 :POST /user/getSort - 17ms
2020-4-4 16:31:2 :GET /file/getImg?imagePath=1585983907427 - 404
2020-4-4 16:31:2 :GET /file/getImg?imagePath=1585983907580 - 404
2020-4-4 16:31:2 :OPTIONS /user/getSort - 1ms
2020-4-4 16:31:2 :OPTIONS /user/getGoods - 0ms
2020-4-4 16:31:2 :POST /user/getSort - 9ms
2020-4-4 16:31:2 :POST /user/getGoods - 7ms
2020-4-4 16:31:2 :GET /file/getImg?imagePath=1585983907427 - 404
2020-4-4 16:31:2 :GET /file/getImg?imagePath=1585983907580 - 404
2020-4-4 16:31:2 :OPTIONS /user/getSort - 0ms
2020-4-4 16:31:2 :OPTIONS /user/getGoods - 0ms
2020-4-4 16:31:2 :POST /user/getSort - 19ms
2020-4-4 16:31:2 :POST /user/getGoods - 25ms
2020-4-4 16:31:2 :GET /file/getImg?imagePath=1585983907427 - 404
2020-4-4 16:31:2 :GET /file/getImg?imagePath=1585983907580 - 404
2020-4-4 16:31:2 :OPTIONS /user/getGoods - 0ms
2020-4-4 16:31:2 :OPTIONS /user/getSort - 0ms
2020-4-4 16:31:2 :POST /user/getGoods - 5ms
2020-4-4 16:31:2 :POST /user/getSort - 16ms
2020-4-4 16:31:2 :GET /file/getImg?imagePath=1585983907427 - 404
2020-4-4 16:31:2 :GET /file/getImg?imagePath=1585983907580 - 404
2020-4-4 16:31:2 :OPTIONS /user/getComment - 0ms
2020-4-4 16:31:2 :POST /user/getComment - 49ms
2020-4-4 16:31:2 :OPTIONS /user/getGoods - 0ms
2020-4-4 16:31:2 :OPTIONS /user/getSort - 0ms
2020-4-4 16:31:2 :POST /user/getGoods - 7ms
2020-4-4 16:31:2 :POST /user/getSort - 6ms
2020-4-4 16:31:2 :OPTIONS /user/getGoods - 0ms
2020-4-4 16:31:2 :OPTIONS /user/getSort - 0ms
2020-4-4 16:31:2 :POST /user/getGoods - 69ms
2020-4-4 16:31:2 :POST /user/getSort - 69ms
2020-4-4 16:31:2 :GET /file/getImg?imagePath=1585983907427 - 404
2020-4-4 16:31:2 :OPTIONS /user/getGoods - 1ms
2020-4-4 16:31:2 :OPTIONS /user/getSort - 1ms
2020-4-4 16:31:2 :POST /user/getSort - 22ms
2020-4-4 16:31:2 :POST /user/getGoods - 22ms
2020-4-4 16:31:2 :OPTIONS /user/getSort - 1ms
2020-4-4 16:31:2 :OPTIONS /user/getGoods - 0ms
2020-4-4 16:31:2 :POST /user/getSort - 5ms
2020-4-4 16:31:2 :POST /user/getGoods - 4ms
2020-4-4 16:31:2 :POST /user/getGoods - 77ms
2020-4-4 16:31:2 :POST /user/getGoods - 3ms
2020-4-4 16:31:2 :POST /user/getGoods - 3ms
2020-4-4 16:31:2 :POST /user/getGoods - 3ms
2020-4-4 16:31:2 :POST /user/getSort - 6ms
2020-4-4 16:31:2 :GET /file/getImg?imagePath=1585983907580 - 404
2020-4-4 16:31:2 :OPTIONS /user/getGoods - 0ms
2020-4-4 16:31:2 :OPTIONS /user/getSort - 0ms
2020-4-4 16:31:2 :POST /user/getGoods - 11ms
2020-4-4 16:31:2 :POST /user/getSort - 5ms
2020-4-4 16:31:2 :GET /file/getImg?imagePath=1585983907427 - 404
2020-4-4 16:31:2 :POST /user/getGoods - 11ms
2020-4-4 16:31:2 :POST /user/getSort - 5ms
2020-4-4 16:31:2 :POST /user/getGoods - 3ms
2020-4-4 16:31:2 :OPTIONS /user/getGoods - 0ms
2020-4-4 16:31:2 :POST /user/getGoods - 23ms
2020-4-4 16:31:2 :POST /user/getGoods - 3ms
2020-4-4 16:31:2 :OPTIONS /user/getGoods - 1ms
2020-4-4 16:31:2 :POST /user/getGoods - 4ms
2020-4-4 16:31:2 :OPTIONS /user/getGoods - 0ms
2020-4-4 16:31:2 :POST /user/getGoods - 3ms
2020-4-4 16:31:2 :POST /user/getGoods - 3ms
2020-4-4 16:31:2 :POST /user/getGoods - 5ms
2020-4-4 16:31:2 :OPTIONS /user/getGoods - 1ms
2020-4-4 16:31:2 :POST /user/getGoods - 15ms
2020-4-4 16:31:2 :POST /user/getGoods - 8ms
2020-4-4 16:31:2 :OPTIONS /user/getGoods - 1ms
2020-4-4 16:31:2 :POST /user/getGoods - 2ms
2020-4-4 16:31:2 :POST /user/getGoods - 5ms
2020-4-4 16:31:2 :POST /user/getGoods - 3ms
2020-4-4 16:31:2 :OPTIONS /user/getGoods - 0ms
2020-4-4 16:31:2 :POST /user/getGoods - 3ms
2020-4-4 16:31:2 :POST /user/getGoods - 3ms
2020-4-4 16:31:2 :POST /user/getGoods - 4ms
2020-4-4 16:31:2 :POST /user/getGoods - 3ms
2020-4-4 16:31:2 :OPTIONS /user/getGoods - 0ms
2020-4-4 16:31:2 :OPTIONS /user/getSort - 0ms
2020-4-4 16:31:2 :POST /user/getGoods - 10ms
2020-4-4 16:31:2 :POST /user/getSort - 35ms
2020-4-4 16:31:2 :GET /file/getImg?imagePath=1585983907427 - 404
2020-4-4 16:31:2 :OPTIONS /user/getGoods - 1ms
2020-4-4 16:31:2 :OPTIONS /user/getSort - 1ms
2020-4-4 16:31:2 :POST /user/getSort - 8ms
2020-4-4 16:31:2 :POST /user/getGoods - 23ms
2020-4-4 16:31:2 :GET /file/getImg?imagePath=1585983907427 - 404
2020-4-4 16:31:2 :POST /user/getGoods - 3ms
2020-4-4 16:31:2 :POST /user/getGoods - 69ms
2020-4-4 16:31:2 :POST /user/getGoods - 59ms
2020-4-4 16:31:2 :POST /user/getGoods - 3ms
2020-4-4 16:31:2 :OPTIONS /user/getGoods - 0ms
2020-4-4 16:31:2 :OPTIONS /user/getSort - 0ms
2020-4-4 16:31:2 :POST /user/getGoods - 7ms
2020-4-4 16:31:2 :POST /user/getSort - 6ms
2020-4-4 16:31:2 :GET /file/getImg?imagePath=1585983907427 - 404
2020-4-4 16:31:2 :POST /user/getGoods - 2ms
2020-4-4 16:31:2 :POST /user/getGoods - 2ms
2020-4-4 16:31:2 :OPTIONS /user/getGoods - 1ms
2020-4-4 16:31:2 :POST /user/getGoods - 2ms
2020-4-4 16:31:2 :OPTIONS /user/getSort - 0ms
2020-4-4 16:31:2 :OPTIONS /user/getGoods - 0ms
2020-4-4 16:31:2 :POST /user/getGoods - 4ms
2020-4-4 16:31:2 :GET /file/getImg?imagePath=1585983907427 - 404
2020-4-4 16:31:2 :POST /user/getSort - 54ms
2020-4-4 16:31:2 :POST /user/getGoods - 62ms
2020-4-4 16:31:2 :POST /user/getGoods - 4ms
2020-4-4 16:31:2 :POST /user/getGoods - 3ms
2020-4-4 16:31:2 :OPTIONS /user/getGoods - 0ms
2020-4-4 16:31:2 :POST /user/getGoods - 3ms
2020-4-4 16:31:2 :POST /user/getGoods - 6ms
2020-4-4 16:31:2 :POST /user/getGoods - 4ms
2020-4-4 16:31:2 :POST /user/getGoods - 3ms
2020-4-4 16:31:2 :OPTIONS /user/getGoods - 0ms
2020-4-4 16:31:2 :POST /user/getGoods - 3ms
2020-4-4 16:31:2 :POST /user/getGoods - 3ms
2020-4-4 16:31:2 :OPTIONS /user/getSort - 0ms
2020-4-4 16:31:2 :POST /user/getSort - 3ms
2020-4-4 16:31:2 :OPTIONS /user/getGoods - 0ms
2020-4-4 16:31:2 :POST /user/getSort - 5ms
2020-4-4 16:31:2 :POST /user/getGoods - 3ms
2020-4-4 16:31:2 :POST /user/getGoods - 3ms
2020-4-4 16:31:2 :OPTIONS /user/getSort - 0ms
2020-4-4 16:31:2 :POST /user/getGoods - 40ms
2020-4-4 16:31:2 :POST /user/getSort - 16ms
2020-4-4 16:31:2 :OPTIONS /user/getShare - 1ms
2020-4-4 16:31:2 :POST /user/getShare - 159ms
2020-4-4 16:31:2 :GET /file/getImg?imagePath=1585976718633 - 404
2020-4-4 16:31:2 :GET /file/getImg?imagePath=1585984704413 - 404
2020-4-4 16:31:2 :OPTIONS /user/getGoods - 0ms
2020-4-4 16:31:2 :OPTIONS /user/getSort - 0ms
2020-4-4 16:31:2 :POST /user/getSort - 4ms
2020-4-4 16:31:2 :POST /user/getGoods - 6ms
2020-4-4 16:31:2 :GET /file/getImg?imagePath=1585983907580 - 404
2020-4-4 16:31:2 :OPTIONS /user/getGoods - 0ms
2020-4-4 16:31:2 :OPTIONS /user/getSort - 0ms
2020-4-4 16:31:2 :POST /user/getGoods - 5ms
2020-4-4 16:31:2 :POST /user/getSort - 3ms
2020-4-4 16:31:2 :GET /file/getImg?imagePath=1585983907427 - 404
2020-4-4 16:31:2 :POST /user/getSort - 4ms
2020-4-4 16:31:2 :POST /user/getGoods - 4ms
2020-4-4 16:31:2 :POST /user/getGoods - 3ms
2020-4-4 16:31:2 :POST /user/getGoods - 3ms
2020-4-4 16:31:2 :OPTIONS /user/getGoods - 0ms
2020-4-4 16:31:2 :POST /user/getGoods - 3ms
2020-4-4 16:31:2 :POST /user/getGoods - 3ms
2020-4-4 16:31:2 :POST /user/getGoods - 3ms
2020-4-4 16:31:2 :OPTIONS /user/getGoods - 0ms
2020-4-4 16:31:2 :POST /user/getGoods - 2ms
2020-4-4 16:31:2 :POST /user/getGoods - 3ms
2020-4-4 16:31:2 :POST /user/getGoods - 4ms
2020-4-4 16:31:2 :OPTIONS /user/getGoods - 0ms
2020-4-4 16:31:2 :POST /user/getGoods - 3ms
2020-4-4 16:31:2 :POST /user/getGoods - 3ms
2020-4-4 16:31:2 :POST /user/getGoods - 6ms
2020-4-4 16:31:2 :POST /user/getGoods - 2ms
2020-4-4 16:31:2 :OPTIONS /user/getGoods - 0ms
2020-4-4 16:31:2 :POST /user/getGoods - 2ms
2020-4-4 16:31:2 :POST /user/getGoods - 3ms
2020-4-4 16:31:2 :OPTIONS /user/getGoods - 0ms
2020-4-4 16:31:2 :OPTIONS /user/getSort - 0ms
2020-4-4 16:31:2 :POST /user/getSort - 4ms
2020-4-4 16:31:2 :POST /user/getGoods - 10ms
2020-4-4 16:31:2 :GET /file/getImg?imagePath=1585983907580 - 404
2020-4-4 16:31:2 :OPTIONS /user/getGoods - 1ms
2020-4-4 16:31:2 :OPTIONS /user/getSort - 0ms
2020-4-4 16:31:2 :POST /user/getGoods - 24ms
2020-4-4 16:31:2 :POST /user/getSort - 35ms
2020-4-4 16:31:2 :GET /file/getImg?imagePath=1585983907427 - 404
2020-4-4 16:31:2 :GET /file/getImg?imagePath=1585983907580 - 404
2020-4-4 16:31:2 :OPTIONS /user/getSort - 0ms
2020-4-4 16:31:2 :OPTIONS /user/getGoods - 0ms
2020-4-4 16:31:2 :POST /user/getGoods - 41ms
2020-4-4 16:31:2 :POST /user/getSort - 52ms
2020-4-4 16:31:2 :GET /file/getImg?imagePath=1585983907427 - 404
2020-4-4 16:31:2 :GET /file/getImg?imagePath=1585983907580 - 404
2020-4-4 16:31:2 :OPTIONS /user/getGoods - 0ms
2020-4-4 16:31:2 :OPTIONS /user/getSort - 0ms
2020-4-4 16:31:2 :POST /user/getGoods - 17ms
2020-4-4 16:31:2 :POST /user/getSort - 14ms
2020-4-4 16:31:2 :GET /file/getImg?imagePath=1585983907427 - 404
2020-4-4 16:31:2 :OPTIONS /user/getShare - 1ms
2020-4-4 16:31:2 :POST /user/getShare - 3ms
2020-4-4 16:31:2 :GET /file/getImg?imagePath=1585984704413 - 404
2020-4-4 16:31:2 :GET /file/getImg?imagePath=1585976718633 - 404
2020-4-4 16:31:2 :OPTIONS /user/getGoods - 0ms
2020-4-4 16:31:2 :OPTIONS /user/getSort - 0ms
2020-4-4 16:31:2 :POST /user/getGoods - 7ms
2020-4-4 16:31:2 :POST /user/getSort - 6ms
2020-4-4 16:31:2 :POST /user/getSort - 70ms
2020-4-4 16:31:2 :POST /user/getGoods - 6ms
2020-4-4 16:31:2 :OPTIONS /user/getGoods - 0ms
2020-4-4 16:31:2 :OPTIONS /user/getSort - 0ms
2020-4-4 16:31:2 :POST /user/getGoods - 3ms
2020-4-4 16:31:2 :POST /user/getSort - 10ms
2020-4-4 16:31:2 :POST /user/getSort - 10ms
2020-4-4 16:31:2 :POST /user/getGoods - 11ms
2020-4-4 16:31:2 :OPTIONS /user/getGoods - 1ms
2020-4-4 16:31:2 :POST /user/getGoods - 1ms
2020-4-4 16:31:2 :OPTIONS /user/getSort - 0ms
2020-4-4 16:31:2 :OPTIONS /user/getGoods - 0ms
2020-4-4 16:31:2 :POST /user/getSort - 44ms
2020-4-4 16:31:2 :POST /user/getGoods - 89ms
2020-4-4 16:31:2 :GET /file/getImg?imagePath=1585983907427 - 404
2020-4-4 16:31:2 :OPTIONS /user/getGoods - 0ms
2020-4-4 16:31:2 :POST /user/getGoods - 244ms
2020-4-4 16:31:2 :OPTIONS /user/getSort - 0ms
2020-4-4 16:31:2 :OPTIONS /user/getGoods - 0ms
2020-4-4 16:31:2 :POST /user/getGoods - 17ms
2020-4-4 16:31:2 :POST /user/getSort - 46ms
2020-4-4 16:31:2 :GET /file/getImg?imagePath=1585983907427 - 404
2020-4-4 16:31:2 :POST /user/getGoods - 4ms
2020-4-4 16:31:2 :POST /user/getGoods - 3ms
2020-4-4 16:31:2 :POST /user/getGoods - 5ms
2020-4-4 16:31:2 :OPTIONS /user/getGoods - 0ms
2020-4-4 16:31:2 :OPTIONS /user/getSort - 0ms
2020-4-4 16:31:2 :POST /user/getGoods - 4ms
2020-4-4 16:31:2 :POST /user/getSort - 3ms
2020-4-4 16:31:2 :GET /file/getImg?imagePath=1585983907427 - 404
2020-4-4 16:31:2 :POST /user/getGoods - 3ms
2020-4-4 16:31:2 :OPTIONS /user/getGoods - 0ms
2020-4-4 16:31:2 :POST /user/getGoods - 4ms
2020-4-4 16:31:2 :POST /user/getGoods - 5ms
2020-4-4 16:31:2 :POST /user/getGoods - 5ms
2020-4-4 16:31:2 :POST /user/getGoods - 5ms
2020-4-4 16:31:2 :POST /user/getGoods - 10ms
2020-4-4 16:31:2 :OPTIONS /user/getGoods - 0ms
2020-4-4 16:31:2 :POST /user/getGoods - 3ms
2020-4-4 16:31:2 :POST /user/getGoods - 3ms
2020-4-4 16:31:2 :POST /user/getGoods - 3ms
2020-4-4 16:31:2 :POST /user/getGoods - 4ms
2020-4-4 16:31:2 :POST /user/getGoods - 3ms
2020-4-4 16:31:2 :OPTIONS /user/getGoods - 0ms
2020-4-4 16:31:2 :POST /user/getGoods - 9ms
2020-4-4 16:31:2 :POST /user/getGoods - 2ms
2020-4-4 16:31:2 :OPTIONS /user/getGoods - 0ms
2020-4-4 16:31:2 :POST /user/getGoods - 3ms
2020-4-4 16:31:2 :POST /user/getGoods - 3ms
2020-4-4 16:31:2 :POST /user/getGoods - 5ms
2020-4-4 16:31:2 :OPTIONS /user/getGoods - 0ms
2020-4-4 16:31:2 :POST /user/getGoods - 2ms
2020-4-4 16:31:2 :POST /user/getGoods - 3ms
2020-4-4 16:31:2 :POST /user/getGoods - 2ms
2020-4-4 16:31:2 :POST /user/getGoods - 3ms
2020-4-4 16:31:2 :POST /user/getGoods - 4ms
2020-4-4 16:31:2 :OPTIONS /user/getGoods - 0ms
2020-4-4 16:31:2 :POST /user/getGoods - 3ms
2020-4-4 16:31:2 :POST /user/getGoods - 3ms
2020-4-4 16:31:2 :POST /user/getGoods - 5ms
2020-4-4 16:31:2 :POST /user/getGoods - 32ms
2020-4-4 16:31:2 :POST /user/getGoods - 4ms
2020-4-4 16:31:2 :OPTIONS /user/getGoods - 0ms
2020-4-4 16:31:2 :OPTIONS /user/getSort - 0ms
2020-4-4 16:31:2 :POST /user/getGoods - 111ms
2020-4-4 16:31:2 :POST /user/getSort - 109ms
2020-4-4 16:31:2 :GET /file/getImg?imagePath=1585983907427 - 404
2020-4-4 16:31:2 :OPTIONS /user/getSort - 0ms
2020-4-4 16:31:2 :OPTIONS /user/getGoods - 0ms
2020-4-4 16:31:2 :POST /user/getSort - 25ms
2020-4-4 16:31:2 :POST /user/getGoods - 51ms
2020-4-4 16:31:2 :GET /file/getImg?imagePath=1585983907427 - 404
2020-4-4 16:31:2 :OPTIONS /user/getGoods - 1ms
2020-4-4 16:31:2 :OPTIONS /user/getSort - 31ms
2020-4-4 16:31:2 :POST /user/getSort - 5ms
2020-4-4 16:31:2 :POST /user/getGoods - 24ms
2020-4-4 16:31:2 :GET /file/getImg?imagePath=1585983907427 - 404
2020-4-4 16:31:2 :OPTIONS /user/getSort - 0ms
2020-4-4 16:31:2 :OPTIONS /user/getGoods - 1ms
2020-4-4 16:31:2 :POST /user/getSort - 56ms
2020-4-4 16:31:2 :POST /user/getGoods - 49ms
2020-4-4 16:31:2 :GET /file/getImg?imagePath=1585983907427 - 404
2020-4-4 16:31:2 :OPTIONS /user/getSort - 1ms
2020-4-4 16:31:2 :OPTIONS /user/getGoods - 0ms
2020-4-4 16:31:2 :POST /user/getGoods - 8ms
2020-4-4 16:31:2 :POST /user/getSort - 21ms
2020-4-4 16:31:2 :GET /file/getImg?imagePath=1585983907427 - 404
2020-4-4 16:31:2 :POST /user/getGoods - 17ms
2020-4-4 16:31:2 :OPTIONS /user/getGoods - 1ms
2020-4-4 16:31:2 :OPTIONS /user/getSort - 1ms
2020-4-4 16:31:2 :POST /user/getGoods - 2ms
2020-4-4 16:31:2 :POST /user/getSort - 6ms
2020-4-4 16:31:2 :GET /file/getImg?imagePath=1585983907427 - 404
2020-4-4 16:31:2 :POST /user/getGoods - 7ms
2020-4-4 16:31:2 :POST /user/getGoods - 2ms
2020-4-4 16:31:2 :POST /user/getGoods - 30ms
2020-4-4 16:31:2 :OPTIONS /user/getSort - 0ms
2020-4-4 16:31:2 :OPTIONS /user/getGoods - 0ms
2020-4-4 16:31:2 :POST /user/getGoods - 2ms
2020-4-4 16:31:2 :POST /user/getSort - 3ms
2020-4-4 16:31:2 :OPTIONS /user/getSort - 0ms
2020-4-4 16:31:2 :OPTIONS /user/getGoods - 0ms
2020-4-4 16:31:2 :POST /user/getSort - 10ms
2020-4-4 16:31:2 :POST /user/getGoods - 7ms
2020-4-4 16:31:2 :POST /user/getGoods - 2ms
2020-4-4 16:31:2 :POST /user/getGoods - 32ms
2020-4-4 16:31:2 :POST /user/getSort - 54ms
2020-4-4 16:31:2 :GET /file/getImg?imagePath=1585983907427 - 404
2020-4-4 16:31:2 :POST /user/getGoods - 3ms
2020-4-4 16:31:2 :OPTIONS /user/getGoods - 0ms
2020-4-4 16:31:2 :POST /user/getGoods - 5ms
2020-4-4 16:31:2 :OPTIONS /user/getSort - 0ms
2020-4-4 16:31:2 :POST /user/getGoods - 3ms
2020-4-4 16:31:2 :POST /user/getSort - 3ms
2020-4-4 16:31:2 :GET /file/getImg?imagePath=1585983907580 - 404
2020-4-4 16:31:2 :OPTIONS /user/getGoods - 0ms
2020-4-4 16:31:2 :OPTIONS /user/getSort - 0ms
2020-4-4 16:31:2 :POST /user/getGoods - 18ms
2020-4-4 16:31:2 :POST /user/getSort - 10ms
2020-4-4 16:31:2 :GET /file/getImg?imagePath=1585983907427 - 404
2020-4-4 16:31:2 :OPTIONS /user/getShare - 0ms
2020-4-4 16:31:2 :POST /user/getShare - 53ms
2020-4-4 16:31:2 :GET /file/getImg?imagePath=1585976718633 - 404
2020-4-4 16:31:2 :GET /file/getImg?imagePath=1585984704413 - 404
2020-4-4 16:31:2 :OPTIONS /user/getGoods - 0ms
2020-4-4 16:31:2 :OPTIONS /user/getSort - 0ms
2020-4-4 16:31:2 :POST /user/getGoods - 2ms
2020-4-4 16:31:2 :POST /user/getSort - 3ms
2020-4-4 16:31:2 :GET /file/getImg?imagePath=1585983907427 - 404
2020-4-4 16:31:2 :OPTIONS /user/getShare - 0ms
2020-4-4 16:31:2 :POST /user/getShare - 4ms
2020-4-4 16:31:2 :OPTIONS /user/getShare - 0ms
2020-4-4 16:31:2 :POST /user/getShare - 5ms
2020-4-4 16:31:2 :OPTIONS /user/getShare - 0ms
2020-4-4 16:31:2 :POST /user/getShare - 3ms
2020-4-4 16:31:2 :OPTIONS /user/getShare - 0ms
2020-4-4 16:31:2 :POST /user/getShare - 37ms
2020-4-4 16:31:2 :GET /file/getImg?imagePath=1585976718633 - 404
2020-4-4 16:31:2 :GET /file/getImg?imagePath=1585984704413 - 404
2020-4-4 16:31:2 :OPTIONS /user/getShare - 50ms
2020-4-4 16:31:2 :POST /user/getShare - 69ms
2020-4-4 16:31:2 :GET /file/getImg?imagePath=1585976718633 - 404
2020-4-4 16:31:2 :GET /file/getImg?imagePath=1585984704413 - 404
2020-4-4 16:31:2 :OPTIONS /user/getShare - 0ms
2020-4-4 16:31:2 :POST /user/getShare - 8ms
2020-4-4 16:31:2 :GET /file/getImg?imagePath=1585976718633 - 404
2020-4-4 16:31:2 :GET /file/getImg?imagePath=1585984704413 - 404
2020-4-4 16:31:2 :OPTIONS /user/getShare - 0ms
2020-4-4 16:31:2 :POST /user/getShare - 31ms
2020-4-4 16:31:2 :GET /file/getImg?imagePath=1585976718633 - 404
2020-4-4 16:31:2 :GET /file/getImg?imagePath=1585984704413 - 404
2020-4-4 16:31:2 :OPTIONS /user/getShare - 1ms
2020-4-4 16:31:2 :POST /user/getShare - 55ms
2020-4-4 16:31:2 :GET /file/getImg?imagePath=1585976718633 - 404
2020-4-4 16:31:2 :GET /file/getImg?imagePath=1585984704413 - 404
2020-4-4 16:31:2 :OPTIONS /user/getShare - 0ms
2020-4-4 16:31:2 :POST /user/getShare - 20ms
2020-4-4 16:31:2 :GET /file/getImg?imagePath=1585984704413 - 404
2020-4-4 16:31:2 :GET /file/getImg?imagePath=1585976718633 - 404
2020-4-4 16:31:2 :OPTIONS /user/getShare - 0ms
2020-4-4 16:31:2 :POST /user/getShare - 71ms
2020-4-4 16:31:2 :GET /file/getImg?imagePath=1585984704413 - 404
2020-4-4 16:31:2 :GET /file/getImg?imagePath=1585976718633 - 404
2020-4-4 16:31:2 :OPTIONS /user/getShare - 0ms
2020-4-4 16:31:2 :POST /user/getShare - 15ms
2020-4-4 16:31:2 :GET /file/getImg?imagePath=1585976718633 - 404
2020-4-4 16:31:2 :GET /file/getImg?imagePath=1585984704413 - 404
2020-4-4 16:31:2 :OPTIONS /user/getShare - 1ms
2020-4-4 16:31:2 :POST /user/getShare - 78ms
2020-4-4 16:31:2 :GET /file/getImg?imagePath=1585976718633 - 404
2020-4-4 16:31:2 :GET /file/getImg?imagePath=1585984704413 - 404
2020-4-4 16:31:2 :OPTIONS /user/getShare - 1ms
2020-4-4 16:31:2 :POST /user/getShare - 33ms
2020-4-4 16:31:2 :GET /file/getImg?imagePath=1585976718633 - 404
2020-4-4 16:31:2 :GET /file/getImg?imagePath=1585984704413 - 404
2020-4-4 16:31:2 :OPTIONS /user/getShare - 0ms
2020-4-4 16:31:2 :POST /user/getShare - 39ms
2020-4-4 16:31:2 :GET /file/getImg?imagePath=1585976718633 - 404
2020-4-4 16:31:2 :GET /file/getImg?imagePath=1585984704413 - 404
2020-4-4 16:31:2 :OPTIONS /user/getShare - 0ms
2020-4-4 16:31:2 :POST /user/getShare - 19ms
2020-4-4 16:31:2 :GET /file/getImg?imagePath=1585984704413 - 404
2020-4-4 16:31:2 :GET /file/getImg?imagePath=1585976718633 - 404
2020-4-4 16:31:2 :OPTIONS /user/getShare - 0ms
2020-4-4 16:31:2 :POST /user/getShare - 23ms
2020-4-4 16:31:2 :GET /file/getImg?imagePath=1585976718633 - 404
2020-4-4 16:31:2 :GET /file/getImg?imagePath=1585984704413 - 404
2020-4-4 16:31:2 :OPTIONS /user/getShareComment - 0ms
2020-4-4 16:31:2 :POST /user/getShareComment - 1814ms
2020-4-4 16:31:2 :GET /file/getImg?imagePath=1585984704413 - 404
2020-4-4 16:31:2 :GET /file/getImg?imagePath=1585976718633 - 404
2020-4-4 16:31:2 :OPTIONS /user/getShareComment - 0ms
2020-4-4 16:31:2 :POST /user/getShareComment - 6ms
2020-4-4 16:31:2 :GET /file/getImg?imagePath=1585984704413 - 404
2020-4-4 16:31:2 :GET /file/getImg?imagePath=1585976718633 - 404
2020-4-4 16:31:2 :OPTIONS /user/getShareComment - 0ms
2020-4-4 16:31:2 :POST /user/getShareComment - 121ms
2020-4-4 16:31:2 :GET /file/getImg?imagePath=1585984704413 - 404
2020-4-4 16:31:2 :GET /file/getImg?imagePath=1585976718633 - 404
2020-4-4 16:31:2 :OPTIONS /user/getShareComment - 0ms
2020-4-4 16:31:2 :POST /user/getShareComment - 3ms
2020-4-4 16:31:2 :GET /file/getImg?imagePath=1585984704413 - 404
2020-4-4 16:31:2 :GET /file/getImg?imagePath=1585976718633 - 404
2020-4-4 16:31:2 :OPTIONS /user/getShareComment - 0ms
2020-4-4 16:31:2 :POST /user/getShareComment - 4ms
2020-4-4 16:31:2 :GET /file/getImg?imagePath=1585984704413 - 404
2020-4-4 16:31:2 :GET /file/getImg?imagePath=1585976718633 - 404
2020-4-4 16:31:2 :OPTIONS /user/getShareComment - 0ms
2020-4-4 16:31:2 :POST /user/getShareComment - 3ms
2020-4-4 16:31:2 :GET /file/getImg?imagePath=1585984704413 - 404
2020-4-4 16:31:2 :GET /file/getImg?imagePath=1585976718633 - 404
2020-4-4 16:31:2 :OPTIONS /user/getShareComment - 0ms
2020-4-4 16:31:2 :POST /user/getShareComment - 4ms
2020-4-4 16:31:2 :OPTIONS /user/getShare - 0ms
2020-4-4 16:31:2 :POST /user/getShare - 3ms
2020-4-4 16:31:2 :POST /user/getShareComment - 5ms
2020-4-4 16:31:2 :GET /file/getImg?imagePath=1585984704413 - 404
2020-4-4 16:31:2 :GET /file/getImg?imagePath=1585976718633 - 404
2020-4-4 16:31:2 :OPTIONS /user/getShareComment - 0ms
2020-4-4 16:31:2 :POST /user/getShareComment - 50ms
2020-4-4 16:31:2 :OPTIONS /user/getShare - 0ms
2020-4-4 16:31:2 :POST /user/getShare - 4ms
2020-4-4 16:31:2 :OPTIONS /user/getShareComment - 0ms
2020-4-4 16:31:2 :POST /user/getShareComment - 3ms
2020-4-4 16:31:2 :GET /file/getImg?imagePath=1585976718633 - 404
2020-4-4 16:31:2 :GET /file/getImg?imagePath=1585984704413 - 404
2020-4-4 16:31:2 :OPTIONS /user/getShareComment - 0ms
2020-4-4 16:31:2 :POST /user/getShareComment - 3ms
2020-4-4 16:31:2 :OPTIONS /user/getShare - 0ms
2020-4-4 16:31:2 :POST /user/getShare - 4ms
2020-4-4 16:31:2 :OPTIONS /user/getShareComment - 1ms
2020-4-4 16:31:2 :POST /user/getShareComment - 3ms
2020-4-4 16:31:2 :GET /file/getImg?imagePath=1585976718633 - 404
2020-4-4 16:31:2 :GET /file/getImg?imagePath=1585984704413 - 404
2020-4-4 16:31:2 :OPTIONS /user/getShareComment - 1ms
2020-4-4 16:31:2 :POST /user/getShareComment - 4ms
2020-4-4 16:31:2 :GET /file/getImg?imagePath=1585976718633 - 404
2020-4-4 16:31:2 :GET /file/getImg?imagePath=1585984704413 - 404
2020-4-4 16:31:2 :OPTIONS /user/getShareComment - 0ms
2020-4-4 16:31:2 :POST /user/getShareComment - 4ms
2020-4-4 16:31:2 :GET /file/getImg?imagePath=1585976718633 - 404
2020-4-4 16:31:2 :GET /file/getImg?imagePath=1585984704413 - 404
2020-4-4 16:31:2 :OPTIONS /user/getShareComment - 0ms
2020-4-4 16:31:2 :POST /user/getShareComment - 4ms
2020-4-4 16:31:2 :GET /file/getImg?imagePath=1585976718633 - 404
2020-4-4 16:31:2 :GET /file/getImg?imagePath=1585984704413 - 404
2020-4-4 16:31:2 :OPTIONS /user/getShareComment - 0ms
2020-4-4 16:31:2 :POST /user/getShareComment - 4ms
2020-4-4 16:31:2 :GET /file/getImg?imagePath=1585976718633 - 404
2020-4-4 16:31:2 :GET /file/getImg?imagePath=1585984704413 - 404
2020-4-4 16:31:2 :OPTIONS /user/getShareComment - 0ms
2020-4-4 16:31:2 :POST /user/getShareComment - 3ms
2020-4-4 16:31:2 :GET /file/getImg?imagePath=1585976718633 - 404
2020-4-4 16:31:2 :GET /file/getImg?imagePath=1585984704413 - 404
2020-4-4 16:31:2 :OPTIONS /user/getShareComment - 0ms
2020-4-4 16:31:2 :POST /user/getShareComment - 3ms
2020-4-4 16:31:2 :GET /file/getImg?imagePath=1585976718633 - 404
2020-4-4 16:31:2 :GET /file/getImg?imagePath=1585984704413 - 404
2020-4-4 16:31:2 :OPTIONS /user/getShareComment - 1ms
2020-4-4 16:31:2 :POST /user/getShareComment - 3ms
2020-4-4 16:31:2 :GET /file/getImg?imagePath=1585976718633 - 404
2020-4-4 16:31:2 :GET /file/getImg?imagePath=1585984704413 - 404
2020-4-4 16:31:2 :OPTIONS /user/getShareComment - 1ms
2020-4-4 16:31:2 :POST /user/getShareComment - 4ms
2020-4-4 16:31:2 :GET /file/getImg?imagePath=1585976718633 - 404
2020-4-4 16:31:2 :GET /file/getImg?imagePath=1585984704413 - 404
2020-4-4 16:31:2 :OPTIONS /user/getShareComment - 0ms
2020-4-4 16:31:2 :POST /user/getShareComment - 3ms
2020-4-4 16:31:2 :GET /file/getImg?imagePath=1585976718633 - 404
2020-4-4 16:31:2 :GET /file/getImg?imagePath=1585984704413 - 404
2020-4-4 16:31:2 :OPTIONS /user/getShareComment - 0ms
2020-4-4 16:31:2 :POST /user/getShareComment - 4ms
2020-4-4 16:31:2 :OPTIONS /user/getShare - 0ms
2020-4-4 16:31:2 :POST /user/getShare - 6ms
2020-4-4 16:31:2 :OPTIONS /user/getShareComment - 0ms
2020-4-4 16:31:2 :POST /user/getShareComment - 4ms
2020-4-4 16:31:2 :POST /user/getShare - 4ms
2020-4-4 16:31:2 :POST /user/getShareComment - 4ms
2020-4-4 16:31:2 :GET /file/getImg?imagePath=1585976718633 - 404
2020-4-4 16:31:2 :GET /file/getImg?imagePath=1585984704413 - 404
2020-4-4 16:31:2 :OPTIONS /user/getShareComment - 0ms
2020-4-4 16:31:2 :POST /user/getShareComment - 3ms
2020-4-4 16:31:2 :GET /file/getImg?imagePath=1585976718633 - 404
2020-4-4 16:31:2 :GET /file/getImg?imagePath=1585984704413 - 404
2020-4-4 16:31:2 :OPTIONS /user/getShareComment - 0ms
2020-4-4 16:31:2 :POST /user/getShareComment - 4ms
2020-4-4 16:31:2 :GET /file/getImg?imagePath=1585976718633 - 404
2020-4-4 16:31:2 :GET /file/getImg?imagePath=1585984704413 - 404
2020-4-4 16:31:2 :OPTIONS /user/getShareComment - 0ms
2020-4-4 16:31:2 :POST /user/getShareComment - 3ms
2020-4-4 16:31:2 :GET /file/getImg?imagePath=1585976718633 - 404
2020-4-4 16:31:2 :GET /file/getImg?imagePath=1585984704413 - 404
2020-4-4 16:31:2 :OPTIONS /user/getShareComment - 0ms
2020-4-4 16:31:2 :POST /user/getShareComment - 3ms
2020-4-4 16:31:2 :GET /file/getImg?imagePath=1585976718633 - 404
2020-4-4 16:31:2 :GET /file/getImg?imagePath=1585984704413 - 404
2020-4-4 16:31:2 :OPTIONS /user/getShareComment - 1ms
2020-4-4 16:31:2 :POST /user/getShareComment - 4ms
2020-4-4 16:31:2 :GET /file/getImg?imagePath=1585976718633 - 404
2020-4-4 16:31:2 :GET /file/getImg?imagePath=1585984704413 - 404
2020-4-4 16:31:2 :OPTIONS /user/getShareComment - 1ms
2020-4-4 16:31:2 :POST /user/getShareComment - 4ms
2020-4-4 16:31:2 :GET /file/getImg?imagePath=1585976718633 - 404
2020-4-4 16:31:2 :GET /file/getImg?imagePath=1585984704413 - 404
2020-4-4 16:31:2 :OPTIONS /user/getShareComment - 0ms
2020-4-4 16:31:2 :POST /user/getShareComment - 3ms
2020-4-4 16:31:2 :GET /file/getImg?imagePath=1585976718633 - 404
2020-4-4 16:31:2 :GET /file/getImg?imagePath=1585984704413 - 404
2020-4-4 16:31:2 :OPTIONS /user/getShareComment - 0ms
2020-4-4 16:31:2 :POST /user/getShareComment - 4ms
2020-4-4 16:31:2 :GET /file/getImg?imagePath=1585976718633 - 404
2020-4-4 16:31:2 :GET /file/getImg?imagePath=1585984704413 - 404
2020-4-4 16:31:2 :OPTIONS /user/getShareComment - 0ms
2020-4-4 16:31:2 :POST /user/getShareComment - 4ms
2020-4-4 16:31:2 :GET /file/getImg?imagePath=1585976718633 - 404
2020-4-4 16:31:2 :GET /file/getImg?imagePath=1585984704413 - 404
2020-4-4 16:31:2 :OPTIONS /user/getShareComment - 0ms
2020-4-4 16:31:2 :POST /user/getShareComment - 4ms
2020-4-4 16:31:2 :GET /file/getImg?imagePath=1585976718633 - 404
2020-4-4 16:31:2 :GET /file/getImg?imagePath=1585984704413 - 404
2020-4-4 16:31:2 :OPTIONS /user/getShareComment - 0ms
2020-4-4 16:31:2 :POST /user/getShareComment - 3ms
2020-4-4 16:31:2 :GET /file/getImg?imagePath=1585976718633 - 404
2020-4-4 16:31:2 :GET /file/getImg?imagePath=1585984704413 - 404
2020-4-4 16:31:2 :OPTIONS /user/getShareComment - 0ms
2020-4-4 16:31:2 :POST /user/getShareComment - 4ms
2020-4-4 16:31:2 :GET /file/getImg?imagePath=1585976718633 - 404
2020-4-4 16:31:2 :GET /file/getImg?imagePath=1585984704413 - 404
2020-4-4 16:31:2 :OPTIONS /user/getShareComment - 0ms
2020-4-4 16:31:2 :POST /user/getShareComment - 3ms
2020-4-4 16:31:2 :OPTIONS /user/getShare - 0ms
2020-4-4 16:31:2 :POST /user/getShare - 7ms
2020-4-4 16:31:2 :OPTIONS /user/getShare - 0ms
2020-4-4 16:31:2 :POST /user/getShare - 333ms
2020-4-4 16:31:2 :GET /file/getImg?imagePath=1585984704413 - 404
2020-4-4 16:31:2 :GET /file/getImg?imagePath=1585976718633 - 404
2020-4-4 16:31:2 :GET /file/getImg?imagePath=1585983907427 - 404
2020-4-4 16:31:2 :OPTIONS /user/getSort - 0ms
2020-4-4 16:31:2 :POST /user/getSort - 56ms
2020-4-4 16:31:2 :OPTIONS /user/getGoods - 6ms
2020-4-4 16:31:2 :POST /user/getGoods - 137ms
2020-4-4 16:31:2 :OPTIONS /user/getShare - 0ms
2020-4-4 16:31:2 :POST /user/getShare - 29ms
2020-4-4 16:31:2 :OPTIONS /user/getGoods - 0ms
2020-4-4 16:31:2 :OPTIONS /user/getSort - 0ms
2020-4-4 16:31:2 :POST /user/getGoods - 3ms
2020-4-4 16:31:2 :POST /user/getSort - 19ms
2020-4-4 16:31:2 :POST /user/getGoods - 13ms
2020-4-4 16:31:2 :POST /user/getSort - 19ms
2020-4-4 16:31:2 :POST /user/getGoods - 29ms
2020-4-4 16:31:2 :GET /file/getImg?imagePath=1585983907580 - 404
2020-4-4 16:31:2 :OPTIONS /user/getGoods - 0ms
2020-4-4 16:31:2 :OPTIONS /user/getSort - 1ms
2020-4-4 16:31:2 :POST /user/getSort - 7ms
2020-4-4 16:31:2 :POST /user/getGoods - 14ms
2020-4-4 16:31:2 :GET /file/getImg?imagePath=1585983907427 - 404
2020-4-4 16:31:2 :OPTIONS /user/getSort - 0ms
2020-4-4 16:31:2 :OPTIONS /user/getGoods - 0ms
2020-4-4 16:31:2 :POST /user/getGoods - 3ms
2020-4-4 16:31:2 :POST /user/getSort - 7ms
2020-4-4 16:31:2 :OPTIONS /user/getShare - 0ms
2020-4-4 16:31:2 :POST /user/getShare - 15ms
2020-4-4 16:31:2 :GET /file/getImg?imagePath=1585976718633 - 404
2020-4-4 16:31:2 :GET /file/getImg?imagePath=1585984704413 - 404
2020-4-4 16:31:2 :OPTIONS /user/getShare - 0ms
2020-4-4 16:31:2 :POST /user/getShare - 5ms
2020-4-4 16:31:2 :OPTIONS /user/getShareComment - 0ms
2020-4-4 16:31:2 :POST /user/getShareComment - 118ms
2020-4-4 16:31:2 :POST /user/getShare - 3ms
2020-4-4 16:31:2 :OPTIONS /user/getShare - 0ms
2020-4-4 16:31:2 :POST /user/getShare - 5ms
2020-4-4 16:31:2 :OPTIONS /user/getShare - 0ms
2020-4-4 16:31:2 :POST /user/getShare - 12ms
2020-4-4 16:31:2 :OPTIONS /user/getShare - 0ms
2020-4-4 16:31:2 :POST /user/getShare - 2ms
2020-4-4 16:31:2 :OPTIONS /user/getShare - 0ms
2020-4-4 16:31:2 :POST /user/getShare - 26ms
2020-4-4 16:31:2 :GET /file/getImg?imagePath=1585984704413 - 404
2020-4-4 16:31:2 :GET /file/getImg?imagePath=1585976718633 - 404
2020-4-4 16:31:2 :OPTIONS /user/getShare - 0ms
2020-4-4 16:31:2 :POST /user/getShare - 65ms
2020-4-4 16:31:2 :GET /file/getImg?imagePath=1585976718633 - 404
2020-4-4 16:31:2 :GET /file/getImg?imagePath=1585984704413 - 404
2020-4-4 16:31:2 :OPTIONS /user/getShare - 0ms
2020-4-4 16:31:2 :POST /user/getShare - 25ms
2020-4-4 16:31:2 :GET /file/getImg?imagePath=1585984704413 - 404
2020-4-4 16:31:2 :GET /file/getImg?imagePath=1585976718633 - 404
2020-4-4 16:31:2 :OPTIONS /user/getShare - 0ms
2020-4-4 16:31:2 :POST /user/getShare - 23ms
2020-4-4 16:31:2 :GET /file/getImg?imagePath=1585976718633 - 404
2020-4-4 16:31:2 :GET /file/getImg?imagePath=1585984704413 - 404
2020-4-4 16:31:2 :OPTIONS /user/getShare - 0ms
2020-4-4 16:31:2 :POST /user/getShare - 6ms
2020-4-4 16:31:2 :GET /file/getImg?imagePath=1585976718633 - 404
2020-4-4 16:31:2 :GET /file/getImg?imagePath=1585984704413 - 404
2020-4-4 16:31:2 :OPTIONS /user/getShare - 1ms
2020-4-4 16:31:2 :POST /user/getShare - 28ms
2020-4-4 16:31:2 :GET /file/getImg?imagePath=1585976718633 - 404
2020-4-4 16:31:2 :GET /file/getImg?imagePath=1585984704413 - 404
2020-4-4 16:31:2 :OPTIONS /user/getShare - 0ms
2020-4-4 16:31:2 :POST /user/getShare - 7ms
2020-4-4 16:31:2 :GET /file/getImg?imagePath=1585976718633 - 404
2020-4-4 16:31:2 :GET /file/getImg?imagePath=1585984704413 - 404
2020-4-4 16:31:2 :OPTIONS /user/getShare - 0ms
2020-4-4 16:31:2 :POST /user/getShare - 21ms
2020-4-4 16:31:2 :GET /file/getImg?imagePath=1585984704413 - 404
2020-4-4 16:31:2 :GET /file/getImg?imagePath=1585976718633 - 404
2020-4-4 16:31:2 :OPTIONS /user/getShare - 0ms
2020-4-4 16:31:2 :POST /user/getShare - 31ms
2020-4-4 16:31:2 :GET /file/getImg?imagePath=1585984704413 - 404
2020-4-4 16:31:2 :GET /file/getImg?imagePath=1585976718633 - 404
2020-4-4 16:31:2 :OPTIONS /user/getShare - 1ms
2020-4-4 16:31:2 :POST /user/getShare - 21ms
2020-4-4 16:31:2 :GET /file/getImg?imagePath=1585976718633 - 404
2020-4-4 16:31:2 :GET /file/getImg?imagePath=1585984704413 - 404
2020-4-4 16:31:2 :OPTIONS /user/getShare - 0ms
2020-4-4 16:31:2 :POST /user/getShare - 24ms
2020-4-4 16:31:2 :GET /file/getImg?imagePath=1585976718633 - 404
2020-4-4 16:31:2 :GET /file/getImg?imagePath=1585984704413 - 404
2020-4-4 16:31:2 :OPTIONS /user/getShare - 0ms
2020-4-4 16:31:2 :POST /user/getShare - 8ms
2020-4-4 16:31:2 :GET /file/getImg?imagePath=1585976718633 - 404
2020-4-4 16:31:2 :GET /file/getImg?imagePath=1585984704413 - 404
2020-4-4 16:31:2 :OPTIONS /user/getShare - 0ms
2020-4-4 16:31:2 :POST /user/getShare - 30ms
2020-4-4 16:31:2 :GET /file/getImg?imagePath=1585984704413 - 404
2020-4-4 16:31:2 :GET /file/getImg?imagePath=1585976718633 - 404
2020-4-4 16:31:2 :OPTIONS /user/getShare - 0ms
2020-4-4 16:31:2 :POST /user/getShare - 39ms
2020-4-4 16:31:2 :GET /file/getImg?imagePath=1585976718633 - 404
2020-4-4 16:31:2 :GET /file/getImg?imagePath=1585984704413 - 404
2020-4-4 16:31:2 :OPTIONS /user/getShare - 1ms
2020-4-4 16:31:2 :POST /user/getShare - 24ms
2020-4-4 16:31:2 :GET /file/getImg?imagePath=1585976718633 - 404
2020-4-4 16:31:2 :GET /file/getImg?imagePath=1585984704413 - 404
2020-4-4 16:31:2 :OPTIONS /user/getShare - 0ms
2020-4-4 16:31:2 :POST /user/getShare - 10ms
2020-4-4 16:31:2 :GET /file/getImg?imagePath=1585984704413 - 404
2020-4-4 16:31:2 :GET /file/getImg?imagePath=1585976718633 - 404
2020-4-4 16:31:2 :OPTIONS /user/getShare - 0ms
2020-4-4 16:31:2 :POST /user/getShare - 21ms
2020-4-4 16:31:2 :GET /file/getImg?imagePath=1585976718633 - 404
2020-4-4 16:31:2 :GET /file/getImg?imagePath=1585984704413 - 404
2020-4-4 16:31:2 :OPTIONS /user/getShare - 0ms
2020-4-4 16:31:2 :POST /user/getShare - 14ms
2020-4-4 16:31:2 :GET /file/getImg?imagePath=1585976718633 - 404
2020-4-4 16:31:2 :GET /file/getImg?imagePath=1585984704413 - 404
2020-4-4 16:31:2 :OPTIONS /user/getShare - 0ms
2020-4-4 16:31:2 :POST /user/getShare - 3ms
2020-4-4 16:31:2 :OPTIONS /user/getShareComment - 0ms
2020-4-4 16:31:2 :POST /user/getShareComment - 629ms
2020-4-4 16:31:2 :GET /file/getImg?imagePath=1585976718633 - 404
2020-4-4 16:31:2 :GET /file/getImg?imagePath=1585984704413 - 404
2020-4-4 16:31:2 :OPTIONS /user/getShareComment - 0ms
2020-4-4 16:31:2 :POST /user/getShareComment - 141ms
2020-4-4 16:31:2 :OPTIONS /user/getShare - 0ms
2020-4-4 16:31:2 :POST /user/getShare - 4ms
2020-4-4 16:31:2 :POST /user/getShare - 8ms
2020-4-4 16:31:2 :OPTIONS /user/getShare - 0ms
2020-4-4 16:31:2 :POST /user/getShare - 27ms
2020-4-4 16:31:2 :GET /file/getImg?imagePath=1585976718633 - 404
2020-4-4 16:31:2 :GET /file/getImg?imagePath=1585984704413 - 404
2020-4-4 16:31:2 :OPTIONS /user/getShare - 0ms
2020-4-4 16:31:2 :POST /user/getShare - 21ms
2020-4-4 16:31:2 :GET /file/getImg?imagePath=1585984704413 - 404
2020-4-4 16:31:2 :GET /file/getImg?imagePath=1585976718633 - 404
2020-4-4 16:31:2 :OPTIONS /user/getShare - 0ms
2020-4-4 16:31:2 :POST /user/getShare - 9ms
2020-4-4 16:31:2 :GET /file/getImg?imagePath=1585976718633 - 404
2020-4-4 16:31:2 :GET /file/getImg?imagePath=1585984704413 - 404
2020-4-4 16:31:2 :GET /file/getImg?imagePath=1585983907427 - 404
2020-4-4 16:31:2 :OPTIONS /user/getPay - 0ms
2020-4-4 16:31:2 :POST /user/getPay - 108ms
2020-4-4 16:31:2 :POST /user/getPay - 2ms
2020-4-4 16:31:2 :OPTIONS /user/getPay - 0ms
2020-4-4 16:31:2 :POST /user/getPay - 3ms
2020-4-4 16:31:2 :OPTIONS /user/getAddress - 1ms
2020-4-4 16:31:2 :POST /user/getAddress - 18ms
2020-4-4 16:31:2 :OPTIONS /user/getAddress - 1ms
2020-4-4 16:31:2 :POST /user/getAddress - 9ms
2020-4-4 16:31:2 :OPTIONS /user/getAddress - 0ms
2020-4-4 16:31:2 :POST /user/getAddress - 56ms
2020-4-4 16:31:2 :OPTIONS /user/getAddress - 0ms
2020-4-4 16:31:2 :POST /user/getAddress - 20ms
2020-4-4 16:31:2 :GET /file/getImg?imagePath=1585976718633 - 404
2020-4-4 16:31:2 :GET /file/getImg?imagePath=1585983907427 - 404
2020-4-4 16:31:2 :OPTIONS /user/getAddress - 0ms
2020-4-4 16:31:2 :POST /user/getAddress - 3ms
2020-4-4 16:31:2 :OPTIONS /user/getAddress - 1ms
2020-4-4 16:31:2 :POST /user/getAddress - 22ms
2020-4-4 16:31:2 :GET /file/getImg?imagePath=1585976718633 - 404
2020-4-4 16:31:2 :OPTIONS /user/getAddress - 0ms
2020-4-4 16:31:2 :POST /user/getAddress - 4ms
2020-4-4 16:31:2 :OPTIONS /user/getAddress - 0ms
2020-4-4 16:31:2 :POST /user/getAddress - 5ms
2020-4-4 16:31:2 :OPTIONS /user/getAddress - 1ms
2020-4-4 16:31:2 :POST /user/getAddress - 3ms
2020-4-4 16:31:2 :OPTIONS /user/getAddress - 1ms
2020-4-4 16:31:2 :POST /user/getAddress - 23ms
2020-4-4 16:31:2 :OPTIONS /user/getAddress - 0ms
2020-4-4 16:31:2 :POST /user/getAddress - 25ms
2020-4-4 16:31:2 :OPTIONS /user/getAddress - 0ms
2020-4-4 16:31:2 :POST /user/getAddress - 21ms
2020-4-4 16:31:2 :GET /file/getImg?imagePath=1585976718633 - 404
2020-4-4 16:31:2 :OPTIONS /user/getAddress - 0ms
2020-4-4 16:31:2 :POST /user/getAddress - 5ms
2020-4-4 16:31:2 :OPTIONS /user/getAddress - 0ms
2020-4-4 16:31:2 :POST /user/getAddress - 5ms
2020-4-4 16:31:2 :OPTIONS /user/getAddress - 0ms
2020-4-4 16:31:2 :POST /user/getAddress - 17ms
2020-4-4 16:31:2 :OPTIONS /user/getAddress - 0ms
2020-4-4 16:31:2 :POST /user/getAddress - 11ms
2020-4-4 16:31:2 :OPTIONS /user/getAddress - 0ms
2020-4-4 16:31:2 :POST /user/getAddress - 5ms
2020-4-4 16:31:2 :OPTIONS /user/getAddress - 1ms
2020-4-4 16:31:2 :POST /user/getAddress - 30ms
2020-4-4 16:31:2 :OPTIONS /user/getAddress - 0ms
2020-4-4 16:31:2 :POST /user/getAddress - 55ms
2020-4-4 16:31:2 :OPTIONS /user/getAddress - 0ms
2020-4-4 16:31:2 :POST /user/getAddress - 16ms
2020-4-4 16:31:2 :OPTIONS /user/getAddress - 0ms
2020-4-4 16:31:2 :POST /user/getAddress - 33ms
2020-4-4 16:31:2 :OPTIONS /user/getAddress - 0ms
2020-4-4 16:31:2 :POST /user/getAddress - 35ms
2020-4-4 16:31:2 :OPTIONS /user/getAddress - 0ms
2020-4-4 16:31:2 :POST /user/getAddress - 9ms
2020-4-4 16:31:2 :OPTIONS /user/getAddress - 0ms
2020-4-4 16:31:2 :POST /user/getAddress - 31ms
2020-4-4 16:31:2 :GET /file/getImg?imagePath=1585976718633 - 404
2020-4-4 16:31:2 :OPTIONS /user/getAddress - 0ms
2020-4-4 16:31:2 :POST /user/getAddress - 4ms
2020-4-4 16:31:2 :OPTIONS /user/getAddress - 0ms
2020-4-4 16:31:2 :POST /user/getAddress - 3ms
2020-4-4 16:31:2 :OPTIONS /user/getAddress - 0ms
2020-4-4 16:31:2 :POST /user/getAddress - 3ms
2020-4-4 16:31:2 :OPTIONS /user/getAddress - 0ms
2020-4-4 16:31:2 :POST /user/getAddress - 6ms
2020-4-4 16:31:2 :OPTIONS /user/getAddress - 0ms
2020-4-4 16:31:2 :POST /user/getAddress - 26ms
2020-4-4 16:31:2 :GET /file/getImg?imagePath=1585976718633 - 404
2020-4-4 16:31:2 :OPTIONS /user/getPay - 0ms
2020-4-4 16:31:2 :POST /user/getPay - 28ms
2020-4-4 16:31:2 :GET /file/getImg?imagePath=1585983907427 - 404
2020-4-4 16:31:2 :OPTIONS /user/getComment - 0ms
2020-4-4 16:31:2 :POST /user/getComment - 99ms
2020-4-4 16:31:2 :GET /file/getImg?imagePath=1585976718633 - 404
2020-4-4 16:31:2 :OPTIONS /user/getComment - 0ms
2020-4-4 16:31:2 :POST /user/getComment - 406ms
2020-4-4 16:31:2 :OPTIONS /user/getAddress - 1ms
2020-4-4 16:31:2 :POST /user/getAddress - 2ms
2020-4-4 16:31:2 :OPTIONS /user/getPay - 0ms
2020-4-4 16:31:2 :POST /user/getPay - 3ms
2020-4-4 16:31:2 :GET /file/getImg?imagePath=1585983907427 - 404
2020-4-4 16:31:2 :OPTIONS /user/getComment - 0ms
2020-4-4 16:31:2 :POST /user/getComment - 8ms
2020-4-4 16:31:2 :OPTIONS /user/getPay - 0ms
2020-4-4 16:31:2 :POST /user/getPay - 4ms
2020-4-4 16:31:2 :GET /file/getImg?imagePath=1585983907427 - 404
2020-4-4 16:31:2 :GET /file/getImg?imagePath=1585976718633 - 404
2020-4-4 16:31:2 :OPTIONS /user/getPay - 1ms
2020-4-4 16:31:2 :POST /user/getPay - 2ms
2020-4-4 16:31:2 :GET /file/getImg?imagePath=1585983907427 - 404
2020-4-4 16:31:2 :GET /file/getImg?imagePath=1585976718633 - 404
2020-4-4 16:31:2 :OPTIONS /user/getPay - 0ms
2020-4-4 16:31:2 :POST /user/getPay - 3ms
2020-4-4 16:31:2 :OPTIONS /user/getPay - 0ms
2020-4-4 16:31:2 :POST /user/getPay - 4ms
2020-4-4 16:31:2 :GET /file/getImg?imagePath=1585983907427 - 404
2020-4-4 16:31:2 :OPTIONS /user/getPay - 0ms
2020-4-4 16:31:2 :POST /user/getPay - 23ms
2020-4-4 16:31:2 :GET /file/getImg?imagePath=1585983907427 - 404
2020-4-4 16:31:2 :OPTIONS /user/getPay - 0ms
2020-4-4 16:31:2 :POST /user/getPay - 29ms
2020-4-4 16:31:2 :GET /file/getImg?imagePath=1585983907427 - 404
2020-4-4 16:31:2 :OPTIONS /user/getPay - 0ms
2020-4-4 16:31:2 :POST /user/getPay - 25ms
2020-4-4 16:31:2 :GET /file/getImg?imagePath=1585983907427 - 404
2020-4-4 16:31:2 :OPTIONS /user/getPay - 0ms
2020-4-4 16:31:2 :POST /user/getPay - 2ms
2020-4-4 16:31:2 :OPTIONS /user/getPay - 0ms
2020-4-4 16:31:2 :POST /user/getPay - 3ms
2020-4-4 16:31:2 :GET /file/getImg?imagePath=1585976718633 - 404
2020-4-4 16:31:2 :OPTIONS /user/getComment - 0ms
2020-4-4 16:31:2 :POST /user/getComment - 4ms
2020-4-4 16:31:2 :OPTIONS /user/getGoods - 0ms
2020-4-4 16:31:2 :OPTIONS /user/getSort - 0ms
2020-4-4 16:31:2 :POST /user/getGoods - 155ms
2020-4-4 16:31:2 :POST /user/getSort - 160ms
2020-4-4 16:31:2 :OPTIONS /user/getGoods - 0ms
2020-4-4 16:31:2 :OPTIONS /user/getSort - 1ms
2020-4-4 16:31:2 :POST /user/getSort - 3ms
2020-4-4 16:31:2 :POST /user/getGoods - 5ms
2020-4-4 16:31:2 :OPTIONS /user/getGoods - 0ms
2020-4-4 16:31:2 :OPTIONS /user/getSort - 1ms
2020-4-4 16:31:2 :POST /user/getGoods - 7ms
2020-4-4 16:31:2 :POST /user/getSort - 7ms
2020-4-4 16:31:2 :OPTIONS /user/getGoods - 0ms
2020-4-4 16:31:2 :POST /user/getGoods - 2ms
2020-4-4 16:31:2 :OPTIONS /user/getGoods - 1ms
2020-4-4 16:31:2 :OPTIONS /user/getSort - 1ms
2020-4-4 16:31:2 :POST /user/getSort - 102ms
2020-4-4 16:31:2 :POST /user/getGoods - 300ms
2020-4-4 16:31:2 :GET /file/getImg?imagePath=1585983907427 - 404
2020-4-4 16:31:2 :POST /user/getGoods - 78ms
2020-4-4 16:31:2 :POST /user/getSort - 79ms
2020-4-4 16:31:2 :OPTIONS /user/getGoods - 0ms
2020-4-4 16:31:2 :OPTIONS /user/getSort - 0ms
2020-4-4 16:31:2 :OPTIONS /user/getGoods - 0ms
2020-4-4 16:31:2 :POST /user/getGoods - 6ms
2020-4-4 16:31:2 :POST /user/getSort - 3ms
2020-4-4 16:31:2 :POST /user/getGoods - 74ms
2020-4-4 16:31:2 :OPTIONS /user/getGoods - 0ms
2020-4-4 16:31:2 :OPTIONS /user/getSort - 0ms
2020-4-4 16:31:2 :POST /user/getSort - 3ms
2020-4-4 16:31:2 :POST /user/getGoods - 10ms
2020-4-4 16:31:2 :POST /user/getSort - 3ms
2020-4-4 16:31:2 :POST /user/getGoods - 24ms
2020-4-4 16:31:2 :POST /user/getGoods - 42ms
2020-4-4 16:31:2 :POST /user/getGoods - 6ms
2020-4-4 16:31:2 :POST /user/getSort - 3ms
2020-4-4 16:31:2 :OPTIONS /user/getGoods - 0ms
2020-4-4 16:31:2 :OPTIONS /user/getSort - 0ms
2020-4-4 16:31:2 :POST /user/getGoods - 30ms
2020-4-4 16:31:2 :POST /user/getSort - 49ms
2020-4-4 16:31:2 :GET /file/getImg?imagePath=1585983907427 - 404
2020-4-4 16:31:2 :POST /user/getGoods - 15ms
2020-4-4 16:31:2 :POST /user/getSort - 7ms
2020-4-4 16:31:2 :POST /user/getGoods - 2ms
2020-4-4 16:31:2 :POST /user/getGoods - 5ms
2020-4-4 16:31:2 :POST /user/getSort - 6ms
2020-4-4 16:31:2 :OPTIONS /user/getGoods - 0ms
2020-4-4 16:31:2 :OPTIONS /user/getGoods - 0ms
2020-4-4 16:31:2 :OPTIONS /user/getSort - 0ms
2020-4-4 16:31:2 :POST /user/getGoods - 4ms
2020-4-4 16:31:2 :POST /user/getGoods - 5ms
2020-4-4 16:31:2 :POST /user/getSort - 4ms
2020-4-4 16:31:2 :OPTIONS /user/getSort - 1ms
2020-4-4 16:31:2 :OPTIONS /user/getGoods - 1ms
2020-4-4 16:31:2 :POST /user/getSort - 4ms
2020-4-4 16:31:2 :POST /user/getGoods - 14ms
2020-4-4 16:31:2 :OPTIONS /user/getSort - 1ms
2020-4-4 16:31:2 :OPTIONS /user/getGoods - 0ms
2020-4-4 16:31:2 :POST /user/getGoods - 7ms
2020-4-4 16:31:2 :POST /user/getSort - 26ms
2020-4-4 16:31:2 :GET /file/getImg?imagePath=1585983907427 - 404
2020-4-4 16:31:2 :POST /user/getSort - 3ms
2020-4-4 16:31:2 :POST /user/getGoods - 4ms
2020-4-4 16:31:2 :OPTIONS /user/getGoods - 0ms
2020-4-4 16:31:2 :OPTIONS /user/getSort - 0ms
2020-4-4 16:31:2 :POST /user/getGoods - 7ms
2020-4-4 16:31:2 :POST /user/getSort - 32ms
2020-4-4 16:31:2 :OPTIONS /user/getGoods - 0ms
2020-4-4 16:31:2 :OPTIONS /user/getSort - 0ms
2020-4-4 16:31:2 :POST /user/getGoods - 5ms
2020-4-4 16:31:2 :POST /user/getSort - 15ms
2020-4-4 16:31:2 :GET /file/getImg?imagePath=1585983907427 - 404
2020-4-4 16:31:2 :OPTIONS /user/getGoods - 0ms
2020-4-4 16:31:2 :OPTIONS /user/getSort - 1ms
2020-4-4 16:31:2 :POST /user/getGoods - 8ms
2020-4-4 16:31:2 :POST /user/getSort - 4ms
2020-4-4 16:31:2 :POST /user/getGoods - 12ms
2020-4-4 16:31:2 :POST /user/getSort - 14ms
2020-4-4 16:31:2 :POST /user/getGoods - 1085ms
2020-4-4 16:31:2 :OPTIONS /user/getGoods - 1ms
2020-4-4 16:31:2 :OPTIONS /user/getSort - 0ms
2020-4-4 16:31:2 :POST /user/getGoods - 5ms
2020-4-4 16:31:2 :POST /user/getSort - 4ms
2020-4-4 16:31:2 :POST /user/getGoods - 11ms
2020-4-4 16:31:2 :POST /user/getSort - 8ms
2020-4-4 16:31:2 :POST /user/getGoods - 3ms
2020-4-4 16:31:2 :OPTIONS /user/getSort - 0ms
2020-4-4 16:31:2 :OPTIONS /user/getGoods - 2ms
2020-4-4 16:31:2 :POST /user/getSort - 4ms
2020-4-4 16:31:2 :POST /user/getGoods - 4ms
2020-4-4 16:31:2 :OPTIONS /user/getGoods - 0ms
2020-4-4 16:31:2 :OPTIONS /user/getSort - 1ms
2020-4-4 16:31:2 :POST /user/getGoods - 7ms
2020-4-4 16:31:2 :POST /user/getSort - 4ms
2020-4-4 16:31:2 :POST /user/getGoods - 3ms
2020-4-4 16:31:2 :POST /user/getGoods - 4ms
2020-4-4 16:31:2 :OPTIONS /user/getGoods - 0ms
2020-4-4 16:31:2 :OPTIONS /user/getSort - 0ms
2020-4-4 16:31:2 :POST /user/getGoods - 6ms
2020-4-4 16:31:2 :POST /user/getSort - 5ms
2020-4-4 16:31:2 :OPTIONS /user/getShare - 1ms
2020-4-4 16:31:2 :POST /user/getShare - 3ms
2020-4-4 16:31:2 :GET /file/getImg?imagePath=1585976718633 - 404
2020-4-4 16:31:2 :GET /file/getImg?imagePath=1585984704413 - 404
2020-4-4 16:31:2 :GET /file/getImg?imagePath=1585983907427 - 404
2020-4-4 16:31:2 :GET /file/getImg?imagePath=1585983907427 - 404
2020-4-4 16:31:2 :GET /file/getImg?imagePath=1585983907427 - 404
2020-4-4 16:31:2 :GET /file/getImg?imagePath=1585983907427 - 404
2020-4-4 16:31:2 :GET /file/getImg?imagePath=1585983907427 - 404
2020-4-4 16:31:2 :GET /file/getImg?imagePath=1585983907427 - 404
2020-4-4 16:31:2 :GET /file/getImg?imagePath=1585983907427 - 404