2020-4-1 9:43:48 :OPTIONS /user/login - 5ms
2020-4-1 9:43:48 :POST /user/login - 444ms
2020-4-1 9:43:48 :GET /admin - 0ms
2020-4-1 9:43:48 :GET /favicon.ico - 0ms
2020-4-1 9:43:48 :OPTIONS /user/getSort - 1ms
2020-4-1 9:43:48 :OPTIONS /user/getGoods - 20ms
2020-4-1 9:43:48 :POST /user/getGoods - 31ms
2020-4-1 9:43:48 :POST /user/getSort - 350ms
2020-4-1 9:43:48 :OPTIONS /user/getGoods - 0ms
2020-4-1 9:43:48 :OPTIONS /user/getSort - 0ms
2020-4-1 9:43:48 :POST /user/getGoods - 42ms
2020-4-1 9:43:48 :POST /user/getSort - 162ms
2020-4-1 9:43:48 :OPTIONS /user/getGoods - 0ms
2020-4-1 9:43:48 :OPTIONS /user/getSort - 0ms
2020-4-1 9:43:48 :POST /user/getGoods - 3ms
2020-4-1 9:43:48 :POST /user/getSort - 4ms
2020-4-1 9:43:48 :OPTIONS /user/getSort - 1ms
2020-4-1 9:43:48 :OPTIONS /user/getGoods - 0ms
2020-4-1 9:43:48 :POST /user/getGoods - 6ms
2020-4-1 9:43:48 :POST /user/getSort - 12ms
2020-4-1 9:43:48 :OPTIONS /user/getGoods - 0ms
2020-4-1 9:43:48 :OPTIONS /user/getSort - 1ms
2020-4-1 9:43:48 :POST /user/getGoods - 4ms
2020-4-1 9:43:48 :POST /user/getSort - 5ms
2020-4-1 9:43:48 :OPTIONS /user/getSort - 0ms
2020-4-1 9:43:48 :POST /user/getSort - 78ms
2020-4-1 9:43:48 :OPTIONS /user/login - 0ms
2020-4-1 9:43:48 :POST /user/login - 20ms
2020-4-1 9:43:48 :OPTIONS /user/getSort - 0ms
2020-4-1 9:43:48 :POST /user/getSort - 2ms