
2020-3-26 8:38:47 :OPTIONS /user/getGoods - 6ms
2020-3-26 8:38:47 :OPTIONS /user/getSort - 1ms
2020-3-26 8:38:47 :GET /admin - 0ms
2020-3-26 8:38:47 :GET /favicon.ico - 0ms
2020-3-26 8:38:47 :OPTIONS /user/login - 1ms
2020-3-26 8:38:47 :OPTIONS /user/login - 0ms
2020-3-26 8:38:47 :OPTIONS /user/login - 0ms
2020-3-26 8:38:47 :OPTIONS /user/login - 8ms
2020-3-26 8:38:47 :POST /user/getSort - 3661412ms
2020-3-26 8:38:47 :POST /user/login - 754ms
2020-3-26 8:38:47 :POST /user/login - 3501757ms
2020-3-26 8:38:47 :POST /user/login - 3414874ms
2020-3-26 8:38:47 :POST /user/login - 3411472ms
2020-3-26 8:38:47 :POST /user/login - 3119579ms
2020-3-26 8:38:47 :OPTIONS /user/login - 0ms
2020-3-26 8:38:47 :POST /user/login - 2ms
2020-3-26 8:38:47 :OPTIONS /user/getGoods - 1ms
2020-3-26 8:38:47 :POST /user/getGoods - 5ms
2020-3-26 8:38:47 :OPTIONS /user/login - 0ms
2020-3-26 8:38:47 :POST /user/login - 2ms
2020-3-26 8:38:47 :OPTIONS /user/getGoods - 0ms
2020-3-26 8:38:47 :POST /user/getGoods - 3ms
2020-3-26 8:38:47 :OPTIONS /user/login - 0ms
2020-3-26 8:38:47 :POST /user/login - 53ms
2020-3-26 8:38:47 :OPTIONS /user/getPay - 0ms
2020-3-26 8:38:47 :POST /user/getPay - 19ms
2020-3-26 8:38:47 :OPTIONS /user/getSort - 0ms
2020-3-26 8:38:47 :POST /user/getSort - 4ms
2020-3-26 8:38:47 :POST /user/getPay - 2ms
2020-3-26 8:38:47 :POST /user/getSort - 2ms
2020-3-26 8:38:47 :OPTIONS /user/getPay - 0ms
2020-3-26 8:38:47 :POST /user/getPay - 2ms
2020-3-26 8:38:47 :OPTIONS /user/getGoods - 0ms
2020-3-26 8:38:47 :POST /user/getGoods - 2ms
2020-3-26 8:38:47 :OPTIONS /user/login - 0ms
2020-3-26 8:38:47 :POST /user/login - 2ms
2020-3-26 8:38:47 :OPTIONS /user/getGoods - 1ms
2020-3-26 8:38:47 :POST /user/getGoods - 3ms
2020-3-26 8:38:47 :OPTIONS /user/login - 0ms
2020-3-26 8:38:47 :POST /user/login - 1ms
2020-3-26 8:38:47 :OPTIONS /user/getSort - 0ms
2020-3-26 8:38:47 :POST /user/getSort - 3ms
2020-3-26 8:38:47 :OPTIONS /user/getGoods - 295ms
2020-3-26 8:38:47 :POST /user/getGoods - 1645ms
2020-3-26 8:38:47 :POST /user/getGoods - 3813736ms
2020-3-26 8:38:47 :POST /user/getGoods - 7ms
2020-3-26 8:38:47 :OPTIONS /user/getSort - 1ms
2020-3-26 8:38:47 :POST /user/getSort - 3ms
2020-3-26 8:38:47 :OPTIONS /user/getShare - 0ms
2020-3-26 8:38:47 :POST /user/getShare - 4ms
2020-3-26 8:38:47 :POST /user/getShare - 16ms
2020-3-26 8:38:47 :OPTIONS /user/getShare - 0ms
2020-3-26 8:38:47 :POST /user/getShare - 3ms
2020-3-26 8:38:47 :OPTIONS /user/getGoods - 0ms
2020-3-26 8:38:47 :OPTIONS /user/getSort - 0ms
2020-3-26 8:38:47 :POST /user/getGoods - 17ms
2020-3-26 8:38:47 :POST /user/getSort - 4ms
2020-3-26 8:38:47 :OPTIONS /user/getShare - 0ms
2020-3-26 8:38:47 :POST /user/getShare - 3ms
2020-3-26 8:38:47 :OPTIONS /user/getGoods - 0ms
2020-3-26 8:38:47 :OPTIONS /user/getSort - 0ms
2020-3-26 8:38:47 :POST /user/getSort - 3ms
2020-3-26 8:38:47 :POST /user/getGoods - 4ms
2020-3-26 8:38:47 :OPTIONS /user/getShare - 0ms
2020-3-26 8:38:47 :POST /user/getShare - 14ms
2020-3-26 8:38:47 :OPTIONS /user/getGoods - 0ms
2020-3-26 8:38:47 :OPTIONS /user/getSort - 0ms
2020-3-26 8:38:47 :POST /user/getGoods - 109ms
2020-3-26 8:38:47 :POST /user/getSort - 27ms
2020-3-26 8:38:47 :OPTIONS /user/login - 0ms
2020-3-26 8:38:47 :POST /user/login - 105ms