
2020-3-30 13:33:51 :OPTIONS /user/login - 6ms
2020-3-30 13:33:51 :POST /user/login - 535ms
2020-3-30 13:33:51 :OPTIONS /user/getGoods - 2ms
2020-3-30 13:33:51 :OPTIONS /user/getSort - 10ms
2020-3-30 13:33:51 :POST /user/getGoods - 146ms
2020-3-30 13:33:51 :POST /user/getSort - 115ms
2020-3-30 13:33:51 :OPTIONS /user/getShare - 0ms
2020-3-30 13:33:51 :POST /user/getShare - 6ms
2020-3-30 13:33:51 :POST /user/getShare - 2ms
2020-3-30 13:33:51 :OPTIONS /user/login - 42ms
2020-3-30 13:33:51 :POST /user/login - 837ms
2020-3-30 13:33:51 :GET /file/getImg?imagePath=1585319924191 - 404
2020-3-30 13:33:51 :OPTIONS /file/upFile - 0ms
2020-3-30 13:33:51 :POST /file/upFile - 36ms
2020-3-30 13:33:51 :OPTIONS /user/upUser - 0ms
2020-3-30 13:33:51 :POST /user/upUser - 550ms
2020-3-30 13:33:51 :POST /user/upUser - 3ms
2020-3-30 13:33:51 :GET /file/getImg?imagePath=1585319924191 - 404
2020-3-30 13:33:51 :OPTIONS /file/upFile - 1ms
2020-3-30 13:33:51 :POST /file/upFile - 29ms
2020-3-30 13:33:51 :OPTIONS /user/upUser - 0ms
2020-3-30 13:33:51 :POST /user/upUser - 2ms
2020-3-30 13:33:51 :POST /user/upUser - 1ms
2020-3-30 13:33:51 :OPTIONS /user/getShare - 0ms
2020-3-30 13:33:51 :POST /user/getShare - 46ms
2020-3-30 13:33:51 :OPTIONS /user/getSort - 0ms
2020-3-30 13:33:51 :POST /user/getSort - 61ms
2020-3-30 13:33:51 :OPTIONS /user/getGoods - 2ms
2020-3-30 13:33:51 :POST /user/getGoods - 291ms
2020-3-30 13:33:51 :OPTIONS /user/getShare - 0ms
2020-3-30 13:33:51 :POST /user/getShare - 69ms
2020-3-30 13:33:51 :OPTIONS /user/getGoods - 0ms
2020-3-30 13:33:51 :OPTIONS /user/getSort - 0ms
2020-3-30 13:33:51 :POST /user/getGoods - 4ms
2020-3-30 13:33:51 :POST /user/getSort - 96ms
2020-3-30 13:33:51 :GET /file/getImg?imagePath=1585319924191 - 404
2020-3-30 13:33:51 :OPTIONS /user/login - 0ms
2020-3-30 13:33:51 :POST /user/login - 26ms
2020-3-30 13:33:51 :GET /file/getImg?imagePath=1585319924191 - 404
2020-3-30 13:33:51 :OPTIONS /user/login - 22ms
2020-3-30 13:33:51 :POST /user/login - 813ms
2020-3-30 13:33:51 :GET /file/getImg?imagePath=1585319924191 - 404
2020-3-30 13:33:51 :GET /file/getImg?imagePath=1585319924191 - 404
2020-3-30 13:33:51 :GET /file/getImg?imagePath=1585319924191 - 404
2020-3-30 13:33:51 :OPTIONS /user/getPay - 0ms
2020-3-30 13:33:51 :POST /user/getPay - 386ms
2020-3-30 13:33:51 :OPTIONS /user/login - 0ms
2020-3-30 13:33:51 :POST /user/login - 52ms
2020-3-30 13:33:51 :OPTIONS /file/upFile - 0ms
2020-3-30 13:33:51 :POST /file/upFile - 44ms
2020-3-30 13:33:51 :OPTIONS /user/upUser - 0ms
2020-3-30 13:33:51 :POST /user/upUser - 557ms
2020-3-30 13:33:51 :OPTIONS /user/upUser - 0ms
2020-3-30 13:33:51 :POST /user/upUser - 19ms