2020-3-20 17:16:33 :OPTIONS /user/getGoods - 8ms
2020-3-20 17:16:33 :POST /user/getGoods - 36ms
2020-3-20 17:16:33 :GET /file/getImg?imagePath=15825417623914.jpg - 404
2020-3-20 17:16:33 :GET /file/getImg?imagePath=15825418657533.jpg - 404
2020-3-20 17:16:33 :GET /file/getImg?imagePath=15825415919441.jpg - 404
2020-3-20 17:16:33 :OPTIONS /user/getGoods - 0ms
2020-3-20 17:16:33 :POST /user/getGoods - 27ms
2020-3-20 17:16:33 :GET /file/getImg?imagePath=15825415919441.jpg - 404
2020-3-20 17:16:33 :GET /file/getImg?imagePath=15825417623914.jpg - 404
2020-3-20 17:16:33 :GET /file/getImg?imagePath=15825418657533.jpg - 404
2020-3-20 17:16:33 :GET /file/getImg?imagePath=1582128222243item-detail-1.jpg - 404
2020-3-20 17:16:33 :OPTIONS /user/getShare - 0ms
2020-3-20 17:16:33 :POST /user/getShare - 7ms
2020-3-20 17:16:33 :GET /file/getImg?imagePath=1582540299536home.jpg - 404
2020-3-20 17:16:33 :GET /file/getImg?imagePath=15825388568673.jpg - 404
2020-3-20 17:16:33 :GET /file/getImg?imagePath=15824013891353.jpg - 404
2020-3-20 17:16:33 :POST /user/getGoods - 5ms
2020-3-20 17:16:33 :OPTIONS /user/getShare - 0ms
2020-3-20 17:16:33 :POST /user/getShare - 4ms
2020-3-20 17:16:33 :OPTIONS /user/getShare - 0ms
2020-3-20 17:16:33 :POST /user/getShare - 5ms
2020-3-20 17:16:33 :POST /user/getShare - 4ms
2020-3-20 17:16:33 :OPTIONS /user/getGoods - 1ms
2020-3-20 17:16:33 :POST /user/getGoods - 11ms
2020-3-20 17:16:33 :OPTIONS /user/getShare - 0ms
2020-3-20 17:16:33 :POST /user/getShare - 5ms
2020-3-20 17:16:33 :OPTIONS /user/getGoods - 0ms
2020-3-20 17:16:33 :OPTIONS /user/getSort - 0ms
2020-3-20 17:16:33 :POST /user/getSort - 9ms
2020-3-20 17:16:33 :POST /user/getGoods - 9ms
2020-3-20 17:16:33 :GET /file/getImg?imagePath=15825417623914.jpg - 404
2020-3-20 17:16:33 :GET /file/getImg?imagePath=15825418657533.jpg - 404
2020-3-20 17:16:33 :GET /file/getImg?imagePath=15825415919441.jpg - 404
2020-3-20 17:16:33 :POST /user/getGoods - 8ms
2020-3-20 17:16:33 :POST /user/getSort - 7ms
2020-3-20 17:16:33 :OPTIONS /user/getGoods - 0ms
2020-3-20 17:16:33 :OPTIONS /user/getSort - 0ms
2020-3-20 17:16:33 :POST /user/getGoods - 8ms
2020-3-20 17:16:33 :POST /user/getSort - 8ms
2020-3-20 17:16:33 :POST /user/getGoods - 8ms
2020-3-20 17:16:33 :POST /user/getSort - 10ms
2020-3-20 17:16:33 :OPTIONS /user/getGoods - 1ms
2020-3-20 17:16:33 :OPTIONS /user/getSort - 1ms
2020-3-20 17:16:33 :POST /user/getGoods - 34ms
2020-3-20 17:16:33 :POST /user/getSort - 48ms
2020-3-20 17:16:33 :OPTIONS /user/getGoods - 1ms
2020-3-20 17:16:33 :OPTIONS /user/getSort - 0ms
2020-3-20 17:16:33 :POST /user/getGoods - 11ms
2020-3-20 17:16:33 :POST /user/getSort - 10ms
2020-3-20 17:16:33 :OPTIONS /user/getGoods - 0ms
2020-3-20 17:16:33 :OPTIONS /user/getSort - 0ms
2020-3-20 17:16:33 :POST /user/getGoods - 4ms
2020-3-20 17:16:33 :POST /user/getSort - 4ms
2020-3-20 17:16:33 :POST /user/getGoods - 8ms
2020-3-20 17:16:33 :POST /user/getSort - 7ms
2020-3-20 17:16:33 :POST /user/getGoods - 24ms
2020-3-20 17:16:33 :POST /user/getSort - 7ms
2020-3-20 17:16:33 :POST /user/getGoods - 14ms
2020-3-20 17:16:33 :POST /user/getSort - 7ms
2020-3-20 17:16:33 :POST /user/getGoods - 8ms
2020-3-20 17:16:33 :POST /user/getSort - 7ms
2020-3-20 17:16:33 :OPTIONS /user/getGoods - 1ms
2020-3-20 17:16:33 :POST /user/getGoods - 5ms
2020-3-20 17:16:33 :POST /user/getGoods - 4ms
2020-3-20 17:16:33 :POST /user/getGoods - 5ms
2020-3-20 17:16:33 :POST /user/getGoods - 5ms
2020-3-20 17:16:33 :POST /user/getGoods - 5ms
2020-3-20 17:16:33 :POST /user/getGoods - 5ms
2020-3-20 17:16:33 :POST /user/getGoods - 6ms
2020-3-20 17:16:33 :POST /user/getGoods - 6ms
2020-3-20 17:16:33 :POST /user/getGoods - 7ms
2020-3-20 17:16:33 :POST /user/getGoods - 4ms
2020-3-20 17:16:33 :OPTIONS /user/getGoods - 0ms
2020-3-20 17:16:33 :POST /user/getGoods - 3ms
2020-3-20 17:16:33 :POST /user/getGoods - 4ms
2020-3-20 17:16:33 :OPTIONS /user/getGoods - 0ms
2020-3-20 17:16:33 :POST /user/getGoods - 13ms
2020-3-20 17:16:33 :OPTIONS /user/getSort - 0ms
2020-3-20 17:16:33 :POST /user/getSort - 15ms
2020-3-20 17:16:33 :POST /user/getGoods - 7ms
2020-3-20 17:16:33 :POST /user/getSort - 7ms
2020-3-20 17:16:33 :POST /user/getGoods - 7ms
2020-3-20 17:16:33 :POST /user/getSort - 7ms
2020-3-20 17:16:33 :POST /user/getGoods - 11ms
2020-3-20 17:16:33 :OPTIONS /user/getSort - 0ms
2020-3-20 17:16:33 :OPTIONS /user/getGoods - 0ms
2020-3-20 17:16:33 :POST /user/getGoods - 5ms
2020-3-20 17:16:33 :POST /user/getSort - 5ms
2020-3-20 17:16:33 :POST /user/getGoods - 5ms
2020-3-20 17:16:33 :POST /user/getSort - 7ms
2020-3-20 17:16:33 :POST /user/getGoods - 9ms
2020-3-20 17:16:33 :POST /user/getSort - 10ms
2020-3-20 17:16:33 :POST /user/getGoods - 8ms
2020-3-20 17:16:33 :POST /user/getGoods - 7ms
2020-3-20 17:16:33 :POST /user/getSort - 5ms
2020-3-20 17:16:33 :POST /user/getGoods - 7ms
2020-3-20 17:16:33 :POST /user/getGoods - 5ms
2020-3-20 17:16:33 :POST /user/getSort - 4ms
2020-3-20 17:16:33 :OPTIONS /user/getGoods - 0ms
2020-3-20 17:16:33 :OPTIONS /user/getSort - 0ms
2020-3-20 17:16:33 :POST /user/getGoods - 9ms
2020-3-20 17:16:33 :POST /user/getSort - 7ms
2020-3-20 17:16:33 :POST /user/getGoods - 7ms
2020-3-20 17:16:33 :POST /user/getSort - 6ms
2020-3-20 17:16:33 :OPTIONS /user/getGoods - 0ms
2020-3-20 17:16:33 :POST /user/getGoods - 9ms
2020-3-20 17:16:33 :OPTIONS /user/getSort - 0ms
2020-3-20 17:16:33 :POST /user/getSort - 9ms
2020-3-20 17:16:33 :POST /user/getSort - 11ms
2020-3-20 17:16:33 :POST /user/getGoods - 14ms
2020-3-20 17:16:33 :POST /user/getGoods - 9ms
2020-3-20 17:16:33 :POST /user/getSort - 8ms
2020-3-20 17:16:33 :POST /user/getGoods - 13ms
2020-3-20 17:16:33 :POST /user/getSort - 11ms
2020-3-20 17:16:33 :POST /user/getGoods - 7ms
2020-3-20 17:16:33 :POST /user/getSort - 4ms
2020-3-20 17:16:33 :POST /user/getGoods - 4ms
2020-3-20 17:16:33 :POST /user/getSort - 7ms
2020-3-20 17:16:33 :POST /user/getGoods - 10ms
2020-3-20 17:16:33 :POST /user/getSort - 13ms
2020-3-20 17:16:33 :POST /user/getGoods - 14ms
2020-3-20 17:16:33 :OPTIONS /user/getGoods - 1ms
2020-3-20 17:16:33 :OPTIONS /user/getSort - 1ms
2020-3-20 17:16:33 :POST /user/getGoods - 4ms
2020-3-20 17:16:33 :POST /user/getSort - 4ms
2020-3-20 17:16:33 :POST /user/getGoods - 5ms
2020-3-20 17:16:33 :POST /user/getSort - 5ms
2020-3-20 17:16:33 :POST /user/getSort - 5ms
2020-3-20 17:16:33 :POST /user/getGoods - 4ms
2020-3-20 17:16:33 :POST /user/getGoods - 3ms
2020-3-20 17:16:33 :POST /user/getGoods - 10ms
2020-3-20 17:16:33 :POST /user/getSort - 8ms
2020-3-20 17:16:33 :POST /user/getSort - 6ms
2020-3-20 17:16:33 :POST /user/getGoods - 9ms
2020-3-20 17:16:33 :POST /user/getGoods - 3ms
2020-3-20 17:16:33 :POST /user/getGoods - 4ms
2020-3-20 17:16:33 :POST /user/getSort - 3ms
2020-3-20 17:16:33 :OPTIONS /user/getGoods - 0ms
2020-3-20 17:16:33 :POST /user/getGoods - 4ms
2020-3-20 17:16:33 :GET /file/getImg?imagePath=15825415919441.jpg - 404
2020-3-20 17:16:33 :GET /file/getImg?imagePath=15825417623914.jpg - 404
2020-3-20 17:16:33 :GET /file/getImg?imagePath=15825418657533.jpg - 404
2020-3-20 17:16:33 :OPTIONS /user/getShare - 1ms
2020-3-20 17:16:33 :POST /user/getShare - 4ms
2020-3-20 17:16:33 :GET /file/getImg?imagePath=15824013891353.jpg - 404
2020-3-20 17:16:33 :GET /file/getImg?imagePath=15825388568673.jpg - 404
2020-3-20 17:16:33 :GET /file/getImg?imagePath=1582540299536home.jpg - 404
2020-3-20 17:16:33 :OPTIONS /user/getGoods - 0ms
2020-3-20 17:16:33 :POST /user/getGoods - 3ms
2020-3-20 17:16:33 :OPTIONS /user/getShare - 1ms
2020-3-20 17:16:33 :POST /user/getShare - 5ms
2020-3-20 17:16:33 :OPTIONS /user/getGoods - 1ms
2020-3-20 17:16:33 :POST /user/getGoods - 4ms
2020-3-20 17:16:33 :OPTIONS /user/getShare - 0ms
2020-3-20 17:16:33 :POST /user/getShare - 4ms
2020-3-20 17:16:33 :OPTIONS /user/getShare - 0ms
2020-3-20 17:16:33 :POST /user/getShare - 4ms
2020-3-20 17:16:33 :OPTIONS /user/getGoods - 0ms
2020-3-20 17:16:33 :POST /user/getGoods - 3ms
2020-3-20 17:16:33 :POST /user/getShare - 5ms
2020-3-20 17:16:33 :OPTIONS /user/getGoods - 0ms
2020-3-20 17:16:33 :POST /user/getGoods - 5ms
2020-3-20 17:16:33 :OPTIONS /user/getGoods - 0ms
2020-3-20 17:16:33 :POST /user/getGoods - 3ms
2020-3-20 17:16:33 :OPTIONS /user/getGoods - 0ms
2020-3-20 17:16:33 :POST /user/getGoods - 3ms
2020-3-20 17:16:33 :OPTIONS /user/getGoods - 0ms
2020-3-20 17:16:33 :OPTIONS /user/getSort - 0ms
2020-3-20 17:16:33 :POST /user/getGoods - 6ms
2020-3-20 17:16:33 :POST /user/getSort - 6ms
2020-3-20 17:16:33 :OPTIONS /user/getSort - 0ms
2020-3-20 17:16:33 :OPTIONS /user/getGoods - 0ms
2020-3-20 17:16:33 :POST /user/getSort - 11ms
2020-3-20 17:16:33 :POST /user/getGoods - 15ms
2020-3-20 17:16:33 :POST /user/getGoods - 5ms
2020-3-20 17:16:33 :POST /user/getGoods - 7ms
2020-3-20 17:16:33 :POST /user/getSort - 6ms
2020-3-20 17:16:33 :POST /user/getGoods - 6ms
2020-3-20 17:16:33 :POST /user/getSort - 6ms
2020-3-20 17:16:33 :POST /user/getGoods - 4ms
2020-3-20 17:16:33 :POST /user/getGoods - 12ms
2020-3-20 17:16:33 :POST /user/getSort - 9ms
2020-3-20 17:16:33 :POST /user/getGoods - 19ms
2020-3-20 17:16:33 :POST /user/getSort - 15ms
2020-3-20 17:16:33 :OPTIONS /user/getGoods - 0ms
2020-3-20 17:16:33 :POST /user/getGoods - 4ms
2020-3-20 17:16:33 :OPTIONS /user/getSort - 0ms
2020-3-20 17:16:33 :POST /user/getGoods - 6ms
2020-3-20 17:16:33 :POST /user/getSort - 4ms
2020-3-20 17:16:33 :POST /user/getSort - 10ms
2020-3-20 17:16:33 :POST /user/getGoods - 13ms
2020-3-20 17:16:33 :POST /user/getGoods - 5ms
2020-3-20 17:16:33 :POST /user/getGoods - 6ms
2020-3-20 17:16:33 :POST /user/getSort - 6ms
2020-3-20 17:16:33 :POST /user/getGoods - 8ms
2020-3-20 17:16:33 :POST /user/getSort - 8ms
2020-3-20 17:16:33 :POST /user/getGoods - 4ms
2020-3-20 17:16:33 :POST /user/getGoods - 6ms
2020-3-20 17:16:33 :POST /user/getSort - 5ms
2020-3-20 17:16:33 :OPTIONS /user/getSort - 0ms
2020-3-20 17:16:33 :OPTIONS /user/getGoods - 1ms
2020-3-20 17:16:33 :POST /user/getSort - 3ms
2020-3-20 17:16:33 :POST /user/getGoods - 4ms
2020-3-20 17:16:33 :POST /user/getGoods - 3ms
2020-3-20 17:16:33 :POST /user/getGoods - 5ms
2020-3-20 17:16:33 :POST /user/getGoods - 12ms
2020-3-20 17:16:33 :POST /user/getGoods - 6ms
2020-3-20 17:16:33 :POST /user/getGoods - 6ms
2020-3-20 17:16:33 :POST /user/getSort - 5ms
2020-3-20 17:16:33 :POST /user/getGoods - 7ms
2020-3-20 17:16:33 :POST /user/getSort - 4ms
2020-3-20 17:16:33 :POST /user/getGoods - 5ms
2020-3-20 17:16:33 :OPTIONS /user/getGoods - 1ms
2020-3-20 17:16:33 :POST /user/getGoods - 3ms
2020-3-20 17:16:33 :POST /user/getGoods - 4ms
2020-3-20 17:16:33 :POST /user/getGoods - 3ms
2020-3-20 17:16:33 :POST /user/getGoods - 4ms
2020-3-20 17:16:33 :POST /user/getGoods - 4ms
2020-3-20 17:16:33 :POST /user/getGoods - 5ms
2020-3-20 17:16:33 :POST /user/getGoods - 7ms
2020-3-20 17:16:33 :POST /user/getGoods - 4ms
2020-3-20 17:16:33 :OPTIONS /user/getGoods - 0ms
2020-3-20 17:16:33 :POST /user/getGoods - 3ms
2020-3-20 17:16:33 :POST /user/getGoods - 4ms
2020-3-20 17:16:33 :POST /user/getGoods - 5ms
2020-3-20 17:16:33 :OPTIONS /user/getGoods - 0ms
2020-3-20 17:16:33 :OPTIONS /user/getSort - 0ms
2020-3-20 17:16:33 :POST /user/getGoods - 7ms
2020-3-20 17:16:33 :POST /user/getSort - 7ms
2020-3-20 17:16:33 :OPTIONS /user/login - 0ms
2020-3-20 17:16:33 :POST /user/login - 3ms
2020-3-20 17:16:33 :POST /user/login - 17ms
2020-3-20 17:16:33 :GET /file/getImg?imagePath=1582540299536home.jpg - 404
2020-3-20 17:16:33 :OPTIONS /user/getShare - 0ms
2020-3-20 17:16:33 :POST /user/getShare - 4ms
2020-3-20 17:16:33 :GET /file/getImg?imagePath=15825388568673.jpg - 404
2020-3-20 17:16:33 :GET /file/getImg?imagePath=15824013891353.jpg - 404
2020-3-20 17:16:33 :OPTIONS /user/getShareComment - 0ms
2020-3-20 17:16:33 :POST /user/getShareComment - 9ms
2020-3-20 17:16:33 :OPTIONS /user/getShare - 0ms
2020-3-20 17:16:33 :POST /user/getShare - 3ms
2020-3-20 17:16:33 :OPTIONS /user/getShareComment - 0ms
2020-3-20 17:16:33 :POST /user/getShareComment - 6ms
2020-3-20 17:16:33 :OPTIONS /user/getShare - 0ms
2020-3-20 17:16:33 :POST /user/getShare - 4ms
2020-3-20 17:16:33 :OPTIONS /user/getShare - 1ms
2020-3-20 17:16:33 :POST /user/getShare - 23ms
2020-3-20 17:16:33 :OPTIONS /user/getShare - 1ms
2020-3-20 17:16:33 :POST /user/getShare - 5ms
2020-3-20 17:16:33 :OPTIONS /user/getShare - 0ms
2020-3-20 17:16:33 :POST /user/getShare - 4ms
2020-3-20 17:16:33 :OPTIONS /user/getShare - 0ms
2020-3-20 17:16:33 :POST /user/getShare - 3ms
2020-3-20 17:16:33 :OPTIONS /user/getShare - 0ms
2020-3-20 17:16:33 :POST /user/getShare - 3ms
2020-3-20 17:16:33 :OPTIONS /user/getShare - 0ms
2020-3-20 17:16:33 :POST /user/getShare - 4ms
2020-3-20 17:16:33 :OPTIONS /user/getSort - 0ms
2020-3-20 17:16:33 :POST /user/getSort - 3ms
2020-3-20 17:16:33 :GET /file/getImg?imagePath=1582540299536home.jpg - 404
2020-3-20 17:16:33 :OPTIONS /user/getShare - 1ms
2020-3-20 17:16:33 :POST /user/getShare - 3ms
2020-3-20 17:16:33 :OPTIONS /user/getGoods - 0ms
2020-3-20 17:16:33 :OPTIONS /user/getSort - 0ms
2020-3-20 17:16:33 :POST /user/getGoods - 4ms
2020-3-20 17:16:33 :POST /user/getSort - 3ms
2020-3-20 17:16:33 :POST /user/getGoods - 17ms
2020-3-20 17:16:33 :POST /user/getSort - 7ms
2020-3-20 17:16:33 :OPTIONS /user/getGoods - 0ms
2020-3-20 17:16:33 :OPTIONS /user/getSort - 1ms
2020-3-20 17:16:33 :POST /user/getGoods - 7ms
2020-3-20 17:16:33 :POST /user/getSort - 10ms
2020-3-20 17:16:33 :OPTIONS /user/getGoods - 0ms
2020-3-20 17:16:33 :OPTIONS /user/getSort - 0ms
2020-3-20 17:16:33 :POST /user/getGoods - 4ms
2020-3-20 17:16:33 :POST /user/getSort - 4ms
2020-3-20 17:16:33 :GET /file/getImg?imagePath=15825417623914.jpg - 404
2020-3-20 17:16:33 :GET /file/getImg?imagePath=15825418657533.jpg - 404
2020-3-20 17:16:33 :OPTIONS /user/getShare - 0ms
2020-3-20 17:16:33 :POST /user/getShare - 6ms
2020-3-20 17:16:33 :GET /file/getImg?imagePath=1582128222243item-detail-1.jpg - 404
2020-3-20 17:16:33 :OPTIONS /user/getGoods - 0ms
2020-3-20 17:16:33 :OPTIONS /user/getSort - 1ms
2020-3-20 17:16:33 :POST /user/getSort - 5ms
2020-3-20 17:16:33 :POST /user/getGoods - 8ms
2020-3-20 17:16:33 :POST /user/getShare - 5ms
2020-3-20 17:16:33 :OPTIONS /user/getShare - 0ms
2020-3-20 17:16:33 :POST /user/getShare - 4ms
2020-3-20 17:16:33 :OPTIONS /user/addShare - 1ms
2020-3-20 17:16:33 :POST /user/addShare - 9ms
2020-3-20 17:16:33 :OPTIONS /user/getShare - 0ms
2020-3-20 17:16:33 :POST /user/getShare - 3ms
2020-3-20 17:16:33 :OPTIONS /user/getShareComment - 7ms
2020-3-20 17:16:33 :POST /user/getShareComment - 9ms
2020-3-20 17:16:33 :OPTIONS /user/addShareComment - 0ms
2020-3-20 17:16:33 :POST /user/addShareComment - 1ms
2020-3-20 17:16:33 :OPTIONS /user/getShare - 0ms
2020-3-20 17:16:33 :POST /user/getShare - 7ms
2020-3-20 17:16:33 :OPTIONS /user/getShareComment - 0ms
2020-3-20 17:16:33 :POST /user/getShareComment - 6ms
2020-3-20 17:16:33 :POST /user/getShare - 10ms
2020-3-20 17:16:33 :POST /user/getShareComment - 5ms
2020-3-20 17:16:33 :OPTIONS /user/getShare - 0ms
2020-3-20 17:16:33 :POST /user/getShare - 4ms
2020-3-20 17:16:33 :OPTIONS /user/getShareComment - 0ms
2020-3-20 17:16:33 :POST /user/getShareComment - 4ms
2020-3-20 17:16:33 :OPTIONS /user/addShareComment - 0ms
2020-3-20 17:16:33 :POST /user/addShareComment - 1ms
2020-3-20 17:16:33 :OPTIONS /user/getShare - 0ms
2020-3-20 17:16:33 :POST /user/getShare - 4ms
2020-3-20 17:16:33 :OPTIONS /user/getShareComment - 0ms
2020-3-20 17:16:33 :POST /user/getShareComment - 4ms
2020-3-20 17:16:33 :OPTIONS /user/addShareComment - 0ms
2020-3-20 17:16:33 :POST /user/addShareComment - 1ms
2020-3-20 17:16:33 :OPTIONS /user/getShareComment - 0ms
2020-3-20 17:16:33 :POST /user/getShareComment - 4ms
2020-3-20 17:16:33 :OPTIONS /user/addShareComment - 0ms
2020-3-20 17:16:33 :POST /user/addShareComment - 1ms
2020-3-20 17:16:33 :OPTIONS /user/getShareComment - 1ms
2020-3-20 17:16:33 :POST /user/getShareComment - 8ms
2020-3-20 17:16:33 :OPTIONS /user/addShareComment - 0ms
2020-3-20 17:16:33 :POST /user/addShareComment - 1ms
2020-3-20 17:16:33 :OPTIONS /user/getShare - 0ms
2020-3-20 17:16:33 :POST /user/getShare - 14ms
2020-3-20 17:16:33 :OPTIONS /user/getShare - 1ms
2020-3-20 17:16:33 :POST /user/getShare - 3ms
2020-3-20 17:16:33 :OPTIONS /user/getShare - 0ms
2020-3-20 17:16:33 :POST /user/getShare - 4ms
2020-3-20 17:16:33 :OPTIONS /user/getShare - 0ms
2020-3-20 17:16:33 :POST /user/getShare - 4ms
2020-3-20 17:16:33 :OPTIONS /user/getShareComment - 0ms
2020-3-20 17:16:33 :POST /user/getShareComment - 6ms
2020-3-20 17:16:33 :POST /user/getShare - 12ms
2020-3-20 17:16:33 :OPTIONS /user/getShare - 0ms
2020-3-20 17:16:33 :POST /user/getShare - 5ms
2020-3-20 17:16:33 :POST /user/getShare - 5ms
2020-3-20 17:16:33 :OPTIONS /user/getShareComment - 0ms
2020-3-20 17:16:33 :POST /user/getShareComment - 8ms
2020-3-20 17:16:33 :OPTIONS /user/getShare - 0ms
2020-3-20 17:16:33 :POST /user/getShare - 4ms
2020-3-20 17:16:33 :OPTIONS /user/getGoods - 0ms
2020-3-20 17:16:33 :OPTIONS /user/getSort - 0ms
2020-3-20 17:16:33 :POST /user/getSort - 5ms
2020-3-20 17:16:33 :POST /user/getGoods - 45ms
2020-3-20 17:16:33 :POST /user/getGoods - 19ms
2020-3-20 17:16:33 :POST /user/getSort - 21ms
2020-3-20 17:16:33 :POST /user/getGoods - 4ms
2020-3-20 17:16:33 :POST /user/getSort - 6ms
2020-3-20 17:16:33 :POST /user/getGoods - 8ms
2020-3-20 17:16:33 :POST /user/getGoods - 6ms
2020-3-20 17:16:33 :POST /user/getSort - 5ms
2020-3-20 17:16:33 :GET /file/getImg?imagePath=1582128222243item-detail-1.jpg - 404
2020-3-20 17:16:33 :OPTIONS /user/getShare - 1ms
2020-3-20 17:16:33 :POST /user/getShare - 4ms
2020-3-20 17:16:33 :OPTIONS /user/getGoods - 0ms
2020-3-20 17:16:33 :OPTIONS /user/getSort - 0ms
2020-3-20 17:16:33 :POST /user/getGoods - 6ms
2020-3-20 17:16:33 :POST /user/getSort - 3ms
2020-3-20 17:16:33 :POST /user/getShare - 4ms
2020-3-20 17:16:33 :OPTIONS /user/getShare - 0ms
2020-3-20 17:16:33 :POST /user/getShare - 5ms
2020-3-20 17:16:33 :OPTIONS /user/getGoods - 0ms
2020-3-20 17:16:33 :OPTIONS /user/getSort - 0ms
2020-3-20 17:16:33 :POST /user/getGoods - 5ms
2020-3-20 17:16:33 :POST /user/getSort - 14ms
2020-3-20 17:16:33 :OPTIONS /user/getGoods - 0ms
2020-3-20 17:16:33 :OPTIONS /user/getSort - 0ms
2020-3-20 17:16:33 :POST /user/getSort - 14ms
2020-3-20 17:16:33 :POST /user/getGoods - 11ms
2020-3-20 17:16:33 :OPTIONS /user/getSort - 0ms
2020-3-20 17:16:33 :OPTIONS /user/getGoods - 0ms
2020-3-20 17:16:33 :POST /user/getSort - 3ms
2020-3-20 17:16:33 :POST /user/getGoods - 3ms
2020-3-20 17:16:33 :POST /user/getGoods - 3ms
2020-3-20 17:16:33 :POST /user/getGoods - 3ms
2020-3-20 17:16:33 :POST /user/getSort - 3ms
2020-3-20 17:16:33 :OPTIONS /user/getShare - 0ms
2020-3-20 17:16:33 :POST /user/getShare - 2ms
2020-3-20 17:16:33 :POST /user/getShare - 3ms
2020-3-20 17:16:33 :OPTIONS /user/getSort - 0ms
2020-3-20 17:16:33 :OPTIONS /user/getGoods - 0ms
2020-3-20 17:16:33 :POST /user/getGoods - 4ms
2020-3-20 17:16:33 :POST /user/getSort - 12ms
2020-3-20 17:16:33 :GET /file/getImg?imagePath=15825417623914.jpg - 404
2020-3-20 17:16:33 :GET /file/getImg?imagePath=15825418657533.jpg - 404
2020-3-20 17:16:33 :GET /file/getImg?imagePath=15825417624105.jpg - 404
2020-3-20 17:16:33 :OPTIONS /user/addPay - 1ms
2020-3-20 17:16:33 :POST /user/addPay - 11ms
2020-3-20 17:16:33 :OPTIONS /user/getAddress - 1ms
2020-3-20 17:16:33 :POST /user/getAddress - 5ms
2020-3-20 17:16:33 :OPTIONS /user/getAddress - 0ms
2020-3-20 17:16:33 :POST /user/getAddress - 7ms
2020-3-20 17:16:33 :OPTIONS /user/getGoods - 0ms
2020-3-20 17:16:33 :OPTIONS /user/getSort - 0ms
2020-3-20 17:16:33 :POST /user/getGoods - 8ms
2020-3-20 17:16:33 :POST /user/getSort - 4ms
2020-3-20 17:16:33 :OPTIONS /user/getPay - 1ms
2020-3-20 17:16:33 :POST /user/getPay - 3ms
2020-3-20 17:16:33 :OPTIONS /user/getGoods - 0ms
2020-3-20 17:16:33 :POST /user/getGoods - 2ms
2020-3-20 17:16:33 :OPTIONS /user/getSort - 0ms
2020-3-20 17:16:33 :POST /user/getSort - 3ms
2020-3-20 17:16:33 :OPTIONS /user/getGoods - 0ms
2020-3-20 17:16:33 :POST /user/getGoods - 3ms
2020-3-20 17:16:33 :OPTIONS /user/getSort - 0ms
2020-3-20 17:16:33 :POST /user/getSort - 2ms
2020-3-20 17:16:33 :OPTIONS /user/getSort - 0ms
2020-3-20 17:16:33 :POST /user/getSort - 18ms
2020-3-20 17:16:33 :OPTIONS /user/getSort - 0ms
2020-3-20 17:16:33 :POST /user/getSort - 3ms
2020-3-20 17:16:33 :OPTIONS /user/getPay - 0ms
2020-3-20 17:16:33 :POST /user/getPay - 3ms
2020-3-20 17:16:33 :OPTIONS /user/getGoods - 0ms
2020-3-20 17:16:33 :POST /user/getGoods - 3ms
2020-3-20 17:16:33 :OPTIONS /user/getGoods - 1ms
2020-3-20 17:16:33 :OPTIONS /user/getSort - 1ms
2020-3-20 17:16:33 :POST /user/getGoods - 7ms
2020-3-20 17:16:33 :POST /user/getSort - 5ms
2020-3-20 17:16:33 :POST /user/getSort - 7ms
2020-3-20 17:16:33 :POST /user/getGoods - 12ms
2020-3-20 17:16:33 :POST /user/getGoods - 4ms
2020-3-20 17:16:33 :OPTIONS /user/getSort - 0ms
2020-3-20 17:16:33 :GET /file/getImg?imagePath=15825417623914.jpg - 404
2020-3-20 17:16:33 :GET /file/getImg?imagePath=15825417624105.jpg - 404
2020-3-20 17:16:33 :POST /user/getSort - 3ms
2020-3-20 17:16:33 :OPTIONS /user/delGoods - 0ms
2020-3-20 17:16:33 :POST /user/delGoods - 4ms
2020-3-20 17:16:33 :OPTIONS /user/addGoods - 1ms
2020-3-20 17:16:33 :POST /user/addGoods - 1ms
2020-3-20 17:16:33 :OPTIONS /user/getGoods - 1ms
2020-3-20 17:16:33 :POST /user/getGoods - 4ms
2020-3-20 17:16:33 :POST /user/getGoods - 4ms
2020-3-20 17:16:33 :POST /user/getGoods - 4ms
2020-3-20 17:16:33 :OPTIONS /user/getGoods - 1ms
2020-3-20 17:16:33 :OPTIONS /user/getSort - 0ms
2020-3-20 17:16:33 :POST /user/getGoods - 6ms
2020-3-20 17:16:33 :POST /user/getSort - 5ms
2020-3-20 17:16:33 :OPTIONS /user/getShare - 0ms
2020-3-20 17:16:33 :POST /user/getShare - 4ms
2020-3-20 17:16:33 :POST /user/getShare - 4ms
2020-3-20 17:16:33 :OPTIONS /user/getComment - 0ms
2020-3-20 17:16:33 :POST /user/getComment - 5ms
2020-3-20 17:16:33 :OPTIONS /user/getGoods - 0ms
2020-3-20 17:16:33 :POST /user/getGoods - 4ms
2020-3-20 17:16:33 :OPTIONS /user/getSort - 0ms
2020-3-20 17:16:33 :POST /user/getGoods - 7ms
2020-3-20 17:16:33 :POST /user/getSort - 4ms
2020-3-20 17:16:33 :OPTIONS /user/login - 0ms
2020-3-20 17:16:33 :POST /user/login - 18ms
2020-3-20 17:16:33 :POST /user/login - 7ms
2020-3-20 17:16:33 :OPTIONS /user/getShare - 0ms
2020-3-20 17:16:33 :POST /user/getShare - 4ms
2020-3-20 17:16:33 :OPTIONS /user/getShare - 1ms
2020-3-20 17:16:33 :POST /user/getShare - 4ms
2020-3-20 17:16:33 :OPTIONS /user/getComment - 0ms
2020-3-20 17:16:33 :POST /user/getComment - 4ms
2020-3-20 17:16:33 :OPTIONS /user/getGoods - 0ms
2020-3-20 17:16:33 :POST /user/getGoods - 3ms
2020-3-20 17:16:33 :OPTIONS /user/getComment - 0ms
2020-3-20 17:16:33 :POST /user/getComment - 3ms
2020-3-20 17:16:33 :OPTIONS /user/getGoods - 1ms
2020-3-20 17:16:33 :POST /user/getGoods - 4ms
2020-3-20 17:16:33 :OPTIONS /user/getShare - 0ms
2020-3-20 17:16:33 :POST /user/getShare - 3ms
2020-3-20 17:16:33 :OPTIONS /user/getShare - 0ms
2020-3-20 17:16:33 :POST /user/getShare - 4ms
2020-3-20 17:16:33 :OPTIONS /user/getGoods - 0ms
2020-3-20 17:16:33 :OPTIONS /user/getSort - 0ms
2020-3-20 17:16:33 :POST /user/getGoods - 6ms
2020-3-20 17:16:33 :POST /user/getSort - 5ms
2020-3-20 17:16:33 :POST /user/getShare - 5ms
2020-3-20 17:16:33 :OPTIONS /user/getShare - 1ms
2020-3-20 17:16:33 :POST /user/getShare - 3ms
2020-3-20 17:16:33 :OPTIONS /user/getShareComment - 0ms
2020-3-20 17:16:33 :POST /user/getShareComment - 6ms
2020-3-20 17:16:33 :POST /user/getShare - 16ms
2020-3-20 17:16:33 :POST /user/getShareComment - 6ms
2020-3-20 17:16:33 :OPTIONS /user/addShareComment - 0ms
2020-3-20 17:16:33 :POST /user/addShareComment - 2ms
2020-3-20 17:16:33 :OPTIONS /user/getShare - 0ms
2020-3-20 17:16:33 :POST /user/getShare - 4ms
2020-3-20 17:16:33 :OPTIONS /user/getComment - 1ms
2020-3-20 17:16:33 :POST /user/getComment - 5ms
2020-3-20 17:16:33 :OPTIONS /user/getGoods - 0ms
2020-3-20 17:16:33 :POST /user/getGoods - 4ms
2020-3-20 17:16:33 :OPTIONS /user/getPay - 0ms
2020-3-20 17:16:33 :POST /user/getPay - 6ms
2020-3-20 17:16:33 :POST /user/getComment - 5ms
2020-3-20 17:16:33 :POST /user/getPay - 5ms
2020-3-20 17:16:33 :OPTIONS /user/getComment - 0ms
2020-3-20 17:16:33 :POST /user/getComment - 4ms
2020-3-20 17:16:33 :OPTIONS /user/getPay - 1ms
2020-3-20 17:16:33 :POST /user/getPay - 4ms
2020-3-20 17:16:33 :POST /user/getComment - 3ms
2020-3-20 17:16:33 :OPTIONS /user/addComment - 1ms
2020-3-20 17:16:33 :POST /user/addComment - 2ms
2020-3-20 17:16:33 :POST /user/addComment - 1ms
2020-3-20 17:16:33 :OPTIONS /user/getPay - 0ms
2020-3-20 17:16:33 :POST /user/getPay - 5ms
2020-3-20 17:16:33 :OPTIONS /user/getComment - 1ms
2020-3-20 17:16:33 :POST /user/getComment - 4ms
2020-3-20 17:16:33 :POST /user/getPay - 6ms
2020-3-20 17:16:33 :OPTIONS /user/getGoods - 0ms
2020-3-20 17:16:33 :OPTIONS /user/getSort - 0ms
2020-3-20 17:16:33 :POST /user/getGoods - 8ms
2020-3-20 17:16:33 :POST /user/getSort - 4ms
2020-3-20 17:16:33 :OPTIONS /user/login - 1ms
2020-3-20 17:16:33 :POST /user/login - 4ms
2020-3-20 17:16:33 :OPTIONS /user/login - 0ms
2020-3-20 17:16:33 :POST /user/login - 3ms
2020-3-20 17:16:33 :OPTIONS /user/addUser - 0ms
2020-3-20 17:16:33 :POST /user/addUser - 23ms
2020-3-20 17:16:33 :POST /user/login - 5ms
2020-3-20 17:16:33 :OPTIONS /user/getShare - 0ms
2020-3-20 17:16:33 :POST /user/getShare - 8ms
2020-3-20 17:16:33 :OPTIONS /user/getShareComment - 0ms
2020-3-20 17:16:33 :POST /user/getShareComment - 4ms
2020-3-20 17:16:33 :OPTIONS /user/addShareComment - 0ms
2020-3-20 17:16:33 :POST /user/addShareComment - 1ms
2020-3-20 17:16:33 :OPTIONS /user/getShare - 0ms
2020-3-20 17:16:33 :POST /user/getShare - 4ms
2020-3-20 17:16:33 :OPTIONS /user/getShareComment - 0ms
2020-3-20 17:16:33 :POST /user/getShareComment - 6ms
2020-3-20 17:16:33 :OPTIONS /user/addShareComment - 0ms
2020-3-20 17:16:33 :POST /user/addShareComment - 1ms
2020-3-20 17:16:33 :OPTIONS /user/getShare - 0ms
2020-3-20 17:16:33 :POST /user/getShare - 3ms
2020-3-20 17:16:33 :OPTIONS /file/upFile - 0ms
2020-3-20 17:16:33 :POST /file/upFile - 2ms
2020-3-20 17:16:33 :OPTIONS /user/upUser - 0ms
2020-3-20 17:16:33 :POST /user/upUser - 4ms
2020-3-20 17:16:33 :GET /file/getImg?imagePath=1584698194526 - 404
2020-3-20 17:16:33 :OPTIONS /user/getSort - 0ms
2020-3-20 17:16:33 :OPTIONS /user/getGoods - 0ms
2020-3-20 17:16:33 :POST /user/getSort - 5ms
2020-3-20 17:16:33 :POST /user/getGoods - 31ms
2020-3-20 17:16:33 :POST /user/getSort - 4ms
2020-3-20 17:16:33 :POST /user/getGoods - 7ms
2020-3-20 17:16:33 :POST /user/getGoods - 5ms
2020-3-20 17:16:33 :POST /user/getGoods - 7ms
2020-3-20 17:16:33 :OPTIONS /user/getGoods - 0ms
2020-3-20 17:16:33 :OPTIONS /user/getSort - 0ms
2020-3-20 17:16:33 :POST /user/getSort - 4ms
2020-3-20 17:16:33 :POST /user/getGoods - 4ms
2020-3-20 17:16:33 :POST /user/getGoods - 18ms
2020-3-20 17:16:33 :POST /user/getSort - 14ms
2020-3-20 17:16:33 :POST /user/getGoods - 4ms
2020-3-20 17:16:33 :POST /user/getSort - 5ms
2020-3-20 17:16:33 :POST /user/getGoods - 8ms
2020-3-20 17:16:33 :OPTIONS /user/getShare - 0ms
2020-3-20 17:16:33 :POST /user/getShare - 5ms
2020-3-20 17:16:33 :OPTIONS /user/getShareComment - 1ms
2020-3-20 17:16:33 :POST /user/getShareComment - 9ms
2020-3-20 17:16:33 :OPTIONS /user/getShare - 0ms
2020-3-20 17:16:33 :POST /user/getShare - 3ms
2020-3-20 17:16:33 :OPTIONS /file/upFile - 0ms
2020-3-20 17:16:33 :POST /file/upFile - 1ms
2020-3-20 17:16:33 :OPTIONS /user/addShare - 0ms
2020-3-20 17:16:33 :POST /user/addShare - 2ms
2020-3-20 17:16:33 :OPTIONS /user/getShare - 0ms
2020-3-20 17:16:33 :POST /user/getShare - 4ms
2020-3-20 17:16:33 :GET /file/getImg?imagePath=1584698223302 - 404
2020-3-20 17:16:33 :OPTIONS /user/delShare - 0ms
2020-3-20 17:16:33 :POST /user/delShare - 4ms
2020-3-20 17:16:33 :POST /user/delShare - 1ms
2020-3-20 17:16:33 :OPTIONS /user/getShare - 0ms
2020-3-20 17:16:33 :POST /user/getShare - 5ms
2020-3-20 17:16:33 :POST /user/getShare - 5ms
2020-3-20 17:16:33 :POST /user/getShare - 15ms
2020-3-20 17:16:33 :OPTIONS /user/login - 0ms
2020-3-20 17:16:33 :POST /user/login - 4ms
2020-3-20 17:16:33 :OPTIONS /user/getGoods - 0ms
2020-3-20 17:16:33 :POST /user/getGoods - 3ms
2020-3-20 17:16:33 :OPTIONS /user/getSort - 0ms
2020-3-20 17:16:33 :POST /user/getSort - 3ms
2020-3-20 17:16:33 :OPTIONS /user/getGoods - 0ms
2020-3-20 17:16:33 :POST /user/getGoods - 3ms
2020-3-20 17:16:33 :OPTIONS /user/getSort - 1ms
2020-3-20 17:16:33 :GET /file/getImg?imagePath=15825418657533.jpg - 404
2020-3-20 17:16:33 :POST /user/getSort - 3ms
2020-3-20 17:16:33 :OPTIONS /user/delGoods - 0ms
2020-3-20 17:16:33 :POST /user/delGoods - 2ms
2020-3-20 17:16:33 :OPTIONS /user/addGoods - 0ms
2020-3-20 17:16:33 :POST /user/addGoods - 1ms
2020-3-20 17:16:33 :OPTIONS /user/login - 0ms
2020-3-20 17:16:33 :POST /user/login - 3ms
2020-3-20 17:16:33 :OPTIONS /user/getGoods - 1ms
2020-3-20 17:16:33 :POST /user/getGoods - 28ms
2020-3-20 17:16:33 :OPTIONS /user/getSort - 1ms
2020-3-20 17:16:33 :POST /user/getSort - 5ms
2020-3-20 17:16:33 :OPTIONS /file/upFile - 0ms
2020-3-20 17:16:33 :POST /file/upFile - 0ms
2020-3-20 17:16:33 :POST /file/upFile - 1ms
2020-3-20 17:16:33 :OPTIONS /user/addGoods - 0ms
2020-3-20 17:16:33 :POST /user/addGoods - 2ms
2020-3-20 17:16:33 :OPTIONS /user/getGoods - 2ms
2020-3-20 17:16:33 :POST /user/getGoods - 4ms
2020-3-20 17:16:33 :OPTIONS /user/getSort - 0ms
2020-3-20 17:16:33 :POST /user/getGoods - 12ms
2020-3-20 17:16:33 :POST /user/getSort - 4ms
2020-3-20 17:16:33 :GET /file/getImg?imagePath=1584698310694 - 404
2020-3-20 17:16:33 :OPTIONS /user/getGoods - 1ms
2020-3-20 17:16:33 :POST /user/getSort - 6ms
2020-3-20 17:16:33 :POST /user/getGoods - 7ms
2020-3-20 17:16:33 :POST /user/getGoods - 6ms
2020-3-20 17:16:33 :GET /file/getImg?imagePath=1584698310711 - 404
2020-3-20 17:16:33 :OPTIONS /user/getSort - 0ms
2020-3-20 17:16:33 :OPTIONS /user/getGoods - 0ms
2020-3-20 17:16:33 :POST /user/getSort - 4ms
2020-3-20 17:16:33 :POST /user/getGoods - 4ms
2020-3-20 17:16:33 :POST /user/getGoods - 12ms
2020-3-20 17:16:33 :POST /user/getSort - 7ms
2020-3-20 17:16:33 :GET /file/getImg?imagePath=15825415919441.jpg - 404
2020-3-20 17:16:33 :OPTIONS /user/getGoods - 0ms
2020-3-20 17:16:33 :OPTIONS /user/getSort - 1ms
2020-3-20 17:16:33 :POST /user/getGoods - 5ms
2020-3-20 17:16:33 :POST /user/getSort - 4ms
2020-3-20 17:16:33 :GET /file/getImg?imagePath=15825417623914.jpg - 404
2020-3-20 17:16:33 :GET /file/getImg?imagePath=15825418657533.jpg - 404
2020-3-20 17:16:33 :GET /file/getImg?imagePath=1584698310694 - 404
2020-3-20 17:16:33 :GET /file/getImg?imagePath=1584698310711 - 404
2020-3-20 17:16:33 :OPTIONS /user/getShare - 1ms
2020-3-20 17:16:33 :POST /user/getShare - 3ms
2020-3-20 17:16:33 :GET /file/getImg?imagePath=1584698194526 - 404
2020-3-20 17:16:33 :GET /file/getImg?imagePath=1584698223302 - 404
2020-3-20 17:16:33 :OPTIONS /user/getShareComment - 0ms
2020-3-20 17:16:33 :POST /user/getShareComment - 8ms
2020-3-20 17:16:33 :OPTIONS /user/addShareComment - 1ms
2020-3-20 17:16:33 :POST /user/addShareComment - 0ms
2020-3-20 17:16:33 :OPTIONS /user/getShare - 0ms
2020-3-20 17:16:33 :POST /user/getShare - 3ms
2020-3-20 17:16:33 :OPTIONS /user/login - 0ms
2020-3-20 17:16:33 :POST /user/login - 15ms
2020-3-20 17:16:33 :OPTIONS /user/login - 0ms
2020-3-20 17:16:33 :POST /user/login - 3ms
2020-3-20 17:16:33 :OPTIONS /user/getShare - 0ms
2020-3-20 17:16:33 :POST /user/getShare - 22ms
2020-3-20 17:16:33 :OPTIONS /user/getShareComment - 0ms
2020-3-20 17:16:33 :POST /user/getShareComment - 8ms
2020-3-20 17:16:33 :OPTIONS /user/addShareComment - 0ms
2020-3-20 17:16:33 :POST /user/addShareComment - 2ms
2020-3-20 17:16:33 :OPTIONS /user/getShare - 0ms
2020-3-20 17:16:33 :POST /user/getShare - 4ms
2020-3-20 17:16:33 :OPTIONS /user/getShareComment - 0ms
2020-3-20 17:16:33 :POST /user/getShareComment - 6ms
2020-3-20 17:16:33 :OPTIONS /user/getShare - 1ms
2020-3-20 17:16:33 :POST /user/getShare - 3ms
2020-3-20 17:16:33 :OPTIONS /user/getGoods - 0ms
2020-3-20 17:16:33 :OPTIONS /user/getSort - 0ms
2020-3-20 17:16:33 :POST /user/getGoods - 24ms
2020-3-20 17:16:33 :POST /user/getSort - 22ms
2020-3-20 17:16:33 :POST /user/getShare - 3ms
2020-3-20 17:16:33 :OPTIONS /user/getShareComment - 0ms
2020-3-20 17:16:33 :POST /user/getShareComment - 6ms
2020-3-20 17:16:33 :OPTIONS /user/getShare - 0ms
2020-3-20 17:16:33 :POST /user/getShare - 4ms
2020-3-20 17:16:33 :POST /user/getShare - 3ms
2020-3-20 17:16:33 :OPTIONS /user/getShareComment - 0ms
2020-3-20 17:16:33 :POST /user/getShareComment - 6ms
2020-3-20 17:16:33 :OPTIONS /user/getShare - 1ms
2020-3-20 17:16:33 :POST /user/getShare - 6ms
2020-3-20 17:16:33 :OPTIONS /user/login - 0ms
2020-3-20 17:16:33 :POST /user/login - 3ms
2020-3-20 17:16:33 :GET /file/getImg?imagePath=1582540299536home.jpg - 404
2020-3-20 17:16:33 :OPTIONS /user/getShare - 0ms
2020-3-20 17:16:33 :POST /user/getShare - 6ms
2020-3-20 17:16:33 :OPTIONS /user/getShareComment - 0ms
2020-3-20 17:16:33 :POST /user/getShareComment - 7ms
2020-3-20 17:16:33 :OPTIONS /user/addShareComment - 0ms
2020-3-20 17:16:33 :POST /user/addShareComment - 3ms
2020-3-20 17:16:33 :OPTIONS /user/getShare - 0ms
2020-3-20 17:16:33 :POST /user/getShare - 3ms
2020-3-20 17:16:33 :POST /user/getShare - 19ms
2020-3-20 17:16:33 :OPTIONS /user/getShare - 0ms
2020-3-20 17:16:33 :POST /user/getShare - 8ms
2020-3-20 17:16:33 :OPTIONS /user/getShare - 0ms
2020-3-20 17:16:33 :POST /user/getShare - 4ms
2020-3-20 17:16:33 :OPTIONS /user/getShare - 0ms
2020-3-20 17:16:33 :POST /user/getShare - 3ms
2020-3-20 17:16:33 :OPTIONS /user/getShare - 0ms
2020-3-20 17:16:33 :POST /user/getShare - 3ms
2020-3-20 17:16:33 :OPTIONS /user/getGoods - 0ms
2020-3-20 17:16:33 :OPTIONS /user/getSort - 1ms
2020-3-20 17:16:33 :POST /user/getGoods - 27ms
2020-3-20 17:16:33 :POST /user/getSort - 25ms
2020-3-20 22:40:10 :OPTIONS /user/getGoods - 10ms
2020-3-20 22:40:10 :OPTIONS /user/getSort - 10ms
2020-3-20 22:40:10 :POST /user/getGoods - 29ms
2020-3-20 22:40:10 :POST /user/getSort - 33ms
2020-3-20 22:40:10 :GET /file/getImg?imagePath=1584698310694 - 404
2020-3-20 22:40:10 :GET /file/getImg?imagePath=15825417623914.jpg - 404
2020-3-20 22:40:10 :GET /file/getImg?imagePath=15825415919441.jpg - 404
2020-3-20 22:40:10 :GET /file/getImg?imagePath=15825418657533.jpg - 404
2020-3-20 22:40:10 :POST /user/getGoods - 9ms
2020-3-20 22:40:10 :POST /user/getSort - 8ms
2020-3-20 22:40:10 :POST /user/getGoods - 13ms
2020-3-20 22:40:10 :POST /user/getSort - 12ms
2020-3-20 22:40:10 :GET /file/getImg?imagePath=15822994790301.jpg - 404
2020-3-20 22:40:10 :OPTIONS /user/selectShare - 2ms
2020-3-20 22:40:10 :POST /user/selectShare - 15ms
2020-3-20 22:40:10 :OPTIONS /user/getGoods - 0ms
2020-3-20 22:40:10 :OPTIONS /user/getSort - 0ms
2020-3-20 22:40:10 :POST /user/getSort - 4ms
2020-3-20 22:40:10 :POST /user/getGoods - 6ms
2020-3-20 22:40:10 :POST /user/getGoods - 10ms
2020-3-20 22:40:10 :POST /user/getSort - 6ms
2020-3-20 22:40:10 :POST /user/getGoods - 20ms
2020-3-20 22:40:10 :POST /user/getSort - 27ms
2020-3-20 22:40:10 :GET /file/getImg?imagePath=15825415919441.jpg - 404
2020-3-20 22:40:10 :GET /file/getImg?imagePath=15825417623914.jpg - 404
2020-3-20 22:40:10 :GET /file/getImg?imagePath=15825418657533.jpg - 404
2020-3-20 22:40:10 :GET /file/getImg?imagePath=1584698310694 - 404
2020-3-20 22:40:10 :OPTIONS /user/getShare - 0ms
2020-3-20 22:40:10 :POST /user/getShare - 3ms
2020-3-20 22:40:10 :GET /file/getImg?imagePath=1584698223302 - 404
2020-3-20 22:40:10 :GET /file/getImg?imagePath=1584698194526 - 404
2020-3-20 22:40:10 :GET /file/getImg?imagePath=15822994790301.jpg - 404
2020-3-20 22:40:10 :OPTIONS /user/getSort - 1ms
2020-3-20 22:40:10 :OPTIONS /user/getGoods - 0ms
2020-3-20 22:40:10 :POST /user/getSort - 5ms
2020-3-20 22:40:10 :POST /user/getGoods - 36ms
2020-3-20 22:40:10 :GET /file/getImg?imagePath=1584698310694 - 404
2020-3-20 22:40:10 :GET /file/getImg?imagePath=15825415919441.jpg - 404
2020-3-20 22:40:10 :GET /file/getImg?imagePath=15825417623914.jpg - 404
2020-3-20 22:40:10 :GET /file/getImg?imagePath=15825418657533.jpg - 404
2020-3-20 22:40:10 :POST /user/getSort - 9ms
2020-3-20 22:40:10 :POST /user/getGoods - 11ms
2020-3-20 22:40:10 :POST /user/getGoods - 7ms
2020-3-20 22:40:10 :POST /user/getGoods - 6ms
2020-3-20 22:40:10 :OPTIONS /user/getGoods - 0ms
2020-3-20 22:40:10 :OPTIONS /user/getSort - 0ms
2020-3-20 22:40:10 :POST /user/getGoods - 10ms
2020-3-20 22:40:10 :POST /user/getSort - 8ms
2020-3-20 22:40:10 :GET /file/getImg?imagePath=15822994790301.jpg - 404
2020-3-20 22:40:10 :OPTIONS /user/login - 0ms
2020-3-20 22:40:10 :POST /user/login - 3ms
2020-3-20 22:40:10 :POST /user/login - 6ms
2020-3-20 22:40:10 :GET /file/getImg?imagePath=1582540299536home.jpg - 404
2020-3-20 22:40:10 :OPTIONS /user/getGoods - 0ms
2020-3-20 22:40:10 :OPTIONS /user/getSort - 0ms
2020-3-20 22:40:10 :POST /user/getGoods - 7ms
2020-3-20 22:40:10 :POST /user/getSort - 7ms
2020-3-20 22:40:10 :OPTIONS /user/getGoods - 1ms
2020-3-20 22:40:10 :OPTIONS /user/getSort - 0ms
2020-3-20 22:40:10 :POST /user/getGoods - 9ms
2020-3-20 22:40:10 :POST /user/getSort - 8ms