
2020-3-27 16:12:21 :OPTIONS /user/getGoods - 5ms
2020-3-27 16:12:21 :OPTIONS /user/getSort - 0ms
2020-3-27 16:12:21 :POST /user/getSort - 37ms
2020-3-27 16:12:21 :POST /user/getGoods - 51ms
2020-3-27 16:12:21 :OPTIONS /user/getGoods - 0ms
2020-3-27 16:12:21 :OPTIONS /user/getSort - 6ms
2020-3-27 16:12:21 :POST /user/getSort - 7ms
2020-3-27 16:12:21 :POST /user/getGoods - 61ms
2020-3-27 16:12:21 :POST /user/getSort - 3ms
2020-3-27 16:12:21 :POST /user/getGoods - 7ms
2020-3-27 16:12:21 :OPTIONS /user/getSort - 1ms
2020-3-27 16:12:21 :OPTIONS /user/getGoods - 1ms
2020-3-27 16:12:21 :POST /user/getSort - 3ms
2020-3-27 16:12:21 :POST /user/getGoods - 3ms
2020-3-27 16:12:21 :OPTIONS /user/login - 0ms
2020-3-27 16:12:21 :POST /user/login - 17ms
2020-3-27 16:12:21 :OPTIONS /user/getGoods - 0ms
2020-3-27 16:12:21 :POST /user/getGoods - 4ms
2020-3-27 16:12:21 :OPTIONS /user/login - 0ms
2020-3-27 16:12:21 :POST /user/login - 2ms
2020-3-27 16:12:21 :OPTIONS /user/getGoods - 0ms
2020-3-27 16:12:21 :POST /user/getGoods - 4ms
2020-3-27 16:12:21 :OPTIONS /user/login - 0ms
2020-3-27 16:12:21 :POST /user/login - 2ms
2020-3-27 16:12:21 :POST /user/login - 3ms
2020-3-27 16:12:21 :POST /user/login - 3ms
2020-3-27 16:12:21 :OPTIONS /user/login - 0ms
2020-3-27 16:12:21 :POST /user/login - 3ms
2020-3-27 16:12:21 :OPTIONS /user/login - 0ms
2020-3-27 16:12:21 :POST /user/login - 3ms
2020-3-27 16:12:21 :OPTIONS /user/login - 0ms
2020-3-27 16:12:21 :POST /user/login - 13ms
2020-3-27 21:18:6 :OPTIONS /user/getGoods - 11ms
2020-3-27 21:18:6 :OPTIONS /user/getSort - 0ms
2020-3-27 21:18:6 :POST /user/getGoods - 72ms
2020-3-27 21:18:6 :POST /user/getSort - 20ms
2020-3-27 21:18:6 :OPTIONS /user/getGoods - 1ms
2020-3-27 21:18:6 :OPTIONS /user/getSort - 0ms
2020-3-27 21:18:6 :POST /user/getGoods - 3ms
2020-3-27 21:18:6 :POST /user/getSort - 3ms
2020-3-27 21:18:6 :OPTIONS /user/getGoods - 0ms
2020-3-27 21:18:6 :OPTIONS /user/getSort - 0ms
2020-3-27 21:18:6 :POST /user/getGoods - 117ms
2020-3-27 21:18:6 :POST /user/getSort - 72ms
2020-3-27 21:18:6 :OPTIONS /user/getShare - 0ms
2020-3-27 21:18:6 :POST /user/getShare - 19ms
2020-3-27 21:18:6 :OPTIONS /user/getGoods - 0ms
2020-3-27 21:18:6 :OPTIONS /user/getSort - 0ms
2020-3-27 21:18:6 :POST /user/getGoods - 2ms
2020-3-27 21:18:6 :POST /user/getSort - 3ms
2020-3-27 21:18:6 :OPTIONS /user/getGoods - 0ms
2020-3-27 21:18:6 :POST /user/getGoods - 4ms
2020-3-27 21:18:6 :OPTIONS /user/getSort - 23ms
2020-3-27 21:18:6 :POST /user/getSort - 75ms
2020-3-27 21:18:6 :OPTIONS /user/getShare - 0ms
2020-3-27 21:18:6 :POST /user/getShare - 5ms
2020-3-27 21:18:6 :POST /user/getGoods - 7ms
2020-3-27 21:18:6 :POST /user/getSort - 13ms
2020-3-27 21:18:6 :OPTIONS /user/getGoods - 0ms
2020-3-27 21:18:6 :OPTIONS /user/getSort - 0ms
2020-3-27 21:18:6 :POST /user/getGoods - 3ms
2020-3-27 21:18:6 :POST /user/getSort - 2ms
2020-3-27 21:18:6 :OPTIONS /user/getGoods - 0ms
2020-3-27 21:18:6 :OPTIONS /user/getSort - 0ms
2020-3-27 21:18:6 :POST /user/getGoods - 3ms
2020-3-27 21:18:6 :POST /user/getSort - 3ms
2020-3-27 21:18:6 :OPTIONS /user/getShare - 1ms
2020-3-27 21:18:6 :POST /user/getShare - 4ms
2020-3-27 21:18:6 :OPTIONS /user/getGoods - 0ms
2020-3-27 21:18:6 :OPTIONS /user/getSort - 1ms
2020-3-27 21:18:6 :POST /user/getSort - 5ms
2020-3-27 21:18:6 :POST /user/getGoods - 8ms
2020-3-27 21:18:6 :OPTIONS /user/getShare - 0ms
2020-3-27 21:18:6 :POST /user/getShare - 4ms
2020-3-27 21:18:6 :OPTIONS /user/getSort - 0ms
2020-3-27 21:18:6 :OPTIONS /user/getGoods - 1ms
2020-3-27 21:18:6 :POST /user/getSort - 5ms
2020-3-27 21:18:6 :POST /user/getGoods - 10ms
2020-3-27 21:18:6 :OPTIONS /user/getSort - 0ms
2020-3-27 21:18:6 :OPTIONS /user/getGoods - 0ms
2020-3-27 21:18:6 :POST /user/getSort - 27ms
2020-3-27 21:18:6 :POST /user/getGoods - 40ms
2020-3-27 21:18:6 :OPTIONS /user/getGoods - 0ms
2020-3-27 21:18:6 :OPTIONS /user/getSort - 0ms
2020-3-27 21:18:6 :POST /user/getGoods - 11ms
2020-3-27 21:18:6 :POST /user/getSort - 7ms
2020-3-27 21:18:6 :OPTIONS /user/login - 0ms
2020-3-27 21:18:6 :POST /user/login - 20ms
2020-3-27 21:18:6 :OPTIONS /user/addUser - 1ms
2020-3-27 21:18:6 :POST /user/addUser - 192ms
2020-3-27 21:18:6 :OPTIONS /user/getSort - 1ms
2020-3-27 21:18:6 :POST /user/getSort - 5ms
2020-3-27 21:18:6 :OPTIONS /user/addSort - 0ms
2020-3-27 21:18:6 :POST /user/addSort - 44ms
2020-3-27 21:18:6 :OPTIONS /user/getGoods - 0ms
2020-3-27 21:18:6 :OPTIONS /user/getSort - 0ms
2020-3-27 21:18:6 :POST /user/getSort - 5ms
2020-3-27 21:18:6 :POST /user/getGoods - 8ms
2020-3-27 21:18:6 :POST /user/getGoods - 18ms
2020-3-27 21:18:6 :POST /user/getSort - 44ms
2020-3-27 21:18:6 :POST /user/getGoods - 27ms
2020-3-27 21:18:6 :POST /user/getSort - 21ms
2020-3-27 21:18:6 :POST /user/getGoods - 4ms
2020-3-27 21:18:6 :OPTIONS /user/login - 0ms
2020-3-27 21:18:6 :POST /user/login - 5ms
2020-3-27 21:18:6 :OPTIONS /user/upUser - 1ms
2020-3-27 21:18:6 :POST /user/upUser - 84ms
2020-3-27 21:18:6 :OPTIONS /user/login - 0ms
2020-3-27 21:18:6 :POST /user/login - 4ms
2020-3-27 21:18:6 :POST /user/login - 11ms
2020-3-27 21:18:6 :OPTIONS /user/getGoods - 0ms
2020-3-27 21:18:6 :OPTIONS /user/getSort - 0ms
2020-3-27 21:18:6 :POST /user/getGoods - 5ms
2020-3-27 21:18:6 :POST /user/getSort - 4ms
2020-3-27 21:18:6 :OPTIONS /user/login - 0ms
2020-3-27 21:18:6 :POST /user/login - 3ms
2020-3-27 21:18:6 :OPTIONS /user/addUser - 0ms
2020-3-27 21:18:6 :POST /user/addUser - 21ms
2020-3-27 21:18:6 :OPTIONS /user/getGoods - 0ms
2020-3-27 21:18:6 :POST /user/getGoods - 20ms
2020-3-27 21:18:6 :OPTIONS /user/login - 0ms
2020-3-27 21:18:6 :POST /user/login - 3ms
2020-3-27 21:18:6 :OPTIONS /user/login - 0ms
2020-3-27 21:18:6 :POST /user/login - 3ms
2020-3-27 21:18:6 :OPTIONS /user/login - 0ms
2020-3-27 21:18:6 :POST /user/login - 3ms
2020-3-27 21:18:6 :POST /user/login - 8ms
2020-3-27 21:18:6 :OPTIONS /user/upUser - 0ms
2020-3-27 21:18:6 :POST /user/upUser - 2ms
2020-3-27 21:18:6 :OPTIONS /user/login - 0ms
2020-3-27 21:18:6 :POST /user/login - 5ms
2020-3-27 21:18:6 :POST /user/login - 2ms
2020-3-27 21:18:6 :OPTIONS /user/login - 0ms
2020-3-27 21:18:6 :POST /user/login - 3ms
2020-3-27 21:18:6 :OPTIONS /file/upFile - 2ms
2020-3-27 21:18:6 :POST /file/upFile - 33ms
2020-3-27 21:18:6 :OPTIONS /user/upUser - 1ms
2020-3-27 21:18:6 :POST /user/upUser - 4ms
2020-3-27 21:18:6 :GET /file/getImg?imagePath=1585319924191 - 404
2020-3-27 21:18:6 :OPTIONS /user/getGoods - 0ms
2020-3-27 21:18:6 :POST /user/getGoods - 4ms
2020-3-27 21:18:6 :OPTIONS /user/login - 0ms
2020-3-27 21:18:6 :POST /user/login - 3ms
2020-3-27 21:18:6 :OPTIONS /user/upUser - 1ms
2020-3-27 21:18:6 :POST /user/upUser - 17ms
2020-3-27 21:18:6 :OPTIONS /user/login - 0ms
2020-3-27 21:18:6 :POST /user/login - 4ms
2020-3-27 21:18:6 :OPTIONS /user/addUser - 0ms
2020-3-27 21:18:6 :POST /user/addUser - 3ms
2020-3-27 21:18:6 :OPTIONS /user/getGoods - 1ms
2020-3-27 21:18:6 :POST /user/getGoods - 3ms
2020-3-27 21:18:6 :OPTIONS /user/login - 0ms
2020-3-27 21:18:6 :POST /user/login - 3ms
2020-3-27 21:18:6 :OPTIONS /user/login - 0ms
2020-3-27 21:18:6 :POST /user/login - 6ms
2020-3-27 21:18:6 :POST /user/login - 8ms
2020-3-27 21:18:6 :POST /user/login - 7ms
2020-3-27 21:18:6 :POST /user/login - 19ms
2020-3-27 21:18:6 :POST /user/login - 7ms
2020-3-27 21:18:6 :POST /user/login - 7ms
2020-3-27 21:18:6 :OPTIONS /user/login - 1ms
2020-3-27 21:18:6 :POST /user/login - 7ms
2020-3-27 21:18:6 :POST /user/login - 3ms
2020-3-27 21:18:6 :OPTIONS /user/upUser - 0ms
2020-3-27 21:18:6 :POST /user/upUser - 2ms
2020-3-27 21:18:6 :OPTIONS /user/login - 0ms
2020-3-27 21:18:6 :POST /user/login - 4ms
2020-3-27 21:18:6 :POST /user/login - 6ms
2020-3-27 21:18:6 :OPTIONS /user/login - 0ms
2020-3-27 21:18:6 :POST /user/login - 256ms
2020-3-27 21:18:6 :OPTIONS /user/login - 1ms
2020-3-27 21:18:6 :POST /user/login - 6ms