
2020-3-25 12:24:41 :OPTIONS /user/getGoods - 5ms
2020-3-25 12:24:41 :OPTIONS /user/getSort - 0ms
2020-3-25 12:24:41 :POST /user/getGoods - 938ms
2020-3-25 12:24:41 :POST /user/getSort - 810ms
2020-3-25 12:24:41 :POST /user/getSort - 6ms
2020-3-25 12:24:41 :POST /user/getGoods - 4ms
2020-3-25 12:24:41 :OPTIONS /user/getGoods - 1ms
2020-3-25 12:24:41 :OPTIONS /user/getSort - 0ms
2020-3-25 12:24:41 :POST /user/getSort - 3ms
2020-3-25 12:24:41 :POST /user/getGoods - 4ms
2020-3-25 12:24:41 :OPTIONS /user/login - 0ms
2020-3-25 12:24:41 :POST /user/login - 38ms
2020-3-25 12:24:41 :OPTIONS /user/login - 0ms
2020-3-25 12:24:41 :POST /user/login - 40ms
2020-3-25 12:24:41 :OPTIONS /user/addUser - 0ms
2020-3-25 12:24:41 :POST /user/addUser - 118ms
2020-3-25 12:24:41 :OPTIONS /user/login - 0ms
2020-3-25 12:24:41 :POST /user/login - 626ms
2020-3-25 12:24:41 :OPTIONS /user/getGoods - 0ms
2020-3-25 12:24:41 :POST /user/getGoods - 3ms
2020-3-25 12:24:41 :OPTIONS /user/login - 0ms
2020-3-25 12:24:41 :POST /user/login - 2ms
2020-3-25 12:24:41 :OPTIONS /user/getPay - 0ms
2020-3-25 12:24:41 :POST /user/getPay - 5ms
2020-3-25 12:24:41 :OPTIONS /user/getSort - 0ms
2020-3-25 12:24:41 :POST /user/getSort - 4ms
2020-3-25 12:24:41 :OPTIONS /user/addSort - 0ms
2020-3-25 12:24:41 :POST /user/addSort - 24ms
2020-3-25 12:24:41 :OPTIONS /user/getPay - 0ms
2020-3-25 12:24:41 :POST /user/getPay - 5ms
2020-3-25 12:24:41 :OPTIONS /user/getGoods - 0ms
2020-3-25 12:24:41 :POST /user/getGoods - 2ms
2020-3-25 12:24:41 :OPTIONS /user/getSort - 0ms
2020-3-25 12:24:41 :POST /user/getSort - 3ms
2020-3-25 12:24:41 :OPTIONS /user/getPay - 0ms
2020-3-25 12:24:41 :POST /user/getPay - 4ms
2020-3-25 12:24:41 :OPTIONS /user/getGoods - 0ms
2020-3-25 12:24:41 :POST /user/getGoods - 2ms
2020-3-25 12:24:41 :OPTIONS /user/getGoods - 1ms
2020-3-25 12:24:41 :OPTIONS /user/getSort - 0ms
2020-3-25 12:24:41 :POST /user/getGoods - 69ms
2020-3-25 12:24:41 :POST /user/getSort - 50ms
2020-3-25 12:24:41 :OPTIONS /user/getSort - 0ms
2020-3-25 12:24:41 :POST /user/getSort - 76ms
2020-3-25 12:24:41 :OPTIONS /user/getGoods - 0ms
2020-3-25 12:24:41 :POST /user/getGoods - 2ms
2020-3-25 12:24:41 :OPTIONS /user/getGoods - 461ms
2020-3-25 12:24:41 :POST /user/getGoods - 786ms
2020-3-25 12:24:41 :POST /user/getSort - 225ms
2020-3-25 12:24:41 :OPTIONS /user/getGoods - 2ms
2020-3-25 12:24:41 :POST /user/getGoods - 180ms
2020-3-25 12:24:41 :OPTIONS /user/getGoods - 0ms
2020-3-25 12:24:41 :OPTIONS /user/getSort - 0ms
2020-3-25 12:24:41 :POST /user/getGoods - 5ms
2020-3-25 12:24:41 :POST /user/getSort - 3ms
2020-3-25 12:24:41 :OPTIONS /user/getGoods - 1ms
2020-3-25 12:24:41 :POST /user/getGoods - 50ms
2020-3-25 12:24:41 :OPTIONS /user/getSort - 34ms
2020-3-25 12:24:41 :POST /user/getSort - 93ms
2020-3-25 12:24:41 :OPTIONS /user/getGoods - 1ms
2020-3-25 12:24:41 :OPTIONS /user/getSort - 0ms
2020-3-25 12:24:41 :POST /user/getSort - 83ms
2020-3-25 12:24:41 :POST /user/getGoods - 87ms
2020-3-25 12:24:41 :OPTIONS /user/getGoods - 0ms
2020-3-25 12:24:41 :POST /user/getGoods - 20ms
2020-3-25 12:24:41 :OPTIONS /user/getSort - 0ms
2020-3-25 12:24:41 :OPTIONS /user/getGoods - 0ms
2020-3-25 12:24:41 :POST /user/getSort - 4ms
2020-3-25 12:24:41 :POST /user/getGoods - 46ms
2020-3-25 12:24:41 :OPTIONS /user/getGoods - 0ms
2020-3-25 12:24:41 :OPTIONS /user/getSort - 1ms
2020-3-25 12:24:41 :POST /user/getGoods - 7ms
2020-3-25 12:24:41 :POST /user/getSort - 8ms
2020-3-25 12:24:41 :OPTIONS /user/getGoods - 0ms
2020-3-25 12:24:41 :OPTIONS /user/getSort - 0ms
2020-3-25 12:24:41 :POST /user/getGoods - 106ms
2020-3-25 12:24:41 :POST /user/getSort - 19ms
2020-3-25 12:24:41 :OPTIONS /user/getGoods - 1ms
2020-3-25 12:24:41 :POST /user/getGoods - 46ms
2020-3-25 12:24:41 :OPTIONS /user/getSort - 56ms
2020-3-25 12:24:41 :POST /user/getSort - 228ms
2020-3-25 12:24:41 :OPTIONS /user/getGoods - 0ms
2020-3-25 12:24:41 :OPTIONS /user/getSort - 0ms
2020-3-25 12:24:41 :POST /user/getSort - 6ms
2020-3-25 12:24:41 :POST /user/getGoods - 10ms
2020-3-25 12:24:41 :OPTIONS /user/getGoods - 1ms
2020-3-25 12:24:41 :POST /user/getGoods - 7ms
2020-3-25 12:24:41 :OPTIONS /user/getShare - 1ms
2020-3-25 12:24:41 :POST /user/getShare - 109ms
2020-3-25 12:24:41 :POST /user/getShare - 2ms
2020-3-25 12:24:41 :OPTIONS /user/getGoods - 0ms
2020-3-25 12:24:41 :OPTIONS /user/getSort - 0ms
2020-3-25 12:24:41 :POST /user/getGoods - 8ms
2020-3-25 12:24:41 :POST /user/getSort - 4ms
2020-3-25 12:24:41 :OPTIONS /user/getShare - 0ms
2020-3-25 12:24:41 :POST /user/getShare - 10ms
2020-3-25 12:24:41 :OPTIONS /user/getGoods - 0ms
2020-3-25 12:24:41 :POST /user/getGoods - 8ms
2020-3-25 12:24:41 :OPTIONS /user/getGoods - 1ms
2020-3-25 12:24:41 :POST /user/getGoods - 338ms
2020-3-25 12:24:41 :OPTIONS /user/getSort - 15ms
2020-3-25 12:24:41 :POST /user/getSort - 131ms
2020-3-25 12:24:41 :OPTIONS /user/getShare - 0ms
2020-3-25 12:24:41 :POST /user/getShare - 104ms
2020-3-25 12:24:41 :OPTIONS /user/getGoods - 0ms
2020-3-25 12:24:41 :OPTIONS /user/getSort - 0ms
2020-3-25 12:24:41 :POST /user/getSort - 56ms
2020-3-25 12:24:41 :POST /user/getGoods - 76ms
2020-3-25 12:24:41 :OPTIONS /user/getGoods - 0ms
2020-3-25 12:24:41 :OPTIONS /user/getSort - 1ms
2020-3-25 12:24:41 :POST /user/getSort - 60ms
2020-3-25 12:24:41 :POST /user/getGoods - 100ms
2020-3-25 12:24:41 :OPTIONS /user/getSort - 0ms
2020-3-25 12:24:41 :OPTIONS /user/getGoods - 1ms
2020-3-25 12:24:41 :POST /user/getGoods - 19ms
2020-3-25 12:24:41 :POST /user/getSort - 106ms
2020-3-25 12:24:41 :OPTIONS /user/getGoods - 0ms
2020-3-25 12:24:41 :OPTIONS /user/getSort - 1ms
2020-3-25 12:24:41 :POST /user/getGoods - 175ms
2020-3-25 12:24:41 :POST /user/getSort - 173ms
2020-3-25 12:24:41 :OPTIONS /user/getSort - 0ms
2020-3-25 12:24:41 :OPTIONS /user/getGoods - 1ms
2020-3-25 12:24:41 :POST /user/getSort - 20ms
2020-3-25 12:24:41 :POST /user/getGoods - 32ms
2020-3-25 12:24:41 :OPTIONS /user/getGoods - 0ms
2020-3-25 12:24:41 :OPTIONS /user/getSort - 0ms
2020-3-25 12:24:41 :POST /user/getGoods - 3ms
2020-3-25 12:24:41 :POST /user/getSort - 3ms
2020-3-25 12:24:41 :OPTIONS /user/getGoods - 0ms
2020-3-25 12:24:41 :OPTIONS /user/getSort - 0ms
2020-3-25 12:24:41 :POST /user/getGoods - 2ms
2020-3-25 12:24:41 :POST /user/getSort - 23ms
2020-3-25 12:24:41 :OPTIONS /user/getShare - 0ms
2020-3-25 12:24:41 :POST /user/getShare - 3ms
2020-3-25 12:24:41 :OPTIONS /user/getGoods - 0ms
2020-3-25 12:24:41 :OPTIONS /user/getSort - 1ms
2020-3-25 12:24:41 :POST /user/getGoods - 2ms
2020-3-25 12:24:41 :POST /user/getSort - 2ms
2020-3-25 12:24:41 :OPTIONS /user/getGoods - 0ms
2020-3-25 12:24:41 :OPTIONS /user/getSort - 1ms
2020-3-25 12:24:41 :POST /user/getGoods - 92ms
2020-3-25 12:24:41 :POST /user/getSort - 104ms
2020-3-25 12:24:41 :OPTIONS /user/getGoods - 0ms
2020-3-25 12:24:41 :OPTIONS /user/getSort - 0ms
2020-3-25 12:24:41 :POST /user/getGoods - 2ms
2020-3-25 12:24:41 :POST /user/getSort - 5ms
2020-3-25 12:24:41 :OPTIONS /user/getGoods - 0ms
2020-3-25 12:24:41 :OPTIONS /user/getSort - 0ms
2020-3-25 12:24:41 :POST /user/getGoods - 2ms
2020-3-25 12:24:41 :POST /user/getSort - 4ms
2020-3-25 12:24:41 :OPTIONS /user/getGoods - 0ms
2020-3-25 12:24:41 :OPTIONS /user/getSort - 0ms
2020-3-25 12:24:41 :POST /user/getSort - 10ms
2020-3-25 12:24:41 :POST /user/getGoods - 81ms
2020-3-25 12:24:41 :OPTIONS /user/getGoods - 0ms
2020-3-25 12:24:41 :OPTIONS /user/getSort - 1ms
2020-3-25 12:24:41 :POST /user/getGoods - 4ms
2020-3-25 12:24:41 :POST /user/getSort - 4ms
2020-3-25 12:24:41 :OPTIONS /user/getSort - 0ms
2020-3-25 12:24:41 :OPTIONS /user/getGoods - 0ms
2020-3-25 12:24:41 :POST /user/getSort - 4ms
2020-3-25 12:24:41 :POST /user/getGoods - 4ms
2020-3-25 12:24:41 :OPTIONS /user/getShare - 0ms
2020-3-25 12:24:41 :POST /user/getShare - 4ms
2020-3-25 12:24:41 :OPTIONS /user/getGoods - 0ms
2020-3-25 12:24:41 :OPTIONS /user/getSort - 0ms
2020-3-25 12:24:41 :POST /user/getSort - 12ms
2020-3-25 12:24:41 :POST /user/getGoods - 28ms
2020-3-25 12:24:41 :OPTIONS /user/getShare - 0ms
2020-3-25 12:24:41 :POST /user/getShare - 2ms
2020-3-25 12:24:41 :OPTIONS /user/getShare - 1ms
2020-3-25 12:24:41 :POST /user/getShare - 24ms
2020-3-25 12:24:41 :OPTIONS /user/getShare - 1ms
2020-3-25 12:24:41 :POST /user/getShare - 41ms
2020-3-25 12:24:41 :POST /user/getShare - 2ms
2020-3-25 12:24:41 :OPTIONS /user/getShare - 0ms
2020-3-25 12:24:41 :POST /user/getShare - 2ms
2020-3-25 12:24:41 :OPTIONS /user/getGoods - 0ms
2020-3-25 12:24:41 :OPTIONS /user/getSort - 0ms
2020-3-25 12:24:41 :POST /user/getGoods - 3ms
2020-3-25 12:24:41 :POST /user/getSort - 3ms
2020-3-25 12:24:41 :OPTIONS /user/getShare - 0ms
2020-3-25 12:24:41 :POST /user/getShare - 2ms
2020-3-25 12:24:41 :OPTIONS /user/getGoods - 1ms
2020-3-25 12:24:41 :OPTIONS /user/getSort - 0ms
2020-3-25 12:24:41 :POST /user/getGoods - 4ms
2020-3-25 12:24:41 :POST /user/getSort - 2ms
2020-3-25 12:24:41 :OPTIONS /user/getSort - 0ms
2020-3-25 12:24:41 :OPTIONS /user/getGoods - 0ms
2020-3-25 12:24:41 :POST /user/getSort - 3ms
2020-3-25 12:24:41 :POST /user/getGoods - 2ms
2020-3-25 12:24:41 :OPTIONS /user/getShare - 0ms
2020-3-25 12:24:41 :POST /user/getShare - 3ms
2020-3-25 12:24:41 :OPTIONS /user/getGoods - 0ms
2020-3-25 12:24:41 :OPTIONS /user/getSort - 0ms
2020-3-25 12:24:41 :POST /user/getGoods - 55ms
2020-3-25 12:24:41 :POST /user/getSort - 74ms
2020-3-25 12:24:41 :OPTIONS /user/getGoods - 0ms
2020-3-25 12:24:41 :OPTIONS /user/getSort - 0ms
2020-3-25 12:24:41 :POST /user/getGoods - 3ms
2020-3-25 12:24:41 :POST /user/getSort - 2ms