
2020-6-3 14:3:2 :OPTIONS /user/getGoods - 8ms
2020-6-3 14:3:2 :OPTIONS /user/getSort - 0ms
2020-6-3 14:3:2 :POST /user/getSort - 40ms
2020-6-3 14:3:2 :POST /user/getGoods - 54ms
2020-6-3 14:3:2 :GET /file/getImg?imagePath=1589475021999 - 404
2020-6-3 14:3:2 :OPTIONS /user/login - 1ms
2020-6-3 14:3:2 :POST /user/login - 7ms
2020-6-3 14:3:2 :OPTIONS /user/getGoods - 1ms
2020-6-3 14:3:2 :OPTIONS /user/getSort - 0ms
2020-6-3 14:3:2 :POST /user/getGoods - 4ms
2020-6-3 14:3:2 :POST /user/getSort - 4ms
2020-6-3 14:3:2 :GET /file/getImg?imagePath=1589475021999 - 404
2020-6-3 14:3:2 :OPTIONS /user/getShare - 0ms
2020-6-3 14:3:2 :POST /user/getShare - 3ms
2020-6-3 14:3:2 :OPTIONS /user/getGoods - 0ms
2020-6-3 14:3:2 :OPTIONS /user/getSort - 1ms
2020-6-3 14:3:2 :POST /user/getGoods - 7ms
2020-6-3 14:3:2 :POST /user/getSort - 5ms
2020-6-3 14:3:2 :OPTIONS /user/getShare - 0ms
2020-6-3 14:3:2 :POST /user/getShare - 3ms
2020-6-3 16:37:27 :OPTIONS /user/getSort - 7ms
2020-6-3 16:37:28 :OPTIONS /user/getGoods - 7ms
2020-6-3 16:37:28 :POST /user/getSort - 29ms
2020-6-3 16:37:27 :POST /user/getGoods - 29ms
2020-6-3 16:37:27 :OPTIONS /user/getGoods - 1ms
2020-6-3 16:37:27 :OPTIONS /user/getSort - 0ms
2020-6-3 16:37:27 :POST /user/getGoods - 4ms
2020-6-3 16:37:27 :POST /user/getSort - 2ms
2020-6-3 16:37:27 :OPTIONS /user/getGoods - 0ms
2020-6-3 16:37:27 :OPTIONS /user/getSort - 0ms
2020-6-3 16:37:27 :POST /user/getGoods - 2ms
2020-6-3 16:37:27 :POST /user/getSort - 2ms
2020-6-3 16:37:28 :OPTIONS /user/getSort - 0ms
2020-6-3 16:37:27 :OPTIONS /user/getGoods - 0ms
2020-6-3 16:37:27 :POST /user/getSort - 19ms
2020-6-3 16:37:28 :POST /user/getGoods - 17ms
2020-6-3 16:37:28 :OPTIONS /user/getGoods - 0ms
2020-6-3 16:37:28 :OPTIONS /user/getSort - 0ms
2020-6-3 16:37:28 :POST /user/getGoods - 2ms
2020-6-3 16:37:28 :POST /user/getSort - 3ms
2020-6-3 16:37:28 :OPTIONS /user/getAdmin - 0ms
2020-6-3 16:37:28 :POST /user/getAdmin - 5ms
2020-6-3 16:37:28 :OPTIONS /user/getAdmin - 1ms
2020-6-3 16:37:28 :POST /user/getAdmin - 4ms