
2020-6-4 20:35:13 :OPTIONS /user/getGoods - 7ms
2020-6-4 20:35:13 :OPTIONS /user/getSort - 6ms
2020-6-4 20:35:13 :POST /user/getSort - 29ms
2020-6-4 20:35:13 :POST /user/getGoods - 41ms
2020-6-4 20:35:13 :OPTIONS /user/getSort - 0ms
2020-6-4 20:35:13 :OPTIONS /user/getGoods - 0ms
2020-6-4 20:35:13 :POST /user/getGoods - 24ms
2020-6-4 20:35:13 :POST /user/getSort - 21ms
2020-6-4 20:35:13 :OPTIONS /user/getAdmin - 0ms
2020-6-4 20:35:13 :POST /user/getAdmin - 4ms
2020-6-4 20:35:13 :OPTIONS /user/addAdmin - 0ms
2020-6-4 20:35:13 :POST /user/addAdmin - 11ms
2020-6-4 20:35:13 :OPTIONS /user/getSort - 0ms
2020-6-4 20:35:13 :POST /user/getSort - 2ms
2020-6-4 20:35:13 :OPTIONS /user/getAdmin - 0ms
2020-6-4 20:35:13 :POST /user/getAdmin - 77ms
2020-6-4 20:35:13 :POST /user/getSort - 2ms
2020-6-4 20:35:13 :POST /user/getAdmin - 3ms
2020-6-4 20:35:13 :POST /user/getSort - 2ms
2020-6-4 20:35:13 :OPTIONS /user/addSort - 1ms
2020-6-4 20:35:13 :POST /user/addSort - 6ms
2020-6-4 20:35:13 :OPTIONS /user/getGoods - 0ms
2020-6-4 20:35:13 :POST /user/getGoods - 3ms
2020-6-4 20:35:13 :OPTIONS /user/getSort - 0ms
2020-6-4 20:35:13 :POST /user/getSort - 3ms
2020-6-4 20:35:13 :OPTIONS /file/upFile - 0ms
2020-6-4 20:35:13 :OPTIONS /file/upFile - 1ms
2020-6-4 20:35:13 :POST /file/upFile - 1ms
2020-6-4 20:35:13 :POST /file/upFile - 0ms
2020-6-4 20:35:13 :POST /file/upFile - 0ms
2020-6-4 20:35:13 :POST /file/upFile - 1ms
2020-6-4 20:35:13 :POST /file/upFile - 0ms
2020-6-4 20:35:13 :POST /file/upFile - 0ms
2020-6-4 20:35:13 :POST /file/upFile - 0ms
2020-6-4 20:35:13 :POST /file/upFile - 1ms
2020-6-4 20:35:13 :POST /file/upFile - 0ms
2020-6-4 20:35:13 :POST /file/upFile - 0ms
2020-6-4 20:35:13 :POST /file/upFile - 0ms
2020-6-4 20:35:13 :POST /file/upFile - 0ms
2020-6-4 20:35:13 :POST /file/upFile - 0ms
2020-6-4 20:35:13 :POST /file/upFile - 0ms
2020-6-4 20:35:13 :OPTIONS /user/addGoods - 1ms
2020-6-4 20:35:13 :OPTIONS /user/addGoods - 0ms
2020-6-4 20:35:13 :OPTIONS /user/addGoods - 0ms
2020-6-4 20:35:13 :OPTIONS /user/addGoods - 1ms
2020-6-4 20:35:13 :OPTIONS /user/addGoods - 1ms
2020-6-4 20:35:13 :OPTIONS /user/addGoods - 0ms
2020-6-4 20:35:13 :OPTIONS /user/addGoods - 0ms
2020-6-4 20:35:13 :OPTIONS /user/addGoods - 0ms
2020-6-4 20:35:13 :POST /user/addGoods - 2ms
2020-6-4 20:35:13 :POST /user/addGoods - 1ms
2020-6-4 20:35:13 :POST /user/addGoods - 3ms
2020-6-4 20:35:13 :POST /user/addGoods - 2ms
2020-6-4 20:35:13 :POST /user/addGoods - 1ms
2020-6-4 20:35:13 :POST /user/addGoods - 1ms
2020-6-4 20:35:13 :POST /user/addGoods - 0ms
2020-6-4 20:35:13 :POST /user/addGoods - 1ms
2020-6-4 20:35:13 :OPTIONS /user/getGoods - 0ms
2020-6-4 20:35:13 :POST /user/getGoods - 3ms
2020-6-4 20:35:13 :OPTIONS /user/getGoods - 1ms
2020-6-4 20:35:13 :POST /user/getGoods - 6ms
2020-6-4 20:35:13 :GET /file/getImg?imagePath=1591277731853 - 404
2020-6-4 20:35:13 :GET /file/getImg?imagePath=1591277731890 - 404
2020-6-4 20:35:13 :GET /file/getImg?imagePath=1591277731892 - 404
2020-6-4 20:35:13 :OPTIONS /user/getSort - 0ms
2020-6-4 20:35:13 :POST /user/getSort - 14ms
2020-6-4 20:35:13 :OPTIONS /user/delGoods - 1ms
2020-6-4 20:35:13 :POST /user/delGoods - 5ms
2020-6-4 20:35:13 :POST /user/delGoods - 0ms
2020-6-4 20:35:13 :POST /user/delGoods - 0ms
2020-6-4 20:35:13 :POST /user/delGoods - 1ms
2020-6-4 20:35:13 :OPTIONS /user/delGoods - 0ms
2020-6-4 20:35:13 :POST /user/delGoods - 1ms
2020-6-4 20:35:13 :POST /user/delGoods - 1ms
2020-6-4 20:35:13 :POST /user/delGoods - 1ms
2020-6-4 20:35:13 :POST /user/delGoods - 0ms
2020-6-4 20:35:13 :OPTIONS /user/getGoods - 0ms
2020-6-4 20:35:13 :POST /user/getGoods - 3ms
2020-6-4 20:35:13 :OPTIONS /user/getSort - 0ms
2020-6-4 20:35:13 :POST /user/getSort - 3ms
2020-6-4 20:35:13 :OPTIONS /file/upFile - 0ms
2020-6-4 20:35:13 :POST /file/upFile - 1ms
2020-6-4 20:35:13 :POST /file/upFile - 1ms
2020-6-4 20:35:13 :OPTIONS /user/addGoods - 0ms
2020-6-4 20:35:13 :POST /user/addGoods - 6ms
2020-6-4 20:35:13 :GET /file/getImg?imagePath=1591278057755 - 404
2020-6-4 20:35:13 :GET /file/getImg?imagePath=1591278057765 - 404
2020-6-4 20:35:13 :OPTIONS /user/getGoods - 0ms
2020-6-4 20:35:13 :POST /user/getGoods - 3ms
2020-6-4 20:35:13 :OPTIONS /user/getSort - 0ms
2020-6-4 20:35:13 :POST /user/getSort - 3ms
2020-6-4 20:35:13 :OPTIONS /user/addSort - 0ms
2020-6-4 20:35:13 :POST /user/addSort - 1ms
2020-6-4 20:35:13 :OPTIONS /user/addSort - 0ms
2020-6-4 20:35:13 :POST /user/addSort - 1ms
2020-6-4 20:35:13 :OPTIONS /user/getGoods - 0ms
2020-6-4 20:35:13 :POST /user/getGoods - 2ms
2020-6-4 20:35:13 :OPTIONS /user/getSort - 0ms
2020-6-4 20:35:13 :POST /user/getSort - 3ms
2020-6-4 20:35:13 :OPTIONS /file/upFile - 0ms
2020-6-4 20:35:13 :POST /file/upFile - 1ms
2020-6-4 20:35:13 :POST /file/upFile - 0ms
2020-6-4 20:35:13 :OPTIONS /user/addGoods - 0ms
2020-6-4 20:35:13 :POST /user/addGoods - 1ms
2020-6-4 20:35:13 :OPTIONS /user/getGoods - 0ms
2020-6-4 20:35:13 :POST /user/getGoods - 3ms
2020-6-4 20:35:13 :OPTIONS /user/getPay - 0ms
2020-6-4 20:35:13 :POST /user/getPay - 19ms
2020-6-4 20:35:13 :OPTIONS /user/getGoods - 0ms
2020-6-4 20:35:13 :POST /user/getGoods - 2ms
2020-6-4 20:35:13 :OPTIONS /user/getSort - 0ms
2020-6-4 20:35:13 :POST /user/getSort - 2ms
2020-6-4 20:35:13 :OPTIONS /user/getAdmin - 0ms
2020-6-4 20:35:13 :POST /user/getAdmin - 5ms
2020-6-4 20:35:13 :OPTIONS /user/addAdmin - 0ms
2020-6-4 20:35:13 :POST /user/addAdmin - 4ms
2020-6-4 20:35:13 :OPTIONS /user/getAdmin - 0ms
2020-6-4 20:35:13 :POST /user/getAdmin - 6ms
2020-6-4 20:35:13 :OPTIONS /user/getSort - 0ms
2020-6-4 20:35:13 :POST /user/getSort - 2ms
2020-6-4 20:35:13 :OPTIONS /user/getGoods - 0ms
2020-6-4 20:35:13 :POST /user/getGoods - 2ms
2020-6-4 20:35:13 :OPTIONS /user/getSort - 0ms
2020-6-4 20:35:13 :POST /user/getSort - 17ms
2020-6-4 20:35:13 :OPTIONS /user/getGoods - 0ms
2020-6-4 20:35:13 :POST /user/getGoods - 6ms
2020-6-4 20:35:13 :OPTIONS /user/getSort - 0ms
2020-6-4 20:35:13 :POST /user/getSort - 3ms
2020-6-4 20:35:13 :OPTIONS /file/upFile - 0ms
2020-6-4 20:35:13 :POST /file/upFile - 0ms
2020-6-4 20:35:13 :POST /file/upFile - 1ms
2020-6-4 20:35:13 :OPTIONS /user/addGoods - 0ms
2020-6-4 20:35:13 :POST /user/addGoods - 1ms
2020-6-4 20:35:13 :OPTIONS /user/getGoods - 0ms
2020-6-4 20:35:13 :POST /user/getGoods - 2ms
2020-6-4 20:35:13 :OPTIONS /user/getSort - 0ms
2020-6-4 20:35:13 :POST /user/getSort - 2ms
2020-6-4 20:35:13 :OPTIONS /user/getGoods - 0ms
2020-6-4 20:35:13 :POST /user/getGoods - 2ms
2020-6-4 20:35:13 :POST /user/getSort - 3ms
2020-6-4 20:35:13 :OPTIONS /user/getGoods - 1ms
2020-6-4 20:35:13 :OPTIONS /user/getSort - 0ms
2020-6-4 20:35:13 :POST /user/getSort - 7ms
2020-6-4 20:35:13 :POST /user/getGoods - 7ms
2020-6-4 20:35:13 :GET /file/getImg?imagePath=1591278057755 - 404
2020-6-4 20:35:13 :GET /file/getImg?imagePath=1591278559665 - 404
2020-6-4 20:35:13 :GET /file/getImg?imagePath=1591279753617 - 404
2020-6-4 20:35:13 :OPTIONS /file/upFile - 0ms
2020-6-4 20:35:13 :POST /file/upFile - 0ms
2020-6-4 20:35:13 :POST /file/upFile - 0ms
2020-6-4 20:35:13 :OPTIONS /user/addGoods - 0ms
2020-6-4 20:35:13 :POST /user/addGoods - 1ms
2020-6-4 20:35:13 :OPTIONS /user/getGoods - 0ms
2020-6-4 20:35:13 :POST /user/getGoods - 2ms
2020-6-4 20:35:13 :OPTIONS /user/getSort - 0ms
2020-6-4 20:35:13 :POST /user/getSort - 3ms
2020-6-4 20:35:13 :OPTIONS /file/upFile - 0ms
2020-6-4 20:35:13 :POST /file/upFile - 1ms
2020-6-4 20:35:13 :POST /file/upFile - 1ms
2020-6-4 20:35:13 :OPTIONS /user/addGoods - 0ms
2020-6-4 20:35:13 :POST /user/addGoods - 1ms
2020-6-4 20:35:13 :GET /file/getImg?imagePath=1591280953136 - 404
2020-6-4 20:35:13 :GET /file/getImg?imagePath=1591280953144 - 404
2020-6-4 20:35:13 :OPTIONS /user/getGoods - 0ms
2020-6-4 20:35:13 :POST /user/getGoods - 3ms
2020-6-4 20:35:13 :OPTIONS /user/getSort - 0ms
2020-6-4 20:35:13 :POST /user/getSort - 2ms
2020-6-4 20:35:13 :OPTIONS /file/upFile - 0ms
2020-6-4 20:35:13 :POST /file/upFile - 1ms
2020-6-4 20:35:13 :OPTIONS /user/addGoods - 1ms
2020-6-4 20:35:13 :POST /user/addGoods - 1ms
2020-6-4 20:35:13 :GET /file/getImg?imagePath=1591281149294 - 404
2020-6-4 20:35:13 :OPTIONS /user/getGoods - 0ms
2020-6-4 20:35:13 :POST /user/getGoods - 3ms
2020-6-4 20:35:13 :OPTIONS /user/getSort - 0ms
2020-6-4 20:35:13 :POST /user/getSort - 3ms
2020-6-4 20:35:13 :OPTIONS /file/upFile - 0ms
2020-6-4 20:35:13 :POST /file/upFile - 0ms
2020-6-4 20:35:13 :OPTIONS /user/addGoods - 0ms
2020-6-4 20:35:13 :POST /user/addGoods - 1ms
2020-6-4 20:35:13 :OPTIONS /user/getGoods - 1ms
2020-6-4 20:35:13 :POST /user/getGoods - 2ms
2020-6-4 20:35:13 :OPTIONS /user/getSort - 0ms
2020-6-4 20:35:13 :OPTIONS /user/getGoods - 0ms
2020-6-4 20:35:13 :POST /user/getSort - 31ms
2020-6-4 20:35:13 :POST /user/getGoods - 51ms
2020-6-4 20:35:13 :GET /file/getImg?imagePath=1591278057755 - 404
2020-6-4 20:35:13 :GET /file/getImg?imagePath=1591278559665 - 404
2020-6-4 20:35:13 :GET /file/getImg?imagePath=1591281349607 - 404
2020-6-4 20:35:13 :GET /file/getImg?imagePath=1591280621693 - 404
2020-6-4 20:35:13 :GET /file/getImg?imagePath=1591280953136 - 404
2020-6-4 20:35:13 :GET /file/getImg?imagePath=1591279753617 - 404
2020-6-4 20:35:13 :GET /file/getImg?imagePath=1591281149294 - 404
2020-6-4 20:35:13 :GET /file/getImg?imagePath=1591278057765 - 404
2020-6-4 20:35:13 :OPTIONS /user/getGoods - 1ms
2020-6-4 20:35:13 :OPTIONS /user/getSort - 0ms
2020-6-4 20:35:13 :POST /user/getSort - 18ms
2020-6-4 20:35:13 :POST /user/getGoods - 33ms
2020-6-4 20:35:13 :OPTIONS /user/getSort - 0ms
2020-6-4 20:35:13 :OPTIONS /user/getGoods - 0ms
2020-6-4 20:35:13 :OPTIONS /user/getGoods - 0ms
2020-6-4 20:35:13 :POST /user/getGoods - 4ms
2020-6-4 20:35:13 :POST /user/getSort - 51ms
2020-6-4 20:35:13 :POST /user/getGoods - 163ms
2020-6-4 20:35:13 :OPTIONS /user/getGoods - 0ms
2020-6-4 20:35:13 :POST /user/getGoods - 2ms
2020-6-4 20:35:13 :POST /user/getGoods - 3ms
2020-6-4 20:35:13 :POST /user/getGoods - 2ms
2020-6-4 20:35:13 :OPTIONS /user/getGoods - 1ms
2020-6-4 20:35:13 :OPTIONS /user/getSort - 1ms
2020-6-4 20:35:13 :POST /user/getGoods - 10ms
2020-6-4 20:35:13 :POST /user/getSort - 4ms
2020-6-4 20:35:13 :GET /file/getImg?imagePath=1591278057755 - 404
2020-6-4 20:35:13 :GET /file/getImg?imagePath=1591278559665 - 404
2020-6-4 20:35:13 :GET /file/getImg?imagePath=1591279753617 - 404
2020-6-4 20:35:13 :GET /file/getImg?imagePath=1591280621693 - 404
2020-6-4 20:35:13 :GET /file/getImg?imagePath=1591281149294 - 404
2020-6-4 20:35:13 :GET /file/getImg?imagePath=1591281349607 - 404
2020-6-4 20:35:13 :GET /file/getImg?imagePath=1591280953136 - 404
2020-6-4 20:35:13 :POST /user/getGoods - 3ms
2020-6-4 20:35:13 :POST /user/getGoods - 2ms
2020-6-4 20:35:13 :OPTIONS /user/getGoods - 0ms
2020-6-4 20:35:13 :POST /user/getGoods - 2ms
2020-6-4 20:35:13 :POST /user/getGoods - 3ms
2020-6-4 20:35:13 :POST /user/getGoods - 4ms
2020-6-4 20:35:13 :GET /file/getImg?imagePath=1591281149294 - 404
2020-6-4 20:35:13 :GET /file/getImg?imagePath=1591281349607 - 404
2020-6-4 20:35:13 :POST /user/getGoods - 3ms
2020-6-4 20:35:13 :GET /file/getImg?imagePath=1591279753617 - 404
2020-6-4 20:35:13 :GET /file/getImg?imagePath=1591278057755 - 404
2020-6-4 20:35:13 :GET /file/getImg?imagePath=1591278559665 - 404
2020-6-4 20:35:13 :OPTIONS /user/getGoods - 1ms
2020-6-4 20:35:13 :POST /user/getGoods - 2ms
2020-6-4 20:35:13 :GET /file/getImg?imagePath=1591280621693 - 404
2020-6-4 20:35:13 :GET /file/getImg?imagePath=1591280953136 - 404
2020-6-4 20:35:13 :OPTIONS /user/getSort - 0ms
2020-6-4 20:35:13 :POST /user/getGoods - 5ms
2020-6-4 20:35:13 :POST /user/getSort - 2ms
2020-6-4 20:35:13 :OPTIONS /user/getSort - 0ms
2020-6-4 20:35:13 :POST /user/getSort - 2ms
2020-6-4 20:35:13 :OPTIONS /user/addSort - 0ms
2020-6-4 20:35:13 :POST /user/addSort - 7ms
2020-6-4 20:35:13 :OPTIONS /user/addSort - 0ms
2020-6-4 20:35:13 :POST /user/addSort - 1ms
2020-6-4 20:35:13 :OPTIONS /user/getGoods - 0ms
2020-6-4 20:35:13 :POST /user/getGoods - 2ms
2020-6-4 20:35:13 :OPTIONS /user/getSort - 0ms
2020-6-4 20:35:13 :POST /user/getSort - 2ms
2020-6-4 20:35:13 :POST /user/getGoods - 5ms
2020-6-4 20:35:13 :OPTIONS /user/getSort - 0ms
2020-6-4 20:35:13 :POST /user/getSort - 3ms
2020-6-4 20:35:13 :OPTIONS /file/upFile - 0ms
2020-6-4 20:35:13 :POST /file/upFile - 1ms
2020-6-4 20:35:13 :OPTIONS /user/addGoods - 0ms
2020-6-4 20:35:13 :POST /user/addGoods - 1ms
2020-6-4 20:35:13 :GET /file/getImg?imagePath=1591281684716 - 404
2020-6-4 20:35:13 :OPTIONS /user/getGoods - 0ms
2020-6-4 20:35:13 :POST /user/getGoods - 3ms
2020-6-4 20:35:13 :OPTIONS /user/getSort - 1ms
2020-6-4 20:35:13 :OPTIONS /user/getGoods - 0ms
2020-6-4 20:35:13 :POST /user/getGoods - 11ms
2020-6-4 20:35:13 :POST /user/getSort - 18ms
2020-6-4 20:35:13 :GET /file/getImg?imagePath=1591278057755 - 404
2020-6-4 20:35:13 :GET /file/getImg?imagePath=1591278559665 - 404
2020-6-4 20:35:13 :GET /file/getImg?imagePath=1591279753617 - 404
2020-6-4 20:35:13 :GET /file/getImg?imagePath=1591280621693 - 404
2020-6-4 20:35:13 :GET /file/getImg?imagePath=1591280953136 - 404
2020-6-4 20:35:13 :GET /file/getImg?imagePath=1591281149294 - 404
2020-6-4 20:35:13 :GET /file/getImg?imagePath=1591281349607 - 404
2020-6-4 20:35:13 :GET /file/getImg?imagePath=1591281684716 - 404
2020-6-4 20:35:13 :OPTIONS /user/getSort - 0ms
2020-6-4 20:35:13 :POST /user/getSort - 2ms
2020-6-4 20:35:13 :OPTIONS /user/getSort - 0ms
2020-6-4 20:35:13 :OPTIONS /user/getGoods - 0ms
2020-6-4 20:35:13 :POST /user/getSort - 8ms
2020-6-4 20:35:13 :POST /user/getGoods - 19ms
2020-6-4 20:35:13 :GET /file/getImg?imagePath=1591278057755 - 404
2020-6-4 20:35:13 :GET /file/getImg?imagePath=1591281349607 - 404
2020-6-4 20:35:13 :GET /file/getImg?imagePath=1591278559665 - 404
2020-6-4 20:35:13 :GET /file/getImg?imagePath=1591281149294 - 404
2020-6-4 20:35:13 :GET /file/getImg?imagePath=1591279753617 - 404
2020-6-4 20:35:13 :GET /file/getImg?imagePath=1591280621693 - 404
2020-6-4 20:35:13 :GET /file/getImg?imagePath=1591281684716 - 404
2020-6-4 20:35:13 :GET /file/getImg?imagePath=1591280953136 - 404
2020-6-4 20:35:13 :OPTIONS /user/getGoods - 0ms
2020-6-4 20:35:13 :OPTIONS /user/getSort - 1ms
2020-6-4 20:35:13 :POST /user/getGoods - 5ms
2020-6-4 20:35:13 :POST /user/getSort - 4ms
2020-6-4 20:35:13 :POST /user/getGoods - 2ms
2020-6-4 20:35:13 :POST /user/getGoods - 8ms
2020-6-4 20:35:13 :POST /user/getGoods - 3ms
2020-6-4 20:35:13 :POST /user/getGoods - 3ms
2020-6-4 20:35:13 :POST /user/getGoods - 3ms
2020-6-4 20:35:13 :OPTIONS /user/getGoods - 0ms
2020-6-4 20:35:13 :POST /user/getGoods - 3ms
2020-6-4 20:35:13 :POST /user/getGoods - 4ms
2020-6-4 20:35:13 :POST /user/getGoods - 3ms
2020-6-4 20:35:13 :POST /user/getGoods - 3ms
2020-6-4 20:35:13 :POST /user/getGoods - 6ms
2020-6-4 20:35:13 :OPTIONS /user/getGoods - 0ms
2020-6-4 20:35:13 :OPTIONS /user/getSort - 1ms
2020-6-4 20:35:13 :POST /user/getGoods - 6ms
2020-6-4 20:35:13 :POST /user/getSort - 4ms
2020-6-4 20:35:13 :OPTIONS /user/getGoods - 1ms
2020-6-4 20:35:13 :OPTIONS /user/getSort - 0ms
2020-6-4 20:35:13 :POST /user/getGoods - 13ms
2020-6-4 20:35:13 :POST /user/getSort - 10ms
2020-6-4 20:35:13 :OPTIONS /user/getSort - 0ms
2020-6-4 20:35:13 :OPTIONS /user/getGoods - 0ms
2020-6-4 20:35:13 :POST /user/getGoods - 3ms
2020-6-4 20:35:13 :POST /user/getSort - 49ms
2020-6-4 20:35:13 :POST /user/getGoods - 5ms
2020-6-4 20:35:13 :POST /user/getGoods - 3ms
2020-6-4 20:35:13 :POST /user/getGoods - 3ms
2020-6-4 20:35:13 :POST /user/getGoods - 4ms
2020-6-4 20:35:13 :OPTIONS /user/getGoods - 0ms
2020-6-4 20:35:13 :OPTIONS /user/getSort - 0ms
2020-6-4 20:35:13 :POST /user/getGoods - 2ms
2020-6-4 20:35:13 :POST /user/getSort - 4ms
2020-6-4 20:35:13 :OPTIONS /user/getGoods - 0ms
2020-6-4 20:35:13 :OPTIONS /user/getSort - 0ms
2020-6-4 20:35:13 :POST /user/getGoods - 6ms
2020-6-4 20:35:13 :POST /user/getSort - 2ms
2020-6-4 20:35:13 :GET /file/getImg?imagePath=1591278057755 - 404
2020-6-4 20:35:13 :GET /file/getImg?imagePath=1591278559665 - 404
2020-6-4 20:35:13 :GET /file/getImg?imagePath=1591279753617 - 404
2020-6-4 20:35:13 :GET /file/getImg?imagePath=1591280621693 - 404
2020-6-4 20:35:13 :GET /file/getImg?imagePath=1591280953136 - 404
2020-6-4 20:35:13 :GET /file/getImg?imagePath=1591281149294 - 404
2020-6-4 20:35:13 :GET /file/getImg?imagePath=1591281349607 - 404
2020-6-4 20:35:13 :GET /file/getImg?imagePath=1591281684716 - 404
2020-6-4 20:35:13 :OPTIONS /user/getGoods - 0ms
2020-6-4 20:35:13 :POST /user/getGoods - 3ms
2020-6-4 20:35:13 :OPTIONS /user/getSort - 0ms
2020-6-4 20:35:13 :OPTIONS /user/getGoods - 0ms
2020-6-4 20:35:13 :POST /user/getSort - 3ms
2020-6-4 20:35:13 :POST /user/getGoods - 6ms
2020-6-4 20:35:13 :POST /user/getGoods - 2ms
2020-6-4 20:35:13 :POST /user/getGoods - 4ms
2020-6-4 20:35:13 :POST /user/getGoods - 4ms
2020-6-4 20:35:13 :POST /user/getGoods - 5ms
2020-6-4 20:35:13 :OPTIONS /user/getGoods - 0ms
2020-6-4 20:35:13 :POST /user/getGoods - 3ms
2020-6-4 20:35:13 :POST /user/getGoods - 3ms
2020-6-4 20:35:13 :POST /user/getGoods - 3ms
2020-6-4 20:35:13 :POST /user/getGoods - 4ms
2020-6-4 20:35:13 :OPTIONS /user/getGoods - 1ms
2020-6-4 20:35:13 :POST /user/getGoods - 4ms
2020-6-4 20:35:13 :POST /user/getGoods - 4ms
2020-6-4 20:35:13 :POST /user/getGoods - 3ms
2020-6-4 20:35:13 :POST /user/getGoods - 3ms
2020-6-4 20:35:13 :OPTIONS /user/getSort - 0ms
2020-6-4 20:35:13 :POST /user/getSort - 2ms
2020-6-4 20:35:13 :OPTIONS /file/upFile - 0ms
2020-6-4 20:35:13 :POST /file/upFile - 1ms
2020-6-4 20:35:13 :OPTIONS /user/addGoods - 0ms
2020-6-4 20:35:13 :POST /user/addGoods - 1ms
2020-6-4 20:35:13 :OPTIONS /user/getGoods - 0ms
2020-6-4 20:35:13 :POST /user/getGoods - 2ms
2020-6-4 20:35:13 :OPTIONS /user/getSort - 1ms
2020-6-4 20:35:13 :OPTIONS /user/getGoods - 1ms
2020-6-4 20:35:13 :POST /user/getGoods - 30ms
2020-6-4 20:35:13 :POST /user/getSort - 40ms
2020-6-4 20:35:13 :GET /file/getImg?imagePath=1591280621693 - 404
2020-6-4 20:35:13 :GET /file/getImg?imagePath=1591279753617 - 404
2020-6-4 20:35:13 :GET /file/getImg?imagePath=1591281684716 - 404
2020-6-4 20:35:13 :GET /file/getImg?imagePath=1591281349607 - 404
2020-6-4 20:35:13 :GET /file/getImg?imagePath=1591283895521 - 404
2020-6-4 20:35:13 :GET /file/getImg?imagePath=1591278559665 - 404
2020-6-4 20:35:13 :GET /file/getImg?imagePath=1591280953136 - 404
2020-6-4 20:35:13 :GET /file/getImg?imagePath=1591278057755 - 404
2020-6-4 20:35:13 :GET /file/getImg?imagePath=1591281149294 - 404
2020-6-4 20:35:13 :POST /user/getGoods - 3ms
2020-6-4 20:35:13 :OPTIONS /user/getGoods - 0ms
2020-6-4 20:35:13 :POST /user/getGoods - 2ms
2020-6-4 20:35:13 :POST /user/getGoods - 2ms
2020-6-4 20:35:13 :OPTIONS /user/getGoods - 0ms
2020-6-4 20:35:13 :OPTIONS /user/getSort - 0ms
2020-6-4 20:35:13 :POST /user/getGoods - 7ms
2020-6-4 20:35:13 :POST /user/getSort - 7ms
2020-6-4 20:35:13 :GET /file/getImg?imagePath=1591279753617 - 404
2020-6-4 20:35:13 :GET /file/getImg?imagePath=1591278057755 - 404
2020-6-4 20:35:13 :GET /file/getImg?imagePath=1591278559665 - 404
2020-6-4 20:35:13 :GET /file/getImg?imagePath=1591280621693 - 404
2020-6-4 20:35:13 :GET /file/getImg?imagePath=1591280953136 - 404
2020-6-4 20:35:13 :GET /file/getImg?imagePath=1591281684716 - 404
2020-6-4 20:35:13 :GET /file/getImg?imagePath=1591283895521 - 404
2020-6-4 20:35:13 :OPTIONS /user/getGoods - 0ms
2020-6-4 20:35:13 :OPTIONS /user/getSort - 0ms
2020-6-4 20:35:13 :POST /user/getGoods - 39ms
2020-6-4 20:35:13 :POST /user/getSort - 34ms
2020-6-4 20:35:13 :GET /file/getImg?imagePath=1591278057755 - 404
2020-6-4 20:35:13 :GET /file/getImg?imagePath=1591278559665 - 404
2020-6-4 20:35:13 :GET /file/getImg?imagePath=1591279753617 - 404
2020-6-4 20:35:13 :GET /file/getImg?imagePath=1591280621693 - 404
2020-6-4 20:35:13 :GET /file/getImg?imagePath=1591281149294 - 404
2020-6-4 20:35:13 :GET /file/getImg?imagePath=1591283895521 - 404
2020-6-4 20:35:13 :GET /file/getImg?imagePath=1591280953136 - 404
2020-6-4 20:35:13 :GET /file/getImg?imagePath=1591281349607 - 404
2020-6-4 20:35:13 :GET /file/getImg?imagePath=1591281684716 - 404
2020-6-4 20:35:13 :POST /user/getGoods - 11ms
2020-6-4 20:35:13 :POST /user/getSort - 7ms
2020-6-4 20:35:13 :POST /user/getGoods - 4ms
2020-6-4 20:35:13 :OPTIONS /user/getGoods - 0ms
2020-6-4 20:35:13 :POST /user/getGoods - 2ms
2020-6-4 20:35:13 :POST /user/getGoods - 3ms
2020-6-4 20:35:13 :POST /user/getGoods - 7ms
2020-6-4 20:35:13 :POST /user/getGoods - 5ms
2020-6-4 20:35:13 :POST /user/getGoods - 6ms
2020-6-4 20:35:13 :GET /file/getImg?imagePath=1591281349607 - 404
2020-6-4 20:35:13 :GET /file/getImg?imagePath=1591281684716 - 404
2020-6-4 20:35:13 :GET /file/getImg?imagePath=1591283895521 - 404
2020-6-4 20:35:13 :GET /file/getImg?imagePath=1591280621693 - 404
2020-6-4 20:35:13 :GET /file/getImg?imagePath=1591280953136 - 404
2020-6-4 20:35:13 :GET /file/getImg?imagePath=1591281149294 - 404
2020-6-4 20:35:13 :OPTIONS /user/getGoods - 0ms
2020-6-4 20:35:13 :OPTIONS /user/getSort - 1ms
2020-6-4 20:35:13 :POST /user/getSort - 3ms
2020-6-4 20:35:13 :POST /user/getGoods - 11ms
2020-6-4 20:35:13 :OPTIONS /user/login - 0ms
2020-6-4 20:35:13 :POST /user/login - 6ms
2020-6-4 20:35:13 :OPTIONS /user/addUser - 0ms
2020-6-4 20:35:13 :POST /user/addUser - 13ms
2020-6-4 20:35:13 :OPTIONS /user/login - 1ms
2020-6-4 20:35:13 :POST /user/login - 3ms
2020-6-4 20:35:13 :OPTIONS /user/getShare - 0ms
2020-6-4 20:35:13 :POST /user/getShare - 4ms
2020-6-4 20:35:13 :OPTIONS /user/getGoods - 1ms
2020-6-4 20:35:13 :OPTIONS /user/getSort - 0ms
2020-6-4 20:35:13 :POST /user/getGoods - 4ms
2020-6-4 20:35:13 :POST /user/getSort - 4ms
2020-6-4 20:35:13 :GET /file/getImg?imagePath=1591281149294 - 404
2020-6-4 20:35:13 :GET /file/getImg?imagePath=1591280621693 - 404
2020-6-4 20:35:13 :GET /file/getImg?imagePath=1591280953136 - 404
2020-6-4 20:35:13 :GET /file/getImg?imagePath=1591283895521 - 404
2020-6-4 20:35:13 :GET /file/getImg?imagePath=1591278057755 - 404
2020-6-4 20:35:13 :GET /file/getImg?imagePath=1591278559665 - 404
2020-6-4 20:35:13 :GET /file/getImg?imagePath=1591281684716 - 404
2020-6-4 20:35:13 :GET /file/getImg?imagePath=1591279753617 - 404
2020-6-4 20:35:13 :GET /file/getImg?imagePath=1591281349607 - 404
2020-6-4 20:35:13 :OPTIONS /user/getShare - 0ms
2020-6-4 20:35:13 :POST /user/getShare - 2ms
2020-6-4 20:35:13 :OPTIONS /user/getGoods - 0ms
2020-6-4 20:35:13 :OPTIONS /user/getSort - 0ms
2020-6-4 20:35:13 :POST /user/getGoods - 3ms
2020-6-4 20:35:13 :POST /user/getSort - 2ms
2020-6-4 20:35:13 :GET /file/getImg?imagePath=1591278057765 - 404
2020-6-4 20:35:13 :GET /file/getImg?imagePath=1591279753626 - 404
2020-6-4 20:35:13 :OPTIONS /user/getShare - 0ms
2020-6-4 20:35:13 :POST /user/getShare - 3ms
2020-6-4 20:35:13 :OPTIONS /user/getShare - 0ms
2020-6-4 20:35:13 :POST /user/getShare - 4ms
2020-6-4 20:35:13 :OPTIONS /user/getGoods - 0ms
2020-6-4 20:35:13 :OPTIONS /user/getSort - 0ms
2020-6-4 20:35:13 :POST /user/getGoods - 2ms
2020-6-4 20:35:13 :POST /user/getSort - 4ms
2020-6-4 20:35:13 :OPTIONS /user/getShare - 0ms
2020-6-4 20:35:13 :POST /user/getShare - 2ms
2020-6-4 20:35:13 :OPTIONS /file/upFile - 0ms
2020-6-4 20:35:13 :POST /file/upFile - 1ms
2020-6-4 20:35:13 :OPTIONS /user/addShare - 0ms
2020-6-4 20:35:13 :POST /user/addShare - 3ms
2020-6-4 20:35:13 :OPTIONS /user/getShare - 0ms
2020-6-4 20:35:13 :POST /user/getShare - 102ms
2020-6-4 20:35:13 :GET /file/getImg?imagePath=1591284663439 - 404
2020-6-4 20:35:13 :OPTIONS /user/getShareComment - 0ms
2020-6-4 20:35:13 :POST /user/getShareComment - 123ms
2020-6-4 20:35:13 :OPTIONS /user/getShare - 0ms
2020-6-4 20:35:13 :POST /user/getShare - 3ms
2020-6-4 20:35:13 :OPTIONS /user/getShareComment - 0ms
2020-6-4 20:35:13 :POST /user/getShareComment - 4ms
2020-6-4 20:35:13 :OPTIONS /user/getShare - 0ms
2020-6-4 20:35:13 :POST /user/getShare - 3ms
2020-6-4 20:35:13 :OPTIONS /user/getShare - 0ms
2020-6-4 20:35:13 :POST /user/getShare - 6ms
2020-6-4 20:35:13 :OPTIONS /user/getShare - 1ms
2020-6-4 20:35:13 :POST /user/getShare - 25ms
2020-6-4 20:35:13 :GET /file/getImg?imagePath=1591284663439 - 404
2020-6-4 20:35:13 :OPTIONS /user/getShareComment - 1ms
2020-6-4 20:35:13 :POST /user/getShareComment - 3ms
2020-6-4 20:35:13 :OPTIONS /user/getShare - 0ms
2020-6-4 20:35:13 :POST /user/getShare - 4ms
2020-6-4 20:35:13 :OPTIONS /user/login - 0ms
2020-6-4 20:35:13 :POST /user/login - 2ms
2020-6-4 20:35:13 :OPTIONS /user/addUser - 0ms
2020-6-4 20:35:13 :POST /user/addUser - 2ms
2020-6-4 20:35:13 :OPTIONS /user/login - 0ms
2020-6-4 20:35:13 :POST /user/login - 2ms
2020-6-4 20:35:13 :OPTIONS /file/upFile - 0ms
2020-6-4 20:35:13 :POST /file/upFile - 1ms
2020-6-4 20:35:13 :OPTIONS /file/upFile - 0ms
2020-6-4 20:35:13 :POST /file/upFile - 1ms
2020-6-4 20:35:13 :OPTIONS /user/upUser - 0ms
2020-6-4 20:35:13 :POST /user/upUser - 7ms
2020-6-4 20:35:13 :GET /file/getImg?imagePath=1591286700794 - 404
2020-6-4 20:35:13 :OPTIONS /user/getShare - 0ms
2020-6-4 20:35:13 :POST /user/getShare - 2ms
2020-6-4 20:35:13 :GET /file/getImg?imagePath=1591284663439 - 404
2020-6-4 20:35:13 :OPTIONS /user/getShareComment - 0ms
2020-6-4 20:35:13 :POST /user/getShareComment - 2ms
2020-6-4 20:35:13 :OPTIONS /user/addShareComment - 1ms
2020-6-4 20:35:13 :POST /user/addShareComment - 1ms
2020-6-4 20:35:13 :OPTIONS /user/getShare - 1ms
2020-6-4 20:35:13 :POST /user/getShare - 3ms
2020-6-4 20:35:13 :OPTIONS /file/upFile - 0ms
2020-6-4 20:35:13 :POST /file/upFile - 0ms
2020-6-4 20:35:13 :OPTIONS /user/addShare - 0ms
2020-6-4 20:35:13 :POST /user/addShare - 1ms
2020-6-4 20:35:13 :OPTIONS /user/getShare - 0ms
2020-6-4 20:35:13 :POST /user/getShare - 2ms
2020-6-4 20:35:13 :GET /file/getImg?imagePath=1591286776680 - 404
2020-6-4 20:35:13 :OPTIONS /user/getShareComment - 1ms
2020-6-4 20:35:13 :POST /user/getShareComment - 44ms
2020-6-4 20:35:13 :OPTIONS /user/getShare - 0ms
2020-6-4 20:35:13 :POST /user/getShare - 2ms
2020-6-4 20:35:13 :POST /user/getShareComment - 4ms
2020-6-4 20:35:13 :OPTIONS /user/getShare - 0ms
2020-6-4 20:35:13 :POST /user/getShare - 3ms
2020-6-4 20:35:13 :POST /user/getShare - 6ms
2020-6-4 20:35:13 :OPTIONS /user/login - 0ms
2020-6-4 20:35:13 :POST /user/login - 4ms
2020-6-4 20:35:13 :GET /file/getImg?imagePath=1591279753626 - 404
2020-6-4 20:35:13 :GET /file/getImg?imagePath=1591278057755 - 404
2020-6-4 20:35:13 :OPTIONS /user/getShare - 0ms
2020-6-4 20:35:13 :POST /user/getShare - 3ms
2020-6-4 20:35:13 :GET /file/getImg?imagePath=1591284663439 - 404
2020-6-4 20:35:13 :OPTIONS /user/getSort - 0ms
2020-6-4 20:35:13 :OPTIONS /user/getGoods - 0ms
2020-6-4 20:35:13 :POST /user/getGoods - 7ms
2020-6-4 20:35:13 :POST /user/getSort - 4ms
2020-6-4 20:35:13 :GET /file/getImg?imagePath=1591278057755 - 404
2020-6-4 20:35:13 :GET /file/getImg?imagePath=1591278559665 - 404
2020-6-4 20:35:13 :GET /file/getImg?imagePath=1591280621693 - 404
2020-6-4 20:35:13 :GET /file/getImg?imagePath=1591279753617 - 404
2020-6-4 20:35:13 :GET /file/getImg?imagePath=1591281149294 - 404
2020-6-4 20:35:13 :GET /file/getImg?imagePath=1591280953136 - 404
2020-6-4 20:35:13 :GET /file/getImg?imagePath=1591283895521 - 404
2020-6-4 20:35:13 :GET /file/getImg?imagePath=1591281349607 - 404
2020-6-4 20:35:13 :GET /file/getImg?imagePath=1591281684716 - 404
2020-6-4 20:35:13 :OPTIONS /user/getSort - 0ms
2020-6-4 20:35:13 :OPTIONS /user/getGoods - 1ms
2020-6-4 20:35:13 :POST /user/getSort - 32ms
2020-6-4 20:35:13 :POST /user/getGoods - 41ms
2020-6-4 20:35:13 :GET /file/getImg?imagePath=1591278057755 - 404
2020-6-4 20:35:13 :GET /file/getImg?imagePath=1591278559665 - 404
2020-6-4 20:35:13 :GET /file/getImg?imagePath=1591279753617 - 404
2020-6-4 20:35:13 :GET /file/getImg?imagePath=1591280621693 - 404
2020-6-4 20:35:13 :GET /file/getImg?imagePath=1591280953136 - 404
2020-6-4 20:35:13 :GET /file/getImg?imagePath=1591281149294 - 404
2020-6-4 20:35:13 :GET /file/getImg?imagePath=1591281349607 - 404
2020-6-4 20:35:13 :GET /file/getImg?imagePath=1591281684716 - 404
2020-6-4 20:35:13 :GET /file/getImg?imagePath=1591283895521 - 404
2020-6-4 20:35:13 :GET /file/getImg?imagePath=1591278057765 - 404
2020-6-4 20:35:13 :OPTIONS /user/getShare - 0ms
2020-6-4 20:35:13 :POST /user/getShare - 4ms
2020-6-4 20:35:13 :GET /file/getImg?imagePath=1591284663439 - 404
2020-6-4 20:35:13 :GET /file/getImg?imagePath=1591286700794 - 404
2020-6-4 20:35:13 :GET /file/getImg?imagePath=1591286776680 - 404
2020-6-4 20:35:13 :OPTIONS /user/getShareComment - 0ms
2020-6-4 20:35:13 :POST /user/getShareComment - 10ms
2020-6-4 20:35:13 :POST /user/getShare - 3ms
2020-6-4 20:35:13 :POST /user/getShareComment - 4ms
2020-6-4 20:35:13 :OPTIONS /user/getShare - 0ms
2020-6-4 20:35:13 :POST /user/getShare - 2ms
2020-6-4 20:35:13 :OPTIONS /user/getGoods - 1ms
2020-6-4 20:35:13 :OPTIONS /user/getSort - 1ms
2020-6-4 20:35:13 :POST /user/getGoods - 7ms
2020-6-4 20:35:13 :POST /user/getSort - 6ms
2020-6-4 20:35:13 :GET /file/getImg?imagePath=1591280621704 - 404
2020-6-4 20:35:13 :OPTIONS /user/getGoods - 0ms
2020-6-4 20:35:13 :OPTIONS /user/getSort - 0ms
2020-6-4 20:35:13 :POST /user/getSort - 5ms
2020-6-4 20:35:13 :POST /user/getGoods - 7ms
2020-6-4 20:35:13 :OPTIONS /user/getShare - 0ms
2020-6-4 20:35:13 :POST /user/getShare - 5ms
2020-6-4 20:35:13 :GET /file/getImg?imagePath=1591286776680 - 404
2020-6-4 20:35:13 :GET /file/getImg?imagePath=1591284663439 - 404
2020-6-4 20:35:13 :GET /file/getImg?imagePath=1591286700794 - 404
2020-6-4 20:35:13 :OPTIONS /user/getSort - 0ms
2020-6-4 20:35:13 :OPTIONS /user/getGoods - 0ms
2020-6-4 20:35:13 :POST /user/getSort - 5ms
2020-6-4 20:35:13 :POST /user/getGoods - 17ms
2020-6-4 20:35:13 :OPTIONS /user/getGoods - 0ms
2020-6-4 20:35:13 :OPTIONS /user/getSort - 0ms
2020-6-4 20:35:13 :POST /user/getGoods - 11ms
2020-6-4 20:35:13 :POST /user/getSort - 4ms
2020-6-4 20:35:13 :POST /user/getGoods - 5ms
2020-6-4 20:35:13 :POST /user/getGoods - 3ms
2020-6-4 20:35:13 :OPTIONS /user/getGoods - 0ms
2020-6-4 20:35:13 :OPTIONS /user/getSort - 0ms
2020-6-4 20:35:13 :POST /user/getGoods - 11ms
2020-6-4 20:35:13 :POST /user/getSort - 11ms
2020-6-4 20:35:13 :OPTIONS /user/getShare - 1ms
2020-6-4 20:35:13 :POST /user/getShare - 4ms
2020-6-4 20:35:13 :POST /user/getShare - 12ms
2020-6-4 20:35:13 :OPTIONS /user/getShareComment - 0ms
2020-6-4 20:35:13 :POST /user/getShareComment - 10ms
2020-6-4 20:35:13 :OPTIONS /user/getShare - 0ms
2020-6-4 20:35:13 :POST /user/getShare - 4ms
2020-6-4 20:35:13 :OPTIONS /user/getGoods - 0ms
2020-6-4 20:35:13 :OPTIONS /user/getSort - 1ms
2020-6-4 20:35:13 :POST /user/getGoods - 2ms
2020-6-4 20:35:13 :POST /user/getSort - 2ms